#
# There is insufficient memory for the Java Runtime Environment to continue.
# Native memory allocation (mmap) failed to map 16252928 bytes for committing reserved memory.
# Possible reasons:
#   The system is out of physical RAM or swap space
#   The process is running with CompressedOops enabled, and the Java Heap may be blocking the growth of the native heap
# Possible solutions:
#   Reduce memory load on the system
#   Increase physical memory or swap space
#   Check if swap backing store is full
#   Decrease Java heap size (-Xmx/-Xms)
#   Decrease number of Java threads
#   Decrease Java thread stack sizes (-Xss)
#   Set larger code cache with -XX:ReservedCodeCacheSize=
#   JVM is running with Unscaled Compressed Oops mode in which the Java heap is
#     placed in the first 4GB address space. The Java Heap base address is the
#     maximum limit for the native heap growth. Please use -XX:HeapBaseMinAddress
#     to set the Java Heap base and to place the Java Heap above 4GB virtual address.
# This output file may be truncated or incomplete.
#
#  Out of Memory Error (os_linux.cpp:2757), pid=9888, tid=0x00007fbd1cdfd700
#
# JRE version: OpenJDK Runtime Environment (8.0_242-b08) (build 1.8.0_242-8u242-b08-0ubuntu3~16.04-b08)
# Java VM: OpenJDK 64-Bit Server VM (25.242-b08 mixed mode linux-amd64 compressed oops)
# Failed to write core dump. Core dumps have been disabled. To enable core dumping, try "ulimit -c unlimited" before starting Java again
#

---------------  T H R E A D  ---------------

Current thread (0x00007fbd2c078800):  VMThread [stack: 0x00007fbd1ccfd000,0x00007fbd1cdfe000] [id=9900]

Stack: [0x00007fbd1ccfd000,0x00007fbd1cdfe000],  sp=0x00007fbd1cdfc4b0,  free space=1021k
Native frames: (J=compiled Java code, j=interpreted, Vv=VM code, C=native code)
V  [libjvm.so+0xa7ad8b]
V  [libjvm.so+0x4ccbcc]
V  [libjvm.so+0x8c8a28]
V  [libjvm.so+0x8c006e]
V  [libjvm.so+0x93ddb6]
V  [libjvm.so+0x93f0e3]
V  [libjvm.so+0x93b7c4]
V  [libjvm.so+0x93ba5c]
V  [libjvm.so+0x8ed723]
V  [libjvm.so+0xa7cac2]
V  [libjvm.so+0xa81b57]
V  [libjvm.so+0xa7f3b7]
V  [libjvm.so+0xa8069f]
V  [libjvm.so+0xa80bc2]
V  [libjvm.so+0x8c5d82]

VM_Operation (0x00007fbd35b7bc50): ParallelGCFailedAllocation, mode: safepoint, requested by thread 0x00007fbd2c00b000


---------------  P R O C E S S  ---------------

Java Threads: ( => current thread )
  0x00007fbd2c0ca800 JavaThread "Service Thread" daemon [_thread_blocked, id=9907, stack(0x00007fbd1c31c000,0x00007fbd1c41d000)]
  0x00007fbd2c0bd000 JavaThread "C1 CompilerThread2" daemon [_thread_blocked, id=9906, stack(0x00007fbd1c41d000,0x00007fbd1c51e000)]
  0x00007fbd2c0bb800 JavaThread "C2 CompilerThread1" daemon [_thread_blocked, id=9905, stack(0x00007fbd1c51e000,0x00007fbd1c61f000)]
  0x00007fbd2c0b8800 JavaThread "C2 CompilerThread0" daemon [_thread_blocked, id=9904, stack(0x00007fbd1c61f000,0x00007fbd1c720000)]
  0x00007fbd2c0b7000 JavaThread "Signal Dispatcher" daemon [_thread_blocked, id=9903, stack(0x00007fbd1c720000,0x00007fbd1c821000)]
  0x00007fbd2c086800 JavaThread "Finalizer" daemon [_thread_blocked, id=9902, stack(0x00007fbd1cafb000,0x00007fbd1cbfc000)]
  0x00007fbd2c082000 JavaThread "Reference Handler" daemon [_thread_blocked, id=9901, stack(0x00007fbd1cbfc000,0x00007fbd1ccfd000)]
  0x00007fbd2c00b000 JavaThread "main" [_thread_blocked, id=9895, stack(0x00007fbd35a80000,0x00007fbd35b81000)]

Other Threads:
=>0x00007fbd2c078800 VMThread [stack: 0x00007fbd1ccfd000,0x00007fbd1cdfe000] [id=9900]
  0x00007fbd2c0cd000 WatcherThread [stack: 0x00007fbd1c21b000,0x00007fbd1c31c000] [id=9908]

VM state:at safepoint (normal execution)

VM Mutex/Monitor currently owned by a thread:  ([mutex/lock_event])
[0x00007fbd2c007390] Threads_lock - owner thread: 0x00007fbd2c078800
[0x00007fbd2c007890] Heap_lock - owner thread: 0x00007fbd2c00b000

heap address: 0x00000000c5400000, size: 940 MB, Compressed Oops mode: 32-bit
Narrow klass base: 0x0000000000000000, Narrow klass shift: 3
Compressed class space size: 1073741824 Address: 0x0000000100000000

Heap:
 PSYoungGen      total 171008K, used 20985K [0x00000000ec700000, 0x00000000fa080000, 0x0000000100000000)
  eden space 150016K, 0% used [0x00000000ec700000,0x00000000ec700000,0x00000000f5980000)
  from space 20992K, 99% used [0x00000000f7780000,0x00000000f8bfe690,0x00000000f8c00000)
  to   space 15360K, 0% used [0x00000000f9180000,0x00000000f9180000,0x00000000fa080000)
 ParOldGen       total 56320K, used 30389K [0x00000000c5400000, 0x00000000c8b00000, 0x00000000ec700000)
  object space 56320K, 53% used [0x00000000c5400000,0x00000000c71ad698,0x00000000c8b00000)
 Metaspace       used 25508K, capacity 26344K, committed 26416K, reserved 1073152K
  class space    used 2893K, capacity 3088K, committed 3120K, reserved 1048576K

Card table byte_map: [0x00007fbd31f53000,0x00007fbd3212a000] byte_map_base: 0x00007fbd31929000

Marking Bits: (ParMarkBitMap*) 0x00007fbd34d515c0
 Begin Bits: [0x00007fbd0a2a0000, 0x00007fbd0b150000)
 End Bits:   [0x00007fbd0b150000, 0x00007fbd0c000000)

Polling page: 0x00007fbd35ba5000

CodeCache: size=245760Kb used=17450Kb max_used=17471Kb free=228309Kb
 bounds [0x00007fbd1d000000, 0x00007fbd1e130000, 0x00007fbd2c000000]
 total_blobs=5376 nmethods=4977 adapters=314
 compilation: enabled

Compilation events (10 events):
Event: 21,079 Thread 0x00007fbd2c0bd000 5395       3       java.util.jar.JarFile::<init> (15 bytes)
Event: 21,079 Thread 0x00007fbd2c0bd000 nmethod 5395 0x00007fbd1e10a650 code [0x00007fbd1e10a7e0, 0x00007fbd1e10aad8]
Event: 22,285 Thread 0x00007fbd2c0bb800 5397       4       java.util.regex.Matcher::search (109 bytes)
Event: 22,300 Thread 0x00007fbd2c0b8800 5398       4       java.net.URI$Parser::checkChars (44 bytes)
Event: 22,336 Thread 0x00007fbd2c0bd000 5399   !   3       sun.misc.URLClassPath$JarLoader::getResource (353 bytes)
Event: 22,351 Thread 0x00007fbd2c0bd000 nmethod 5399 0x00007fbd1e112d10 code [0x00007fbd1e113140, 0x00007fbd1e115198]
Event: 22,351 Thread 0x00007fbd2c0bd000 5400       3       sun.misc.JarIndex::get (49 bytes)
Event: 22,352 Thread 0x00007fbd2c0bd000 nmethod 5400 0x00007fbd1e111fd0 code [0x00007fbd1e1121a0, 0x00007fbd1e1129f8]
Event: 22,359 Thread 0x00007fbd2c0b8800 nmethod 5398 0x00007fbd1e124510 code [0x00007fbd1e124680, 0x00007fbd1e124ab8]
Event: 22,359 Thread 0x00007fbd2c0bb800 nmethod 5397 0x00007fbd1e1219d0 code [0x00007fbd1e121b80, 0x00007fbd1e1221b8]

GC Heap History (10 events):
Event: 4,122 GC heap after
Heap after GC invocations=7 (full 0):
 PSYoungGen      total 68608K, used 8688K [0x00000000ec700000, 0x00000000f5400000, 0x0000000100000000)
  eden space 59904K, 0% used [0x00000000ec700000,0x00000000ec700000,0x00000000f0180000)
  from space 8704K, 99% used [0x00000000f0180000,0x00000000f09fc010,0x00000000f0a00000)
  to   space 12288K, 0% used [0x00000000f4800000,0x00000000f4800000,0x00000000f5400000)
 ParOldGen       total 40960K, used 12761K [0x00000000c5400000, 0x00000000c7c00000, 0x00000000ec700000)
  object space 40960K, 31% used [0x00000000c5400000,0x00000000c6076430,0x00000000c7c00000)
 Metaspace       used 15289K, capacity 15580K, committed 15744K, reserved 1062912K
  class space    used 1796K, capacity 1889K, committed 1920K, reserved 1048576K
}
Event: 4,871 GC heap before
{Heap before GC invocations=8 (full 0):
 PSYoungGen      total 68608K, used 68592K [0x00000000ec700000, 0x00000000f5400000, 0x0000000100000000)
  eden space 59904K, 100% used [0x00000000ec700000,0x00000000f0180000,0x00000000f0180000)
  from space 8704K, 99% used [0x00000000f0180000,0x00000000f09fc010,0x00000000f0a00000)
  to   space 12288K, 0% used [0x00000000f4800000,0x00000000f4800000,0x00000000f5400000)
 ParOldGen       total 40960K, used 12761K [0x00000000c5400000, 0x00000000c7c00000, 0x00000000ec700000)
  object space 40960K, 31% used [0x00000000c5400000,0x00000000c6076430,0x00000000c7c00000)
 Metaspace       used 15739K, capacity 16096K, committed 16384K, reserved 1062912K
  class space    used 1810K, capacity 1927K, committed 2048K, reserved 1048576K
Event: 4,921 GC heap after
Heap after GC invocations=8 (full 0):
 PSYoungGen      total 129536K, used 12288K [0x00000000ec700000, 0x00000000f5900000, 0x0000000100000000)
  eden space 117248K, 0% used [0x00000000ec700000,0x00000000ec700000,0x00000000f3980000)
  from space 12288K, 100% used [0x00000000f4800000,0x00000000f5400000,0x00000000f5400000)
  to   space 14848K, 0% used [0x00000000f3980000,0x00000000f3980000,0x00000000f4800000)
 ParOldGen       total 40960K, used 13983K [0x00000000c5400000, 0x00000000c7c00000, 0x00000000ec700000)
  object space 40960K, 34% used [0x00000000c5400000,0x00000000c61a7f10,0x00000000c7c00000)
 Metaspace       used 15739K, capacity 16096K, committed 16384K, reserved 1062912K
  class space    used 1810K, capacity 1927K, committed 2048K, reserved 1048576K
}
Event: 6,735 GC heap before
{Heap before GC invocations=9 (full 0):
 PSYoungGen      total 129536K, used 113856K [0x00000000ec700000, 0x00000000f5900000, 0x0000000100000000)
  eden space 117248K, 86% used [0x00000000ec700000,0x00000000f2a303d8,0x00000000f3980000)
  from space 12288K, 100% used [0x00000000f4800000,0x00000000f5400000,0x00000000f5400000)
  to   space 14848K, 0% used [0x00000000f3980000,0x00000000f3980000,0x00000000f4800000)
 ParOldGen       total 40960K, used 13983K [0x00000000c5400000, 0x00000000c7c00000, 0x00000000ec700000)
  object space 40960K, 34% used [0x00000000c5400000,0x00000000c61a7f10,0x00000000c7c00000)
 Metaspace       used 20653K, capacity 21218K, committed 21296K, reserved 1069056K
  class space    used 2420K, capacity 2570K, committed 2608K, reserved 1048576K
Event: 6,764 GC heap after
Heap after GC invocations=9 (full 0):
 PSYoungGen      total 132096K, used 14837K [0x00000000ec700000, 0x00000000fa480000, 0x0000000100000000)
  eden space 117248K, 0% used [0x00000000ec700000,0x00000000ec700000,0x00000000f3980000)
  from space 14848K, 99% used [0x00000000f3980000,0x00000000f47fd710,0x00000000f4800000)
  to   space 19456K, 0% used [0x00000000f9180000,0x00000000f9180000,0x00000000fa480000)
 ParOldGen       total 40960K, used 19189K [0x00000000c5400000, 0x00000000c7c00000, 0x00000000ec700000)
  object space 40960K, 46% used [0x00000000c5400000,0x00000000c66bd590,0x00000000c7c00000)
 Metaspace       used 20653K, capacity 21218K, committed 21296K, reserved 1069056K
  class space    used 2420K, capacity 2570K, committed 2608K, reserved 1048576K
}
Event: 6,764 GC heap before
{Heap before GC invocations=10 (full 1):
 PSYoungGen      total 132096K, used 14837K [0x00000000ec700000, 0x00000000fa480000, 0x0000000100000000)
  eden space 117248K, 0% used [0x00000000ec700000,0x00000000ec700000,0x00000000f3980000)
  from space 14848K, 99% used [0x00000000f3980000,0x00000000f47fd710,0x00000000f4800000)
  to   space 19456K, 0% used [0x00000000f9180000,0x00000000f9180000,0x00000000fa480000)
 ParOldGen       total 40960K, used 19189K [0x00000000c5400000, 0x00000000c7c00000, 0x00000000ec700000)
  object space 40960K, 46% used [0x00000000c5400000,0x00000000c66bd590,0x00000000c7c00000)
 Metaspace       used 20653K, capacity 21218K, committed 21296K, reserved 1069056K
  class space    used 2420K, capacity 2570K, committed 2608K, reserved 1048576K
Event: 6,977 GC heap after
Heap after GC invocations=10 (full 1):
 PSYoungGen      total 132096K, used 0K [0x00000000ec700000, 0x00000000fa480000, 0x0000000100000000)
  eden space 117248K, 0% used [0x00000000ec700000,0x00000000ec700000,0x00000000f3980000)
  from space 14848K, 0% used [0x00000000f3980000,0x00000000f3980000,0x00000000f4800000)
  to   space 19456K, 0% used [0x00000000f9180000,0x00000000f9180000,0x00000000fa480000)
 ParOldGen       total 56320K, used 26240K [0x00000000c5400000, 0x00000000c8b00000, 0x00000000ec700000)
  object space 56320K, 46% used [0x00000000c5400000,0x00000000c6da02d0,0x00000000c8b00000)
 Metaspace       used 20653K, capacity 21218K, committed 21296K, reserved 1069056K
  class space    used 2420K, capacity 2570K, committed 2608K, reserved 1048576K
}
Event: 8,843 GC heap before
{Heap before GC invocations=11 (full 1):
 PSYoungGen      total 132096K, used 117248K [0x00000000ec700000, 0x00000000fa480000, 0x0000000100000000)
  eden space 117248K, 100% used [0x00000000ec700000,0x00000000f3980000,0x00000000f3980000)
  from space 14848K, 0% used [0x00000000f3980000,0x00000000f3980000,0x00000000f4800000)
  to   space 19456K, 0% used [0x00000000f9180000,0x00000000f9180000,0x00000000fa480000)
 ParOldGen       total 56320K, used 26240K [0x00000000c5400000, 0x00000000c8b00000, 0x00000000ec700000)
  object space 56320K, 46% used [0x00000000c5400000,0x00000000c6da02d0,0x00000000c8b00000)
 Metaspace       used 23356K, capacity 23974K, committed 24240K, reserved 1071104K
  class space    used 2690K, capacity 2870K, committed 2992K, reserved 1048576K
Event: 8,874 GC heap after
Heap after GC invocations=11 (full 1):
 PSYoungGen      total 165376K, used 14921K [0x00000000ec700000, 0x00000000fa080000, 0x0000000100000000)
  eden space 150016K, 0% used [0x00000000ec700000,0x00000000ec700000,0x00000000f5980000)
  from space 15360K, 97% used [0x00000000f9180000,0x00000000fa0127a8,0x00000000fa080000)
  to   space 20992K, 0% used [0x00000000f7780000,0x00000000f7780000,0x00000000f8c00000)
 ParOldGen       total 56320K, used 26248K [0x00000000c5400000, 0x00000000c8b00000, 0x00000000ec700000)
  object space 56320K, 46% used [0x00000000c5400000,0x00000000c6da22d0,0x00000000c8b00000)
 Metaspace       used 23356K, capacity 23974K, committed 24240K, reserved 1071104K
  class space    used 2690K, capacity 2870K, committed 2992K, reserved 1048576K
}
Event: 22,957 GC heap before
{Heap before GC invocations=12 (full 1):
 PSYoungGen      total 165376K, used 164937K [0x00000000ec700000, 0x00000000fa080000, 0x0000000100000000)
  eden space 150016K, 100% used [0x00000000ec700000,0x00000000f5980000,0x00000000f5980000)
  from space 15360K, 97% used [0x00000000f9180000,0x00000000fa0127a8,0x00000000fa080000)
  to   space 20992K, 0% used [0x00000000f7780000,0x00000000f7780000,0x00000000f8c00000)
 ParOldGen       total 56320K, used 26248K [0x00000000c5400000, 0x00000000c8b00000, 0x00000000ec700000)
  object space 56320K, 46% used [0x00000000c5400000,0x00000000c6da22d0,0x00000000c8b00000)
 Metaspace       used 25508K, capacity 26344K, committed 26416K, reserved 1073152K
  class space    used 2893K, capacity 3088K, committed 3120K, reserved 1048576K

Deoptimization events (10 events):
Event: 13,952 Thread 0x00007fbd2c00b000 Uncommon trap: reason=unstable_if action=reinterpret pc=0x00007fbd1d2467f4 method=com.sun.tools.javac.file.Locations.lazy()V @ 4
Event: 19,466 Thread 0x00007fbd2c00b000 Uncommon trap: reason=unstable_if action=reinterpret pc=0x00007fbd1d4f9d78 method=com.sun.tools.javac.file.Locations$BootClassPathLocationHandler.lazy()V @ 4
Event: 19,494 Thread 0x00007fbd2c00b000 Uncommon trap: reason=unstable_if action=reinterpret pc=0x00007fbd1de36248 method=com.sun.tools.javac.file.JavacFileManager.listContainer(Ljava/io/File;Lcom/sun/tools/javac/file/RelativePath$RelativeDirectory;Ljava/util/Set;ZLcom/sun/tools/javac/util/List
Event: 19,501 Thread 0x00007fbd2c00b000 Uncommon trap: reason=unstable_if action=reinterpret pc=0x00007fbd1dd10680 method=com.sun.tools.javac.file.ZipFileIndex.isUpToDate()Z @ 32
Event: 19,523 Thread 0x00007fbd2c00b000 Uncommon trap: reason=unstable_if action=reinterpret pc=0x00007fbd1dd103d0 method=com.sun.tools.javac.file.ZipFileIndex.isUpToDate()Z @ 32
Event: 19,557 Thread 0x00007fbd2c00b000 Uncommon trap: reason=array_check action=maybe_recompile pc=0x00007fbd1dc4cbbc method=java.util.ComparableTimSort.mergeLo(IIII)V @ 81
Event: 19,558 Thread 0x00007fbd2c00b000 Uncommon trap: reason=array_check action=maybe_recompile pc=0x00007fbd1dc4cbbc method=java.util.ComparableTimSort.mergeLo(IIII)V @ 81
Event: 19,558 Thread 0x00007fbd2c00b000 Uncommon trap: reason=array_check action=maybe_recompile pc=0x00007fbd1dc4cbbc method=java.util.ComparableTimSort.mergeLo(IIII)V @ 81
Event: 19,568 Thread 0x00007fbd2c00b000 Uncommon trap: reason=array_check action=maybe_recompile pc=0x00007fbd1dc4cbbc method=java.util.ComparableTimSort.mergeLo(IIII)V @ 81
Event: 19,782 Thread 0x00007fbd2c00b000 Uncommon trap: reason=predicate action=maybe_recompile pc=0x00007fbd1e0f1a00 method=java.util.ComparableTimSort.mergeLo(IIII)V @ 147

Classes redefined (0 events):
No events

Internal exceptions (10 events):
Event: 18,464 Thread 0x00007fbd2c00b000 Exception <a 'java/security/PrivilegedActionException'> (0x00000000f47d4c98) thrown at [/build/openjdk-8-Wut_v1/openjdk-8-8u242-b08/src/hotspot/src/share/vm/prims/jvm.cpp, line 1502]
Event: 19,520 Thread 0x00007fbd2c00b000 Exception <a 'java/io/FileNotFoundException'> (0x00000000f4960398) thrown at [/build/openjdk-8-Wut_v1/openjdk-8-8u242-b08/src/hotspot/src/share/vm/prims/jni.cpp, line 710]
Event: 19,523 Thread 0x00007fbd2c00b000 Exception <a 'java/io/FileNotFoundException'> (0x00000000f4961870) thrown at [/build/openjdk-8-Wut_v1/openjdk-8-8u242-b08/src/hotspot/src/share/vm/prims/jni.cpp, line 710]
Event: 19,523 Thread 0x00007fbd2c00b000 Exception <a 'java/io/FileNotFoundException'> (0x00000000f49625b0) thrown at [/build/openjdk-8-Wut_v1/openjdk-8-8u242-b08/src/hotspot/src/share/vm/prims/jni.cpp, line 710]
Event: 19,535 Thread 0x00007fbd2c00b000 Exception <a 'java/io/FileNotFoundException'> (0x00000000f496b828) thrown at [/build/openjdk-8-Wut_v1/openjdk-8-8u242-b08/src/hotspot/src/share/vm/prims/jni.cpp, line 710]
Event: 19,535 Thread 0x00007fbd2c00b000 Exception <a 'java/io/FileNotFoundException'> (0x00000000f496c880) thrown at [/build/openjdk-8-Wut_v1/openjdk-8-8u242-b08/src/hotspot/src/share/vm/prims/jni.cpp, line 710]
Event: 19,536 Thread 0x00007fbd2c00b000 Exception <a 'java/io/FileNotFoundException'> (0x00000000f496d968) thrown at [/build/openjdk-8-Wut_v1/openjdk-8-8u242-b08/src/hotspot/src/share/vm/prims/jni.cpp, line 710]
Event: 19,536 Thread 0x00007fbd2c00b000 Exception <a 'java/io/FileNotFoundException'> (0x00000000f496ea08) thrown at [/build/openjdk-8-Wut_v1/openjdk-8-8u242-b08/src/hotspot/src/share/vm/prims/jni.cpp, line 710]
Event: 19,536 Thread 0x00007fbd2c00b000 Exception <a 'java/io/FileNotFoundException'> (0x00000000f496fa68) thrown at [/build/openjdk-8-Wut_v1/openjdk-8-8u242-b08/src/hotspot/src/share/vm/prims/jni.cpp, line 710]
Event: 19,536 Thread 0x00007fbd2c00b000 Exception <a 'java/io/FileNotFoundException'> (0x00000000f4970b90) thrown at [/build/openjdk-8-Wut_v1/openjdk-8-8u242-b08/src/hotspot/src/share/vm/prims/jni.cpp, line 710]

Events (10 events):
Event: 20,327 loading class lombok/launch/Main done
Event: 20,340 loading class lombok/launch/ShadowClassLoader
Event: 20,340 loading class lombok/launch/ShadowClassLoader done
Event: 22,340 loading class jdk/internal/module/IllegalAccessLogger
Event: 22,340 loading class jdk/internal/module/IllegalAccessLogger done
Event: 22,344 loading class lombok/launch/AnnotationProcessorHider$AstModificationNotifierData
Event: 22,344 loading class lombok/launch/AnnotationProcessorHider$AstModificationNotifierData done
Event: 22,896 loading class com/sun/tools/javac/processing/JavacProcessingEnvironment$processor
Event: 22,902 loading class com/sun/tools/javac/processing/JavacProcessingEnvironment$processor done
Event: 22,925 Executing VM operation: ParallelGCFailedAllocation


Dynamic libraries:
00400000-00401000 r-xp 00000000 08:03 926385                             /usr/lib/jvm/java-8-openjdk-amd64/jre/bin/java
00600000-00601000 r--p 00000000 08:03 926385                             /usr/lib/jvm/java-8-openjdk-amd64/jre/bin/java
00601000-00602000 rw-p 00001000 08:03 926385                             /usr/lib/jvm/java-8-openjdk-amd64/jre/bin/java
01c57000-01c78000 rw-p 00000000 00:00 0                                  [heap]
c5400000-c8b00000 rw-p 00000000 00:00 0 
c8b00000-ec700000 ---p 00000000 00:00 0 
ec700000-fa080000 rw-p 00000000 00:00 0 
fb000000-100000000 ---p 00000000 00:00 0 
100000000-10030c000 rw-p 00000000 00:00 0 
10030c000-140000000 ---p 00000000 00:00 0 
7fbce0fff000-7fbce4000000 rw-p 00000000 00:00 0 
7fbce4000000-7fbce4021000 rw-p 00000000 00:00 0 
7fbce4021000-7fbce8000000 ---p 00000000 00:00 0 
7fbce8000000-7fbce8021000 rw-p 00000000 00:00 0 
7fbce8021000-7fbcec000000 ---p 00000000 00:00 0 
7fbcec000000-7fbced366000 rw-p 00000000 00:00 0 
7fbced366000-7fbcf0000000 ---p 00000000 00:00 0 
7fbcf0000000-7fbcf0d18000 rw-p 00000000 00:00 0 
7fbcf0d18000-7fbcf4000000 ---p 00000000 00:00 0 
7fbcf4000000-7fbcf4021000 rw-p 00000000 00:00 0 
7fbcf4021000-7fbcf8000000 ---p 00000000 00:00 0 
7fbcf8000000-7fbcf962c000 rw-p 00000000 00:00 0 
7fbcf962c000-7fbcfc000000 ---p 00000000 00:00 0 
7fbcfc000000-7fbcfc021000 rw-p 00000000 00:00 0 
7fbcfc021000-7fbd00000000 ---p 00000000 00:00 0 
7fbd00000000-7fbd00021000 rw-p 00000000 00:00 0 
7fbd00021000-7fbd04000000 ---p 00000000 00:00 0 
7fbd04000000-7fbd04021000 rw-p 00000000 00:00 0 
7fbd04021000-7fbd08000000 ---p 00000000 00:00 0 
7fbd08a07000-7fbd08a0a000 r--s 0000f000 08:03 1203884                    /home/paulo/.m2/repository/org/springframework/ws/spring-xml/3.0.8.RELEASE/spring-xml-3.0.8.RELEASE.jar
7fbd08a0a000-7fbd08a17000 r--s 0006f000 08:03 1203883                    /home/paulo/.m2/repository/org/springframework/ws/spring-ws-core/3.0.8.RELEASE/spring-ws-core-3.0.8.RELEASE.jar
7fbd08a17000-7fbd08a19000 r--s 0000e000 08:03 1203712                    /home/paulo/.m2/repository/org/springframework/spring-oxm/5.2.5.RELEASE/spring-oxm-5.2.5.RELEASE.jar
7fbd08a19000-7fbd08a1a000 r--s 00003000 08:03 1203878                    /home/paulo/.m2/repository/jakarta/jws/jakarta.jws-api/2.1.0/jakarta.jws-api-2.1.0.jar
7fbd08a1a000-7fbd08a1d000 r--s 0000c000 08:03 1203875                    /home/paulo/.m2/repository/jakarta/xml/ws/jakarta.xml.ws-api/2.3.3/jakarta.xml.ws-api-2.3.3.jar
7fbd08a1d000-7fbd08a1f000 r--s 00008000 08:03 1203876                    /home/paulo/.m2/repository/org/jvnet/staxex/stax-ex/1.8.1/stax-ex-1.8.1.jar
7fbd08a1f000-7fbd08a21000 r--s 0000e000 08:03 1203872                    /home/paulo/.m2/repository/org/jvnet/mimepull/mimepull/1.9.13/mimepull-1.9.13.jar
7fbd08a21000-7fbd08a23000 r--s 00008000 08:03 1203870                    /home/paulo/.m2/repository/jakarta/xml/soap/jakarta.xml.soap-api/1.4.2/jakarta.xml.soap-api-1.4.2.jar
7fbd08a23000-7fbd08a2b000 r--s 00068000 08:03 1203868                    /home/paulo/.m2/repository/com/sun/xml/messaging/saaj/saaj-impl/1.5.1/saaj-impl-1.5.1.jar
7fbd08a2b000-7fbd08a2c000 r--s 00000000 08:03 1203866                    /home/paulo/.m2/repository/org/springframework/boot/spring-boot-starter-web-services/2.2.6.RELEASE/spring-boot-starter-web-services-2.2.6.RELEASE.jar
7fbd08a2c000-7fbd08a31000 r--s 00025000 08:03 1203865                    /home/paulo/.m2/repository/org/xmlunit/xmlunit-core/2.6.4/xmlunit-core-2.6.4.jar
7fbd08a31000-7fbd08a40000 r--s 00099000 08:03 1203863                    /home/paulo/.m2/repository/org/springframework/spring-test/5.2.5.RELEASE/spring-test-5.2.5.RELEASE.jar
7fbd08a40000-7fbd08a41000 r--s 00005000 08:03 1203860                    /home/paulo/.m2/repository/org/springframework/spring-jcl/5.2.5.RELEASE/spring-jcl-5.2.5.RELEASE.jar
7fbd08a41000-7fbd08a5c000 r--s 00145000 08:03 1203859                    /home/paulo/.m2/repository/org/springframework/spring-core/5.2.5.RELEASE/spring-core-5.2.5.RELEASE.jar
7fbd08a5c000-7fbd08a5e000 r--s 00006000 08:03 1186779                    /home/paulo/.m2/repository/org/skyscreamer/jsonassert/1.5.0/jsonassert-1.5.0.jar
7fbd08a5e000-7fbd08a62000 r--s 0003c000 08:03 1203856                    /home/paulo/.m2/repository/net/bytebuddy/byte-buddy-agent/1.10.8/byte-buddy-agent-1.10.8.jar
7fbd08a62000-7fbd08a73000 r--s 00080000 08:03 1186770                    /home/paulo/.m2/repository/org/mockito/mockito-core/3.1.0/mockito-core-3.1.0.jar
7fbd08a73000-7fbd08a77000 r--s 0001b000 08:03 1323130                    /home/paulo/.m2/repository/org/hamcrest/hamcrest/2.1/hamcrest-2.1.jar
7fbd08a77000-7fbd08adc000 r--s 003e1000 08:03 1186768                    /home/paulo/.m2/repository/org/assertj/assertj-core/3.13.2/assertj-core-3.13.2.jar
7fbd08adc000-7fbd08ae1000 r--s 00024000 08:03 1186764                    /home/paulo/.m2/repository/org/junit/platform/junit-platform-engine/1.5.2/junit-platform-engine-1.5.2.jar
7fbd08ae1000-7fbd08ae6000 r--s 00031000 08:03 1186762                    /home/paulo/.m2/repository/org/junit/jupiter/junit-jupiter-engine/5.5.2/junit-jupiter-engine-5.5.2.jar
7fbd08ae6000-7fbd08ba6000 rw-p 00000000 00:00 0 
7fbd08ba6000-7fbd08ce6000 ---p 00000000 00:00 0 
7fbd08ce6000-7fbd08ee6000 rw-p 00000000 00:00 0 
7fbd08ee6000-7fbd08ef9000 r--s 00346000 08:03 933066                     /usr/lib/jvm/java-8-openjdk-amd64/jre/lib/resources.jar
7fbd08ef9000-7fbd08efa000 r--s 00004000 08:03 1186780                    /home/paulo/.m2/repository/com/vaadin/external/google/android-json/0.0.20131108.vaadin1/android-json-0.0.20131108.vaadin1.jar
7fbd08efa000-7fbd08efc000 r--s 0000c000 08:03 1186776                    /home/paulo/.m2/repository/org/objenesis/objenesis/2.6/objenesis-2.6.jar
7fbd08efc000-7fbd08efd000 r--s 00001000 08:03 1186766                    /home/paulo/.m2/repository/org/mockito/mockito-junit-jupiter/3.1.0/mockito-junit-jupiter-3.1.0.jar
7fbd08efd000-7fbd08f0a000 r--s 0007a000 08:03 1186761                    /home/paulo/.m2/repository/org/junit/jupiter/junit-jupiter-params/5.5.2/junit-jupiter-params-5.5.2.jar
7fbd08f0a000-7fbd08f0c000 r--s 00015000 08:03 1186758                    /home/paulo/.m2/repository/org/junit/platform/junit-platform-commons/1.5.2/junit-platform-commons-1.5.2.jar
7fbd08f0c000-7fbd08f0d000 r--s 00001000 08:03 1186757                    /home/paulo/.m2/repository/org/opentest4j/opentest4j/1.2.0/opentest4j-1.2.0.jar
7fbd08f0d000-7fbd08f0e000 r--s 00000000 08:03 1186755                    /home/paulo/.m2/repository/org/apiguardian/apiguardian-api/1.1.0/apiguardian-api-1.1.0.jar
7fbd08f0e000-7fbd08f12000 r--s 0001f000 08:03 1186753                    /home/paulo/.m2/repository/org/junit/jupiter/junit-jupiter-api/5.5.2/junit-jupiter-api-5.5.2.jar
7fbd08f12000-7fbd08f13000 r--s 00001000 08:03 1186750                    /home/paulo/.m2/repository/org/junit/jupiter/junit-jupiter/5.5.2/junit-jupiter-5.5.2.jar
7fbd08f13000-7fbd08f17000 r--s 00019000 08:03 1203854                    /home/paulo/.m2/repository/jakarta/xml/bind/jakarta.xml.bind-api/2.3.3/jakarta.xml.bind-api-2.3.3.jar
7fbd08f17000-7fbd08f19000 r--s 0000c000 08:03 1323106                    /home/paulo/.m2/repository/org/ow2/asm/asm/5.0.4/asm-5.0.4.jar
7fbd08f19000-7fbd08f1f000 r--s 00031000 08:03 1186738                    /home/paulo/.m2/repository/com/jayway/jsonpath/json-path/2.4.0/json-path-2.4.0.jar
7fbd08f1f000-7fbd08f25000 r--s 00021000 08:03 1203853                    /home/paulo/.m2/repository/org/springframework/boot/spring-boot-test-autoconfigure/2.2.6.RELEASE/spring-boot-test-autoconfigure-2.2.6.RELEASE.jar
7fbd08f25000-7fbd08f34000 r--s 0007c000 08:03 1203846                    /home/paulo/.m2/repository/org/springframework/security/spring-security-web/5.2.2.RELEASE/spring-security-web-5.2.2.RELEASE.jar
7fbd08f34000-7fbd08f63000 r--s 00226000 08:03 1216077                    /home/paulo/.m2/repository/com/google/guava/guava/20.0/guava-20.0.jar
7fbd08f63000-7fbd08f6a000 r--s 00000000 08:03 785657                     /usr/lib/x86_64-linux-gnu/gconv/gconv-modules.cache
7fbd08f6a000-7fbd08f8b000 r--p 00000000 08:03 1052714                    /usr/share/locale-langpack/pt_BR/LC_MESSAGES/libc.mo
7fbd08f8b000-7fbd08fa3000 r--s 0019f000 08:03 1203840                    /home/paulo/.m2/repository/org/projectlombok/lombok/1.18.12/lombok-1.18.12.jar
7fbd08fa3000-7fbd08fa5000 r--s 00006000 08:03 1186742                    /home/paulo/.m2/repository/net/minidev/accessors-smart/1.2/accessors-smart-1.2.jar
7fbd08fa5000-7fbd08fa8000 r--s 0001b000 08:03 1186740                    /home/paulo/.m2/repository/net/minidev/json-smart/2.3/json-smart-2.3.jar
7fbd08fa8000-7fbd08fae000 r--s 0002e000 08:03 1203850                    /home/paulo/.m2/repository/org/springframework/boot/spring-boot-test/2.2.6.RELEASE/spring-boot-test-2.2.6.RELEASE.jar
7fbd08fae000-7fbd08faf000 r--s 00000000 08:03 1203849                    /home/paulo/.m2/repository/org/springframework/boot/spring-boot-starter-test/2.2.6.RELEASE/spring-boot-starter-test-2.2.6.RELEASE.jar
7fbd08faf000-7fbd08fb8000 r--s 00052000 08:03 1203844                    /home/paulo/.m2/repository/org/springframework/spring-aop/5.2.5.RELEASE/spring-aop-5.2.5.RELEASE.jar
7fbd08fb8000-7fbd08fb9000 r--s 00000000 08:03 1203842                    /home/paulo/.m2/repository/org/springframework/boot/spring-boot-starter-security/2.2.6.RELEASE/spring-boot-starter-security-2.2.6.RELEASE.jar
7fbd08fb9000-7fbd08fbb000 r--s 002c4000 08:03 1216082                    /home/paulo/.m2/repository/io/springfox/springfox-swagger-ui/2.9.2/springfox-swagger-ui-2.9.2.jar
7fbd08fbb000-7fbd08fbd000 r--s 00004000 08:03 1216079                    /home/paulo/.m2/repository/org/mapstruct/mapstruct/1.2.0.Final/mapstruct-1.2.0.Final.jar
7fbd08fbd000-7fbd08fbf000 r--s 00000000 08:03 1211847                    /home/paulo/.m2/repository/org/springframework/plugin/spring-plugin-metadata/1.2.0.RELEASE/spring-plugin-metadata-1.2.0.RELEASE.jar
7fbd08fbf000-7fbd08fc0000 r--s 00004000 08:03 1211846                    /home/paulo/.m2/repository/org/springframework/plugin/spring-plugin-core/1.2.0.RELEASE/spring-plugin-core-1.2.0.RELEASE.jar
7fbd08fc0000-7fbd08fc2000 r--s 00009000 08:03 1186709                    /home/paulo/.m2/repository/org/slf4j/slf4j-api/1.7.30/slf4j-api-1.7.30.jar
7fbd08fc2000-7fbd08fc4000 r--s 0000f000 08:03 1203838                    /home/paulo/.m2/repository/com/fasterxml/classmate/1.5.1/classmate-1.5.1.jar
7fbd08fc4000-7fbd08fc9000 r--s 0002b000 08:03 1216075                    /home/paulo/.m2/repository/io/springfox/springfox-spring-web/2.9.2/springfox-spring-web-2.9.2.jar
7fbd08fc9000-7fbd08fcd000 r--s 00017000 08:03 1216073                    /home/paulo/.m2/repository/io/springfox/springfox-swagger-common/2.9.2/springfox-swagger-common-2.9.2.jar
7fbd08fcd000-7fbd08fd0000 r--s 00012000 08:03 1216071                    /home/paulo/.m2/repository/io/springfox/springfox-schema/2.9.2/springfox-schema-2.9.2.jar
7fbd08fd0000-7fbd08fd4000 r--s 00019000 08:03 1216067                    /home/paulo/.m2/repository/io/springfox/springfox-core/2.9.2/springfox-core-2.9.2.jar
7fbd08fd4000-7fbd08fd7000 r--s 0000b000 08:03 1216065                    /home/paulo/.m2/repository/io/springfox/springfox-spi/2.9.2/springfox-spi-2.9.2.jar
7fbd08fd7000-7fbd08fdb000 r--s 00022000 08:03 1216061                    /home/paulo/.m2/repository/io/swagger/swagger-models/1.5.20/swagger-models-1.5.20.jar
7fbd08fdb000-7fbd08fdd000 r--s 00004000 08:03 1216059                    /home/paulo/.m2/repository/io/swagger/swagger-annotations/1.5.20/swagger-annotations-1.5.20.jar
7fbd08fdd000-7fbd08fe0000 r--s 0000e000 08:03 1216063                    /home/paulo/.m2/repository/io/springfox/springfox-swagger2/2.9.2/springfox-swagger2-2.9.2.jar
7fbd08fe0000-7fbd08fec000 r--s 000d8000 08:03 1203836                    /home/paulo/.m2/repository/org/postgresql/postgresql/42.2.11/postgresql-42.2.11.jar
7fbd08fec000-7fbd09014000 r--s 0012c000 08:03 1203834                    /home/paulo/.m2/repository/org/springframework/boot/spring-boot-autoconfigure/2.2.6.RELEASE/spring-boot-autoconfigure-2.2.6.RELEASE.jar
7fbd09014000-7fbd0902b000 r--s 000e9000 08:03 1203832                    /home/paulo/.m2/repository/org/springframework/boot/spring-boot/2.2.6.RELEASE/spring-boot-2.2.6.RELEASE.jar
7fbd0902b000-7fbd09031000 r--s 00030000 08:03 1203830                    /home/paulo/.m2/repository/org/springframework/boot/spring-boot-devtools/2.2.6.RELEASE/spring-boot-devtools-2.2.6.RELEASE.jar
7fbd09031000-7fbd09033000 r--s 00000000 08:03 1203828                    /home/paulo/.m2/repository/com/github/stephenc/jcip/jcip-annotations/1.0-1/jcip-annotations-1.0-1.jar
7fbd09033000-7fbd09039000 r--s 0004d000 08:03 1203826                    /home/paulo/.m2/repository/com/nimbusds/nimbus-jose-jwt/7.8.1/nimbus-jose-jwt-7.8.1.jar
7fbd09039000-7fbd0903b000 r--s 0000d000 08:03 1203825                    /home/paulo/.m2/repository/org/springframework/security/spring-security-oauth2-jose/5.2.2.RELEASE/spring-security-oauth2-jose-5.2.2.RELEASE.jar
7fbd0903b000-7fbd0903e000 r--s 00011000 08:03 1203822                    /home/paulo/.m2/repository/org/springframework/security/spring-security-oauth2-core/5.2.2.RELEASE/spring-security-oauth2-core-5.2.2.RELEASE.jar
7fbd0903e000-7fbd09041000 r--s 0000d000 08:03 1203821                    /home/paulo/.m2/repository/org/springframework/security/spring-security-oauth2-resource-server/5.2.2.RELEASE/spring-security-oauth2-resource-server-5.2.2.RELEASE.jar
7fbd09041000-7fbd0904d000 r--s 00061000 08:03 1203818                    /home/paulo/.m2/repository/org/springframework/security/spring-security-core/5.2.2.RELEASE/spring-security-core-5.2.2.RELEASE.jar
7fbd0904d000-7fbd0905b000 r--s 000c4000 08:03 1203816                    /home/paulo/.m2/repository/org/springframework/security/spring-security-config/5.2.2.RELEASE/spring-security-config-5.2.2.RELEASE.jar
7fbd0905b000-7fbd0905c000 r--s 00000000 08:03 1203814                    /home/paulo/.m2/repository/org/springframework/boot/spring-boot-starter-oauth2-resource-server/2.2.6.RELEASE/spring-boot-starter-oauth2-resource-server-2.2.6.RELEASE.jar
7fbd0905c000-7fbd0905f000 r--s 0000e000 08:03 1203812                    /home/paulo/.m2/repository/com/fasterxml/jackson/core/jackson-annotations/2.10.3/jackson-annotations-2.10.3.jar
7fbd0905f000-7fbd09061000 r--s 00002000 08:03 1203810                    /home/paulo/.m2/repository/org/atteo/evo-inflector/1.2.2/evo-inflector-1.2.2.jar
7fbd09061000-7fbd0906b000 r--s 00076000 08:03 1203808                    /home/paulo/.m2/repository/org/springframework/hateoas/spring-hateoas/1.0.4.RELEASE/spring-hateoas-1.0.4.RELEASE.jar
7fbd0906b000-7fbd09070000 r--s 00020000 08:03 1203806                    /home/paulo/.m2/repository/org/springframework/data/spring-data-rest-core/3.2.6.RELEASE/spring-data-rest-core-3.2.6.RELEASE.jar
7fbd09070000-7fbd09078000 r--s 0004c000 08:03 1203804                    /home/paulo/.m2/repository/org/springframework/data/spring-data-rest-webmvc/3.2.6.RELEASE/spring-data-rest-webmvc-3.2.6.RELEASE.jar
7fbd09078000-7fbd09079000 r--s 00000000 08:03 1203803                    /home/paulo/.m2/repository/org/springframework/boot/spring-boot-starter-data-rest/2.2.6.RELEASE/spring-boot-starter-data-rest-2.2.6.RELEASE.jar
7fbd09079000-7fbd0907e000 r--s 00040000 08:03 1203800                    /home/paulo/.m2/repository/org/springframework/spring-expression/5.2.5.RELEASE/spring-expression-5.2.5.RELEASE.jar
7fbd0907e000-7fbd09091000 r--s 000d7000 08:03 1203798                    /home/paulo/.m2/repository/org/springframework/spring-webmvc/5.2.5.RELEASE/spring-webmvc-5.2.5.RELEASE.jar
7fbd09091000-7fbd090ae000 r--s 00142000 08:03 1203796                    /home/paulo/.m2/repository/org/springframework/spring-web/5.2.5.RELEASE/spring-web-5.2.5.RELEASE.jar
7fbd090ae000-7fbd090cb000 r--s 000fe000 08:03 1203794                    /home/paulo/.m2/repository/org/hibernate/validator/hibernate-validator/6.0.18.Final/hibernate-validator-6.0.18.Final.jar
7fbd090cb000-7fbd090d0000 r--s 00012000 08:03 1203792                    /home/paulo/.m2/repository/jakarta/validation/jakarta.validation-api/2.0.2/jakarta.validation-api-2.0.2.jar
7fbd090d0000-7fbd090d1000 r--s 00000000 08:03 1203790                    /home/paulo/.m2/repository/org/springframework/boot/spring-boot-starter-validation/2.2.6.RELEASE/spring-boot-starter-validation-2.2.6.RELEASE.jar
7fbd090d1000-7fbd090d6000 r--s 0003c000 08:03 1203788                    /home/paulo/.m2/repository/org/apache/tomcat/embed/tomcat-embed-websocket/9.0.33/tomcat-embed-websocket-9.0.33.jar
7fbd090d6000-7fbd090da000 r--s 0003a000 08:03 1203786                    /home/paulo/.m2/repository/org/apache/tomcat/embed/tomcat-embed-el/9.0.33/tomcat-embed-el-9.0.33.jar
7fbd090da000-7fbd09105000 r--s 00307000 08:03 1203784                    /home/paulo/.m2/repository/org/apache/tomcat/embed/tomcat-embed-core/9.0.33/tomcat-embed-core-9.0.33.jar
7fbd09105000-7fbd09106000 r--s 00000000 08:03 1203782                    /home/paulo/.m2/repository/org/springframework/boot/spring-boot-starter-tomcat/2.2.6.RELEASE/spring-boot-starter-tomcat-2.2.6.RELEASE.jar
7fbd09106000-7fbd09108000 r--s 00001000 08:03 1203780                    /home/paulo/.m2/repository/com/fasterxml/jackson/module/jackson-module-parameter-names/2.10.3/jackson-module-parameter-names-2.10.3.jar
7fbd09108000-7fbd0910b000 r--s 00017000 08:03 1203779                    /home/paulo/.m2/repository/com/fasterxml/jackson/datatype/jackson-datatype-jsr310/2.10.3/jackson-datatype-jsr310-2.10.3.jar
7fbd0910b000-7fbd0910d000 r--s 00007000 08:03 1203776                    /home/paulo/.m2/repository/com/fasterxml/jackson/datatype/jackson-datatype-jdk8/2.10.3/jackson-datatype-jdk8-2.10.3.jar
7fbd0910d000-7fbd09112000 r--s 00051000 08:03 1203774                    /home/paulo/.m2/repository/com/fasterxml/jackson/core/jackson-core/2.10.3/jackson-core-2.10.3.jar
7fbd09112000-7fbd09127000 r--s 00142000 08:03 1203773                    /home/paulo/.m2/repository/com/fasterxml/jackson/core/jackson-databind/2.10.3/jackson-databind-2.10.3.jar
7fbd09127000-7fbd09128000 r--s 00000000 08:03 1203771                    /home/paulo/.m2/repository/org/springframework/boot/spring-boot-starter-json/2.2.6.RELEASE/spring-boot-starter-json-2.2.6.RELEASE.jar
7fbd09128000-7fbd0912f000 r--s 00044000 08:03 1186731                    /home/paulo/.m2/repository/org/yaml/snakeyaml/1.25/snakeyaml-1.25.jar
7fbd0912f000-7fbd09131000 r--s 00005000 08:03 1186724                    /home/paulo/.m2/repository/jakarta/annotation/jakarta.annotation-api/1.3.5/jakarta.annotation-api-1.3.5.jar
7fbd09131000-7fbd09133000 r--s 00000000 08:03 1186722                    /home/paulo/.m2/repository/org/slf4j/jul-to-slf4j/1.7.30/jul-to-slf4j-1.7.30.jar
7fbd09133000-7fbd09139000 r--s 0003e000 08:03 1186720                    /home/paulo/.m2/repository/org/apache/logging/log4j/log4j-api/2.12.1/log4j-api-2.12.1.jar
7fbd09139000-7fbd0913b000 r--s 00003000 08:03 1186718                    /home/paulo/.m2/repository/org/apache/logging/log4j/log4j-to-slf4j/2.12.1/log4j-to-slf4j-2.12.1.jar
7fbd0913b000-7fbd09146000 r--s 00069000 08:03 1211723                    /home/paulo/.m2/repository/ch/qos/logback/logback-core/1.2.3/logback-core-1.2.3.jar
7fbd09146000-7fbd0914c000 r--s 00041000 08:03 1211721                    /home/paulo/.m2/repository/ch/qos/logback/logback-classic/1.2.3/logback-classic-1.2.3.jar
7fbd0914c000-7fbd0914d000 r--s 00000000 08:03 1203768                    /home/paulo/.m2/repository/org/springframework/boot/spring-boot-starter-logging/2.2.6.RELEASE/spring-boot-starter-logging-2.2.6.RELEASE.jar
7fbd0914d000-7fbd0914e000 r--s 00000000 08:03 1203766                    /home/paulo/.m2/repository/org/springframework/boot/spring-boot-starter/2.2.6.RELEASE/spring-boot-starter-2.2.6.RELEASE.jar
7fbd0914e000-7fbd0914f000 r--s 00000000 08:03 1203764                    /home/paulo/.m2/repository/org/springframework/boot/spring-boot-starter-web/2.2.6.RELEASE/spring-boot-starter-web-2.2.6.RELEASE.jar
7fbd0914f000-7fbd09151000 r--s 0000a000 08:03 1203762                    /home/paulo/.m2/repository/org/springframework/spring-aspects/5.2.5.RELEASE/spring-aspects-5.2.5.RELEASE.jar
7fbd09151000-7fbd0915e000 r--s 0009b000 08:03 1203760                    /home/paulo/.m2/repository/org/springframework/spring-beans/5.2.5.RELEASE/spring-beans-5.2.5.RELEASE.jar
7fbd0915e000-7fbd09167000 r--s 00044000 08:03 1203758                    /home/paulo/.m2/repository/org/springframework/spring-tx/5.2.5.RELEASE/spring-tx-5.2.5.RELEASE.jar
7fbd09167000-7fbd09182000 r--s 00111000 08:03 1203756                    /home/paulo/.m2/repository/org/springframework/spring-context/5.2.5.RELEASE/spring-context-5.2.5.RELEASE.jar
7fbd09182000-7fbd09187000 r--s 0002d000 08:03 1203754                    /home/paulo/.m2/repository/org/springframework/spring-orm/5.2.5.RELEASE/spring-orm-5.2.5.RELEASE.jar
7fbd09187000-7fbd091a0000 r--s 00110000 08:03 1203752                    /home/paulo/.m2/repository/org/springframework/data/spring-data-commons/2.2.6.RELEASE/spring-data-commons-2.2.6.RELEASE.jar
7fbd091a0000-7fbd091a8000 r--s 00052000 08:03 1203750                    /home/paulo/.m2/repository/org/springframework/data/spring-data-jpa/2.2.6.RELEASE/spring-data-jpa-2.2.6.RELEASE.jar
7fbd091a8000-7fbd091ad000 r--s 00049000 08:03 1203748                    /home/paulo/.m2/repository/com/sun/xml/fastinfoset/FastInfoset/1.2.16/FastInfoset-1.2.16.jar
7fbd091ad000-7fbd091af000 r--s 00005000 08:03 1203746                    /home/paulo/.m2/repository/com/sun/istack/istack-commons-runtime/3.0.8/istack-commons-runtime-3.0.8.jar
7fbd091af000-7fbd091b1000 r--s 00010000 08:03 1203744                    /home/paulo/.m2/repository/org/glassfish/jaxb/txw2/2.3.2/txw2-2.3.2.jar
7fbd091b1000-7fbd091c6000 r--s 000e3000 08:03 1203742                    /home/paulo/.m2/repository/org/glassfish/jaxb/jaxb-runtime/2.3.2/jaxb-runtime-2.3.2.jar
7fbd091c6000-7fbd091c9000 r--s 00010000 08:03 1203740                    /home/paulo/.m2/repository/org/hibernate/common/hibernate-commons-annotations/5.1.0.Final/hibernate-commons-annotations-5.1.0.Final.jar
7fbd091c9000-7fbd091ce000 r--s 0004b000 08:03 1203738                    /home/paulo/.m2/repository/org/dom4j/dom4j/2.1.1/dom4j-2.1.1.jar
7fbd091ce000-7fbd091d1000 r--s 0002d000 08:03 1203736                    /home/paulo/.m2/repository/org/jboss/jandex/2.1.1.Final/jandex-2.1.1.Final.jar
7fbd091d1000-7fbd091d6000 r--s 00068000 08:03 1211797                    /home/paulo/.m2/repository/antlr/antlr/2.7.7/antlr-2.7.7.jar
7fbd091d6000-7fbd0921e000 r--s 002eb000 08:03 1203734                    /home/paulo/.m2/repository/net/bytebuddy/byte-buddy/1.10.8/byte-buddy-1.10.8.jar
7fbd0921e000-7fbd09228000 r--s 000b4000 08:03 1203733                    /home/paulo/.m2/repository/org/javassist/javassist/3.24.0-GA/javassist-3.24.0-GA.jar
7fbd09228000-7fbd0922a000 r--s 0000d000 08:03 1203730                    /home/paulo/.m2/repository/org/jboss/logging/jboss-logging/3.4.1.Final/jboss-logging-3.4.1.Final.jar
7fbd0922a000-7fbd092b0000 r--s 00653000 08:03 1203729                    /home/paulo/.m2/repository/org/hibernate/hibernate-core/5.4.12.Final/hibernate-core-5.4.12.Final.jar
7fbd092b0000-7fbd092b1000 r--s 00003000 08:03 1203726                    /home/paulo/.m2/repository/jakarta/transaction/jakarta.transaction-api/1.3.3/jakarta.transaction-api-1.3.3.jar
7fbd092b1000-7fbd092b7000 r--s 00023000 08:03 1203724                    /home/paulo/.m2/repository/jakarta/persistence/jakarta.persistence-api/2.2.3/jakarta.persistence-api-2.2.3.jar
7fbd092b7000-7fbd092b9000 r--s 0000a000 08:03 1203723                    /home/paulo/.m2/repository/jakarta/activation/jakarta.activation-api/1.2.2/jakarta.activation-api-1.2.2.jar
7fbd092b9000-7fbd092c3000 r--s 0005a000 08:03 1203720                    /home/paulo/.m2/repository/org/springframework/spring-jdbc/5.2.5.RELEASE/spring-jdbc-5.2.5.RELEASE.jar
7fbd092c3000-7fbd092c6000 r--s 00023000 08:03 1203718                    /home/paulo/.m2/repository/com/zaxxer/HikariCP/3.4.2/HikariCP-3.4.2.jar
7fbd092c6000-7fbd092c7000 r--s 00000000 08:03 1203715                    /home/paulo/.m2/repository/org/springframework/boot/spring-boot-starter-jdbc/2.2.6.RELEASE/spring-boot-starter-jdbc-2.2.6.RELEASE.jar
7fbd092c7000-7fbd092e0000 r--s 001da000 08:03 1203716                    /home/paulo/.m2/repository/org/aspectj/aspectjweaver/1.9.5/aspectjweaver-1.9.5.jar
7fbd092e0000-7fbd092e1000 r--s 00000000 08:03 1203713                    /home/paulo/.m2/repository/org/springframework/boot/spring-boot-starter-aop/2.2.6.RELEASE/spring-boot-starter-aop-2.2.6.RELEASE.jar
7fbd092e1000-7fbd092e2000 r--s 00000000 08:03 1203710                    /home/paulo/.m2/repository/org/springframework/boot/spring-boot-starter-data-jpa/2.2.6.RELEASE/spring-boot-starter-data-jpa-2.2.6.RELEASE.jar
7fbd092e2000-7fbd094e2000 rw-p 00000000 00:00 0 
7fbd094e2000-7fbd096e2000 rw-p 00000000 00:00 0 
7fbd096e2000-7fbd0975c000 r--s 01103000 08:03 950676                     /usr/lib/jvm/java-8-openjdk-amd64/lib/tools.jar
7fbd0975c000-7fbd0975e000 r--s 00004000 08:03 1347084                    /home/paulo/.m2/repository/org/codehaus/plexus/plexus-compiler-javac/2.8.4/plexus-compiler-javac-2.8.4.jar
7fbd0975e000-7fbd09760000 r--s 00000000 08:03 1346276                    /home/paulo/.m2/repository/org/codehaus/plexus/plexus-compiler-manager/2.8.4/plexus-compiler-manager-2.8.4.jar
7fbd09760000-7fbd09762000 r--s 00005000 08:03 1345691                    /home/paulo/.m2/repository/org/codehaus/plexus/plexus-compiler-api/2.8.4/plexus-compiler-api-2.8.4.jar
7fbd09762000-7fbd09769000 r--s 00047000 08:03 1345291                    /home/paulo/.m2/repository/com/thoughtworks/qdox/qdox/2.0-M9/qdox-2.0-M9.jar
7fbd09769000-7fbd0976b000 r--s 0001a000 08:03 1345615                    /home/paulo/.m2/repository/org/ow2/asm/asm/6.2/asm-6.2.jar
7fbd0976b000-7fbd0976d000 r--s 00008000 08:03 1186805                    /home/paulo/.m2/repository/org/codehaus/plexus/plexus-java/0.9.10/plexus-java-0.9.10.jar
7fbd0976d000-7fbd0976f000 r--s 00002000 08:03 1328404                    /home/paulo/.m2/repository/org/apache/maven/shared/maven-shared-incremental/1.1/maven-shared-incremental-1.1.jar
7fbd0976f000-7fbd09771000 r--s 0000d000 08:03 1212059                    /home/paulo/.m2/repository/org/codehaus/plexus/plexus-interpolation/1.14/plexus-interpolation-1.14.jar
7fbd09771000-7fbd09773000 r--s 0000e000 08:03 1185868                    /home/paulo/.m2/repository/org/apache/maven/plugins/maven-compiler-plugin/3.8.1/maven-compiler-plugin-3.8.1.jar
7fbd09773000-7fbd09776000 r--s 00011000 08:03 1324173                    /home/paulo/.m2/repository/org/codehaus/plexus/plexus-interpolation/1.24/plexus-interpolation-1.24.jar
7fbd09776000-7fbd09778000 r--s 00001000 08:03 1324170                    /home/paulo/.m2/repository/org/sonatype/plexus/plexus-build-api/0.0.7/plexus-build-api-0.0.7.jar
7fbd09778000-7fbd0977a000 r--s 00006000 08:03 1324165                    /home/paulo/.m2/repository/com/google/code/findbugs/jsr305/2.0.1/jsr305-2.0.1.jar
7fbd0977a000-7fbd0977d000 r--s 00023000 08:03 1324164                    /home/paulo/.m2/repository/org/apache/maven/shared/maven-shared-utils/3.0.0/maven-shared-utils-3.0.0.jar
7fbd0977d000-7fbd0977f000 r--s 0000b000 08:03 1324162                    /home/paulo/.m2/repository/org/apache/maven/shared/maven-filtering/3.1.1/maven-filtering-3.1.1.jar
7fbd0977f000-7fbd09783000 r--s 0003c000 08:03 1186800                    /home/paulo/.m2/repository/org/codehaus/plexus/plexus-utils/3.1.0/plexus-utils-3.1.0.jar
7fbd09783000-7fbd09785000 r--s 00002000 08:03 1324144                    /home/paulo/.m2/repository/org/sonatype/plexus/plexus-cipher/1.4/plexus-cipher-1.4.jar
7fbd09785000-7fbd09786000 r--s 00006000 08:03 1212049                    /home/paulo/.m2/repository/org/sonatype/plexus/plexus-sec-dispatcher/1.3/plexus-sec-dispatcher-1.3.jar
7fbd09786000-7fbd0978a000 r--s 00017000 08:03 1324156                    /home/paulo/.m2/repository/org/sonatype/aether/aether-util/1.7/aether-util-1.7.jar
7fbd0978a000-7fbd0978b000 r--s 00007000 08:03 1185852                    /home/paulo/.m2/repository/org/apache/maven/plugins/maven-resources-plugin/3.1.0/maven-resources-plugin-3.1.0.jar
7fbd0978b000-7fbd0978f000 r--s 0002f000 08:03 1324172                    /home/paulo/.m2/repository/commons-io/commons-io/2.5/commons-io-2.5.jar
7fbd0978f000-7fbd09792000 r--s 00026000 08:03 1343988                    /home/paulo/.m2/repository/org/apache/maven/shared/maven-shared-utils/3.2.1/maven-shared-utils-3.2.1.jar
7fbd09792000-7fbd0979d000 r--s 00069000 08:03 1212037                    /home/paulo/.m2/repository/org/sonatype/sisu/sisu-guice/2.1.7/sisu-guice-2.1.7-noaop.jar
7fbd0979d000-7fbd097a2000 r--s 00021000 08:03 1212035                    /home/paulo/.m2/repository/org/sonatype/sisu/sisu-inject-bean/1.4.2/sisu-inject-bean-1.4.2.jar
7fbd097a2000-7fbd097a4000 r--s 00000000 08:03 1186795                    /home/paulo/.m2/repository/org/codehaus/plexus/plexus-component-annotations/1.7.1/plexus-component-annotations-1.7.1.jar
7fbd097a4000-7fbd097a8000 r--s 00033000 08:03 1212057                    /home/paulo/.m2/repository/org/codehaus/plexus/plexus-utils/2.0.4/plexus-utils-2.0.4.jar
7fbd097a8000-7fbd097aa000 r--s 00006000 08:03 1215308                    /home/paulo/.m2/repository/org/apache/maven/plugins/maven-clean-plugin/3.1.0/maven-clean-plugin-3.1.0.jar
7fbd097aa000-7fbd099aa000 rw-p 00000000 00:00 0 
7fbd099aa000-7fbd09baa000 rw-p 00000000 00:00 0 
7fbd09baa000-7fbd09baf000 r--s 000a3000 08:03 932981                     /usr/lib/jvm/java-8-openjdk-amd64/jre/lib/jsse.jar
7fbd09baf000-7fbd09daf000 rw-p 00000000 00:00 0 
7fbd09daf000-7fbd09faf000 rw-p 00000000 00:00 0 
7fbd09faf000-7fbd09fb1000 r--s 0000d000 08:03 832515                     /opt/netbeans/java/maven-nblib/netbeans-eventspy.jar
7fbd09fb1000-7fbd09fb2000 r--s 00006000 08:03 832563                     /opt/netbeans/java/maven/lib/maven-repository-metadata-3.3.9.jar
7fbd09fb2000-7fbd09fb8000 r--s 0002d000 08:03 832571                     /opt/netbeans/java/maven/lib/org.eclipse.sisu.plexus-0.3.2.jar
7fbd09fb8000-7fbd09fb9000 r--s 00002000 08:03 832584                     /opt/netbeans/java/maven/lib/wagon-file-2.10.jar
7fbd09fb9000-7fbd09fc6000 r--s 0008f000 08:03 832553                     /opt/netbeans/java/maven/lib/maven-core-3.3.9.jar
7fbd09fc6000-7fbd09fcb000 r--s 0001d000 08:03 832517                     /opt/netbeans/java/maven/lib/aether-api-1.0.2.v20150114.jar
7fbd09fcb000-7fbd09fcf000 r--s 00020000 08:03 832527                     /opt/netbeans/java/maven/lib/aether-util-1.0.2.v20150114.jar
7fbd09fcf000-7fbd09fd5000 r--s 00041000 08:03 832551                     /opt/netbeans/java/maven/lib/maven-compat-3.3.9.jar
7fbd09fd5000-7fbd09fda000 r--s 00041000 08:03 832534                     /opt/netbeans/java/maven/lib/commons-lang-2.6.jar
7fbd09fda000-7fbd09fdb000 r--s 00003000 08:03 832549                     /opt/netbeans/java/maven/lib/maven-builder-support-3.3.9.jar
7fbd09fdb000-7fbd09fdf000 r--s 00027000 08:03 832533                     /opt/netbeans/java/maven/lib/commons-io-2.2.jar
7fbd09fdf000-7fbd09fe1000 r--s 00009000 08:03 832566                     /opt/netbeans/java/maven/lib/maven-settings-builder-3.3.9.jar
7fbd09fe1000-7fbd09fe3000 r--s 00006000 08:03 832523                     /opt/netbeans/java/maven/lib/aether-spi-1.0.2.v20150114.jar
7fbd09fe3000-7fbd09fe7000 r--s 00038000 08:03 832579                     /opt/netbeans/java/maven/lib/plexus-utils-3.0.22.jar
7fbd09fe7000-7fbd09fe8000 r--s 0000a000 08:03 832565                     /opt/netbeans/java/maven/lib/maven-settings-3.3.9.jar
7fbd09fe8000-7fbd09fed000 r--s 00027000 08:03 832558                     /opt/netbeans/java/maven/lib/maven-model-builder-3.3.9.jar
7fbd09fed000-7fbd09fef000 r--s 00005000 08:03 832580                     /opt/netbeans/java/maven/lib/slf4j-api-1.7.5.jar
7fbd09fef000-7fbd09ff1000 r--s 0000a000 08:03 832561                     /opt/netbeans/java/maven/lib/maven-plugin-api-3.3.9.jar
7fbd09ff1000-7fbd09ff2000 r--s 00002000 08:03 832582                     /opt/netbeans/java/maven/lib/slf4j-simple-1.7.5.jar
7fbd09ff2000-7fbd0a020000 r--s 001fa000 08:03 832586                     /opt/netbeans/java/maven/lib/wagon-http-2.10-shaded.jar
7fbd0a020000-7fbd0a04b000 r--s 001fc000 08:03 832538                     /opt/netbeans/java/maven/lib/guava-18.0.jar
7fbd0a04b000-7fbd0a051000 r--s 00042000 08:03 832541                     /opt/netbeans/java/maven/lib/jsoup-1.7.2.jar
7fbd0a051000-7fbd0a058000 r--s 00064000 08:03 832535                     /opt/netbeans/java/maven/lib/commons-lang3-3.4.jar
7fbd0a058000-7fbd0a060000 r--s 00055000 08:03 832569                     /opt/netbeans/java/maven/lib/org.eclipse.sisu.inject-0.3.2.jar
7fbd0a060000-7fbd0a069000 r--s 0005f000 08:03 832539                     /opt/netbeans/java/maven/lib/guice-4.0-no_aop.jar
7fbd0a069000-7fbd0a06c000 r--s 00008000 08:03 832530                     /opt/netbeans/java/maven/lib/cdi-api-1.0.jar
7fbd0a06c000-7fbd0a06f000 r--s 00013000 08:03 832555                     /opt/netbeans/java/maven/lib/maven-embedder-3.3.9.jar
7fbd0a06f000-7fbd0a071000 r--s 00009000 08:03 832532                     /opt/netbeans/java/maven/lib/commons-cli-1.2.jar
7fbd0a071000-7fbd0a075000 r--s 00027000 08:03 832521                     /opt/netbeans/java/maven/lib/aether-impl-1.0.2.v20150114.jar
7fbd0a075000-7fbd0a077000 r--s 0000c000 08:03 832547                     /opt/netbeans/java/maven/lib/maven-artifact-3.3.9.jar
7fbd0a077000-7fbd0a079000 r--s 00000000 08:03 832529                     /opt/netbeans/java/maven/lib/aopalliance-1.0.jar
7fbd0a079000-7fbd0a07a000 r--s 00006000 08:03 832577                     /opt/netbeans/java/maven/lib/plexus-sec-dispatcher-1.3.jar
7fbd0a07a000-7fbd0a07b000 r--s 00008000 08:03 832519                     /opt/netbeans/java/maven/lib/aether-connector-basic-1.0.2.v20150114.jar
7fbd0a07b000-7fbd0a07c000 r--s 00002000 08:03 832587                     /opt/netbeans/java/maven/lib/wagon-http-shared-2.10.jar
7fbd0a07c000-7fbd0a07d000 r--s 00001000 08:03 832543                     /opt/netbeans/java/maven/lib/jsr250-api-1.0.jar
7fbd0a07d000-7fbd0a080000 r--s 0000b000 08:03 832590                     /opt/netbeans/java/maven/lib/wagon-provider-api-2.10.jar
7fbd0a080000-7fbd0a083000 r--s 0000d000 08:03 832576                     /opt/netbeans/java/maven/lib/plexus-interpolation-1.21.jar
7fbd0a083000-7fbd0a085000 r--s 00002000 08:03 832573                     /opt/netbeans/java/maven/lib/plexus-cipher-1.7.jar
7fbd0a085000-7fbd0a088000 r--s 00026000 08:03 832557                     /opt/netbeans/java/maven/lib/maven-model-3.3.9.jar
7fbd0a088000-7fbd0a09f000 r-xp 00000000 08:03 933050                     /usr/lib/jvm/java-8-openjdk-amd64/jre/lib/amd64/libnet.so
7fbd0a09f000-7fbd0a29e000 ---p 00017000 08:03 933050                     /usr/lib/jvm/java-8-openjdk-amd64/jre/lib/amd64/libnet.so
7fbd0a29e000-7fbd0a29f000 r--p 00016000 08:03 933050                     /usr/lib/jvm/java-8-openjdk-amd64/jre/lib/amd64/libnet.so
7fbd0a29f000-7fbd0a2a0000 rw-p 00017000 08:03 933050                     /usr/lib/jvm/java-8-openjdk-amd64/jre/lib/amd64/libnet.so
7fbd0a2a0000-7fbd0c000000 rw-p 00000000 00:00 0 
7fbd0c000000-7fbd0c021000 rw-p 00000000 00:00 0 
7fbd0c021000-7fbd10000000 ---p 00000000 00:00 0 
7fbd10000000-7fbd10021000 rw-p 00000000 00:00 0 
7fbd10021000-7fbd14000000 ---p 00000000 00:00 0 
7fbd14000000-7fbd14021000 rw-p 00000000 00:00 0 
7fbd14021000-7fbd18000000 ---p 00000000 00:00 0 
7fbd18000000-7fbd18021000 rw-p 00000000 00:00 0 
7fbd18021000-7fbd1c000000 ---p 00000000 00:00 0 
7fbd1c000000-7fbd1c002000 r--s 00005000 08:03 832525                     /opt/netbeans/java/maven/lib/aether-transport-wagon-1.0.2.v20150114.jar
7fbd1c002000-7fbd1c004000 r--s 00000000 08:03 832575                     /opt/netbeans/java/maven/lib/plexus-component-annotations-1.6.jar
7fbd1c004000-7fbd1c006000 r--s 0000f000 08:03 832545                     /opt/netbeans/java/maven/lib/maven-aether-provider-3.3.9.jar
7fbd1c006000-7fbd1c017000 r-xp 00000000 08:03 933054                     /usr/lib/jvm/java-8-openjdk-amd64/jre/lib/amd64/libnio.so
7fbd1c017000-7fbd1c217000 ---p 00011000 08:03 933054                     /usr/lib/jvm/java-8-openjdk-amd64/jre/lib/amd64/libnio.so
7fbd1c217000-7fbd1c218000 r--p 00011000 08:03 933054                     /usr/lib/jvm/java-8-openjdk-amd64/jre/lib/amd64/libnio.so
7fbd1c218000-7fbd1c219000 rw-p 00012000 08:03 933054                     /usr/lib/jvm/java-8-openjdk-amd64/jre/lib/amd64/libnio.so
7fbd1c219000-7fbd1c21b000 r--s 0000b000 08:03 578308                     /opt/netbeans/java/maven/boot/plexus-classworlds-2.5.2.jar
7fbd1c21b000-7fbd1c21c000 ---p 00000000 00:00 0 
7fbd1c21c000-7fbd1c31c000 rw-p 00000000 00:00 0 
7fbd1c31c000-7fbd1c31f000 ---p 00000000 00:00 0 
7fbd1c31f000-7fbd1c41d000 rw-p 00000000 00:00 0 
7fbd1c41d000-7fbd1c420000 ---p 00000000 00:00 0 
7fbd1c420000-7fbd1c51e000 rw-p 00000000 00:00 0 
7fbd1c51e000-7fbd1c521000 ---p 00000000 00:00 0 
7fbd1c521000-7fbd1c61f000 rw-p 00000000 00:00 0 
7fbd1c61f000-7fbd1c622000 ---p 00000000 00:00 0 
7fbd1c622000-7fbd1c720000 rw-p 00000000 00:00 0 
7fbd1c720000-7fbd1c723000 ---p 00000000 00:00 0 
7fbd1c723000-7fbd1c821000 rw-p 00000000 00:00 0 
7fbd1c821000-7fbd1cafb000 r--p 00000000 08:03 393923                     /usr/lib/locale/locale-archive
7fbd1cafb000-7fbd1cafe000 ---p 00000000 00:00 0 
7fbd1cafe000-7fbd1cbfc000 rw-p 00000000 00:00 0 
7fbd1cbfc000-7fbd1cbff000 ---p 00000000 00:00 0 
7fbd1cbff000-7fbd1ccfd000 rw-p 00000000 00:00 0 
7fbd1ccfd000-7fbd1ccfe000 ---p 00000000 00:00 0 
7fbd1ccfe000-7fbd1d000000 rw-p 00000000 00:00 0 
7fbd1d000000-7fbd1e130000 rwxp 00000000 00:00 0 
7fbd1e130000-7fbd2c000000 ---p 00000000 00:00 0 
7fbd2c000000-7fbd2d305000 rw-p 00000000 00:00 0 
7fbd2d305000-7fbd30000000 ---p 00000000 00:00 0 
7fbd30000000-7fbd30001000 r--s 00000000 08:03 832540                     /opt/netbeans/java/maven/lib/javax.inject-1.jar
7fbd30001000-7fbd30002000 r--s 0000d000 08:03 932999                     /usr/lib/jvm/java-8-openjdk-amd64/jre/lib/ext/sunec.jar
7fbd30002000-7fbd3001d000 r--s 00394000 08:03 932991                     /usr/lib/jvm/java-8-openjdk-amd64/jre/lib/ext/cldrdata.jar
7fbd3001d000-7fbd30038000 r--s 001d6000 08:03 932985                     /usr/lib/jvm/java-8-openjdk-amd64/jre/lib/ext/nashorn.jar
7fbd30038000-7fbd3003d000 r--s 0003d000 08:03 932993                     /usr/lib/jvm/java-8-openjdk-amd64/jre/lib/ext/sunjce_provider.jar
7fbd3003d000-7fbd30047000 r--s 00116000 08:03 932989                     /usr/lib/jvm/java-8-openjdk-amd64/jre/lib/ext/localedata.jar
7fbd30047000-7fbd30df9000 rw-p 00000000 00:00 0 
7fbd30df9000-7fbd30fc9000 r--s 03c68000 08:03 933060                     /usr/lib/jvm/java-8-openjdk-amd64/jre/lib/rt.jar
7fbd30fc9000-7fbd31a15000 rw-p 00000000 00:00 0 
7fbd31a15000-7fbd31a16000 ---p 00000000 00:00 0 
7fbd31a16000-7fbd31b16000 rw-p 00000000 00:00 0 
7fbd31b16000-7fbd31b17000 ---p 00000000 00:00 0 
7fbd31b17000-7fbd31c17000 rw-p 00000000 00:00 0 
7fbd31c17000-7fbd31c18000 ---p 00000000 00:00 0 
7fbd31c18000-7fbd31d18000 rw-p 00000000 00:00 0 
7fbd31d18000-7fbd31d19000 ---p 00000000 00:00 0 
7fbd31d19000-7fbd31e35000 rw-p 00000000 00:00 0 
7fbd31e35000-7fbd31f53000 ---p 00000000 00:00 0 
7fbd31f53000-7fbd31f6f000 rw-p 00000000 00:00 0 
7fbd31f6f000-7fbd3208c000 ---p 00000000 00:00 0 
7fbd3208c000-7fbd320fa000 rw-p 00000000 00:00 0 
7fbd320fa000-7fbd32129000 ---p 00000000 00:00 0 
7fbd32129000-7fbd3216f000 rw-p 00000000 00:00 0 
7fbd3216f000-7fbd324ea000 ---p 00000000 00:00 0 
7fbd324ea000-7fbd324f2000 r-xp 00000000 08:03 933037                     /usr/lib/jvm/java-8-openjdk-amd64/jre/lib/amd64/libzip.so
7fbd324f2000-7fbd326f1000 ---p 00008000 08:03 933037                     /usr/lib/jvm/java-8-openjdk-amd64/jre/lib/amd64/libzip.so
7fbd326f1000-7fbd326f2000 r--p 00007000 08:03 933037                     /usr/lib/jvm/java-8-openjdk-amd64/jre/lib/amd64/libzip.so
7fbd326f2000-7fbd326f3000 rw-p 00008000 08:03 933037                     /usr/lib/jvm/java-8-openjdk-amd64/jre/lib/amd64/libzip.so
7fbd326f3000-7fbd326fe000 r-xp 00000000 08:03 2647307                    /lib/x86_64-linux-gnu/libnss_files-2.23.so
7fbd326fe000-7fbd328fd000 ---p 0000b000 08:03 2647307                    /lib/x86_64-linux-gnu/libnss_files-2.23.so
7fbd328fd000-7fbd328fe000 r--p 0000a000 08:03 2647307                    /lib/x86_64-linux-gnu/libnss_files-2.23.so
7fbd328fe000-7fbd328ff000 rw-p 0000b000 08:03 2647307                    /lib/x86_64-linux-gnu/libnss_files-2.23.so
7fbd328ff000-7fbd32905000 rw-p 00000000 00:00 0 
7fbd32905000-7fbd32910000 r-xp 00000000 08:03 2647300                    /lib/x86_64-linux-gnu/libnss_nis-2.23.so
7fbd32910000-7fbd32b0f000 ---p 0000b000 08:03 2647300                    /lib/x86_64-linux-gnu/libnss_nis-2.23.so
7fbd32b0f000-7fbd32b10000 r--p 0000a000 08:03 2647300                    /lib/x86_64-linux-gnu/libnss_nis-2.23.so
7fbd32b10000-7fbd32b11000 rw-p 0000b000 08:03 2647300                    /lib/x86_64-linux-gnu/libnss_nis-2.23.so
7fbd32b11000-7fbd32b27000 r-xp 00000000 08:03 2647305                    /lib/x86_64-linux-gnu/libnsl-2.23.so
7fbd32b27000-7fbd32d26000 ---p 00016000 08:03 2647305                    /lib/x86_64-linux-gnu/libnsl-2.23.so
7fbd32d26000-7fbd32d27000 r--p 00015000 08:03 2647305                    /lib/x86_64-linux-gnu/libnsl-2.23.so
7fbd32d27000-7fbd32d28000 rw-p 00016000 08:03 2647305                    /lib/x86_64-linux-gnu/libnsl-2.23.so
7fbd32d28000-7fbd32d2a000 rw-p 00000000 00:00 0 
7fbd32d2a000-7fbd32d32000 r-xp 00000000 08:03 2647311                    /lib/x86_64-linux-gnu/libnss_compat-2.23.so
7fbd32d32000-7fbd32f31000 ---p 00008000 08:03 2647311                    /lib/x86_64-linux-gnu/libnss_compat-2.23.so
7fbd32f31000-7fbd32f32000 r--p 00007000 08:03 2647311                    /lib/x86_64-linux-gnu/libnss_compat-2.23.so
7fbd32f32000-7fbd32f33000 rw-p 00008000 08:03 2647311                    /lib/x86_64-linux-gnu/libnss_compat-2.23.so
7fbd32f33000-7fbd32f5c000 r-xp 00000000 08:03 933048                     /usr/lib/jvm/java-8-openjdk-amd64/jre/lib/amd64/libjava.so
7fbd32f5c000-7fbd3315c000 ---p 00029000 08:03 933048                     /usr/lib/jvm/java-8-openjdk-amd64/jre/lib/amd64/libjava.so
7fbd3315c000-7fbd3315d000 r--p 00029000 08:03 933048                     /usr/lib/jvm/java-8-openjdk-amd64/jre/lib/amd64/libjava.so
7fbd3315d000-7fbd3315f000 rw-p 0002a000 08:03 933048                     /usr/lib/jvm/java-8-openjdk-amd64/jre/lib/amd64/libjava.so
7fbd3315f000-7fbd3316e000 r-xp 00000000 08:03 933033                     /usr/lib/jvm/java-8-openjdk-amd64/jre/lib/amd64/libverify.so
7fbd3316e000-7fbd3336d000 ---p 0000f000 08:03 933033                     /usr/lib/jvm/java-8-openjdk-amd64/jre/lib/amd64/libverify.so
7fbd3336d000-7fbd3336f000 r--p 0000e000 08:03 933033                     /usr/lib/jvm/java-8-openjdk-amd64/jre/lib/amd64/libverify.so
7fbd3336f000-7fbd33370000 rw-p 00010000 08:03 933033                     /usr/lib/jvm/java-8-openjdk-amd64/jre/lib/amd64/libverify.so
7fbd33370000-7fbd33377000 r-xp 00000000 08:03 2647293                    /lib/x86_64-linux-gnu/librt-2.23.so
7fbd33377000-7fbd33576000 ---p 00007000 08:03 2647293                    /lib/x86_64-linux-gnu/librt-2.23.so
7fbd33576000-7fbd33577000 r--p 00006000 08:03 2647293                    /lib/x86_64-linux-gnu/librt-2.23.so
7fbd33577000-7fbd33578000 rw-p 00007000 08:03 2647293                    /lib/x86_64-linux-gnu/librt-2.23.so
7fbd33578000-7fbd3358e000 r-xp 00000000 08:03 2626604                    /lib/x86_64-linux-gnu/libgcc_s.so.1
7fbd3358e000-7fbd3378d000 ---p 00016000 08:03 2626604                    /lib/x86_64-linux-gnu/libgcc_s.so.1
7fbd3378d000-7fbd3378e000 rw-p 00015000 08:03 2626604                    /lib/x86_64-linux-gnu/libgcc_s.so.1
7fbd3378e000-7fbd33896000 r-xp 00000000 08:03 2647313                    /lib/x86_64-linux-gnu/libm-2.23.so
7fbd33896000-7fbd33a95000 ---p 00108000 08:03 2647313                    /lib/x86_64-linux-gnu/libm-2.23.so
7fbd33a95000-7fbd33a96000 r--p 00107000 08:03 2647313                    /lib/x86_64-linux-gnu/libm-2.23.so
7fbd33a96000-7fbd33a97000 rw-p 00108000 08:03 2647313                    /lib/x86_64-linux-gnu/libm-2.23.so
7fbd33a97000-7fbd33c09000 r-xp 00000000 08:03 395067                     /usr/lib/x86_64-linux-gnu/libstdc++.so.6.0.21
7fbd33c09000-7fbd33e09000 ---p 00172000 08:03 395067                     /usr/lib/x86_64-linux-gnu/libstdc++.so.6.0.21
7fbd33e09000-7fbd33e13000 r--p 00172000 08:03 395067                     /usr/lib/x86_64-linux-gnu/libstdc++.so.6.0.21
7fbd33e13000-7fbd33e15000 rw-p 0017c000 08:03 395067                     /usr/lib/x86_64-linux-gnu/libstdc++.so.6.0.21
7fbd33e15000-7fbd33e19000 rw-p 00000000 00:00 0 
7fbd33e19000-7fbd34a81000 r-xp 00000000 08:03 933051                     /usr/lib/jvm/java-8-openjdk-amd64/jre/lib/amd64/server/libjvm.so
7fbd34a81000-7fbd34c81000 ---p 00c68000 08:03 933051                     /usr/lib/jvm/java-8-openjdk-amd64/jre/lib/amd64/server/libjvm.so
7fbd34c81000-7fbd34d15000 r--p 00c68000 08:03 933051                     /usr/lib/jvm/java-8-openjdk-amd64/jre/lib/amd64/server/libjvm.so
7fbd34d15000-7fbd34d3e000 rw-p 00cfc000 08:03 933051                     /usr/lib/jvm/java-8-openjdk-amd64/jre/lib/amd64/server/libjvm.so
7fbd34d3e000-7fbd34d6e000 rw-p 00000000 00:00 0 
7fbd34d6e000-7fbd34d86000 r-xp 00000000 08:03 2647297                    /lib/x86_64-linux-gnu/libpthread-2.23.so
7fbd34d86000-7fbd34f85000 ---p 00018000 08:03 2647297                    /lib/x86_64-linux-gnu/libpthread-2.23.so
7fbd34f85000-7fbd34f86000 r--p 00017000 08:03 2647297                    /lib/x86_64-linux-gnu/libpthread-2.23.so
7fbd34f86000-7fbd34f87000 rw-p 00018000 08:03 2647297                    /lib/x86_64-linux-gnu/libpthread-2.23.so
7fbd34f87000-7fbd34f8b000 rw-p 00000000 00:00 0 
7fbd34f8b000-7fbd34f8e000 r-xp 00000000 08:03 2647295                    /lib/x86_64-linux-gnu/libdl-2.23.so
7fbd34f8e000-7fbd3518d000 ---p 00003000 08:03 2647295                    /lib/x86_64-linux-gnu/libdl-2.23.so
7fbd3518d000-7fbd3518e000 r--p 00002000 08:03 2647295                    /lib/x86_64-linux-gnu/libdl-2.23.so
7fbd3518e000-7fbd3518f000 rw-p 00003000 08:03 2647295                    /lib/x86_64-linux-gnu/libdl-2.23.so
7fbd3518f000-7fbd351a8000 r-xp 00000000 08:03 2626561                    /lib/x86_64-linux-gnu/libz.so.1.2.8
7fbd351a8000-7fbd353a7000 ---p 00019000 08:03 2626561                    /lib/x86_64-linux-gnu/libz.so.1.2.8
7fbd353a7000-7fbd353a8000 r--p 00018000 08:03 2626561                    /lib/x86_64-linux-gnu/libz.so.1.2.8
7fbd353a8000-7fbd353a9000 rw-p 00019000 08:03 2626561                    /lib/x86_64-linux-gnu/libz.so.1.2.8
7fbd353a9000-7fbd35569000 r-xp 00000000 08:03 2647310                    /lib/x86_64-linux-gnu/libc-2.23.so
7fbd35569000-7fbd35769000 ---p 001c0000 08:03 2647310                    /lib/x86_64-linux-gnu/libc-2.23.so
7fbd35769000-7fbd3576d000 r--p 001c0000 08:03 2647310                    /lib/x86_64-linux-gnu/libc-2.23.so
7fbd3576d000-7fbd3576f000 rw-p 001c4000 08:03 2647310                    /lib/x86_64-linux-gnu/libc-2.23.so
7fbd3576f000-7fbd35773000 rw-p 00000000 00:00 0 
7fbd35773000-7fbd35780000 r-xp 00000000 08:03 933040                     /usr/lib/jvm/java-8-openjdk-amd64/jre/lib/amd64/jli/libjli.so
7fbd35780000-7fbd35980000 ---p 0000d000 08:03 933040                     /usr/lib/jvm/java-8-openjdk-amd64/jre/lib/amd64/jli/libjli.so
7fbd35980000-7fbd35981000 r--p 0000d000 08:03 933040                     /usr/lib/jvm/java-8-openjdk-amd64/jre/lib/amd64/jli/libjli.so
7fbd35981000-7fbd35982000 rw-p 0000e000 08:03 933040                     /usr/lib/jvm/java-8-openjdk-amd64/jre/lib/amd64/jli/libjli.so
7fbd35982000-7fbd359a8000 r-xp 00000000 08:03 2647296                    /lib/x86_64-linux-gnu/ld-2.23.so
7fbd359a8000-7fbd359a9000 r--s 00010000 08:03 932997                     /usr/lib/jvm/java-8-openjdk-amd64/jre/lib/ext/zipfs.jar
7fbd359a9000-7fbd359ad000 r--s 0003a000 08:03 932987                     /usr/lib/jvm/java-8-openjdk-amd64/jre/lib/ext/sunpkcs11.jar
7fbd359ad000-7fbd359af000 r--s 00001000 08:03 932995                     /usr/lib/jvm/java-8-openjdk-amd64/jre/lib/ext/dnsns.jar
7fbd359af000-7fbd35a80000 rw-p 00000000 00:00 0 
7fbd35a80000-7fbd35a83000 ---p 00000000 00:00 0 
7fbd35a83000-7fbd35b85000 rw-p 00000000 00:00 0 
7fbd35b85000-7fbd35b86000 r--s 0000a000 08:03 933001                     /usr/lib/jvm/java-8-openjdk-amd64/jre/lib/ext/jaccess.jar
7fbd35b86000-7fbd35b89000 r--s 0000f000 08:03 933003                     /usr/lib/jvm/java-8-openjdk-amd64/jre/lib/ext/icedtea-sound.jar
7fbd35b89000-7fbd35b9c000 rw-p 00000000 00:00 0 
7fbd35b9c000-7fbd35ba4000 rw-s 00000000 08:03 2634173                    /tmp/hsperfdata_paulo/9888
7fbd35ba4000-7fbd35ba5000 rw-p 00000000 00:00 0 
7fbd35ba5000-7fbd35ba6000 ---p 00000000 00:00 0 
7fbd35ba6000-7fbd35ba7000 rw-p 00000000 00:00 0 
7fbd35ba7000-7fbd35ba8000 r--p 00025000 08:03 2647296                    /lib/x86_64-linux-gnu/ld-2.23.so
7fbd35ba8000-7fbd35ba9000 rw-p 00026000 08:03 2647296                    /lib/x86_64-linux-gnu/ld-2.23.so
7fbd35ba9000-7fbd35baa000 rw-p 00000000 00:00 0 
7ffc2bf1e000-7ffc2bf3f000 rw-p 00000000 00:00 0                          [stack]
7ffc2bfcf000-7ffc2bfd1000 r--p 00000000 00:00 0                          [vvar]
7ffc2bfd1000-7ffc2bfd3000 r-xp 00000000 00:00 0                          [vdso]
ffffffffff600000-ffffffffff601000 r-xp 00000000 00:00 0                  [vsyscall]

VM Arguments:
jvm_args: -Dclassworlds.conf=/opt/netbeans/java/maven/bin/m2.conf -Dmaven.home=/opt/netbeans/java/maven -Dmaven.multiModuleProjectDirectory=/home/paulo/Projetos/Java/LibraryBookStore 
java_command: org.codehaus.plexus.classworlds.launcher.Launcher -Dmaven.ext.class.path=/opt/netbeans/java/maven-nblib/netbeans-eventspy.jar clean install
java_class_path (initial): /opt/netbeans/java/maven/boot/plexus-classworlds-2.5.2.jar
Launcher Type: SUN_STANDARD

Environment Variables:
JAVA_HOME=/usr/lib/jvm/java-8-openjdk-amd64
PATH=/home/paulo/.rbenv/plugins/ruby-build/bin:/home/paulo/.rbenv/shims:/home/paulo/.rbenv/bin:/home/paulo/bin:/home/paulo/.local/bin:/usr/local/bin:/usr/bin:/bin:/usr/games:/snap/bin:/home/paulo/Android/Sdk/platform-tools:/home/paulo/Android/Sdk/tools
USERNAME=paulo
SHELL=/bin/bash
DISPLAY=:1

Signal Handlers:
SIGSEGV: [libjvm.so+0xa7b8f0], sa_mask[0]=11111111011111111101111111111110, sa_flags=SA_RESTART|SA_SIGINFO
SIGBUS: [libjvm.so+0xa7b8f0], sa_mask[0]=11111111011111111101111111111110, sa_flags=SA_RESTART|SA_SIGINFO
SIGFPE: [libjvm.so+0x8c3a90], sa_mask[0]=11111111011111111101111111111110, sa_flags=SA_RESTART|SA_SIGINFO
SIGPIPE: [libjvm.so+0x8c3a90], sa_mask[0]=11111111011111111101111111111110, sa_flags=SA_RESTART|SA_SIGINFO
SIGXFSZ: [libjvm.so+0x8c3a90], sa_mask[0]=11111111011111111101111111111110, sa_flags=SA_RESTART|SA_SIGINFO
SIGILL: [libjvm.so+0x8c3a90], sa_mask[0]=11111111011111111101111111111110, sa_flags=SA_RESTART|SA_SIGINFO
SIGUSR1: SIG_DFL, sa_mask[0]=00000000000000000000000000000000, sa_flags=none
SIGUSR2: [libjvm.so+0x8c3940], sa_mask[0]=00100000000000000000000000000000, sa_flags=SA_RESTART|SA_SIGINFO
SIGHUP: [libjvm.so+0x8c3fd0], sa_mask[0]=11111111011111111101111111111110, sa_flags=SA_RESTART|SA_SIGINFO
SIGINT: SIG_IGN, sa_mask[0]=00000000000000000000000000000000, sa_flags=none
SIGTERM: [libjvm.so+0x8c3fd0], sa_mask[0]=11111111011111111101111111111110, sa_flags=SA_RESTART|SA_SIGINFO
SIGQUIT: [libjvm.so+0x8c3fd0], sa_mask[0]=11111111011111111101111111111110, sa_flags=SA_RESTART|SA_SIGINFO


---------------  S Y S T E M  ---------------

OS:DISTRIB_ID=Ubuntu
DISTRIB_RELEASE=16.04
DISTRIB_CODENAME=xenial
DISTRIB_DESCRIPTION="Ubuntu 16.04.6 LTS"

uname:Linux 4.7.10-040710-generic #201610220847 SMP Sat Oct 22 12:50:14 UTC 2016 x86_64
libc:glibc 2.23 NPTL 2.23 
rlimit: STACK 8192k, CORE 0k, NPROC 14854, NOFILE 1048576, AS infinity
load average:2,44 0,96 0,93

/proc/meminfo:
MemTotal:        3845512 kB
MemFree:           89760 kB
MemAvailable:          0 kB
Buffers:             512 kB
Cached:           634796 kB
SwapCached:            0 kB
Active:          2922128 kB
Inactive:         622708 kB
Active(anon):    2914096 kB
Inactive(anon):   614912 kB
Active(file):       8032 kB
Inactive(file):     7796 kB
Unevictable:          64 kB
Mlocked:              64 kB
SwapTotal:             0 kB
SwapFree:              0 kB
Dirty:                12 kB
Writeback:             0 kB
AnonPages:       2909592 kB
Mapped:           103500 kB
Shmem:            619480 kB
Slab:              93612 kB
SReclaimable:      33868 kB
SUnreclaim:        59744 kB
KernelStack:       13296 kB
PageTables:        57216 kB
NFS_Unstable:          0 kB
Bounce:                0 kB
WritebackTmp:          0 kB
CommitLimit:     1922756 kB
Committed_AS:   10182916 kB
VmallocTotal:   34359738367 kB
VmallocUsed:           0 kB
VmallocChunk:          0 kB
HardwareCorrupted:     0 kB
AnonHugePages:      2048 kB
HugePages_Total:       0
HugePages_Free:        0
HugePages_Rsvd:        0
HugePages_Surp:        0
Hugepagesize:       2048 kB
DirectMap4k:      190720 kB
DirectMap2M:     3796992 kB

container (cgroup) information:
container_type: cgroupv1
cpu_cpuset_cpus: 0-3
cpu_memory_nodes: 0
active_processor_count: 4
cpu_quota: -1
cpu_period: 100000
cpu_shares: -1
memory_limit_in_bytes: -1
memory_and_swap_limit_in_bytes: -2
memory_soft_limit_in_bytes: -1
memory_usage_in_bytes: 3331215360
memory_max_usage_in_bytes: 3333746688


CPU:total 4 (initial active 4) (2 cores per cpu, 2 threads per core) family 6 model 37 stepping 2, cmov, cx8, fxsr, mmx, sse, sse2, sse3, ssse3, sse4.1, sse4.2, popcnt, ht, tsc, tscinvbit

/proc/cpuinfo:
processor	: 0
vendor_id	: GenuineIntel
cpu family	: 6
model		: 37
model name	: Intel(R) Core(TM) i3 CPU       M 350  @ 2.27GHz
stepping	: 2
microcode	: 0x11
cpu MHz		: 2266.000
cache size	: 3072 KB
physical id	: 0
siblings	: 4
core id		: 0
cpu cores	: 2
apicid		: 0
initial apicid	: 0
fpu		: yes
fpu_exception	: yes
cpuid level	: 11
wp		: yes
flags		: fpu vme de pse tsc msr pae mce cx8 apic sep mtrr pge mca cmov pat pse36 clflush dts acpi mmx fxsr sse sse2 ss ht tm pbe syscall nx rdtscp lm constant_tsc arch_perfmon pebs bts rep_good nopl xtopology nonstop_tsc aperfmperf eagerfpu pni dtes64 monitor ds_cpl vmx est tm2 ssse3 cx16 xtpr pdcm sse4_1 sse4_2 popcnt lahf_lm tpr_shadow vnmi flexpriority ept vpid dtherm arat
bugs		:
bogomips	: 4521.91
clflush size	: 64
cache_alignment	: 64
address sizes	: 36 bits physical, 48 bits virtual
power management:

processor	: 1
vendor_id	: GenuineIntel
cpu family	: 6
model		: 37
model name	: Intel(R) Core(TM) i3 CPU       M 350  @ 2.27GHz
stepping	: 2
microcode	: 0x11
cpu MHz		: 2266.000
cache size	: 3072 KB
physical id	: 0
siblings	: 4
core id		: 0
cpu cores	: 2
apicid		: 1
initial apicid	: 1
fpu		: yes
fpu_exception	: yes
cpuid level	: 11
wp		: yes
flags		: fpu vme de pse tsc msr pae mce cx8 apic sep mtrr pge mca cmov pat pse36 clflush dts acpi mmx fxsr sse sse2 ss ht tm pbe syscall nx rdtscp lm constant_tsc arch_perfmon pebs bts rep_good nopl xtopology nonstop_tsc aperfmperf eagerfpu pni dtes64 monitor ds_cpl vmx est tm2 ssse3 cx16 xtpr pdcm sse4_1 sse4_2 popcnt lahf_lm tpr_shadow vnmi flexpriority ept vpid dtherm arat
bugs		:
bogomips	: 4521.89
clflush size	: 64
cache_alignment	: 64
address sizes	: 36 bits physical, 48 bits virtual
power management:

processor	: 2
vendor_id	: GenuineIntel
cpu family	: 6
model		: 37
model name	: Intel(R) Core(TM) i3 CPU       M 350  @ 2.27GHz
stepping	: 2
microcode	: 0x11
cpu MHz		: 2266.000
cache size	: 3072 KB
physical id	: 0
siblings	: 4
core id		: 2
cpu cores	: 2
apicid		: 4
initial apicid	: 4
fpu		: yes
fpu_exception	: yes
cpuid level	: 11
wp		: yes
flags		: fpu vme de pse tsc msr pae mce cx8 apic sep mtrr pge mca cmov pat pse36 clflush dts acpi mmx fxsr sse sse2 ss ht tm pbe syscall nx rdtscp lm constant_tsc arch_perfmon pebs bts rep_good nopl xtopology nonstop_tsc aperfmperf eagerfpu pni dtes64 monitor ds_cpl vmx est tm2 ssse3 cx16 xtpr pdcm sse4_1 sse4_2 popcnt lahf_lm tpr_shadow vnmi flexpriority ept vpid dtherm arat
bugs		:
bogomips	: 4521.88
clflush size	: 64
cache_alignment	: 64
address sizes	: 36 bits physical, 48 bits virtual
power management:

processor	: 3
vendor_id	: GenuineIntel
cpu family	: 6
model		: 37
model name	: Intel(R) Core(TM) i3 CPU       M 350  @ 2.27GHz
stepping	: 2
microcode	: 0x11
cpu MHz		: 2266.000
cache size	: 3072 KB
physical id	: 0
siblings	: 4
core id		: 2
cpu cores	: 2
apicid		: 5
initial apicid	: 5
fpu		: yes
fpu_exception	: yes
cpuid level	: 11
wp		: yes
flags		: fpu vme de pse tsc msr pae mce cx8 apic sep mtrr pge mca cmov pat pse36 clflush dts acpi mmx fxsr sse sse2 ss ht tm pbe syscall nx rdtscp lm constant_tsc arch_perfmon pebs bts rep_good nopl xtopology nonstop_tsc aperfmperf eagerfpu pni dtes64 monitor ds_cpl vmx est tm2 ssse3 cx16 xtpr pdcm sse4_1 sse4_2 popcnt lahf_lm tpr_shadow vnmi flexpriority ept vpid dtherm arat
bugs		:
bogomips	: 4521.89
clflush size	: 64
cache_alignment	: 64
address sizes	: 36 bits physical, 48 bits virtual
power management:



Memory: 4k page, physical 3845512k(88180k free), swap 0k(0k free)

vm_info: OpenJDK 64-Bit Server VM (25.242-b08) for linux-amd64 JRE (1.8.0_242-8u242-b08-0ubuntu3~16.04-b08), built on Jan 18 2020 03:34:56 by "buildd" with gcc 5.4.0 20160609

time: Tue Apr 14 20:50:03 2020
timezone: -03
elapsed time: 23 seconds (0d 0h 0m 23s)

