#
# There is insufficient memory for the Java Runtime Environment to continue.
# Native memory allocation (mmap) failed to map 73400320 bytes for committing reserved memory.
# Possible reasons:
#   The system is out of physical RAM or swap space
#   The process is running with CompressedOops enabled, and the Java Heap may be blocking the growth of the native heap
# Possible solutions:
#   Reduce memory load on the system
#   Increase physical memory or swap space
#   Check if swap backing store is full
#   Decrease Java heap size (-Xmx/-Xms)
#   Decrease number of Java threads
#   Decrease Java thread stack sizes (-Xss)
#   Set larger code cache with -XX:ReservedCodeCacheSize=
#   JVM is running with Unscaled Compressed Oops mode in which the Java heap is
#     placed in the first 4GB address space. The Java Heap base address is the
#     maximum limit for the native heap growth. Please use -XX:HeapBaseMinAddress
#     to set the Java Heap base and to place the Java Heap above 4GB virtual address.
# This output file may be truncated or incomplete.
#
#  Out of Memory Error (os_linux.cpp:2757), pid=9696, tid=0x00007efe874f4700
#
# JRE version: OpenJDK Runtime Environment (8.0_242-b08) (build 1.8.0_242-8u242-b08-0ubuntu3~16.04-b08)
# Java VM: OpenJDK 64-Bit Server VM (25.242-b08 mixed mode linux-amd64 compressed oops)
# Failed to write core dump. Core dumps have been disabled. To enable core dumping, try "ulimit -c unlimited" before starting Java again
#

---------------  T H R E A D  ---------------

Current thread (0x00007efe9c13f800):  VMThread [stack: 0x00007efe873f4000,0x00007efe874f5000] [id=9706]

Stack: [0x00007efe873f4000,0x00007efe874f5000],  sp=0x00007efe874f34b0,  free space=1021k
Native frames: (J=compiled Java code, j=interpreted, Vv=VM code, C=native code)
V  [libjvm.so+0xa7ad8b]
V  [libjvm.so+0x4ccbcc]
V  [libjvm.so+0x8c8a28]
V  [libjvm.so+0x8c006e]
V  [libjvm.so+0x93ddb6]
V  [libjvm.so+0x93f0e3]
V  [libjvm.so+0x93b7c4]
V  [libjvm.so+0x93ba5c]
V  [libjvm.so+0x8ed723]
V  [libjvm.so+0xa7cac2]
V  [libjvm.so+0xa81b57]
V  [libjvm.so+0xa7f3b7]
V  [libjvm.so+0xa8069f]
V  [libjvm.so+0xa80bc2]
V  [libjvm.so+0x8c5d82]

VM_Operation (0x00007efe8567ea30): ParallelGCFailedAllocation, mode: safepoint, requested by thread 0x00007efe9ccce000


---------------  P R O C E S S  ---------------

Java Threads: ( => current thread )
  0x00007efe9ccce000 JavaThread "background-preinit" [_thread_blocked, id=9722, stack(0x00007efe85581000,0x00007efe85682000)]
  0x00007efe44048000 JavaThread "process reaper" daemon [_thread_blocked, id=9719, stack(0x00007efe85caa000,0x00007efe85ce3000)]
  0x00007efe9c2ea800 JavaThread "surefire-forkedjvm-ping-30s" daemon [_thread_blocked, id=9716, stack(0x00007efe860db000,0x00007efe861dc000)]
  0x00007efe9c2d0800 JavaThread "surefire-forkedjvm-command-thread" daemon [_thread_in_native, id=9715, stack(0x00007efe863e6000,0x00007efe864e7000)]
  0x00007efe9c1a9800 JavaThread "Service Thread" daemon [_thread_blocked, id=9713, stack(0x00007efe86a13000,0x00007efe86b14000)]
  0x00007efe9c184000 JavaThread "C1 CompilerThread2" daemon [_thread_blocked, id=9712, stack(0x00007efe86b14000,0x00007efe86c15000)]
  0x00007efe9c182800 JavaThread "C2 CompilerThread1" daemon [_thread_blocked, id=9711, stack(0x00007efe86c15000,0x00007efe86d16000)]
  0x00007efe9c17f800 JavaThread "C2 CompilerThread0" daemon [_thread_blocked, id=9710, stack(0x00007efe86d16000,0x00007efe86e17000)]
  0x00007efe9c17e000 JavaThread "Signal Dispatcher" daemon [_thread_blocked, id=9709, stack(0x00007efe86e17000,0x00007efe86f18000)]
  0x00007efe9c14d800 JavaThread "Finalizer" daemon [_thread_blocked, id=9708, stack(0x00007efe871f2000,0x00007efe872f3000)]
  0x00007efe9c149000 JavaThread "Reference Handler" daemon [_thread_blocked, id=9707, stack(0x00007efe872f3000,0x00007efe873f4000)]
  0x00007efe9c00b000 JavaThread "main" [_thread_blocked, id=9701, stack(0x00007efea5ec3000,0x00007efea5fc4000)]

Other Threads:
=>0x00007efe9c13f800 VMThread [stack: 0x00007efe873f4000,0x00007efe874f5000] [id=9706]
  0x00007efe9c1ab800 WatcherThread [stack: 0x00007efe86912000,0x00007efe86a13000] [id=9714]

VM state:at safepoint (normal execution)

VM Mutex/Monitor currently owned by a thread:  ([mutex/lock_event])
[0x00007efe9c007110] Threads_lock - owner thread: 0x00007efe9c13f800
[0x00007efe9c007610] Heap_lock - owner thread: 0x00007efe9ccce000

heap address: 0x00000000c5400000, size: 940 MB, Compressed Oops mode: 32-bit
Narrow klass base: 0x0000000000000000, Narrow klass shift: 3
Compressed class space size: 1073741824 Address: 0x0000000100000000

Heap:
 PSYoungGen      total 64000K, used 2559K [0x00000000ec700000, 0x00000000f0800000, 0x0000000100000000)
  eden space 61440K, 0% used [0x00000000ec700000,0x00000000ec700000,0x00000000f0300000)
  from space 2560K, 99% used [0x00000000f0300000,0x00000000f057fe90,0x00000000f0580000)
  to   space 2560K, 0% used [0x00000000f0580000,0x00000000f0580000,0x00000000f0800000)
 ParOldGen       total 40960K, used 8514K [0x00000000c5400000, 0x00000000c7c00000, 0x00000000ec700000)
  object space 40960K, 20% used [0x00000000c5400000,0x00000000c5c50800,0x00000000c7c00000)
 Metaspace       used 17946K, capacity 19196K, committed 19328K, reserved 1067008K
  class space    used 2367K, capacity 2607K, committed 2688K, reserved 1048576K

Card table byte_map: [0x00007efea2396000,0x00007efea256d000] byte_map_base: 0x00007efea1d6c000

Marking Bits: (ParMarkBitMap*) 0x00007efea51945c0
 Begin Bits: [0x00007efea00f8000, 0x00007efea0fa8000)
 End Bits:   [0x00007efea0fa8000, 0x00007efea1e58000)

Polling page: 0x00007efea5fe8000

CodeCache: size=245760Kb used=5177Kb max_used=5186Kb free=240582Kb
 bounds [0x00007efe8d000000, 0x00007efe8d520000, 0x00007efe9c000000]
 total_blobs=1942 nmethods=1577 adapters=280
 compilation: enabled

Compilation events (10 events):
Event: 2,654 Thread 0x00007efe9c184000 1575       3       sun.reflect.generics.reflectiveObjects.ParameterizedTypeImpl::validateConstructorArguments (44 bytes)
Event: 2,655 Thread 0x00007efe9c184000 nmethod 1575 0x00007efe8d503b90 code [0x00007efe8d503d40, 0x00007efe8d5042e8]
Event: 2,662 Thread 0x00007efe9c17f800 1576       4       sun.net.www.protocol.file.Handler::parseURL (18 bytes)
Event: 2,664 Thread 0x00007efe9c17f800 nmethod 1576 0x00007efe8d4fe710 code [0x00007efe8d4fe860, 0x00007efe8d4fe908]
Event: 2,668 Thread 0x00007efe9c184000 1577       3       java.lang.Class$AnnotationData::<init> (20 bytes)
Event: 2,668 Thread 0x00007efe9c184000 nmethod 1577 0x00007efe8d503790 code [0x00007efe8d503900, 0x00007efe8d503af0]
Event: 2,678 Thread 0x00007efe9c182800 1578   !   4       java.lang.StringCoding::encode (120 bytes)
Event: 2,680 Thread 0x00007efe9c17f800 1579   !   4       java.lang.StringCoding$StringEncoder::encode (179 bytes)
Event: 2,685 Thread 0x00007efe9c184000 1580       3       java.lang.reflect.AccessibleObject::setAccessible (21 bytes)
Event: 2,685 Thread 0x00007efe9c184000 nmethod 1580 0x00007efe8d503210 code [0x00007efe8d5033a0, 0x00007efe8d503698]

GC Heap History (9 events):
Event: 0,509 GC heap before
{Heap before GC invocations=1 (full 0):
 PSYoungGen      total 17920K, used 15360K [0x00000000ec700000, 0x00000000edb00000, 0x0000000100000000)
  eden space 15360K, 100% used [0x00000000ec700000,0x00000000ed600000,0x00000000ed600000)
  from space 2560K, 0% used [0x00000000ed880000,0x00000000ed880000,0x00000000edb00000)
  to   space 2560K, 0% used [0x00000000ed600000,0x00000000ed600000,0x00000000ed880000)
 ParOldGen       total 40960K, used 0K [0x00000000c5400000, 0x00000000c7c00000, 0x00000000ec700000)
  object space 40960K, 0% used [0x00000000c5400000,0x00000000c5400000,0x00000000c7c00000)
 Metaspace       used 6285K, capacity 6540K, committed 6784K, reserved 1056768K
  class space    used 711K, capacity 794K, committed 896K, reserved 1048576K
Event: 0,526 GC heap after
Heap after GC invocations=1 (full 0):
 PSYoungGen      total 17920K, used 2393K [0x00000000ec700000, 0x00000000eea00000, 0x0000000100000000)
  eden space 15360K, 0% used [0x00000000ec700000,0x00000000ec700000,0x00000000ed600000)
  from space 2560K, 93% used [0x00000000ed600000,0x00000000ed856608,0x00000000ed880000)
  to   space 2560K, 0% used [0x00000000ee780000,0x00000000ee780000,0x00000000eea00000)
 ParOldGen       total 40960K, used 8K [0x00000000c5400000, 0x00000000c7c00000, 0x00000000ec700000)
  object space 40960K, 0% used [0x00000000c5400000,0x00000000c5402000,0x00000000c7c00000)
 Metaspace       used 6285K, capacity 6540K, committed 6784K, reserved 1056768K
  class space    used 711K, capacity 794K, committed 896K, reserved 1048576K
}
Event: 0,884 GC heap before
{Heap before GC invocations=2 (full 0):
 PSYoungGen      total 17920K, used 17753K [0x00000000ec700000, 0x00000000eea00000, 0x0000000100000000)
  eden space 15360K, 100% used [0x00000000ec700000,0x00000000ed600000,0x00000000ed600000)
  from space 2560K, 93% used [0x00000000ed600000,0x00000000ed856608,0x00000000ed880000)
  to   space 2560K, 0% used [0x00000000ee780000,0x00000000ee780000,0x00000000eea00000)
 ParOldGen       total 40960K, used 8K [0x00000000c5400000, 0x00000000c7c00000, 0x00000000ec700000)
  object space 40960K, 0% used [0x00000000c5400000,0x00000000c5402000,0x00000000c7c00000)
 Metaspace       used 8331K, capacity 8874K, committed 9088K, reserved 1056768K
  class space    used 1007K, capacity 1133K, committed 1152K, reserved 1048576K
Event: 0,889 GC heap after
Heap after GC invocations=2 (full 0):
 PSYoungGen      total 33280K, used 2540K [0x00000000ec700000, 0x00000000eea00000, 0x0000000100000000)
  eden space 30720K, 0% used [0x00000000ec700000,0x00000000ec700000,0x00000000ee500000)
  from space 2560K, 99% used [0x00000000ee780000,0x00000000ee9fb2e0,0x00000000eea00000)
  to   space 2560K, 0% used [0x00000000ee500000,0x00000000ee500000,0x00000000ee780000)
 ParOldGen       total 40960K, used 160K [0x00000000c5400000, 0x00000000c7c00000, 0x00000000ec700000)
  object space 40960K, 0% used [0x00000000c5400000,0x00000000c5428260,0x00000000c7c00000)
 Metaspace       used 8331K, capacity 8874K, committed 9088K, reserved 1056768K
  class space    used 1007K, capacity 1133K, committed 1152K, reserved 1048576K
}
Event: 1,473 GC heap before
{Heap before GC invocations=3 (full 0):
 PSYoungGen      total 33280K, used 33260K [0x00000000ec700000, 0x00000000eea00000, 0x0000000100000000)
  eden space 30720K, 100% used [0x00000000ec700000,0x00000000ee500000,0x00000000ee500000)
  from space 2560K, 99% used [0x00000000ee780000,0x00000000ee9fb2e0,0x00000000eea00000)
  to   space 2560K, 0% used [0x00000000ee500000,0x00000000ee500000,0x00000000ee780000)
 ParOldGen       total 40960K, used 160K [0x00000000c5400000, 0x00000000c7c00000, 0x00000000ec700000)
  object space 40960K, 0% used [0x00000000c5400000,0x00000000c5428260,0x00000000c7c00000)
 Metaspace       used 11213K, capacity 12140K, committed 12416K, reserved 1060864K
  class space    used 1386K, capacity 1591K, committed 1664K, reserved 1048576K
Event: 1,481 GC heap after
Heap after GC invocations=3 (full 0):
 PSYoungGen      total 33280K, used 2546K [0x00000000ec700000, 0x00000000f0800000, 0x0000000100000000)
  eden space 30720K, 0% used [0x00000000ec700000,0x00000000ec700000,0x00000000ee500000)
  from space 2560K, 99% used [0x00000000ee500000,0x00000000ee77c8f8,0x00000000ee780000)
  to   space 2560K, 0% used [0x00000000f0580000,0x00000000f0580000,0x00000000f0800000)
 ParOldGen       total 40960K, used 2000K [0x00000000c5400000, 0x00000000c7c00000, 0x00000000ec700000)
  object space 40960K, 4% used [0x00000000c5400000,0x00000000c55f4300,0x00000000c7c00000)
 Metaspace       used 11213K, capacity 12140K, committed 12416K, reserved 1060864K
  class space    used 1386K, capacity 1591K, committed 1664K, reserved 1048576K
}
Event: 1,911 GC heap before
{Heap before GC invocations=4 (full 0):
 PSYoungGen      total 33280K, used 33266K [0x00000000ec700000, 0x00000000f0800000, 0x0000000100000000)
  eden space 30720K, 100% used [0x00000000ec700000,0x00000000ee500000,0x00000000ee500000)
  from space 2560K, 99% used [0x00000000ee500000,0x00000000ee77c8f8,0x00000000ee780000)
  to   space 2560K, 0% used [0x00000000f0580000,0x00000000f0580000,0x00000000f0800000)
 ParOldGen       total 40960K, used 2000K [0x00000000c5400000, 0x00000000c7c00000, 0x00000000ec700000)
  object space 40960K, 4% used [0x00000000c5400000,0x00000000c55f4300,0x00000000c7c00000)
 Metaspace       used 13930K, capacity 14932K, committed 15104K, reserved 1062912K
  class space    used 1726K, capacity 1949K, committed 2048K, reserved 1048576K
Event: 1,918 GC heap after
Heap after GC invocations=4 (full 0):
 PSYoungGen      total 64000K, used 2548K [0x00000000ec700000, 0x00000000f0800000, 0x0000000100000000)
  eden space 61440K, 0% used [0x00000000ec700000,0x00000000ec700000,0x00000000f0300000)
  from space 2560K, 99% used [0x00000000f0580000,0x00000000f07fd370,0x00000000f0800000)
  to   space 2560K, 0% used [0x00000000f0300000,0x00000000f0300000,0x00000000f0580000)
 ParOldGen       total 40960K, used 4257K [0x00000000c5400000, 0x00000000c7c00000, 0x00000000ec700000)
  object space 40960K, 10% used [0x00000000c5400000,0x00000000c5828578,0x00000000c7c00000)
 Metaspace       used 13930K, capacity 14932K, committed 15104K, reserved 1062912K
  class space    used 1726K, capacity 1949K, committed 2048K, reserved 1048576K
}
Event: 2,692 GC heap before
{Heap before GC invocations=5 (full 0):
 PSYoungGen      total 64000K, used 63988K [0x00000000ec700000, 0x00000000f0800000, 0x0000000100000000)
  eden space 61440K, 100% used [0x00000000ec700000,0x00000000f0300000,0x00000000f0300000)
  from space 2560K, 99% used [0x00000000f0580000,0x00000000f07fd370,0x00000000f0800000)
  to   space 2560K, 0% used [0x00000000f0300000,0x00000000f0300000,0x00000000f0580000)
 ParOldGen       total 40960K, used 4257K [0x00000000c5400000, 0x00000000c7c00000, 0x00000000ec700000)
  object space 40960K, 10% used [0x00000000c5400000,0x00000000c5828578,0x00000000c7c00000)
 Metaspace       used 17946K, capacity 19196K, committed 19328K, reserved 1067008K
  class space    used 2367K, capacity 2607K, committed 2688K, reserved 1048576K

Deoptimization events (10 events):
Event: 1,290 Thread 0x00007efe9c00b000 Uncommon trap: reason=class_check action=maybe_recompile pc=0x00007efe8d1b8ee0 method=java.lang.String.equals(Ljava/lang/Object;)Z @ 8
Event: 1,297 Thread 0x00007efe9c00b000 Uncommon trap: reason=class_check action=maybe_recompile pc=0x00007efe8d1b8ee0 method=java.lang.String.equals(Ljava/lang/Object;)Z @ 8
Event: 1,297 Thread 0x00007efe9c00b000 Uncommon trap: reason=class_check action=maybe_recompile pc=0x00007efe8d1b8ee0 method=java.lang.String.equals(Ljava/lang/Object;)Z @ 8
Event: 1,322 Thread 0x00007efe9c00b000 Uncommon trap: reason=class_check action=maybe_recompile pc=0x00007efe8d1b8ee0 method=java.lang.String.equals(Ljava/lang/Object;)Z @ 8
Event: 1,389 Thread 0x00007efe9c00b000 Uncommon trap: reason=bimorphic action=maybe_recompile pc=0x00007efe8d36f40c method=java.util.Properties$LineReader.readLine()I @ 62
Event: 1,683 Thread 0x00007efe9c00b000 Uncommon trap: reason=unstable_if action=reinterpret pc=0x00007efe8d3cfcdc method=java.util.Properties$LineReader.readLine()I @ 105
Event: 1,720 Thread 0x00007efe9c00b000 Uncommon trap: reason=range_check action=make_not_entrant pc=0x00007efe8d26fc80 method=sun.reflect.generics.parser.SignatureParser.current()C @ 34
Event: 2,093 Thread 0x00007efe9c00b000 Uncommon trap: reason=unstable_if action=reinterpret pc=0x00007efe8d41a34c method=java.util.HashMap.putVal(ILjava/lang/Object;Ljava/lang/Object;ZZ)Ljava/lang/Object; @ 236
Event: 2,099 Thread 0x00007efe9c00b000 Uncommon trap: reason=unstable_if action=reinterpret pc=0x00007efe8d45fc0c method=java.util.concurrent.ConcurrentHashMap.putVal(Ljava/lang/Object;Ljava/lang/Object;Z)Ljava/lang/Object; @ 181
Event: 2,497 Thread 0x00007efe9c00b000 Uncommon trap: reason=unstable_if action=reinterpret pc=0x00007efe8d4657cc method=java.net.URL.<init>(Ljava/net/URL;Ljava/lang/String;Ljava/net/URLStreamHandler;)V @ 347

Classes redefined (0 events):
No events

Internal exceptions (10 events):
Event: 0,986 Thread 0x00007efe9c00b000 Exception <a 'java/lang/NoSuchMethodError': java.lang.Object.lambda$and$0(Ljava/util/function/Predicate;Ljava/lang/Object;)Z> (0x00000000ecd5f9a0) thrown at [/build/openjdk-8-Wut_v1/openjdk-8-8u242-b08/src/hotspot/src/share/vm/interpreter/linkResolver.cpp
Event: 1,120 Thread 0x00007efe9c00b000 Exception <a 'java/io/FileNotFoundException'> (0x00000000ed2863b0) thrown at [/build/openjdk-8-Wut_v1/openjdk-8-8u242-b08/src/hotspot/src/share/vm/prims/jni.cpp, line 710]
Event: 1,202 Thread 0x00007efe9c00b000 Exception <a 'java/lang/NoSuchMethodError': org.slf4j.impl.StaticMDCBinder.getSingleton()Lorg/slf4j/impl/StaticMDCBinder;> (0x00000000ed608628) thrown at [/build/openjdk-8-Wut_v1/openjdk-8-8u242-b08/src/hotspot/src/share/vm/interpreter/linkResolver.cpp, l
Event: 1,286 Thread 0x00007efe9c00b000 Exception <a 'java/lang/NoSuchMethodError': java.lang.Object.lambda$comparingInt$7b0bb60$1(Ljava/util/function/ToIntFunction;Ljava/lang/Object;Ljava/lang/Object;)I> (0x00000000edb347d8) thrown at [/build/openjdk-8-Wut_v1/openjdk-8-8u242-b08/src/hotspot/sr
Event: 1,704 Thread 0x00007efe9c00b000 Exception <a 'java/lang/NoSuchMethodError': java.lang.Object.lambda$static$0(Ljava/lang/Object;)Ljava/lang/Object;> (0x00000000ed2c6680) thrown at [/build/openjdk-8-Wut_v1/openjdk-8-8u242-b08/src/hotspot/src/share/vm/interpreter/linkResolver.cpp, line 620
Event: 1,720 Thread 0x00007efe9c00b000 Exception <a 'java/lang/ArrayIndexOutOfBoundsException': 18> (0x00000000ed458878) thrown at [/build/openjdk-8-Wut_v1/openjdk-8-8u242-b08/src/hotspot/src/share/vm/interpreter/interpreterRuntime.cpp, line 368]
Event: 1,720 Thread 0x00007efe9c00b000 Exception <a 'java/lang/ArrayIndexOutOfBoundsException': 182> (0x00000000ed45a780) thrown at [/build/openjdk-8-Wut_v1/openjdk-8-8u242-b08/src/hotspot/src/share/vm/interpreter/interpreterRuntime.cpp, line 368]
Event: 1,721 Thread 0x00007efe9c00b000 Exception <a 'java/lang/ArrayIndexOutOfBoundsException': 60> (0x00000000ed45bdb0) thrown at [/build/openjdk-8-Wut_v1/openjdk-8-8u242-b08/src/hotspot/src/share/vm/interpreter/interpreterRuntime.cpp, line 368]
Event: 1,929 Thread 0x00007efe9c00b000 Exception <a 'java/lang/IncompatibleClassChangeError': Found class java.lang.Object, but interface was expected> (0x00000000ec7782a8) thrown at [/build/openjdk-8-Wut_v1/openjdk-8-8u242-b08/src/hotspot/src/share/vm/interpreter/linkResolver.cpp, line 653]
Event: 2,138 Thread 0x00007efe9c00b000 Exception <a 'java/lang/NoSuchMethodError': java.lang.Object.lambda$chars$0()Ljava/util/Spliterator$OfInt;> (0x00000000ed61d538) thrown at [/build/openjdk-8-Wut_v1/openjdk-8-8u242-b08/src/hotspot/src/share/vm/interpreter/linkResolver.cpp, line 620]

Events (10 events):
Event: 2,687 loading class org/hibernate/validator/constraints/LuhnCheck done
Event: 2,687 loading class org/hibernate/validator/internal/constraintvalidators/hv/LuhnCheckValidator
Event: 2,687 loading class org/hibernate/validator/internal/constraintvalidators/hv/LuhnCheckValidator done
Event: 2,688 loading class org/springframework/boot/diagnostics/analyzer/InvalidConfigurationPropertyValueFailureAnalyzer
Event: 2,688 loading class org/springframework/boot/diagnostics/analyzer/InvalidConfigurationPropertyValueFailureAnalyzer done
Event: 2,688 loading class org/hibernate/validator/constraints/Mod10Check
Event: 2,688 loading class org/hibernate/validator/constraints/Mod10Check done
Event: 2,689 loading class org/springframework/boot/context/properties/source/InvalidConfigurationPropertyValueException
Event: 2,689 loading class org/springframework/boot/context/properties/source/InvalidConfigurationPropertyValueException done
Event: 2,689 Executing VM operation: ParallelGCFailedAllocation


Dynamic libraries:
00400000-00401000 r-xp 00000000 08:03 926385                             /usr/lib/jvm/java-8-openjdk-amd64/jre/bin/java
00600000-00601000 r--p 00000000 08:03 926385                             /usr/lib/jvm/java-8-openjdk-amd64/jre/bin/java
00601000-00602000 rw-p 00001000 08:03 926385                             /usr/lib/jvm/java-8-openjdk-amd64/jre/bin/java
01a89000-01aaa000 rw-p 00000000 00:00 0                                  [heap]
c5400000-c7c00000 rw-p 00000000 00:00 0 
c7c00000-ec700000 ---p 00000000 00:00 0 
ec700000-f0800000 rw-p 00000000 00:00 0 
f4e00000-100000000 ---p 00000000 00:00 0 
100000000-1002a0000 rw-p 00000000 00:00 0 
1002a0000-140000000 ---p 00000000 00:00 0 
7efe3c000000-7efe3c126000 rw-p 00000000 00:00 0 
7efe3c126000-7efe40000000 ---p 00000000 00:00 0 
7efe44000000-7efe44084000 rw-p 00000000 00:00 0 
7efe44084000-7efe48000000 ---p 00000000 00:00 0 
7efe48000000-7efe48021000 rw-p 00000000 00:00 0 
7efe48021000-7efe4c000000 ---p 00000000 00:00 0 
7efe4c000000-7efe4c021000 rw-p 00000000 00:00 0 
7efe4c021000-7efe50000000 ---p 00000000 00:00 0 
7efe50000000-7efe50021000 rw-p 00000000 00:00 0 
7efe50021000-7efe54000000 ---p 00000000 00:00 0 
7efe54fff000-7efe58000000 rw-p 00000000 00:00 0 
7efe58000000-7efe58413000 rw-p 00000000 00:00 0 
7efe58413000-7efe5c000000 ---p 00000000 00:00 0 
7efe5c000000-7efe5c021000 rw-p 00000000 00:00 0 
7efe5c021000-7efe60000000 ---p 00000000 00:00 0 
7efe60000000-7efe603a5000 rw-p 00000000 00:00 0 
7efe603a5000-7efe64000000 ---p 00000000 00:00 0 
7efe64000000-7efe64251000 rw-p 00000000 00:00 0 
7efe64251000-7efe68000000 ---p 00000000 00:00 0 
7efe68000000-7efe68021000 rw-p 00000000 00:00 0 
7efe68021000-7efe6c000000 ---p 00000000 00:00 0 
7efe6c000000-7efe6c021000 rw-p 00000000 00:00 0 
7efe6c021000-7efe70000000 ---p 00000000 00:00 0 
7efe70000000-7efe70021000 rw-p 00000000 00:00 0 
7efe70021000-7efe74000000 ---p 00000000 00:00 0 
7efe74000000-7efe74021000 rw-p 00000000 00:00 0 
7efe74021000-7efe78000000 ---p 00000000 00:00 0 
7efe78000000-7efe78021000 rw-p 00000000 00:00 0 
7efe78021000-7efe7c000000 ---p 00000000 00:00 0 
7efe7c000000-7efe7c021000 rw-p 00000000 00:00 0 
7efe7c021000-7efe80000000 ---p 00000000 00:00 0 
7efe80000000-7efe80021000 rw-p 00000000 00:00 0 
7efe80021000-7efe84000000 ---p 00000000 00:00 0 
7efe85181000-7efe851c1000 rw-p 00000000 00:00 0 
7efe851c1000-7efe85381000 ---p 00000000 00:00 0 
7efe85381000-7efe85581000 rw-p 00000000 00:00 0 
7efe85581000-7efe85584000 ---p 00000000 00:00 0 
7efe85584000-7efe85882000 rw-p 00000000 00:00 0 
7efe85882000-7efe85a82000 rw-p 00000000 00:00 0 
7efe85a82000-7efe85a89000 r--s 00000000 08:03 785657                     /usr/lib/x86_64-linux-gnu/gconv/gconv-modules.cache
7efe85a89000-7efe85aaa000 r--p 00000000 08:03 1052714                    /usr/share/locale-langpack/pt_BR/LC_MESSAGES/libc.mo
7efe85aaa000-7efe85caa000 rw-p 00000000 00:00 0 
7efe85caa000-7efe85cad000 ---p 00000000 00:00 0 
7efe85cad000-7efe85ce3000 rw-p 00000000 00:00 0 
7efe85ce3000-7efe85ce6000 r--s 00015000 08:03 1203941                    /home/paulo/.m2/repository/org/junit/platform/junit-platform-launcher/1.3.1/junit-platform-launcher-1.3.1.jar
7efe85ce6000-7efe85ce9000 r--s 0000e000 08:03 1203943                    /home/paulo/.m2/repository/org/apache/maven/surefire/surefire-junit-platform/2.22.2/surefire-junit-platform-2.22.2.jar
7efe85ce9000-7efe85cec000 r--s 0000f000 08:03 1203884                    /home/paulo/.m2/repository/org/springframework/ws/spring-xml/3.0.8.RELEASE/spring-xml-3.0.8.RELEASE.jar
7efe85cec000-7efe85cf9000 r--s 0006f000 08:03 1203883                    /home/paulo/.m2/repository/org/springframework/ws/spring-ws-core/3.0.8.RELEASE/spring-ws-core-3.0.8.RELEASE.jar
7efe85cf9000-7efe85cfb000 r--s 0000e000 08:03 1203712                    /home/paulo/.m2/repository/org/springframework/spring-oxm/5.2.5.RELEASE/spring-oxm-5.2.5.RELEASE.jar
7efe85cfb000-7efe85cfc000 r--s 00003000 08:03 1203878                    /home/paulo/.m2/repository/jakarta/jws/jakarta.jws-api/2.1.0/jakarta.jws-api-2.1.0.jar
7efe85cfc000-7efe85cff000 r--s 0000c000 08:03 1203875                    /home/paulo/.m2/repository/jakarta/xml/ws/jakarta.xml.ws-api/2.3.3/jakarta.xml.ws-api-2.3.3.jar
7efe85cff000-7efe85d01000 r--s 00008000 08:03 1203876                    /home/paulo/.m2/repository/org/jvnet/staxex/stax-ex/1.8.1/stax-ex-1.8.1.jar
7efe85d01000-7efe85d03000 r--s 0000e000 08:03 1203872                    /home/paulo/.m2/repository/org/jvnet/mimepull/mimepull/1.9.13/mimepull-1.9.13.jar
7efe85d03000-7efe85d05000 r--s 00008000 08:03 1203870                    /home/paulo/.m2/repository/jakarta/xml/soap/jakarta.xml.soap-api/1.4.2/jakarta.xml.soap-api-1.4.2.jar
7efe85d05000-7efe85d0d000 r--s 00068000 08:03 1203868                    /home/paulo/.m2/repository/com/sun/xml/messaging/saaj/saaj-impl/1.5.1/saaj-impl-1.5.1.jar
7efe85d0d000-7efe85d0e000 r--s 00000000 08:03 1203866                    /home/paulo/.m2/repository/org/springframework/boot/spring-boot-starter-web-services/2.2.6.RELEASE/spring-boot-starter-web-services-2.2.6.RELEASE.jar
7efe85d0e000-7efe85d13000 r--s 00025000 08:03 1203865                    /home/paulo/.m2/repository/org/xmlunit/xmlunit-core/2.6.4/xmlunit-core-2.6.4.jar
7efe85d13000-7efe85d22000 r--s 00099000 08:03 1203863                    /home/paulo/.m2/repository/org/springframework/spring-test/5.2.5.RELEASE/spring-test-5.2.5.RELEASE.jar
7efe85d22000-7efe85d23000 r--s 00005000 08:03 1203860                    /home/paulo/.m2/repository/org/springframework/spring-jcl/5.2.5.RELEASE/spring-jcl-5.2.5.RELEASE.jar
7efe85d23000-7efe85d3e000 r--s 00145000 08:03 1203859                    /home/paulo/.m2/repository/org/springframework/spring-core/5.2.5.RELEASE/spring-core-5.2.5.RELEASE.jar
7efe85d3e000-7efe85d3f000 r--s 00004000 08:03 1186780                    /home/paulo/.m2/repository/com/vaadin/external/google/android-json/0.0.20131108.vaadin1/android-json-0.0.20131108.vaadin1.jar
7efe85d3f000-7efe85d41000 r--s 00006000 08:03 1186779                    /home/paulo/.m2/repository/org/skyscreamer/jsonassert/1.5.0/jsonassert-1.5.0.jar
7efe85d41000-7efe85d43000 r--s 0000c000 08:03 1186776                    /home/paulo/.m2/repository/org/objenesis/objenesis/2.6/objenesis-2.6.jar
7efe85d43000-7efe85d47000 r--s 0003c000 08:03 1203856                    /home/paulo/.m2/repository/net/bytebuddy/byte-buddy-agent/1.10.8/byte-buddy-agent-1.10.8.jar
7efe85d47000-7efe85d58000 r--s 00080000 08:03 1186770                    /home/paulo/.m2/repository/org/mockito/mockito-core/3.1.0/mockito-core-3.1.0.jar
7efe85d58000-7efe85d5c000 r--s 0001b000 08:03 1323130                    /home/paulo/.m2/repository/org/hamcrest/hamcrest/2.1/hamcrest-2.1.jar
7efe85d5c000-7efe85dc1000 r--s 003e1000 08:03 1186768                    /home/paulo/.m2/repository/org/assertj/assertj-core/3.13.2/assertj-core-3.13.2.jar
7efe85dc1000-7efe85dc2000 r--s 00001000 08:03 1186766                    /home/paulo/.m2/repository/org/mockito/mockito-junit-jupiter/3.1.0/mockito-junit-jupiter-3.1.0.jar
7efe85dc2000-7efe85dc7000 r--s 00024000 08:03 1186764                    /home/paulo/.m2/repository/org/junit/platform/junit-platform-engine/1.5.2/junit-platform-engine-1.5.2.jar
7efe85dc7000-7efe85dcc000 r--s 00031000 08:03 1186762                    /home/paulo/.m2/repository/org/junit/jupiter/junit-jupiter-engine/5.5.2/junit-jupiter-engine-5.5.2.jar
7efe85dcc000-7efe85dd9000 r--s 0007a000 08:03 1186761                    /home/paulo/.m2/repository/org/junit/jupiter/junit-jupiter-params/5.5.2/junit-jupiter-params-5.5.2.jar
7efe85dd9000-7efe85ddb000 r--s 00015000 08:03 1186758                    /home/paulo/.m2/repository/org/junit/platform/junit-platform-commons/1.5.2/junit-platform-commons-1.5.2.jar
7efe85ddb000-7efe85ddc000 r--s 00001000 08:03 1186757                    /home/paulo/.m2/repository/org/opentest4j/opentest4j/1.2.0/opentest4j-1.2.0.jar
7efe85ddc000-7efe85ddd000 r--s 00000000 08:03 1186755                    /home/paulo/.m2/repository/org/apiguardian/apiguardian-api/1.1.0/apiguardian-api-1.1.0.jar
7efe85ddd000-7efe85de1000 r--s 0001f000 08:03 1186753                    /home/paulo/.m2/repository/org/junit/jupiter/junit-jupiter-api/5.5.2/junit-jupiter-api-5.5.2.jar
7efe85de1000-7efe85de2000 r--s 00001000 08:03 1186750                    /home/paulo/.m2/repository/org/junit/jupiter/junit-jupiter/5.5.2/junit-jupiter-5.5.2.jar
7efe85de2000-7efe85de6000 r--s 00019000 08:03 1203854                    /home/paulo/.m2/repository/jakarta/xml/bind/jakarta.xml.bind-api/2.3.3/jakarta.xml.bind-api-2.3.3.jar
7efe85de6000-7efe85de8000 r--s 0000c000 08:03 1323106                    /home/paulo/.m2/repository/org/ow2/asm/asm/5.0.4/asm-5.0.4.jar
7efe85de8000-7efe85dea000 r--s 00006000 08:03 1186742                    /home/paulo/.m2/repository/net/minidev/accessors-smart/1.2/accessors-smart-1.2.jar
7efe85dea000-7efe85ded000 r--s 0001b000 08:03 1186740                    /home/paulo/.m2/repository/net/minidev/json-smart/2.3/json-smart-2.3.jar
7efe85ded000-7efe85df3000 r--s 00031000 08:03 1186738                    /home/paulo/.m2/repository/com/jayway/jsonpath/json-path/2.4.0/json-path-2.4.0.jar
7efe85df3000-7efe85df9000 r--s 00021000 08:03 1203853                    /home/paulo/.m2/repository/org/springframework/boot/spring-boot-test-autoconfigure/2.2.6.RELEASE/spring-boot-test-autoconfigure-2.2.6.RELEASE.jar
7efe85df9000-7efe85dff000 r--s 0002e000 08:03 1203850                    /home/paulo/.m2/repository/org/springframework/boot/spring-boot-test/2.2.6.RELEASE/spring-boot-test-2.2.6.RELEASE.jar
7efe85dff000-7efe85e00000 r--s 00000000 08:03 1203849                    /home/paulo/.m2/repository/org/springframework/boot/spring-boot-starter-test/2.2.6.RELEASE/spring-boot-starter-test-2.2.6.RELEASE.jar
7efe85e00000-7efe85e0f000 r--s 0007c000 08:03 1203846                    /home/paulo/.m2/repository/org/springframework/security/spring-security-web/5.2.2.RELEASE/spring-security-web-5.2.2.RELEASE.jar
7efe85e0f000-7efe85e18000 r--s 00052000 08:03 1203844                    /home/paulo/.m2/repository/org/springframework/spring-aop/5.2.5.RELEASE/spring-aop-5.2.5.RELEASE.jar
7efe85e18000-7efe85e19000 r--s 00000000 08:03 1203842                    /home/paulo/.m2/repository/org/springframework/boot/spring-boot-starter-security/2.2.6.RELEASE/spring-boot-starter-security-2.2.6.RELEASE.jar
7efe85e19000-7efe85e31000 r--s 0019f000 08:03 1203840                    /home/paulo/.m2/repository/org/projectlombok/lombok/1.18.12/lombok-1.18.12.jar
7efe85e31000-7efe85e33000 r--s 002c4000 08:03 1216082                    /home/paulo/.m2/repository/io/springfox/springfox-swagger-ui/2.9.2/springfox-swagger-ui-2.9.2.jar
7efe85e33000-7efe85e35000 r--s 00004000 08:03 1216079                    /home/paulo/.m2/repository/org/mapstruct/mapstruct/1.2.0.Final/mapstruct-1.2.0.Final.jar
7efe85e35000-7efe85e37000 r--s 00000000 08:03 1211847                    /home/paulo/.m2/repository/org/springframework/plugin/spring-plugin-metadata/1.2.0.RELEASE/spring-plugin-metadata-1.2.0.RELEASE.jar
7efe85e37000-7efe85e38000 r--s 00004000 08:03 1211846                    /home/paulo/.m2/repository/org/springframework/plugin/spring-plugin-core/1.2.0.RELEASE/spring-plugin-core-1.2.0.RELEASE.jar
7efe85e38000-7efe85e3a000 r--s 00009000 08:03 1186709                    /home/paulo/.m2/repository/org/slf4j/slf4j-api/1.7.30/slf4j-api-1.7.30.jar
7efe85e3a000-7efe85e3c000 r--s 0000f000 08:03 1203838                    /home/paulo/.m2/repository/com/fasterxml/classmate/1.5.1/classmate-1.5.1.jar
7efe85e3c000-7efe85e6b000 r--s 00226000 08:03 1216077                    /home/paulo/.m2/repository/com/google/guava/guava/20.0/guava-20.0.jar
7efe85e6b000-7efe85e70000 r--s 0002b000 08:03 1216075                    /home/paulo/.m2/repository/io/springfox/springfox-spring-web/2.9.2/springfox-spring-web-2.9.2.jar
7efe85e70000-7efe85e74000 r--s 00017000 08:03 1216073                    /home/paulo/.m2/repository/io/springfox/springfox-swagger-common/2.9.2/springfox-swagger-common-2.9.2.jar
7efe85e74000-7efe85e77000 r--s 00012000 08:03 1216071                    /home/paulo/.m2/repository/io/springfox/springfox-schema/2.9.2/springfox-schema-2.9.2.jar
7efe85e77000-7efe85e7b000 r--s 00019000 08:03 1216067                    /home/paulo/.m2/repository/io/springfox/springfox-core/2.9.2/springfox-core-2.9.2.jar
7efe85e7b000-7efe85e7e000 r--s 0000b000 08:03 1216065                    /home/paulo/.m2/repository/io/springfox/springfox-spi/2.9.2/springfox-spi-2.9.2.jar
7efe85e7e000-7efe85e82000 r--s 00022000 08:03 1216061                    /home/paulo/.m2/repository/io/swagger/swagger-models/1.5.20/swagger-models-1.5.20.jar
7efe85e82000-7efe85e84000 r--s 00004000 08:03 1216059                    /home/paulo/.m2/repository/io/swagger/swagger-annotations/1.5.20/swagger-annotations-1.5.20.jar
7efe85e84000-7efe85e87000 r--s 0000e000 08:03 1216063                    /home/paulo/.m2/repository/io/springfox/springfox-swagger2/2.9.2/springfox-swagger2-2.9.2.jar
7efe85e87000-7efe85e93000 r--s 000d8000 08:03 1203836                    /home/paulo/.m2/repository/org/postgresql/postgresql/42.2.11/postgresql-42.2.11.jar
7efe85e93000-7efe85ebb000 r--s 0012c000 08:03 1203834                    /home/paulo/.m2/repository/org/springframework/boot/spring-boot-autoconfigure/2.2.6.RELEASE/spring-boot-autoconfigure-2.2.6.RELEASE.jar
7efe85ebb000-7efe85ed2000 r--s 000e9000 08:03 1203832                    /home/paulo/.m2/repository/org/springframework/boot/spring-boot/2.2.6.RELEASE/spring-boot-2.2.6.RELEASE.jar
7efe85ed2000-7efe85ed8000 r--s 00030000 08:03 1203830                    /home/paulo/.m2/repository/org/springframework/boot/spring-boot-devtools/2.2.6.RELEASE/spring-boot-devtools-2.2.6.RELEASE.jar
7efe85ed8000-7efe85eda000 r--s 00000000 08:03 1203828                    /home/paulo/.m2/repository/com/github/stephenc/jcip/jcip-annotations/1.0-1/jcip-annotations-1.0-1.jar
7efe85eda000-7efe85ee0000 r--s 0004d000 08:03 1203826                    /home/paulo/.m2/repository/com/nimbusds/nimbus-jose-jwt/7.8.1/nimbus-jose-jwt-7.8.1.jar
7efe85ee0000-7efe85ee2000 r--s 0000d000 08:03 1203825                    /home/paulo/.m2/repository/org/springframework/security/spring-security-oauth2-jose/5.2.2.RELEASE/spring-security-oauth2-jose-5.2.2.RELEASE.jar
7efe85ee2000-7efe85ee5000 r--s 00011000 08:03 1203822                    /home/paulo/.m2/repository/org/springframework/security/spring-security-oauth2-core/5.2.2.RELEASE/spring-security-oauth2-core-5.2.2.RELEASE.jar
7efe85ee5000-7efe85ee8000 r--s 0000d000 08:03 1203821                    /home/paulo/.m2/repository/org/springframework/security/spring-security-oauth2-resource-server/5.2.2.RELEASE/spring-security-oauth2-resource-server-5.2.2.RELEASE.jar
7efe85ee8000-7efe85ef4000 r--s 00061000 08:03 1203818                    /home/paulo/.m2/repository/org/springframework/security/spring-security-core/5.2.2.RELEASE/spring-security-core-5.2.2.RELEASE.jar
7efe85ef4000-7efe85f02000 r--s 000c4000 08:03 1203816                    /home/paulo/.m2/repository/org/springframework/security/spring-security-config/5.2.2.RELEASE/spring-security-config-5.2.2.RELEASE.jar
7efe85f02000-7efe85f03000 r--s 00000000 08:03 1203814                    /home/paulo/.m2/repository/org/springframework/boot/spring-boot-starter-oauth2-resource-server/2.2.6.RELEASE/spring-boot-starter-oauth2-resource-server-2.2.6.RELEASE.jar
7efe85f03000-7efe85f06000 r--s 0000e000 08:03 1203812                    /home/paulo/.m2/repository/com/fasterxml/jackson/core/jackson-annotations/2.10.3/jackson-annotations-2.10.3.jar
7efe85f06000-7efe85f08000 r--s 00002000 08:03 1203810                    /home/paulo/.m2/repository/org/atteo/evo-inflector/1.2.2/evo-inflector-1.2.2.jar
7efe85f08000-7efe85f12000 r--s 00076000 08:03 1203808                    /home/paulo/.m2/repository/org/springframework/hateoas/spring-hateoas/1.0.4.RELEASE/spring-hateoas-1.0.4.RELEASE.jar
7efe85f12000-7efe85f17000 r--s 00020000 08:03 1203806                    /home/paulo/.m2/repository/org/springframework/data/spring-data-rest-core/3.2.6.RELEASE/spring-data-rest-core-3.2.6.RELEASE.jar
7efe85f17000-7efe85f1f000 r--s 0004c000 08:03 1203804                    /home/paulo/.m2/repository/org/springframework/data/spring-data-rest-webmvc/3.2.6.RELEASE/spring-data-rest-webmvc-3.2.6.RELEASE.jar
7efe85f1f000-7efe85f20000 r--s 00000000 08:03 1203803                    /home/paulo/.m2/repository/org/springframework/boot/spring-boot-starter-data-rest/2.2.6.RELEASE/spring-boot-starter-data-rest-2.2.6.RELEASE.jar
7efe85f20000-7efe85f25000 r--s 00040000 08:03 1203800                    /home/paulo/.m2/repository/org/springframework/spring-expression/5.2.5.RELEASE/spring-expression-5.2.5.RELEASE.jar
7efe85f25000-7efe85f38000 r--s 000d7000 08:03 1203798                    /home/paulo/.m2/repository/org/springframework/spring-webmvc/5.2.5.RELEASE/spring-webmvc-5.2.5.RELEASE.jar
7efe85f38000-7efe85f55000 r--s 00142000 08:03 1203796                    /home/paulo/.m2/repository/org/springframework/spring-web/5.2.5.RELEASE/spring-web-5.2.5.RELEASE.jar
7efe85f55000-7efe85f72000 r--s 000fe000 08:03 1203794                    /home/paulo/.m2/repository/org/hibernate/validator/hibernate-validator/6.0.18.Final/hibernate-validator-6.0.18.Final.jar
7efe85f72000-7efe85f77000 r--s 00012000 08:03 1203792                    /home/paulo/.m2/repository/jakarta/validation/jakarta.validation-api/2.0.2/jakarta.validation-api-2.0.2.jar
7efe85f77000-7efe85f78000 r--s 00000000 08:03 1203790                    /home/paulo/.m2/repository/org/springframework/boot/spring-boot-starter-validation/2.2.6.RELEASE/spring-boot-starter-validation-2.2.6.RELEASE.jar
7efe85f78000-7efe85f7d000 r--s 0003c000 08:03 1203788                    /home/paulo/.m2/repository/org/apache/tomcat/embed/tomcat-embed-websocket/9.0.33/tomcat-embed-websocket-9.0.33.jar
7efe85f7d000-7efe85f81000 r--s 0003a000 08:03 1203786                    /home/paulo/.m2/repository/org/apache/tomcat/embed/tomcat-embed-el/9.0.33/tomcat-embed-el-9.0.33.jar
7efe85f81000-7efe85fac000 r--s 00307000 08:03 1203784                    /home/paulo/.m2/repository/org/apache/tomcat/embed/tomcat-embed-core/9.0.33/tomcat-embed-core-9.0.33.jar
7efe85fac000-7efe85fad000 r--s 00000000 08:03 1203782                    /home/paulo/.m2/repository/org/springframework/boot/spring-boot-starter-tomcat/2.2.6.RELEASE/spring-boot-starter-tomcat-2.2.6.RELEASE.jar
7efe85fad000-7efe85faf000 r--s 00001000 08:03 1203780                    /home/paulo/.m2/repository/com/fasterxml/jackson/module/jackson-module-parameter-names/2.10.3/jackson-module-parameter-names-2.10.3.jar
7efe85faf000-7efe85fb2000 r--s 00017000 08:03 1203779                    /home/paulo/.m2/repository/com/fasterxml/jackson/datatype/jackson-datatype-jsr310/2.10.3/jackson-datatype-jsr310-2.10.3.jar
7efe85fb2000-7efe85fb4000 r--s 00007000 08:03 1203776                    /home/paulo/.m2/repository/com/fasterxml/jackson/datatype/jackson-datatype-jdk8/2.10.3/jackson-datatype-jdk8-2.10.3.jar
7efe85fb4000-7efe85fb9000 r--s 00051000 08:03 1203774                    /home/paulo/.m2/repository/com/fasterxml/jackson/core/jackson-core/2.10.3/jackson-core-2.10.3.jar
7efe85fb9000-7efe85fce000 r--s 00142000 08:03 1203773                    /home/paulo/.m2/repository/com/fasterxml/jackson/core/jackson-databind/2.10.3/jackson-databind-2.10.3.jar
7efe85fce000-7efe85fcf000 r--s 00000000 08:03 1203771                    /home/paulo/.m2/repository/org/springframework/boot/spring-boot-starter-json/2.2.6.RELEASE/spring-boot-starter-json-2.2.6.RELEASE.jar
7efe85fcf000-7efe85fd6000 r--s 00044000 08:03 1186731                    /home/paulo/.m2/repository/org/yaml/snakeyaml/1.25/snakeyaml-1.25.jar
7efe85fd6000-7efe85fd8000 r--s 00005000 08:03 1186724                    /home/paulo/.m2/repository/jakarta/annotation/jakarta.annotation-api/1.3.5/jakarta.annotation-api-1.3.5.jar
7efe85fd8000-7efe85fda000 r--s 00000000 08:03 1186722                    /home/paulo/.m2/repository/org/slf4j/jul-to-slf4j/1.7.30/jul-to-slf4j-1.7.30.jar
7efe85fda000-7efe85fe0000 r--s 0003e000 08:03 1186720                    /home/paulo/.m2/repository/org/apache/logging/log4j/log4j-api/2.12.1/log4j-api-2.12.1.jar
7efe85fe0000-7efe85fe2000 r--s 00003000 08:03 1186718                    /home/paulo/.m2/repository/org/apache/logging/log4j/log4j-to-slf4j/2.12.1/log4j-to-slf4j-2.12.1.jar
7efe85fe2000-7efe85fed000 r--s 00069000 08:03 1211723                    /home/paulo/.m2/repository/ch/qos/logback/logback-core/1.2.3/logback-core-1.2.3.jar
7efe85fed000-7efe85ff3000 r--s 00041000 08:03 1211721                    /home/paulo/.m2/repository/ch/qos/logback/logback-classic/1.2.3/logback-classic-1.2.3.jar
7efe85ff3000-7efe85ff4000 r--s 00000000 08:03 1203768                    /home/paulo/.m2/repository/org/springframework/boot/spring-boot-starter-logging/2.2.6.RELEASE/spring-boot-starter-logging-2.2.6.RELEASE.jar
7efe85ff4000-7efe85ff6000 r--s 0000a000 08:03 1203762                    /home/paulo/.m2/repository/org/springframework/spring-aspects/5.2.5.RELEASE/spring-aspects-5.2.5.RELEASE.jar
7efe85ff6000-7efe86003000 r--s 0009b000 08:03 1203760                    /home/paulo/.m2/repository/org/springframework/spring-beans/5.2.5.RELEASE/spring-beans-5.2.5.RELEASE.jar
7efe86003000-7efe8600c000 r--s 00044000 08:03 1203758                    /home/paulo/.m2/repository/org/springframework/spring-tx/5.2.5.RELEASE/spring-tx-5.2.5.RELEASE.jar
7efe8600c000-7efe86027000 r--s 00111000 08:03 1203756                    /home/paulo/.m2/repository/org/springframework/spring-context/5.2.5.RELEASE/spring-context-5.2.5.RELEASE.jar
7efe86027000-7efe86040000 r--s 00110000 08:03 1203752                    /home/paulo/.m2/repository/org/springframework/data/spring-data-commons/2.2.6.RELEASE/spring-data-commons-2.2.6.RELEASE.jar
7efe86040000-7efe86055000 r--s 000e3000 08:03 1203742                    /home/paulo/.m2/repository/org/glassfish/jaxb/jaxb-runtime/2.3.2/jaxb-runtime-2.3.2.jar
7efe86055000-7efe860db000 r--s 00653000 08:03 1203729                    /home/paulo/.m2/repository/org/hibernate/hibernate-core/5.4.12.Final/hibernate-core-5.4.12.Final.jar
7efe860db000-7efe860de000 ---p 00000000 00:00 0 
7efe860de000-7efe861dc000 rw-p 00000000 00:00 0 
7efe861dc000-7efe861e5000 r-xp 00000000 08:03 933046                     /usr/lib/jvm/java-8-openjdk-amd64/jre/lib/amd64/libmanagement.so
7efe861e5000-7efe863e4000 ---p 00009000 08:03 933046                     /usr/lib/jvm/java-8-openjdk-amd64/jre/lib/amd64/libmanagement.so
7efe863e4000-7efe863e5000 r--p 00008000 08:03 933046                     /usr/lib/jvm/java-8-openjdk-amd64/jre/lib/amd64/libmanagement.so
7efe863e5000-7efe863e6000 rw-p 00009000 08:03 933046                     /usr/lib/jvm/java-8-openjdk-amd64/jre/lib/amd64/libmanagement.so
7efe863e6000-7efe863e9000 ---p 00000000 00:00 0 
7efe863e9000-7efe864e7000 rw-p 00000000 00:00 0 
7efe864e7000-7efe864fe000 r-xp 00000000 08:03 933050                     /usr/lib/jvm/java-8-openjdk-amd64/jre/lib/amd64/libnet.so
7efe864fe000-7efe866fd000 ---p 00017000 08:03 933050                     /usr/lib/jvm/java-8-openjdk-amd64/jre/lib/amd64/libnet.so
7efe866fd000-7efe866fe000 r--p 00016000 08:03 933050                     /usr/lib/jvm/java-8-openjdk-amd64/jre/lib/amd64/libnet.so
7efe866fe000-7efe866ff000 rw-p 00017000 08:03 933050                     /usr/lib/jvm/java-8-openjdk-amd64/jre/lib/amd64/libnet.so
7efe866ff000-7efe86710000 r-xp 00000000 08:03 933054                     /usr/lib/jvm/java-8-openjdk-amd64/jre/lib/amd64/libnio.so
7efe86710000-7efe86910000 ---p 00011000 08:03 933054                     /usr/lib/jvm/java-8-openjdk-amd64/jre/lib/amd64/libnio.so
7efe86910000-7efe86911000 r--p 00011000 08:03 933054                     /usr/lib/jvm/java-8-openjdk-amd64/jre/lib/amd64/libnio.so
7efe86911000-7efe86912000 rw-p 00012000 08:03 933054                     /usr/lib/jvm/java-8-openjdk-amd64/jre/lib/amd64/libnio.so
7efe86912000-7efe86913000 ---p 00000000 00:00 0 
7efe86913000-7efe86a13000 rw-p 00000000 00:00 0 
7efe86a13000-7efe86a16000 ---p 00000000 00:00 0 
7efe86a16000-7efe86b14000 rw-p 00000000 00:00 0 
7efe86b14000-7efe86b17000 ---p 00000000 00:00 0 
7efe86b17000-7efe86c15000 rw-p 00000000 00:00 0 
7efe86c15000-7efe86c18000 ---p 00000000 00:00 0 
7efe86c18000-7efe86d16000 rw-p 00000000 00:00 0 
7efe86d16000-7efe86d19000 ---p 00000000 00:00 0 
7efe86d19000-7efe86e17000 rw-p 00000000 00:00 0 
7efe86e17000-7efe86e1a000 ---p 00000000 00:00 0 
7efe86e1a000-7efe86f18000 rw-p 00000000 00:00 0 
7efe86f18000-7efe871f2000 r--p 00000000 08:03 393923                     /usr/lib/locale/locale-archive
7efe871f2000-7efe871f5000 ---p 00000000 00:00 0 
7efe871f5000-7efe872f3000 rw-p 00000000 00:00 0 
7efe872f3000-7efe872f6000 ---p 00000000 00:00 0 
7efe872f6000-7efe873f4000 rw-p 00000000 00:00 0 
7efe873f4000-7efe873f5000 ---p 00000000 00:00 0 
7efe873f5000-7efe88000000 rw-p 00000000 00:00 0 
7efe88000000-7efe88021000 rw-p 00000000 00:00 0 
7efe88021000-7efe8c000000 ---p 00000000 00:00 0 
7efe8c000000-7efe8c001000 r--s 00000000 08:03 1203766                    /home/paulo/.m2/repository/org/springframework/boot/spring-boot-starter/2.2.6.RELEASE/spring-boot-starter-2.2.6.RELEASE.jar
7efe8c001000-7efe8c006000 r--s 0002d000 08:03 1203754                    /home/paulo/.m2/repository/org/springframework/spring-orm/5.2.5.RELEASE/spring-orm-5.2.5.RELEASE.jar
7efe8c006000-7efe8c00e000 r--s 00052000 08:03 1203750                    /home/paulo/.m2/repository/org/springframework/data/spring-data-jpa/2.2.6.RELEASE/spring-data-jpa-2.2.6.RELEASE.jar
7efe8c00e000-7efe8c056000 r--s 002eb000 08:03 1203734                    /home/paulo/.m2/repository/net/bytebuddy/byte-buddy/1.10.8/byte-buddy-1.10.8.jar
7efe8c056000-7efe8c45a000 rw-p 00000000 00:00 0 
7efe8c45a000-7efe8c62a000 r--s 03c68000 08:03 933060                     /usr/lib/jvm/java-8-openjdk-amd64/jre/lib/rt.jar
7efe8c62a000-7efe8d000000 rw-p 00000000 00:00 0 
7efe8d000000-7efe8d520000 rwxp 00000000 00:00 0 
7efe8d520000-7efe9c000000 ---p 00000000 00:00 0 
7efe9c000000-7efe9cda6000 rw-p 00000000 00:00 0 
7efe9cda6000-7efea0000000 ---p 00000000 00:00 0 
7efea0000000-7efea0001000 r--s 00000000 08:03 1203764                    /home/paulo/.m2/repository/org/springframework/boot/spring-boot-starter-web/2.2.6.RELEASE/spring-boot-starter-web-2.2.6.RELEASE.jar
7efea0001000-7efea0006000 r--s 00049000 08:03 1203748                    /home/paulo/.m2/repository/com/sun/xml/fastinfoset/FastInfoset/1.2.16/FastInfoset-1.2.16.jar
7efea0006000-7efea0008000 r--s 00005000 08:03 1203746                    /home/paulo/.m2/repository/com/sun/istack/istack-commons-runtime/3.0.8/istack-commons-runtime-3.0.8.jar
7efea0008000-7efea000a000 r--s 00010000 08:03 1203744                    /home/paulo/.m2/repository/org/glassfish/jaxb/txw2/2.3.2/txw2-2.3.2.jar
7efea000a000-7efea000d000 r--s 00010000 08:03 1203740                    /home/paulo/.m2/repository/org/hibernate/common/hibernate-commons-annotations/5.1.0.Final/hibernate-commons-annotations-5.1.0.Final.jar
7efea000d000-7efea0012000 r--s 0004b000 08:03 1203738                    /home/paulo/.m2/repository/org/dom4j/dom4j/2.1.1/dom4j-2.1.1.jar
7efea0012000-7efea0015000 r--s 0002d000 08:03 1203736                    /home/paulo/.m2/repository/org/jboss/jandex/2.1.1.Final/jandex-2.1.1.Final.jar
7efea0015000-7efea001a000 r--s 00068000 08:03 1211797                    /home/paulo/.m2/repository/antlr/antlr/2.7.7/antlr-2.7.7.jar
7efea001a000-7efea0024000 r--s 000b4000 08:03 1203733                    /home/paulo/.m2/repository/org/javassist/javassist/3.24.0-GA/javassist-3.24.0-GA.jar
7efea0024000-7efea0026000 r--s 0000d000 08:03 1203730                    /home/paulo/.m2/repository/org/jboss/logging/jboss-logging/3.4.1.Final/jboss-logging-3.4.1.Final.jar
7efea0026000-7efea0027000 r--s 00003000 08:03 1203726                    /home/paulo/.m2/repository/jakarta/transaction/jakarta.transaction-api/1.3.3/jakarta.transaction-api-1.3.3.jar
7efea0027000-7efea002d000 r--s 00023000 08:03 1203724                    /home/paulo/.m2/repository/jakarta/persistence/jakarta.persistence-api/2.2.3/jakarta.persistence-api-2.2.3.jar
7efea002d000-7efea002f000 r--s 0000a000 08:03 1203723                    /home/paulo/.m2/repository/jakarta/activation/jakarta.activation-api/1.2.2/jakarta.activation-api-1.2.2.jar
7efea002f000-7efea0039000 r--s 0005a000 08:03 1203720                    /home/paulo/.m2/repository/org/springframework/spring-jdbc/5.2.5.RELEASE/spring-jdbc-5.2.5.RELEASE.jar
7efea0039000-7efea003c000 r--s 00023000 08:03 1203718                    /home/paulo/.m2/repository/com/zaxxer/HikariCP/3.4.2/HikariCP-3.4.2.jar
7efea003c000-7efea003d000 r--s 00000000 08:03 1203715                    /home/paulo/.m2/repository/org/springframework/boot/spring-boot-starter-jdbc/2.2.6.RELEASE/spring-boot-starter-jdbc-2.2.6.RELEASE.jar
7efea003d000-7efea0056000 r--s 001da000 08:03 1203716                    /home/paulo/.m2/repository/org/aspectj/aspectjweaver/1.9.5/aspectjweaver-1.9.5.jar
7efea0056000-7efea0057000 r--s 00000000 08:03 1203713                    /home/paulo/.m2/repository/org/springframework/boot/spring-boot-starter-aop/2.2.6.RELEASE/spring-boot-starter-aop-2.2.6.RELEASE.jar
7efea0057000-7efea0058000 r--s 00000000 08:03 1203710                    /home/paulo/.m2/repository/org/springframework/boot/spring-boot-starter-data-jpa/2.2.6.RELEASE/spring-boot-starter-data-jpa-2.2.6.RELEASE.jar
7efea0058000-7efea005a000 r--s 00002000 08:03 1351112                    /home/paulo/.m2/repository/org/apache/maven/surefire/surefire-logger-api/2.22.2/surefire-logger-api-2.22.2.jar
7efea005a000-7efea005f000 r--s 00029000 08:03 1351076                    /home/paulo/.m2/repository/org/apache/maven/surefire/surefire-api/2.22.2/surefire-api-2.22.2.jar
7efea005f000-7efea0063000 r--s 0003f000 08:03 1351162                    /home/paulo/.m2/repository/org/apache/maven/surefire/surefire-booter/2.22.2/surefire-booter-2.22.2.jar
7efea0063000-7efea0064000 r--s 00003000 08:03 146736                     /home/paulo/Projetos/Java/LibraryBookStore/target/surefire/surefirebooter3795616077429955686.jar
7efea0064000-7efea0065000 r--s 0000d000 08:03 932999                     /usr/lib/jvm/java-8-openjdk-amd64/jre/lib/ext/sunec.jar
7efea0065000-7efea0080000 r--s 00394000 08:03 932991                     /usr/lib/jvm/java-8-openjdk-amd64/jre/lib/ext/cldrdata.jar
7efea0080000-7efea009b000 r--s 001d6000 08:03 932985                     /usr/lib/jvm/java-8-openjdk-amd64/jre/lib/ext/nashorn.jar
7efea009b000-7efea00a0000 r--s 0003d000 08:03 932993                     /usr/lib/jvm/java-8-openjdk-amd64/jre/lib/ext/sunjce_provider.jar
7efea00a0000-7efea00aa000 r--s 00116000 08:03 932989                     /usr/lib/jvm/java-8-openjdk-amd64/jre/lib/ext/localedata.jar
7efea00aa000-7efea1e58000 rw-p 00000000 00:00 0 
7efea1e58000-7efea1e59000 ---p 00000000 00:00 0 
7efea1e59000-7efea1f59000 rw-p 00000000 00:00 0 
7efea1f59000-7efea1f5a000 ---p 00000000 00:00 0 
7efea1f5a000-7efea205a000 rw-p 00000000 00:00 0 
7efea205a000-7efea205b000 ---p 00000000 00:00 0 
7efea205b000-7efea215b000 rw-p 00000000 00:00 0 
7efea215b000-7efea215c000 ---p 00000000 00:00 0 
7efea215c000-7efea2270000 rw-p 00000000 00:00 0 
7efea2270000-7efea2396000 ---p 00000000 00:00 0 
7efea2396000-7efea23aa000 rw-p 00000000 00:00 0 
7efea23aa000-7efea24cf000 ---p 00000000 00:00 0 
7efea24cf000-7efea24f0000 rw-p 00000000 00:00 0 
7efea24f0000-7efea256c000 ---p 00000000 00:00 0 
7efea256c000-7efea2582000 rw-p 00000000 00:00 0 
7efea2582000-7efea292d000 ---p 00000000 00:00 0 
7efea292d000-7efea2935000 r-xp 00000000 08:03 933037                     /usr/lib/jvm/java-8-openjdk-amd64/jre/lib/amd64/libzip.so
7efea2935000-7efea2b34000 ---p 00008000 08:03 933037                     /usr/lib/jvm/java-8-openjdk-amd64/jre/lib/amd64/libzip.so
7efea2b34000-7efea2b35000 r--p 00007000 08:03 933037                     /usr/lib/jvm/java-8-openjdk-amd64/jre/lib/amd64/libzip.so
7efea2b35000-7efea2b36000 rw-p 00008000 08:03 933037                     /usr/lib/jvm/java-8-openjdk-amd64/jre/lib/amd64/libzip.so
7efea2b36000-7efea2b41000 r-xp 00000000 08:03 2647307                    /lib/x86_64-linux-gnu/libnss_files-2.23.so
7efea2b41000-7efea2d40000 ---p 0000b000 08:03 2647307                    /lib/x86_64-linux-gnu/libnss_files-2.23.so
7efea2d40000-7efea2d41000 r--p 0000a000 08:03 2647307                    /lib/x86_64-linux-gnu/libnss_files-2.23.so
7efea2d41000-7efea2d42000 rw-p 0000b000 08:03 2647307                    /lib/x86_64-linux-gnu/libnss_files-2.23.so
7efea2d42000-7efea2d48000 rw-p 00000000 00:00 0 
7efea2d48000-7efea2d53000 r-xp 00000000 08:03 2647300                    /lib/x86_64-linux-gnu/libnss_nis-2.23.so
7efea2d53000-7efea2f52000 ---p 0000b000 08:03 2647300                    /lib/x86_64-linux-gnu/libnss_nis-2.23.so
7efea2f52000-7efea2f53000 r--p 0000a000 08:03 2647300                    /lib/x86_64-linux-gnu/libnss_nis-2.23.so
7efea2f53000-7efea2f54000 rw-p 0000b000 08:03 2647300                    /lib/x86_64-linux-gnu/libnss_nis-2.23.so
7efea2f54000-7efea2f6a000 r-xp 00000000 08:03 2647305                    /lib/x86_64-linux-gnu/libnsl-2.23.so
7efea2f6a000-7efea3169000 ---p 00016000 08:03 2647305                    /lib/x86_64-linux-gnu/libnsl-2.23.so
7efea3169000-7efea316a000 r--p 00015000 08:03 2647305                    /lib/x86_64-linux-gnu/libnsl-2.23.so
7efea316a000-7efea316b000 rw-p 00016000 08:03 2647305                    /lib/x86_64-linux-gnu/libnsl-2.23.so
7efea316b000-7efea316d000 rw-p 00000000 00:00 0 
7efea316d000-7efea3175000 r-xp 00000000 08:03 2647311                    /lib/x86_64-linux-gnu/libnss_compat-2.23.so
7efea3175000-7efea3374000 ---p 00008000 08:03 2647311                    /lib/x86_64-linux-gnu/libnss_compat-2.23.so
7efea3374000-7efea3375000 r--p 00007000 08:03 2647311                    /lib/x86_64-linux-gnu/libnss_compat-2.23.so
7efea3375000-7efea3376000 rw-p 00008000 08:03 2647311                    /lib/x86_64-linux-gnu/libnss_compat-2.23.so
7efea3376000-7efea339f000 r-xp 00000000 08:03 933048                     /usr/lib/jvm/java-8-openjdk-amd64/jre/lib/amd64/libjava.so
7efea339f000-7efea359f000 ---p 00029000 08:03 933048                     /usr/lib/jvm/java-8-openjdk-amd64/jre/lib/amd64/libjava.so
7efea359f000-7efea35a0000 r--p 00029000 08:03 933048                     /usr/lib/jvm/java-8-openjdk-amd64/jre/lib/amd64/libjava.so
7efea35a0000-7efea35a2000 rw-p 0002a000 08:03 933048                     /usr/lib/jvm/java-8-openjdk-amd64/jre/lib/amd64/libjava.so
7efea35a2000-7efea35b1000 r-xp 00000000 08:03 933033                     /usr/lib/jvm/java-8-openjdk-amd64/jre/lib/amd64/libverify.so
7efea35b1000-7efea37b0000 ---p 0000f000 08:03 933033                     /usr/lib/jvm/java-8-openjdk-amd64/jre/lib/amd64/libverify.so
7efea37b0000-7efea37b2000 r--p 0000e000 08:03 933033                     /usr/lib/jvm/java-8-openjdk-amd64/jre/lib/amd64/libverify.so
7efea37b2000-7efea37b3000 rw-p 00010000 08:03 933033                     /usr/lib/jvm/java-8-openjdk-amd64/jre/lib/amd64/libverify.so
7efea37b3000-7efea37ba000 r-xp 00000000 08:03 2647293                    /lib/x86_64-linux-gnu/librt-2.23.so
7efea37ba000-7efea39b9000 ---p 00007000 08:03 2647293                    /lib/x86_64-linux-gnu/librt-2.23.so
7efea39b9000-7efea39ba000 r--p 00006000 08:03 2647293                    /lib/x86_64-linux-gnu/librt-2.23.so
7efea39ba000-7efea39bb000 rw-p 00007000 08:03 2647293                    /lib/x86_64-linux-gnu/librt-2.23.so
7efea39bb000-7efea39d1000 r-xp 00000000 08:03 2626604                    /lib/x86_64-linux-gnu/libgcc_s.so.1
7efea39d1000-7efea3bd0000 ---p 00016000 08:03 2626604                    /lib/x86_64-linux-gnu/libgcc_s.so.1
7efea3bd0000-7efea3bd1000 rw-p 00015000 08:03 2626604                    /lib/x86_64-linux-gnu/libgcc_s.so.1
7efea3bd1000-7efea3cd9000 r-xp 00000000 08:03 2647313                    /lib/x86_64-linux-gnu/libm-2.23.so
7efea3cd9000-7efea3ed8000 ---p 00108000 08:03 2647313                    /lib/x86_64-linux-gnu/libm-2.23.so
7efea3ed8000-7efea3ed9000 r--p 00107000 08:03 2647313                    /lib/x86_64-linux-gnu/libm-2.23.so
7efea3ed9000-7efea3eda000 rw-p 00108000 08:03 2647313                    /lib/x86_64-linux-gnu/libm-2.23.so
7efea3eda000-7efea404c000 r-xp 00000000 08:03 395067                     /usr/lib/x86_64-linux-gnu/libstdc++.so.6.0.21
7efea404c000-7efea424c000 ---p 00172000 08:03 395067                     /usr/lib/x86_64-linux-gnu/libstdc++.so.6.0.21
7efea424c000-7efea4256000 r--p 00172000 08:03 395067                     /usr/lib/x86_64-linux-gnu/libstdc++.so.6.0.21
7efea4256000-7efea4258000 rw-p 0017c000 08:03 395067                     /usr/lib/x86_64-linux-gnu/libstdc++.so.6.0.21
7efea4258000-7efea425c000 rw-p 00000000 00:00 0 
7efea425c000-7efea4ec4000 r-xp 00000000 08:03 933051                     /usr/lib/jvm/java-8-openjdk-amd64/jre/lib/amd64/server/libjvm.so
7efea4ec4000-7efea50c4000 ---p 00c68000 08:03 933051                     /usr/lib/jvm/java-8-openjdk-amd64/jre/lib/amd64/server/libjvm.so
7efea50c4000-7efea5158000 r--p 00c68000 08:03 933051                     /usr/lib/jvm/java-8-openjdk-amd64/jre/lib/amd64/server/libjvm.so
7efea5158000-7efea5181000 rw-p 00cfc000 08:03 933051                     /usr/lib/jvm/java-8-openjdk-amd64/jre/lib/amd64/server/libjvm.so
7efea5181000-7efea51b1000 rw-p 00000000 00:00 0 
7efea51b1000-7efea51c9000 r-xp 00000000 08:03 2647297                    /lib/x86_64-linux-gnu/libpthread-2.23.so
7efea51c9000-7efea53c8000 ---p 00018000 08:03 2647297                    /lib/x86_64-linux-gnu/libpthread-2.23.so
7efea53c8000-7efea53c9000 r--p 00017000 08:03 2647297                    /lib/x86_64-linux-gnu/libpthread-2.23.so
7efea53c9000-7efea53ca000 rw-p 00018000 08:03 2647297                    /lib/x86_64-linux-gnu/libpthread-2.23.so
7efea53ca000-7efea53ce000 rw-p 00000000 00:00 0 
7efea53ce000-7efea53d1000 r-xp 00000000 08:03 2647295                    /lib/x86_64-linux-gnu/libdl-2.23.so
7efea53d1000-7efea55d0000 ---p 00003000 08:03 2647295                    /lib/x86_64-linux-gnu/libdl-2.23.so
7efea55d0000-7efea55d1000 r--p 00002000 08:03 2647295                    /lib/x86_64-linux-gnu/libdl-2.23.so
7efea55d1000-7efea55d2000 rw-p 00003000 08:03 2647295                    /lib/x86_64-linux-gnu/libdl-2.23.so
7efea55d2000-7efea55eb000 r-xp 00000000 08:03 2626561                    /lib/x86_64-linux-gnu/libz.so.1.2.8
7efea55eb000-7efea57ea000 ---p 00019000 08:03 2626561                    /lib/x86_64-linux-gnu/libz.so.1.2.8
7efea57ea000-7efea57eb000 r--p 00018000 08:03 2626561                    /lib/x86_64-linux-gnu/libz.so.1.2.8
7efea57eb000-7efea57ec000 rw-p 00019000 08:03 2626561                    /lib/x86_64-linux-gnu/libz.so.1.2.8
7efea57ec000-7efea59ac000 r-xp 00000000 08:03 2647310                    /lib/x86_64-linux-gnu/libc-2.23.so
7efea59ac000-7efea5bac000 ---p 001c0000 08:03 2647310                    /lib/x86_64-linux-gnu/libc-2.23.so
7efea5bac000-7efea5bb0000 r--p 001c0000 08:03 2647310                    /lib/x86_64-linux-gnu/libc-2.23.so
7efea5bb0000-7efea5bb2000 rw-p 001c4000 08:03 2647310                    /lib/x86_64-linux-gnu/libc-2.23.so
7efea5bb2000-7efea5bb6000 rw-p 00000000 00:00 0 
7efea5bb6000-7efea5bc3000 r-xp 00000000 08:03 933040                     /usr/lib/jvm/java-8-openjdk-amd64/jre/lib/amd64/jli/libjli.so
7efea5bc3000-7efea5dc3000 ---p 0000d000 08:03 933040                     /usr/lib/jvm/java-8-openjdk-amd64/jre/lib/amd64/jli/libjli.so
7efea5dc3000-7efea5dc4000 r--p 0000d000 08:03 933040                     /usr/lib/jvm/java-8-openjdk-amd64/jre/lib/amd64/jli/libjli.so
7efea5dc4000-7efea5dc5000 rw-p 0000e000 08:03 933040                     /usr/lib/jvm/java-8-openjdk-amd64/jre/lib/amd64/jli/libjli.so
7efea5dc5000-7efea5deb000 r-xp 00000000 08:03 2647296                    /lib/x86_64-linux-gnu/ld-2.23.so
7efea5deb000-7efea5dec000 r--s 00010000 08:03 932997                     /usr/lib/jvm/java-8-openjdk-amd64/jre/lib/ext/zipfs.jar
7efea5dec000-7efea5df0000 r--s 0003a000 08:03 932987                     /usr/lib/jvm/java-8-openjdk-amd64/jre/lib/ext/sunpkcs11.jar
7efea5df0000-7efea5df2000 r--s 00001000 08:03 932995                     /usr/lib/jvm/java-8-openjdk-amd64/jre/lib/ext/dnsns.jar
7efea5df2000-7efea5ec3000 rw-p 00000000 00:00 0 
7efea5ec3000-7efea5ec6000 ---p 00000000 00:00 0 
7efea5ec6000-7efea5fc8000 rw-p 00000000 00:00 0 
7efea5fc8000-7efea5fc9000 r--s 0000a000 08:03 933001                     /usr/lib/jvm/java-8-openjdk-amd64/jre/lib/ext/jaccess.jar
7efea5fc9000-7efea5fcc000 r--s 0000f000 08:03 933003                     /usr/lib/jvm/java-8-openjdk-amd64/jre/lib/ext/icedtea-sound.jar
7efea5fcc000-7efea5fdf000 rw-p 00000000 00:00 0 
7efea5fdf000-7efea5fe7000 rw-s 00000000 08:03 2634181                    /tmp/hsperfdata_paulo/9696
7efea5fe7000-7efea5fe8000 rw-p 00000000 00:00 0 
7efea5fe8000-7efea5fe9000 ---p 00000000 00:00 0 
7efea5fe9000-7efea5fea000 rw-p 00000000 00:00 0 
7efea5fea000-7efea5feb000 r--p 00025000 08:03 2647296                    /lib/x86_64-linux-gnu/ld-2.23.so
7efea5feb000-7efea5fec000 rw-p 00026000 08:03 2647296                    /lib/x86_64-linux-gnu/ld-2.23.so
7efea5fec000-7efea5fed000 rw-p 00000000 00:00 0 
7fff73bbc000-7fff73bdd000 rw-p 00000000 00:00 0                          [stack]
7fff73beb000-7fff73bed000 r--p 00000000 00:00 0                          [vvar]
7fff73bed000-7fff73bef000 r-xp 00000000 00:00 0                          [vdso]
ffffffffff600000-ffffffffff601000 r-xp 00000000 00:00 0                  [vsyscall]

VM Arguments:
java_command: /home/paulo/Projetos/Java/LibraryBookStore/target/surefire/surefirebooter3795616077429955686.jar /home/paulo/Projetos/Java/LibraryBookStore/target/surefire 2020-04-14T20-42-39_773-jvmRun1 surefire1074891868117595955tmp surefire_02859013815639032937tmp
java_class_path (initial): /home/paulo/Projetos/Java/LibraryBookStore/target/surefire/surefirebooter3795616077429955686.jar
Launcher Type: SUN_STANDARD

Environment Variables:
JAVA_HOME=/usr/lib/jvm/java-8-openjdk-amd64
PATH=/home/paulo/.rbenv/plugins/ruby-build/bin:/home/paulo/.rbenv/shims:/home/paulo/.rbenv/bin:/home/paulo/bin:/home/paulo/.local/bin:/usr/local/bin:/usr/bin:/bin:/usr/games:/snap/bin:/home/paulo/Android/Sdk/platform-tools:/home/paulo/Android/Sdk/tools
USERNAME=paulo
SHELL=/bin/bash
DISPLAY=:1

Signal Handlers:
SIGSEGV: [libjvm.so+0xa7b8f0], sa_mask[0]=11111111011111111101111111111110, sa_flags=SA_RESTART|SA_SIGINFO
SIGBUS: [libjvm.so+0xa7b8f0], sa_mask[0]=11111111011111111101111111111110, sa_flags=SA_RESTART|SA_SIGINFO
SIGFPE: [libjvm.so+0x8c3a90], sa_mask[0]=11111111011111111101111111111110, sa_flags=SA_RESTART|SA_SIGINFO
SIGPIPE: [libjvm.so+0x8c3a90], sa_mask[0]=11111111011111111101111111111110, sa_flags=SA_RESTART|SA_SIGINFO
SIGXFSZ: [libjvm.so+0x8c3a90], sa_mask[0]=11111111011111111101111111111110, sa_flags=SA_RESTART|SA_SIGINFO
SIGILL: [libjvm.so+0x8c3a90], sa_mask[0]=11111111011111111101111111111110, sa_flags=SA_RESTART|SA_SIGINFO
SIGUSR1: SIG_DFL, sa_mask[0]=00000000000000000000000000000000, sa_flags=none
SIGUSR2: [libjvm.so+0x8c3940], sa_mask[0]=00100000000000000000000000000000, sa_flags=SA_RESTART|SA_SIGINFO
SIGHUP: [libjvm.so+0x8c3fd0], sa_mask[0]=11111111011111111101111111111110, sa_flags=SA_RESTART|SA_SIGINFO
SIGINT: SIG_IGN, sa_mask[0]=00000000000000000000000000000000, sa_flags=none
SIGTERM: [libjvm.so+0x8c3fd0], sa_mask[0]=11111111011111111101111111111110, sa_flags=SA_RESTART|SA_SIGINFO
SIGQUIT: [libjvm.so+0x8c3fd0], sa_mask[0]=11111111011111111101111111111110, sa_flags=SA_RESTART|SA_SIGINFO


---------------  S Y S T E M  ---------------

OS:DISTRIB_ID=Ubuntu
DISTRIB_RELEASE=16.04
DISTRIB_CODENAME=xenial
DISTRIB_DESCRIPTION="Ubuntu 16.04.6 LTS"

uname:Linux 4.7.10-040710-generic #201610220847 SMP Sat Oct 22 12:50:14 UTC 2016 x86_64
libc:glibc 2.23 NPTL 2.23 
rlimit: STACK 8192k, CORE 0k, NPROC 14854, NOFILE 1048576, AS infinity
load average:0,82 0,42 0,91

/proc/meminfo:
MemTotal:        3845512 kB
MemFree:          100280 kB
MemAvailable:       8012 kB
Buffers:            1268 kB
Cached:           576896 kB
SwapCached:            0 kB
Active:          2968468 kB
Inactive:         561172 kB
Active(anon):    2956208 kB
Inactive(anon):   551564 kB
Active(file):      12260 kB
Inactive(file):     9608 kB
Unevictable:          64 kB
Mlocked:              64 kB
SwapTotal:             0 kB
SwapFree:              0 kB
Dirty:               500 kB
Writeback:             0 kB
AnonPages:       2951668 kB
Mapped:            66476 kB
Shmem:            556200 kB
Slab:              96360 kB
SReclaimable:      36628 kB
SUnreclaim:        59732 kB
KernelStack:       13712 kB
PageTables:        57664 kB
NFS_Unstable:          0 kB
Bounce:                0 kB
WritebackTmp:          0 kB
CommitLimit:     1922756 kB
Committed_AS:   10261632 kB
VmallocTotal:   34359738367 kB
VmallocUsed:           0 kB
VmallocChunk:          0 kB
HardwareCorrupted:     0 kB
AnonHugePages:      2048 kB
HugePages_Total:       0
HugePages_Free:        0
HugePages_Rsvd:        0
HugePages_Surp:        0
Hugepagesize:       2048 kB
DirectMap4k:      186624 kB
DirectMap2M:     3801088 kB

container (cgroup) information:
container_type: cgroupv1
cpu_cpuset_cpus: 0-3
cpu_memory_nodes: 0
active_processor_count: 4
cpu_quota: -1
cpu_period: 100000
cpu_shares: -1
memory_limit_in_bytes: -1
memory_and_swap_limit_in_bytes: -2
memory_soft_limit_in_bytes: -1
memory_usage_in_bytes: 3316703232
memory_max_usage_in_bytes: 3319463936


CPU:total 4 (initial active 4) (2 cores per cpu, 2 threads per core) family 6 model 37 stepping 2, cmov, cx8, fxsr, mmx, sse, sse2, sse3, ssse3, sse4.1, sse4.2, popcnt, ht, tsc, tscinvbit

/proc/cpuinfo:
processor	: 0
vendor_id	: GenuineIntel
cpu family	: 6
model		: 37
model name	: Intel(R) Core(TM) i3 CPU       M 350  @ 2.27GHz
stepping	: 2
microcode	: 0x11
cpu MHz		: 2266.000
cache size	: 3072 KB
physical id	: 0
siblings	: 4
core id		: 0
cpu cores	: 2
apicid		: 0
initial apicid	: 0
fpu		: yes
fpu_exception	: yes
cpuid level	: 11
wp		: yes
flags		: fpu vme de pse tsc msr pae mce cx8 apic sep mtrr pge mca cmov pat pse36 clflush dts acpi mmx fxsr sse sse2 ss ht tm pbe syscall nx rdtscp lm constant_tsc arch_perfmon pebs bts rep_good nopl xtopology nonstop_tsc aperfmperf eagerfpu pni dtes64 monitor ds_cpl vmx est tm2 ssse3 cx16 xtpr pdcm sse4_1 sse4_2 popcnt lahf_lm tpr_shadow vnmi flexpriority ept vpid dtherm arat
bugs		:
bogomips	: 4521.91
clflush size	: 64
cache_alignment	: 64
address sizes	: 36 bits physical, 48 bits virtual
power management:

processor	: 1
vendor_id	: GenuineIntel
cpu family	: 6
model		: 37
model name	: Intel(R) Core(TM) i3 CPU       M 350  @ 2.27GHz
stepping	: 2
microcode	: 0x11
cpu MHz		: 1333.000
cache size	: 3072 KB
physical id	: 0
siblings	: 4
core id		: 0
cpu cores	: 2
apicid		: 1
initial apicid	: 1
fpu		: yes
fpu_exception	: yes
cpuid level	: 11
wp		: yes
flags		: fpu vme de pse tsc msr pae mce cx8 apic sep mtrr pge mca cmov pat pse36 clflush dts acpi mmx fxsr sse sse2 ss ht tm pbe syscall nx rdtscp lm constant_tsc arch_perfmon pebs bts rep_good nopl xtopology nonstop_tsc aperfmperf eagerfpu pni dtes64 monitor ds_cpl vmx est tm2 ssse3 cx16 xtpr pdcm sse4_1 sse4_2 popcnt lahf_lm tpr_shadow vnmi flexpriority ept vpid dtherm arat
bugs		:
bogomips	: 4521.89
clflush size	: 64
cache_alignment	: 64
address sizes	: 36 bits physical, 48 bits virtual
power management:

processor	: 2
vendor_id	: GenuineIntel
cpu family	: 6
model		: 37
model name	: Intel(R) Core(TM) i3 CPU       M 350  @ 2.27GHz
stepping	: 2
microcode	: 0x11
cpu MHz		: 2266.000
cache size	: 3072 KB
physical id	: 0
siblings	: 4
core id		: 2
cpu cores	: 2
apicid		: 4
initial apicid	: 4
fpu		: yes
fpu_exception	: yes
cpuid level	: 11
wp		: yes
flags		: fpu vme de pse tsc msr pae mce cx8 apic sep mtrr pge mca cmov pat pse36 clflush dts acpi mmx fxsr sse sse2 ss ht tm pbe syscall nx rdtscp lm constant_tsc arch_perfmon pebs bts rep_good nopl xtopology nonstop_tsc aperfmperf eagerfpu pni dtes64 monitor ds_cpl vmx est tm2 ssse3 cx16 xtpr pdcm sse4_1 sse4_2 popcnt lahf_lm tpr_shadow vnmi flexpriority ept vpid dtherm arat
bugs		:
bogomips	: 4521.88
clflush size	: 64
cache_alignment	: 64
address sizes	: 36 bits physical, 48 bits virtual
power management:

processor	: 3
vendor_id	: GenuineIntel
cpu family	: 6
model		: 37
model name	: Intel(R) Core(TM) i3 CPU       M 350  @ 2.27GHz
stepping	: 2
microcode	: 0x11
cpu MHz		: 1999.000
cache size	: 3072 KB
physical id	: 0
siblings	: 4
core id		: 2
cpu cores	: 2
apicid		: 5
initial apicid	: 5
fpu		: yes
fpu_exception	: yes
cpuid level	: 11
wp		: yes
flags		: fpu vme de pse tsc msr pae mce cx8 apic sep mtrr pge mca cmov pat pse36 clflush dts acpi mmx fxsr sse sse2 ss ht tm pbe syscall nx rdtscp lm constant_tsc arch_perfmon pebs bts rep_good nopl xtopology nonstop_tsc aperfmperf eagerfpu pni dtes64 monitor ds_cpl vmx est tm2 ssse3 cx16 xtpr pdcm sse4_1 sse4_2 popcnt lahf_lm tpr_shadow vnmi flexpriority ept vpid dtherm arat
bugs		:
bogomips	: 4521.89
clflush size	: 64
cache_alignment	: 64
address sizes	: 36 bits physical, 48 bits virtual
power management:



Memory: 4k page, physical 3845512k(100280k free), swap 0k(0k free)

vm_info: OpenJDK 64-Bit Server VM (25.242-b08) for linux-amd64 JRE (1.8.0_242-8u242-b08-0ubuntu3~16.04-b08), built on Jan 18 2020 03:34:56 by "buildd" with gcc 5.4.0 20160609

time: Tue Apr 14 20:42:43 2020
timezone: -03
elapsed time: 2 seconds (0d 0h 0m 2s)

