#
# There is insufficient memory for the Java Runtime Environment to continue.
# Native memory allocation (mmap) failed to map 73400320 bytes for committing reserved memory.
# Possible reasons:
#   The system is out of physical RAM or swap space
#   The process is running with CompressedOops enabled, and the Java Heap may be blocking the growth of the native heap
# Possible solutions:
#   Reduce memory load on the system
#   Increase physical memory or swap space
#   Check if swap backing store is full
#   Decrease Java heap size (-Xmx/-Xms)
#   Decrease number of Java threads
#   Decrease Java thread stack sizes (-Xss)
#   Set larger code cache with -XX:ReservedCodeCacheSize=
#   JVM is running with Unscaled Compressed Oops mode in which the Java heap is
#     placed in the first 4GB address space. The Java Heap base address is the
#     maximum limit for the native heap growth. Please use -XX:HeapBaseMinAddress
#     to set the Java Heap base and to place the Java Heap above 4GB virtual address.
# This output file may be truncated or incomplete.
#
#  Out of Memory Error (os_linux.cpp:2757), pid=9537, tid=0x00007f2b461c0700
#
# JRE version: OpenJDK Runtime Environment (8.0_242-b08) (build 1.8.0_242-8u242-b08-0ubuntu3~16.04-b08)
# Java VM: OpenJDK 64-Bit Server VM (25.242-b08 mixed mode linux-amd64 compressed oops)
# Failed to write core dump. Core dumps have been disabled. To enable core dumping, try "ulimit -c unlimited" before starting Java again
#

---------------  T H R E A D  ---------------

Current thread (0x00007f2b5813f800):  VMThread [stack: 0x00007f2b460c0000,0x00007f2b461c1000] [id=9547]

Stack: [0x00007f2b460c0000,0x00007f2b461c1000],  sp=0x00007f2b461bf4b0,  free space=1021k
Native frames: (J=compiled Java code, j=interpreted, Vv=VM code, C=native code)
V  [libjvm.so+0xa7ad8b]
V  [libjvm.so+0x4ccbcc]
V  [libjvm.so+0x8c8a28]
V  [libjvm.so+0x8c006e]
V  [libjvm.so+0x93ddb6]
V  [libjvm.so+0x93f0e3]
V  [libjvm.so+0x93b7c4]
V  [libjvm.so+0x93ba5c]
V  [libjvm.so+0x8ed723]
V  [libjvm.so+0xa7cac2]
V  [libjvm.so+0xa81b57]
V  [libjvm.so+0xa7f3b7]
V  [libjvm.so+0xa8069f]
V  [libjvm.so+0xa80bc2]
V  [libjvm.so+0x8c5d82]

VM_Operation (0x00007f2b4425d8c0): ParallelGCFailedAllocation, mode: safepoint, requested by thread 0x00007f2b58ca8000


---------------  P R O C E S S  ---------------

Java Threads: ( => current thread )
  0x00007f2b58ca8000 JavaThread "background-preinit" [_thread_blocked, id=9563, stack(0x00007f2b44160000,0x00007f2b44261000)]
  0x00007f2b00052000 JavaThread "process reaper" daemon [_thread_blocked, id=9560, stack(0x00007f2b44889000,0x00007f2b448c2000)]
  0x00007f2b58307800 JavaThread "surefire-forkedjvm-ping-30s" daemon [_thread_blocked, id=9557, stack(0x00007f2b44d68000,0x00007f2b44e69000)]
  0x00007f2b582f0800 JavaThread "surefire-forkedjvm-command-thread" daemon [_thread_in_native, id=9556, stack(0x00007f2b45073000,0x00007f2b45174000)]
  0x00007f2b581a1800 JavaThread "Service Thread" daemon [_thread_blocked, id=9554, stack(0x00007f2b456df000,0x00007f2b457e0000)]
  0x00007f2b58184000 JavaThread "C1 CompilerThread2" daemon [_thread_blocked, id=9553, stack(0x00007f2b457e0000,0x00007f2b458e1000)]
  0x00007f2b58182800 JavaThread "C2 CompilerThread1" daemon [_thread_in_native, id=9552, stack(0x00007f2b458e1000,0x00007f2b459e2000)]
  0x00007f2b5817f800 JavaThread "C2 CompilerThread0" daemon [_thread_blocked, id=9551, stack(0x00007f2b459e2000,0x00007f2b45ae3000)]
  0x00007f2b5817e000 JavaThread "Signal Dispatcher" daemon [_thread_blocked, id=9550, stack(0x00007f2b45ae3000,0x00007f2b45be4000)]
  0x00007f2b5814d800 JavaThread "Finalizer" daemon [_thread_blocked, id=9549, stack(0x00007f2b45ebe000,0x00007f2b45fbf000)]
  0x00007f2b58149000 JavaThread "Reference Handler" daemon [_thread_blocked, id=9548, stack(0x00007f2b45fbf000,0x00007f2b460c0000)]
  0x00007f2b5800b000 JavaThread "main" [_thread_blocked, id=9542, stack(0x00007f2b60aa2000,0x00007f2b60ba3000)]

Other Threads:
=>0x00007f2b5813f800 VMThread [stack: 0x00007f2b460c0000,0x00007f2b461c1000] [id=9547]
  0x00007f2b581a3800 WatcherThread [stack: 0x00007f2b455de000,0x00007f2b456df000] [id=9555]

VM state:at safepoint (normal execution)

VM Mutex/Monitor currently owned by a thread:  ([mutex/lock_event])
[0x00007f2b58007110] Threads_lock - owner thread: 0x00007f2b5813f800
[0x00007f2b58007610] Heap_lock - owner thread: 0x00007f2b58ca8000

heap address: 0x00000000c5400000, size: 940 MB, Compressed Oops mode: 32-bit
Narrow klass base: 0x0000000000000000, Narrow klass shift: 3
Compressed class space size: 1073741824 Address: 0x0000000100000000

Heap:
 PSYoungGen      total 64000K, used 2535K [0x00000000ec700000, 0x00000000f0800000, 0x0000000100000000)
  eden space 61440K, 0% used [0x00000000ec700000,0x00000000ec700000,0x00000000f0300000)
  from space 2560K, 99% used [0x00000000f0300000,0x00000000f0579f88,0x00000000f0580000)
  to   space 2560K, 0% used [0x00000000f0580000,0x00000000f0580000,0x00000000f0800000)
 ParOldGen       total 40960K, used 8538K [0x00000000c5400000, 0x00000000c7c00000, 0x00000000ec700000)
  object space 40960K, 20% used [0x00000000c5400000,0x00000000c5c56800,0x00000000c7c00000)
 Metaspace       used 17958K, capacity 19198K, committed 19328K, reserved 1067008K
  class space    used 2368K, capacity 2604K, committed 2688K, reserved 1048576K

Card table byte_map: [0x00007f2b5cf75000,0x00007f2b5d14c000] byte_map_base: 0x00007f2b5c94b000

Marking Bits: (ParMarkBitMap*) 0x00007f2b5fd735c0
 Begin Bits: [0x00007f2b472a0000, 0x00007f2b48150000)
 End Bits:   [0x00007f2b48150000, 0x00007f2b49000000)

Polling page: 0x00007f2b60bc7000

CodeCache: size=245760Kb used=5106Kb max_used=5114Kb free=240653Kb
 bounds [0x00007f2b49000000, 0x00007f2b49510000, 0x00007f2b58000000]
 total_blobs=1923 nmethods=1558 adapters=280
 compilation: enabled

Compilation events (10 events):
Event: 2,751 Thread 0x00007f2b5817f800 1557       4       java.util.jar.JarFile::maybeInstantiateVerifier (96 bytes)
Event: 2,751 Thread 0x00007f2b58184000 nmethod 1556 0x00007f2b494fa990 code [0x00007f2b494facc0, 0x00007f2b494fc218]
Event: 2,772 Thread 0x00007f2b58184000 1559       3       java.util.Collections::emptyIterator (4 bytes)
Event: 2,773 Thread 0x00007f2b58184000 nmethod 1559 0x00007f2b494fa690 code [0x00007f2b494fa7e0, 0x00007f2b494fa910]
Event: 2,774 Thread 0x00007f2b5817f800 nmethod 1557 0x00007f2b49500510 code [0x00007f2b495006c0, 0x00007f2b49500b78]
Event: 2,774 Thread 0x00007f2b5817f800 1558   !   4       java.lang.StringCoding::encode (120 bytes)
Event: 2,774 Thread 0x00007f2b58184000 1560       3       sun.reflect.generics.visitor.Reifier::reifyTypeArguments (38 bytes)
Event: 2,775 Thread 0x00007f2b58184000 nmethod 1560 0x00007f2b494ffcd0 code [0x00007f2b494ffe60, 0x00007f2b49500348]
Event: 2,775 Thread 0x00007f2b58184000 1561       3       sun.reflect.generics.reflectiveObjects.ParameterizedTypeImpl::<init> (35 bytes)
Event: 2,776 Thread 0x00007f2b58184000 nmethod 1561 0x00007f2b494ff2d0 code [0x00007f2b494ff4a0, 0x00007f2b494ffa18]

GC Heap History (9 events):
Event: 0,619 GC heap before
{Heap before GC invocations=1 (full 0):
 PSYoungGen      total 17920K, used 15333K [0x00000000ec700000, 0x00000000edb00000, 0x0000000100000000)
  eden space 15360K, 99% used [0x00000000ec700000,0x00000000ed5f9648,0x00000000ed600000)
  from space 2560K, 0% used [0x00000000ed880000,0x00000000ed880000,0x00000000edb00000)
  to   space 2560K, 0% used [0x00000000ed600000,0x00000000ed600000,0x00000000ed880000)
 ParOldGen       total 40960K, used 0K [0x00000000c5400000, 0x00000000c7c00000, 0x00000000ec700000)
  object space 40960K, 0% used [0x00000000c5400000,0x00000000c5400000,0x00000000c7c00000)
 Metaspace       used 6300K, capacity 6598K, committed 6784K, reserved 1056768K
  class space    used 709K, capacity 791K, committed 896K, reserved 1048576K
Event: 0,628 GC heap after
Heap after GC invocations=1 (full 0):
 PSYoungGen      total 17920K, used 2383K [0x00000000ec700000, 0x00000000eea00000, 0x0000000100000000)
  eden space 15360K, 0% used [0x00000000ec700000,0x00000000ec700000,0x00000000ed600000)
  from space 2560K, 93% used [0x00000000ed600000,0x00000000ed853df8,0x00000000ed880000)
  to   space 2560K, 0% used [0x00000000ee780000,0x00000000ee780000,0x00000000eea00000)
 ParOldGen       total 40960K, used 8K [0x00000000c5400000, 0x00000000c7c00000, 0x00000000ec700000)
  object space 40960K, 0% used [0x00000000c5400000,0x00000000c5402000,0x00000000c7c00000)
 Metaspace       used 6300K, capacity 6598K, committed 6784K, reserved 1056768K
  class space    used 709K, capacity 791K, committed 896K, reserved 1048576K
}
Event: 1,081 GC heap before
{Heap before GC invocations=2 (full 0):
 PSYoungGen      total 17920K, used 17743K [0x00000000ec700000, 0x00000000eea00000, 0x0000000100000000)
  eden space 15360K, 100% used [0x00000000ec700000,0x00000000ed600000,0x00000000ed600000)
  from space 2560K, 93% used [0x00000000ed600000,0x00000000ed853df8,0x00000000ed880000)
  to   space 2560K, 0% used [0x00000000ee780000,0x00000000ee780000,0x00000000eea00000)
 ParOldGen       total 40960K, used 8K [0x00000000c5400000, 0x00000000c7c00000, 0x00000000ec700000)
  object space 40960K, 0% used [0x00000000c5400000,0x00000000c5402000,0x00000000c7c00000)
 Metaspace       used 8327K, capacity 8872K, committed 9088K, reserved 1056768K
  class space    used 1006K, capacity 1130K, committed 1152K, reserved 1048576K
Event: 1,087 GC heap after
Heap after GC invocations=2 (full 0):
 PSYoungGen      total 33280K, used 2530K [0x00000000ec700000, 0x00000000eea00000, 0x0000000100000000)
  eden space 30720K, 0% used [0x00000000ec700000,0x00000000ec700000,0x00000000ee500000)
  from space 2560K, 98% used [0x00000000ee780000,0x00000000ee9f89c8,0x00000000eea00000)
  to   space 2560K, 0% used [0x00000000ee500000,0x00000000ee500000,0x00000000ee780000)
 ParOldGen       total 40960K, used 136K [0x00000000c5400000, 0x00000000c7c00000, 0x00000000ec700000)
  object space 40960K, 0% used [0x00000000c5400000,0x00000000c54220b8,0x00000000c7c00000)
 Metaspace       used 8327K, capacity 8872K, committed 9088K, reserved 1056768K
  class space    used 1006K, capacity 1130K, committed 1152K, reserved 1048576K
}
Event: 1,651 GC heap before
{Heap before GC invocations=3 (full 0):
 PSYoungGen      total 33280K, used 33250K [0x00000000ec700000, 0x00000000eea00000, 0x0000000100000000)
  eden space 30720K, 100% used [0x00000000ec700000,0x00000000ee500000,0x00000000ee500000)
  from space 2560K, 98% used [0x00000000ee780000,0x00000000ee9f89c8,0x00000000eea00000)
  to   space 2560K, 0% used [0x00000000ee500000,0x00000000ee500000,0x00000000ee780000)
 ParOldGen       total 40960K, used 136K [0x00000000c5400000, 0x00000000c7c00000, 0x00000000ec700000)
  object space 40960K, 0% used [0x00000000c5400000,0x00000000c54220b8,0x00000000c7c00000)
 Metaspace       used 11179K, capacity 12134K, committed 12416K, reserved 1060864K
  class space    used 1382K, capacity 1588K, committed 1664K, reserved 1048576K
Event: 1,658 GC heap after
Heap after GC invocations=3 (full 0):
 PSYoungGen      total 33280K, used 2535K [0x00000000ec700000, 0x00000000f0800000, 0x0000000100000000)
  eden space 30720K, 0% used [0x00000000ec700000,0x00000000ec700000,0x00000000ee500000)
  from space 2560K, 99% used [0x00000000ee500000,0x00000000ee779e78,0x00000000ee780000)
  to   space 2560K, 0% used [0x00000000f0580000,0x00000000f0580000,0x00000000f0800000)
 ParOldGen       total 40960K, used 1974K [0x00000000c5400000, 0x00000000c7c00000, 0x00000000ec700000)
  object space 40960K, 4% used [0x00000000c5400000,0x00000000c55edbe0,0x00000000c7c00000)
 Metaspace       used 11179K, capacity 12134K, committed 12416K, reserved 1060864K
  class space    used 1382K, capacity 1588K, committed 1664K, reserved 1048576K
}
Event: 2,076 GC heap before
{Heap before GC invocations=4 (full 0):
 PSYoungGen      total 33280K, used 33255K [0x00000000ec700000, 0x00000000f0800000, 0x0000000100000000)
  eden space 30720K, 100% used [0x00000000ec700000,0x00000000ee500000,0x00000000ee500000)
  from space 2560K, 99% used [0x00000000ee500000,0x00000000ee779e78,0x00000000ee780000)
  to   space 2560K, 0% used [0x00000000f0580000,0x00000000f0580000,0x00000000f0800000)
 ParOldGen       total 40960K, used 1974K [0x00000000c5400000, 0x00000000c7c00000, 0x00000000ec700000)
  object space 40960K, 4% used [0x00000000c5400000,0x00000000c55edbe0,0x00000000c7c00000)
 Metaspace       used 13934K, capacity 14934K, committed 15104K, reserved 1062912K
  class space    used 1724K, capacity 1946K, committed 2048K, reserved 1048576K
Event: 2,083 GC heap after
Heap after GC invocations=4 (full 0):
 PSYoungGen      total 64000K, used 2546K [0x00000000ec700000, 0x00000000f0800000, 0x0000000100000000)
  eden space 61440K, 0% used [0x00000000ec700000,0x00000000ec700000,0x00000000f0300000)
  from space 2560K, 99% used [0x00000000f0580000,0x00000000f07fc8d8,0x00000000f0800000)
  to   space 2560K, 0% used [0x00000000f0300000,0x00000000f0300000,0x00000000f0580000)
 ParOldGen       total 40960K, used 4246K [0x00000000c5400000, 0x00000000c7c00000, 0x00000000ec700000)
  object space 40960K, 10% used [0x00000000c5400000,0x00000000c5825ac0,0x00000000c7c00000)
 Metaspace       used 13934K, capacity 14934K, committed 15104K, reserved 1062912K
  class space    used 1724K, capacity 1946K, committed 2048K, reserved 1048576K
}
Event: 2,780 GC heap before
{Heap before GC invocations=5 (full 0):
 PSYoungGen      total 64000K, used 63986K [0x00000000ec700000, 0x00000000f0800000, 0x0000000100000000)
  eden space 61440K, 100% used [0x00000000ec700000,0x00000000f0300000,0x00000000f0300000)
  from space 2560K, 99% used [0x00000000f0580000,0x00000000f07fc8d8,0x00000000f0800000)
  to   space 2560K, 0% used [0x00000000f0300000,0x00000000f0300000,0x00000000f0580000)
 ParOldGen       total 40960K, used 4246K [0x00000000c5400000, 0x00000000c7c00000, 0x00000000ec700000)
  object space 40960K, 10% used [0x00000000c5400000,0x00000000c5825ac0,0x00000000c7c00000)
 Metaspace       used 17958K, capacity 19198K, committed 19328K, reserved 1067008K
  class space    used 2368K, capacity 2604K, committed 2688K, reserved 1048576K

Deoptimization events (10 events):
Event: 1,468 Thread 0x00007f2b5800b000 Uncommon trap: reason=unstable_if action=reinterpret pc=0x00007f2b493544e8 method=java.util.HashMap.hash(Ljava/lang/Object;)I @ 1
Event: 1,479 Thread 0x00007f2b5800b000 Uncommon trap: reason=class_check action=maybe_recompile pc=0x00007f2b491ba260 method=java.lang.String.equals(Ljava/lang/Object;)Z @ 8
Event: 1,486 Thread 0x00007f2b5800b000 Uncommon trap: reason=class_check action=maybe_recompile pc=0x00007f2b491ba260 method=java.lang.String.equals(Ljava/lang/Object;)Z @ 8
Event: 1,486 Thread 0x00007f2b5800b000 Uncommon trap: reason=class_check action=maybe_recompile pc=0x00007f2b491ba260 method=java.lang.String.equals(Ljava/lang/Object;)Z @ 8
Event: 1,508 Thread 0x00007f2b5800b000 Uncommon trap: reason=class_check action=maybe_recompile pc=0x00007f2b491ba260 method=java.lang.String.equals(Ljava/lang/Object;)Z @ 8
Event: 1,564 Thread 0x00007f2b5800b000 Uncommon trap: reason=class_check action=maybe_recompile pc=0x00007f2b49386d8c method=java.util.Properties$LineReader.readLine()I @ 62
Event: 1,843 Thread 0x00007f2b5800b000 Uncommon trap: reason=unstable_if action=reinterpret pc=0x00007f2b493ccad8 method=java.util.Properties$LineReader.readLine()I @ 105
Event: 1,881 Thread 0x00007f2b5800b000 Uncommon trap: reason=range_check action=make_not_entrant pc=0x00007f2b492784c0 method=sun.reflect.generics.parser.SignatureParser.current()C @ 34
Event: 2,242 Thread 0x00007f2b5800b000 Uncommon trap: reason=unstable_if action=reinterpret pc=0x00007f2b49413d14 method=java.util.HashMap.putVal(ILjava/lang/Object;Ljava/lang/Object;ZZ)Ljava/lang/Object; @ 236
Event: 2,585 Thread 0x00007f2b5800b000 Uncommon trap: reason=unstable_if action=reinterpret pc=0x00007f2b4945e40c method=java.net.URL.<init>(Ljava/net/URL;Ljava/lang/String;Ljava/net/URLStreamHandler;)V @ 347

Classes redefined (0 events):
No events

Internal exceptions (10 events):
Event: 1,383 Thread 0x00007f2b5800b000 Exception <a 'java/lang/NoSuchMethodError': org.slf4j.impl.StaticMDCBinder.getSingleton()Lorg/slf4j/impl/StaticMDCBinder;> (0x00000000ed605cb8) thrown at [/build/openjdk-8-Wut_v1/openjdk-8-8u242-b08/src/hotspot/src/share/vm/interpreter/linkResolver.cpp, l
Event: 1,468 Thread 0x00007f2b5800b000 Implicit null exception at 0x00007f2b4935446f to 0x00007f2b493544d9
Event: 1,474 Thread 0x00007f2b5800b000 Exception <a 'java/lang/NoSuchMethodError': java.lang.Object.lambda$comparingInt$7b0bb60$1(Ljava/util/function/ToIntFunction;Ljava/lang/Object;Ljava/lang/Object;)I> (0x00000000edb31db0) thrown at [/build/openjdk-8-Wut_v1/openjdk-8-8u242-b08/src/hotspot/sr
Event: 1,843 Thread 0x00007f2b5800b000 Implicit null exception at 0x00007f2b493cc333 to 0x00007f2b493ccaa9
Event: 1,865 Thread 0x00007f2b5800b000 Exception <a 'java/lang/NoSuchMethodError': java.lang.Object.lambda$static$0(Ljava/lang/Object;)Ljava/lang/Object;> (0x00000000ed2c4eb8) thrown at [/build/openjdk-8-Wut_v1/openjdk-8-8u242-b08/src/hotspot/src/share/vm/interpreter/linkResolver.cpp, line 620
Event: 1,881 Thread 0x00007f2b5800b000 Exception <a 'java/lang/ArrayIndexOutOfBoundsException': 18> (0x00000000ed4571f8) thrown at [/build/openjdk-8-Wut_v1/openjdk-8-8u242-b08/src/hotspot/src/share/vm/interpreter/interpreterRuntime.cpp, line 368]
Event: 1,882 Thread 0x00007f2b5800b000 Exception <a 'java/lang/ArrayIndexOutOfBoundsException': 182> (0x00000000ed459100) thrown at [/build/openjdk-8-Wut_v1/openjdk-8-8u242-b08/src/hotspot/src/share/vm/interpreter/interpreterRuntime.cpp, line 368]
Event: 1,883 Thread 0x00007f2b5800b000 Exception <a 'java/lang/ArrayIndexOutOfBoundsException': 60> (0x00000000ed45a730) thrown at [/build/openjdk-8-Wut_v1/openjdk-8-8u242-b08/src/hotspot/src/share/vm/interpreter/interpreterRuntime.cpp, line 368]
Event: 2,095 Thread 0x00007f2b5800b000 Exception <a 'java/lang/IncompatibleClassChangeError': Found class java.lang.Object, but interface was expected> (0x00000000ec776e48) thrown at [/build/openjdk-8-Wut_v1/openjdk-8-8u242-b08/src/hotspot/src/share/vm/interpreter/linkResolver.cpp, line 653]
Event: 2,283 Thread 0x00007f2b5800b000 Exception <a 'java/lang/NoSuchMethodError': java.lang.Object.lambda$chars$0()Ljava/util/Spliterator$OfInt;> (0x00000000ed61aa78) thrown at [/build/openjdk-8-Wut_v1/openjdk-8-8u242-b08/src/hotspot/src/share/vm/interpreter/linkResolver.cpp, line 620]

Events (10 events):
Event: 2,777 loading class org/hibernate/validator/internal/constraintvalidators/hv/pl/REGONValidator done
Event: 2,778 loading class org/hibernate/validator/internal/constraintvalidators/hv/pl/PolishNumberValidator
Event: 2,778 loading class org/hibernate/validator/internal/constraintvalidators/hv/pl/PolishNumberValidator done
Event: 2,779 loading class org/hibernate/validator/constraints/pl/NIP
Event: 2,779 loading class org/hibernate/validator/constraints/pl/NIP done
Event: 2,779 loading class org/hibernate/validator/internal/constraintvalidators/hv/pl/NIPValidator
Event: 2,779 loading class org/hibernate/validator/internal/constraintvalidators/hv/pl/NIPValidator done
Event: 2,780 loading class org/hibernate/validator/constraints/pl/PESEL
Event: 2,780 loading class org/hibernate/validator/constraints/pl/PESEL done
Event: 2,780 Executing VM operation: ParallelGCFailedAllocation


Dynamic libraries:
00400000-00401000 r-xp 00000000 08:03 926385                             /usr/lib/jvm/java-8-openjdk-amd64/jre/bin/java
00600000-00601000 r--p 00000000 08:03 926385                             /usr/lib/jvm/java-8-openjdk-amd64/jre/bin/java
00601000-00602000 rw-p 00001000 08:03 926385                             /usr/lib/jvm/java-8-openjdk-amd64/jre/bin/java
009b0000-009d1000 rw-p 00000000 00:00 0                                  [heap]
c5400000-c7c00000 rw-p 00000000 00:00 0 
c7c00000-ec700000 ---p 00000000 00:00 0 
ec700000-f0800000 rw-p 00000000 00:00 0 
f4e00000-100000000 ---p 00000000 00:00 0 
100000000-1002a0000 rw-p 00000000 00:00 0 
1002a0000-140000000 ---p 00000000 00:00 0 
7f2af8000000-7f2af814d000 rw-p 00000000 00:00 0 
7f2af814d000-7f2afc000000 ---p 00000000 00:00 0 
7f2b00000000-7f2b0009e000 rw-p 00000000 00:00 0 
7f2b0009e000-7f2b04000000 ---p 00000000 00:00 0 
7f2b04000000-7f2b04021000 rw-p 00000000 00:00 0 
7f2b04021000-7f2b08000000 ---p 00000000 00:00 0 
7f2b08000000-7f2b08021000 rw-p 00000000 00:00 0 
7f2b08021000-7f2b0c000000 ---p 00000000 00:00 0 
7f2b0cbff000-7f2b0cc3f000 rw-p 00000000 00:00 0 
7f2b0cc3f000-7f2b0cdff000 ---p 00000000 00:00 0 
7f2b0cdff000-7f2b0cfff000 rw-p 00000000 00:00 0 
7f2b0cfff000-7f2b10000000 rw-p 00000000 00:00 0 
7f2b10000000-7f2b10021000 rw-p 00000000 00:00 0 
7f2b10021000-7f2b14000000 ---p 00000000 00:00 0 
7f2b14000000-7f2b14021000 rw-p 00000000 00:00 0 
7f2b14021000-7f2b18000000 ---p 00000000 00:00 0 
7f2b18000000-7f2b183f7000 rw-p 00000000 00:00 0 
7f2b183f7000-7f2b1c000000 ---p 00000000 00:00 0 
7f2b1c000000-7f2b1c30b000 rw-p 00000000 00:00 0 
7f2b1c30b000-7f2b20000000 ---p 00000000 00:00 0 
7f2b20000000-7f2b20021000 rw-p 00000000 00:00 0 
7f2b20021000-7f2b24000000 ---p 00000000 00:00 0 
7f2b24000000-7f2b242a0000 rw-p 00000000 00:00 0 
7f2b242a0000-7f2b28000000 ---p 00000000 00:00 0 
7f2b28000000-7f2b28021000 rw-p 00000000 00:00 0 
7f2b28021000-7f2b2c000000 ---p 00000000 00:00 0 
7f2b2c000000-7f2b2c021000 rw-p 00000000 00:00 0 
7f2b2c021000-7f2b30000000 ---p 00000000 00:00 0 
7f2b30000000-7f2b30021000 rw-p 00000000 00:00 0 
7f2b30021000-7f2b34000000 ---p 00000000 00:00 0 
7f2b34000000-7f2b34021000 rw-p 00000000 00:00 0 
7f2b34021000-7f2b38000000 ---p 00000000 00:00 0 
7f2b38000000-7f2b38021000 rw-p 00000000 00:00 0 
7f2b38021000-7f2b3c000000 ---p 00000000 00:00 0 
7f2b3c000000-7f2b3c021000 rw-p 00000000 00:00 0 
7f2b3c021000-7f2b40000000 ---p 00000000 00:00 0 
7f2b40000000-7f2b40021000 rw-p 00000000 00:00 0 
7f2b40021000-7f2b44000000 ---p 00000000 00:00 0 
7f2b4409f000-7f2b44160000 rw-p 00000000 00:00 0 
7f2b44160000-7f2b44163000 ---p 00000000 00:00 0 
7f2b44163000-7f2b44461000 rw-p 00000000 00:00 0 
7f2b44461000-7f2b44661000 rw-p 00000000 00:00 0 
7f2b44661000-7f2b44668000 r--s 00000000 08:03 785657                     /usr/lib/x86_64-linux-gnu/gconv/gconv-modules.cache
7f2b44668000-7f2b44689000 r--p 00000000 08:03 1052714                    /usr/share/locale-langpack/pt_BR/LC_MESSAGES/libc.mo
7f2b44689000-7f2b44889000 rw-p 00000000 00:00 0 
7f2b44889000-7f2b4488c000 ---p 00000000 00:00 0 
7f2b4488c000-7f2b448c2000 rw-p 00000000 00:00 0 
7f2b448c2000-7f2b448c5000 r--s 00015000 08:03 1203941                    /home/paulo/.m2/repository/org/junit/platform/junit-platform-launcher/1.3.1/junit-platform-launcher-1.3.1.jar
7f2b448c5000-7f2b448c8000 r--s 0000e000 08:03 1203943                    /home/paulo/.m2/repository/org/apache/maven/surefire/surefire-junit-platform/2.22.2/surefire-junit-platform-2.22.2.jar
7f2b448c8000-7f2b448cb000 r--s 0000f000 08:03 1203884                    /home/paulo/.m2/repository/org/springframework/ws/spring-xml/3.0.8.RELEASE/spring-xml-3.0.8.RELEASE.jar
7f2b448cb000-7f2b448d8000 r--s 0006f000 08:03 1203883                    /home/paulo/.m2/repository/org/springframework/ws/spring-ws-core/3.0.8.RELEASE/spring-ws-core-3.0.8.RELEASE.jar
7f2b448d8000-7f2b448da000 r--s 0000e000 08:03 1203712                    /home/paulo/.m2/repository/org/springframework/spring-oxm/5.2.5.RELEASE/spring-oxm-5.2.5.RELEASE.jar
7f2b448da000-7f2b448db000 r--s 00003000 08:03 1203878                    /home/paulo/.m2/repository/jakarta/jws/jakarta.jws-api/2.1.0/jakarta.jws-api-2.1.0.jar
7f2b448db000-7f2b448de000 r--s 0000c000 08:03 1203875                    /home/paulo/.m2/repository/jakarta/xml/ws/jakarta.xml.ws-api/2.3.3/jakarta.xml.ws-api-2.3.3.jar
7f2b448de000-7f2b448e0000 r--s 00008000 08:03 1203876                    /home/paulo/.m2/repository/org/jvnet/staxex/stax-ex/1.8.1/stax-ex-1.8.1.jar
7f2b448e0000-7f2b448e2000 r--s 0000e000 08:03 1203872                    /home/paulo/.m2/repository/org/jvnet/mimepull/mimepull/1.9.13/mimepull-1.9.13.jar
7f2b448e2000-7f2b448e4000 r--s 00008000 08:03 1203870                    /home/paulo/.m2/repository/jakarta/xml/soap/jakarta.xml.soap-api/1.4.2/jakarta.xml.soap-api-1.4.2.jar
7f2b448e4000-7f2b448ec000 r--s 00068000 08:03 1203868                    /home/paulo/.m2/repository/com/sun/xml/messaging/saaj/saaj-impl/1.5.1/saaj-impl-1.5.1.jar
7f2b448ec000-7f2b448ed000 r--s 00000000 08:03 1203866                    /home/paulo/.m2/repository/org/springframework/boot/spring-boot-starter-web-services/2.2.6.RELEASE/spring-boot-starter-web-services-2.2.6.RELEASE.jar
7f2b448ed000-7f2b448f2000 r--s 00025000 08:03 1203865                    /home/paulo/.m2/repository/org/xmlunit/xmlunit-core/2.6.4/xmlunit-core-2.6.4.jar
7f2b448f2000-7f2b44901000 r--s 00099000 08:03 1203863                    /home/paulo/.m2/repository/org/springframework/spring-test/5.2.5.RELEASE/spring-test-5.2.5.RELEASE.jar
7f2b44901000-7f2b44902000 r--s 00005000 08:03 1203860                    /home/paulo/.m2/repository/org/springframework/spring-jcl/5.2.5.RELEASE/spring-jcl-5.2.5.RELEASE.jar
7f2b44902000-7f2b4491d000 r--s 00145000 08:03 1203859                    /home/paulo/.m2/repository/org/springframework/spring-core/5.2.5.RELEASE/spring-core-5.2.5.RELEASE.jar
7f2b4491d000-7f2b4491e000 r--s 00004000 08:03 1186780                    /home/paulo/.m2/repository/com/vaadin/external/google/android-json/0.0.20131108.vaadin1/android-json-0.0.20131108.vaadin1.jar
7f2b4491e000-7f2b44920000 r--s 00006000 08:03 1186779                    /home/paulo/.m2/repository/org/skyscreamer/jsonassert/1.5.0/jsonassert-1.5.0.jar
7f2b44920000-7f2b44922000 r--s 0000c000 08:03 1186776                    /home/paulo/.m2/repository/org/objenesis/objenesis/2.6/objenesis-2.6.jar
7f2b44922000-7f2b44926000 r--s 0003c000 08:03 1203856                    /home/paulo/.m2/repository/net/bytebuddy/byte-buddy-agent/1.10.8/byte-buddy-agent-1.10.8.jar
7f2b44926000-7f2b44937000 r--s 00080000 08:03 1186770                    /home/paulo/.m2/repository/org/mockito/mockito-core/3.1.0/mockito-core-3.1.0.jar
7f2b44937000-7f2b4493b000 r--s 0001b000 08:03 1323130                    /home/paulo/.m2/repository/org/hamcrest/hamcrest/2.1/hamcrest-2.1.jar
7f2b4493b000-7f2b449a0000 r--s 003e1000 08:03 1186768                    /home/paulo/.m2/repository/org/assertj/assertj-core/3.13.2/assertj-core-3.13.2.jar
7f2b449a0000-7f2b449a1000 r--s 00001000 08:03 1186766                    /home/paulo/.m2/repository/org/mockito/mockito-junit-jupiter/3.1.0/mockito-junit-jupiter-3.1.0.jar
7f2b449a1000-7f2b449a6000 r--s 00024000 08:03 1186764                    /home/paulo/.m2/repository/org/junit/platform/junit-platform-engine/1.5.2/junit-platform-engine-1.5.2.jar
7f2b449a6000-7f2b449ab000 r--s 00031000 08:03 1186762                    /home/paulo/.m2/repository/org/junit/jupiter/junit-jupiter-engine/5.5.2/junit-jupiter-engine-5.5.2.jar
7f2b449ab000-7f2b449b8000 r--s 0007a000 08:03 1186761                    /home/paulo/.m2/repository/org/junit/jupiter/junit-jupiter-params/5.5.2/junit-jupiter-params-5.5.2.jar
7f2b449b8000-7f2b449ba000 r--s 00015000 08:03 1186758                    /home/paulo/.m2/repository/org/junit/platform/junit-platform-commons/1.5.2/junit-platform-commons-1.5.2.jar
7f2b449ba000-7f2b449bb000 r--s 00001000 08:03 1186757                    /home/paulo/.m2/repository/org/opentest4j/opentest4j/1.2.0/opentest4j-1.2.0.jar
7f2b449bb000-7f2b449bc000 r--s 00000000 08:03 1186755                    /home/paulo/.m2/repository/org/apiguardian/apiguardian-api/1.1.0/apiguardian-api-1.1.0.jar
7f2b449bc000-7f2b449c0000 r--s 0001f000 08:03 1186753                    /home/paulo/.m2/repository/org/junit/jupiter/junit-jupiter-api/5.5.2/junit-jupiter-api-5.5.2.jar
7f2b449c0000-7f2b449c1000 r--s 00001000 08:03 1186750                    /home/paulo/.m2/repository/org/junit/jupiter/junit-jupiter/5.5.2/junit-jupiter-5.5.2.jar
7f2b449c1000-7f2b449c5000 r--s 00019000 08:03 1203854                    /home/paulo/.m2/repository/jakarta/xml/bind/jakarta.xml.bind-api/2.3.3/jakarta.xml.bind-api-2.3.3.jar
7f2b449c5000-7f2b449c7000 r--s 0000c000 08:03 1323106                    /home/paulo/.m2/repository/org/ow2/asm/asm/5.0.4/asm-5.0.4.jar
7f2b449c7000-7f2b449c9000 r--s 00006000 08:03 1186742                    /home/paulo/.m2/repository/net/minidev/accessors-smart/1.2/accessors-smart-1.2.jar
7f2b449c9000-7f2b449cc000 r--s 0001b000 08:03 1186740                    /home/paulo/.m2/repository/net/minidev/json-smart/2.3/json-smart-2.3.jar
7f2b449cc000-7f2b449d2000 r--s 00031000 08:03 1186738                    /home/paulo/.m2/repository/com/jayway/jsonpath/json-path/2.4.0/json-path-2.4.0.jar
7f2b449d2000-7f2b449d8000 r--s 00021000 08:03 1203853                    /home/paulo/.m2/repository/org/springframework/boot/spring-boot-test-autoconfigure/2.2.6.RELEASE/spring-boot-test-autoconfigure-2.2.6.RELEASE.jar
7f2b449d8000-7f2b449de000 r--s 0002e000 08:03 1203850                    /home/paulo/.m2/repository/org/springframework/boot/spring-boot-test/2.2.6.RELEASE/spring-boot-test-2.2.6.RELEASE.jar
7f2b449de000-7f2b449df000 r--s 00000000 08:03 1203849                    /home/paulo/.m2/repository/org/springframework/boot/spring-boot-starter-test/2.2.6.RELEASE/spring-boot-starter-test-2.2.6.RELEASE.jar
7f2b449df000-7f2b449ee000 r--s 0007c000 08:03 1203846                    /home/paulo/.m2/repository/org/springframework/security/spring-security-web/5.2.2.RELEASE/spring-security-web-5.2.2.RELEASE.jar
7f2b449ee000-7f2b449f7000 r--s 00052000 08:03 1203844                    /home/paulo/.m2/repository/org/springframework/spring-aop/5.2.5.RELEASE/spring-aop-5.2.5.RELEASE.jar
7f2b449f7000-7f2b449f8000 r--s 00000000 08:03 1203842                    /home/paulo/.m2/repository/org/springframework/boot/spring-boot-starter-security/2.2.6.RELEASE/spring-boot-starter-security-2.2.6.RELEASE.jar
7f2b449f8000-7f2b44a10000 r--s 0019f000 08:03 1203840                    /home/paulo/.m2/repository/org/projectlombok/lombok/1.18.12/lombok-1.18.12.jar
7f2b44a10000-7f2b44a12000 r--s 002c4000 08:03 1216082                    /home/paulo/.m2/repository/io/springfox/springfox-swagger-ui/2.9.2/springfox-swagger-ui-2.9.2.jar
7f2b44a12000-7f2b44a14000 r--s 00004000 08:03 1216079                    /home/paulo/.m2/repository/org/mapstruct/mapstruct/1.2.0.Final/mapstruct-1.2.0.Final.jar
7f2b44a14000-7f2b44a16000 r--s 00000000 08:03 1211847                    /home/paulo/.m2/repository/org/springframework/plugin/spring-plugin-metadata/1.2.0.RELEASE/spring-plugin-metadata-1.2.0.RELEASE.jar
7f2b44a16000-7f2b44a17000 r--s 00004000 08:03 1211846                    /home/paulo/.m2/repository/org/springframework/plugin/spring-plugin-core/1.2.0.RELEASE/spring-plugin-core-1.2.0.RELEASE.jar
7f2b44a17000-7f2b44a19000 r--s 00009000 08:03 1186709                    /home/paulo/.m2/repository/org/slf4j/slf4j-api/1.7.30/slf4j-api-1.7.30.jar
7f2b44a19000-7f2b44a1b000 r--s 0000f000 08:03 1203838                    /home/paulo/.m2/repository/com/fasterxml/classmate/1.5.1/classmate-1.5.1.jar
7f2b44a1b000-7f2b44a4a000 r--s 00226000 08:03 1216077                    /home/paulo/.m2/repository/com/google/guava/guava/20.0/guava-20.0.jar
7f2b44a4a000-7f2b44a4f000 r--s 0002b000 08:03 1216075                    /home/paulo/.m2/repository/io/springfox/springfox-spring-web/2.9.2/springfox-spring-web-2.9.2.jar
7f2b44a4f000-7f2b44a53000 r--s 00017000 08:03 1216073                    /home/paulo/.m2/repository/io/springfox/springfox-swagger-common/2.9.2/springfox-swagger-common-2.9.2.jar
7f2b44a53000-7f2b44a56000 r--s 00012000 08:03 1216071                    /home/paulo/.m2/repository/io/springfox/springfox-schema/2.9.2/springfox-schema-2.9.2.jar
7f2b44a56000-7f2b44a5a000 r--s 00019000 08:03 1216067                    /home/paulo/.m2/repository/io/springfox/springfox-core/2.9.2/springfox-core-2.9.2.jar
7f2b44a5a000-7f2b44a5d000 r--s 0000b000 08:03 1216065                    /home/paulo/.m2/repository/io/springfox/springfox-spi/2.9.2/springfox-spi-2.9.2.jar
7f2b44a5d000-7f2b44a61000 r--s 00022000 08:03 1216061                    /home/paulo/.m2/repository/io/swagger/swagger-models/1.5.20/swagger-models-1.5.20.jar
7f2b44a61000-7f2b44a63000 r--s 00004000 08:03 1216059                    /home/paulo/.m2/repository/io/swagger/swagger-annotations/1.5.20/swagger-annotations-1.5.20.jar
7f2b44a63000-7f2b44a66000 r--s 0000e000 08:03 1216063                    /home/paulo/.m2/repository/io/springfox/springfox-swagger2/2.9.2/springfox-swagger2-2.9.2.jar
7f2b44a66000-7f2b44a72000 r--s 000d8000 08:03 1203836                    /home/paulo/.m2/repository/org/postgresql/postgresql/42.2.11/postgresql-42.2.11.jar
7f2b44a72000-7f2b44a9a000 r--s 0012c000 08:03 1203834                    /home/paulo/.m2/repository/org/springframework/boot/spring-boot-autoconfigure/2.2.6.RELEASE/spring-boot-autoconfigure-2.2.6.RELEASE.jar
7f2b44a9a000-7f2b44ab1000 r--s 000e9000 08:03 1203832                    /home/paulo/.m2/repository/org/springframework/boot/spring-boot/2.2.6.RELEASE/spring-boot-2.2.6.RELEASE.jar
7f2b44ab1000-7f2b44ab7000 r--s 00030000 08:03 1203830                    /home/paulo/.m2/repository/org/springframework/boot/spring-boot-devtools/2.2.6.RELEASE/spring-boot-devtools-2.2.6.RELEASE.jar
7f2b44ab7000-7f2b44ab9000 r--s 00000000 08:03 1203828                    /home/paulo/.m2/repository/com/github/stephenc/jcip/jcip-annotations/1.0-1/jcip-annotations-1.0-1.jar
7f2b44ab9000-7f2b44abf000 r--s 0004d000 08:03 1203826                    /home/paulo/.m2/repository/com/nimbusds/nimbus-jose-jwt/7.8.1/nimbus-jose-jwt-7.8.1.jar
7f2b44abf000-7f2b44ac1000 r--s 0000d000 08:03 1203825                    /home/paulo/.m2/repository/org/springframework/security/spring-security-oauth2-jose/5.2.2.RELEASE/spring-security-oauth2-jose-5.2.2.RELEASE.jar
7f2b44ac1000-7f2b44ac4000 r--s 00011000 08:03 1203822                    /home/paulo/.m2/repository/org/springframework/security/spring-security-oauth2-core/5.2.2.RELEASE/spring-security-oauth2-core-5.2.2.RELEASE.jar
7f2b44ac4000-7f2b44ac7000 r--s 0000d000 08:03 1203821                    /home/paulo/.m2/repository/org/springframework/security/spring-security-oauth2-resource-server/5.2.2.RELEASE/spring-security-oauth2-resource-server-5.2.2.RELEASE.jar
7f2b44ac7000-7f2b44ad3000 r--s 00061000 08:03 1203818                    /home/paulo/.m2/repository/org/springframework/security/spring-security-core/5.2.2.RELEASE/spring-security-core-5.2.2.RELEASE.jar
7f2b44ad3000-7f2b44ae1000 r--s 000c4000 08:03 1203816                    /home/paulo/.m2/repository/org/springframework/security/spring-security-config/5.2.2.RELEASE/spring-security-config-5.2.2.RELEASE.jar
7f2b44ae1000-7f2b44ae2000 r--s 00000000 08:03 1203814                    /home/paulo/.m2/repository/org/springframework/boot/spring-boot-starter-oauth2-resource-server/2.2.6.RELEASE/spring-boot-starter-oauth2-resource-server-2.2.6.RELEASE.jar
7f2b44ae2000-7f2b44ae5000 r--s 0000e000 08:03 1203812                    /home/paulo/.m2/repository/com/fasterxml/jackson/core/jackson-annotations/2.10.3/jackson-annotations-2.10.3.jar
7f2b44ae5000-7f2b44ae7000 r--s 00002000 08:03 1203810                    /home/paulo/.m2/repository/org/atteo/evo-inflector/1.2.2/evo-inflector-1.2.2.jar
7f2b44ae7000-7f2b44af1000 r--s 00076000 08:03 1203808                    /home/paulo/.m2/repository/org/springframework/hateoas/spring-hateoas/1.0.4.RELEASE/spring-hateoas-1.0.4.RELEASE.jar
7f2b44af1000-7f2b44af6000 r--s 00020000 08:03 1203806                    /home/paulo/.m2/repository/org/springframework/data/spring-data-rest-core/3.2.6.RELEASE/spring-data-rest-core-3.2.6.RELEASE.jar
7f2b44af6000-7f2b44afe000 r--s 0004c000 08:03 1203804                    /home/paulo/.m2/repository/org/springframework/data/spring-data-rest-webmvc/3.2.6.RELEASE/spring-data-rest-webmvc-3.2.6.RELEASE.jar
7f2b44afe000-7f2b44aff000 r--s 00000000 08:03 1203803                    /home/paulo/.m2/repository/org/springframework/boot/spring-boot-starter-data-rest/2.2.6.RELEASE/spring-boot-starter-data-rest-2.2.6.RELEASE.jar
7f2b44aff000-7f2b44b04000 r--s 00040000 08:03 1203800                    /home/paulo/.m2/repository/org/springframework/spring-expression/5.2.5.RELEASE/spring-expression-5.2.5.RELEASE.jar
7f2b44b04000-7f2b44b17000 r--s 000d7000 08:03 1203798                    /home/paulo/.m2/repository/org/springframework/spring-webmvc/5.2.5.RELEASE/spring-webmvc-5.2.5.RELEASE.jar
7f2b44b17000-7f2b44b34000 r--s 00142000 08:03 1203796                    /home/paulo/.m2/repository/org/springframework/spring-web/5.2.5.RELEASE/spring-web-5.2.5.RELEASE.jar
7f2b44b34000-7f2b44b51000 r--s 000fe000 08:03 1203794                    /home/paulo/.m2/repository/org/hibernate/validator/hibernate-validator/6.0.18.Final/hibernate-validator-6.0.18.Final.jar
7f2b44b51000-7f2b44b56000 r--s 00012000 08:03 1203792                    /home/paulo/.m2/repository/jakarta/validation/jakarta.validation-api/2.0.2/jakarta.validation-api-2.0.2.jar
7f2b44b56000-7f2b44b57000 r--s 00000000 08:03 1203790                    /home/paulo/.m2/repository/org/springframework/boot/spring-boot-starter-validation/2.2.6.RELEASE/spring-boot-starter-validation-2.2.6.RELEASE.jar
7f2b44b57000-7f2b44b5c000 r--s 0003c000 08:03 1203788                    /home/paulo/.m2/repository/org/apache/tomcat/embed/tomcat-embed-websocket/9.0.33/tomcat-embed-websocket-9.0.33.jar
7f2b44b5c000-7f2b44b60000 r--s 0003a000 08:03 1203786                    /home/paulo/.m2/repository/org/apache/tomcat/embed/tomcat-embed-el/9.0.33/tomcat-embed-el-9.0.33.jar
7f2b44b60000-7f2b44b8b000 r--s 00307000 08:03 1203784                    /home/paulo/.m2/repository/org/apache/tomcat/embed/tomcat-embed-core/9.0.33/tomcat-embed-core-9.0.33.jar
7f2b44b8b000-7f2b44b8c000 r--s 00000000 08:03 1203782                    /home/paulo/.m2/repository/org/springframework/boot/spring-boot-starter-tomcat/2.2.6.RELEASE/spring-boot-starter-tomcat-2.2.6.RELEASE.jar
7f2b44b8c000-7f2b44b8e000 r--s 00001000 08:03 1203780                    /home/paulo/.m2/repository/com/fasterxml/jackson/module/jackson-module-parameter-names/2.10.3/jackson-module-parameter-names-2.10.3.jar
7f2b44b8e000-7f2b44b91000 r--s 00017000 08:03 1203779                    /home/paulo/.m2/repository/com/fasterxml/jackson/datatype/jackson-datatype-jsr310/2.10.3/jackson-datatype-jsr310-2.10.3.jar
7f2b44b91000-7f2b44b93000 r--s 00007000 08:03 1203776                    /home/paulo/.m2/repository/com/fasterxml/jackson/datatype/jackson-datatype-jdk8/2.10.3/jackson-datatype-jdk8-2.10.3.jar
7f2b44b93000-7f2b44b98000 r--s 00051000 08:03 1203774                    /home/paulo/.m2/repository/com/fasterxml/jackson/core/jackson-core/2.10.3/jackson-core-2.10.3.jar
7f2b44b98000-7f2b44bad000 r--s 00142000 08:03 1203773                    /home/paulo/.m2/repository/com/fasterxml/jackson/core/jackson-databind/2.10.3/jackson-databind-2.10.3.jar
7f2b44bad000-7f2b44bae000 r--s 00000000 08:03 1203771                    /home/paulo/.m2/repository/org/springframework/boot/spring-boot-starter-json/2.2.6.RELEASE/spring-boot-starter-json-2.2.6.RELEASE.jar
7f2b44bae000-7f2b44bb5000 r--s 00044000 08:03 1186731                    /home/paulo/.m2/repository/org/yaml/snakeyaml/1.25/snakeyaml-1.25.jar
7f2b44bb5000-7f2b44bb7000 r--s 00005000 08:03 1186724                    /home/paulo/.m2/repository/jakarta/annotation/jakarta.annotation-api/1.3.5/jakarta.annotation-api-1.3.5.jar
7f2b44bb7000-7f2b44bb9000 r--s 00000000 08:03 1186722                    /home/paulo/.m2/repository/org/slf4j/jul-to-slf4j/1.7.30/jul-to-slf4j-1.7.30.jar
7f2b44bb9000-7f2b44bbf000 r--s 0003e000 08:03 1186720                    /home/paulo/.m2/repository/org/apache/logging/log4j/log4j-api/2.12.1/log4j-api-2.12.1.jar
7f2b44bbf000-7f2b44bc1000 r--s 00003000 08:03 1186718                    /home/paulo/.m2/repository/org/apache/logging/log4j/log4j-to-slf4j/2.12.1/log4j-to-slf4j-2.12.1.jar
7f2b44bc1000-7f2b44bcc000 r--s 00069000 08:03 1211723                    /home/paulo/.m2/repository/ch/qos/logback/logback-core/1.2.3/logback-core-1.2.3.jar
7f2b44bcc000-7f2b44bd2000 r--s 00041000 08:03 1211721                    /home/paulo/.m2/repository/ch/qos/logback/logback-classic/1.2.3/logback-classic-1.2.3.jar
7f2b44bd2000-7f2b44bd3000 r--s 00000000 08:03 1203768                    /home/paulo/.m2/repository/org/springframework/boot/spring-boot-starter-logging/2.2.6.RELEASE/spring-boot-starter-logging-2.2.6.RELEASE.jar
7f2b44bd3000-7f2b44bd4000 r--s 00000000 08:03 1203766                    /home/paulo/.m2/repository/org/springframework/boot/spring-boot-starter/2.2.6.RELEASE/spring-boot-starter-2.2.6.RELEASE.jar
7f2b44bd4000-7f2b44bd5000 r--s 00000000 08:03 1203764                    /home/paulo/.m2/repository/org/springframework/boot/spring-boot-starter-web/2.2.6.RELEASE/spring-boot-starter-web-2.2.6.RELEASE.jar
7f2b44bd5000-7f2b44bd7000 r--s 0000a000 08:03 1203762                    /home/paulo/.m2/repository/org/springframework/spring-aspects/5.2.5.RELEASE/spring-aspects-5.2.5.RELEASE.jar
7f2b44bd7000-7f2b44be4000 r--s 0009b000 08:03 1203760                    /home/paulo/.m2/repository/org/springframework/spring-beans/5.2.5.RELEASE/spring-beans-5.2.5.RELEASE.jar
7f2b44be4000-7f2b44bed000 r--s 00044000 08:03 1203758                    /home/paulo/.m2/repository/org/springframework/spring-tx/5.2.5.RELEASE/spring-tx-5.2.5.RELEASE.jar
7f2b44bed000-7f2b44c08000 r--s 00111000 08:03 1203756                    /home/paulo/.m2/repository/org/springframework/spring-context/5.2.5.RELEASE/spring-context-5.2.5.RELEASE.jar
7f2b44c08000-7f2b44c0d000 r--s 0002d000 08:03 1203754                    /home/paulo/.m2/repository/org/springframework/spring-orm/5.2.5.RELEASE/spring-orm-5.2.5.RELEASE.jar
7f2b44c0d000-7f2b44c26000 r--s 00110000 08:03 1203752                    /home/paulo/.m2/repository/org/springframework/data/spring-data-commons/2.2.6.RELEASE/spring-data-commons-2.2.6.RELEASE.jar
7f2b44c26000-7f2b44c2e000 r--s 00052000 08:03 1203750                    /home/paulo/.m2/repository/org/springframework/data/spring-data-jpa/2.2.6.RELEASE/spring-data-jpa-2.2.6.RELEASE.jar
7f2b44c2e000-7f2b44c33000 r--s 00049000 08:03 1203748                    /home/paulo/.m2/repository/com/sun/xml/fastinfoset/FastInfoset/1.2.16/FastInfoset-1.2.16.jar
7f2b44c33000-7f2b44c35000 r--s 00005000 08:03 1203746                    /home/paulo/.m2/repository/com/sun/istack/istack-commons-runtime/3.0.8/istack-commons-runtime-3.0.8.jar
7f2b44c35000-7f2b44c37000 r--s 00010000 08:03 1203744                    /home/paulo/.m2/repository/org/glassfish/jaxb/txw2/2.3.2/txw2-2.3.2.jar
7f2b44c37000-7f2b44c4c000 r--s 000e3000 08:03 1203742                    /home/paulo/.m2/repository/org/glassfish/jaxb/jaxb-runtime/2.3.2/jaxb-runtime-2.3.2.jar
7f2b44c4c000-7f2b44c4f000 r--s 00010000 08:03 1203740                    /home/paulo/.m2/repository/org/hibernate/common/hibernate-commons-annotations/5.1.0.Final/hibernate-commons-annotations-5.1.0.Final.jar
7f2b44c4f000-7f2b44c54000 r--s 0004b000 08:03 1203738                    /home/paulo/.m2/repository/org/dom4j/dom4j/2.1.1/dom4j-2.1.1.jar
7f2b44c54000-7f2b44c57000 r--s 0002d000 08:03 1203736                    /home/paulo/.m2/repository/org/jboss/jandex/2.1.1.Final/jandex-2.1.1.Final.jar
7f2b44c57000-7f2b44c5c000 r--s 00068000 08:03 1211797                    /home/paulo/.m2/repository/antlr/antlr/2.7.7/antlr-2.7.7.jar
7f2b44c5c000-7f2b44ca4000 r--s 002eb000 08:03 1203734                    /home/paulo/.m2/repository/net/bytebuddy/byte-buddy/1.10.8/byte-buddy-1.10.8.jar
7f2b44ca4000-7f2b44cae000 r--s 000b4000 08:03 1203733                    /home/paulo/.m2/repository/org/javassist/javassist/3.24.0-GA/javassist-3.24.0-GA.jar
7f2b44cae000-7f2b44cb0000 r--s 0000d000 08:03 1203730                    /home/paulo/.m2/repository/org/jboss/logging/jboss-logging/3.4.1.Final/jboss-logging-3.4.1.Final.jar
7f2b44cb0000-7f2b44d36000 r--s 00653000 08:03 1203729                    /home/paulo/.m2/repository/org/hibernate/hibernate-core/5.4.12.Final/hibernate-core-5.4.12.Final.jar
7f2b44d36000-7f2b44d37000 r--s 00003000 08:03 1203726                    /home/paulo/.m2/repository/jakarta/transaction/jakarta.transaction-api/1.3.3/jakarta.transaction-api-1.3.3.jar
7f2b44d37000-7f2b44d3d000 r--s 00023000 08:03 1203724                    /home/paulo/.m2/repository/jakarta/persistence/jakarta.persistence-api/2.2.3/jakarta.persistence-api-2.2.3.jar
7f2b44d3d000-7f2b44d3f000 r--s 0000a000 08:03 1203723                    /home/paulo/.m2/repository/jakarta/activation/jakarta.activation-api/1.2.2/jakarta.activation-api-1.2.2.jar
7f2b44d3f000-7f2b44d49000 r--s 0005a000 08:03 1203720                    /home/paulo/.m2/repository/org/springframework/spring-jdbc/5.2.5.RELEASE/spring-jdbc-5.2.5.RELEASE.jar
7f2b44d49000-7f2b44d4c000 r--s 00023000 08:03 1203718                    /home/paulo/.m2/repository/com/zaxxer/HikariCP/3.4.2/HikariCP-3.4.2.jar
7f2b44d4c000-7f2b44d4d000 r--s 00000000 08:03 1203715                    /home/paulo/.m2/repository/org/springframework/boot/spring-boot-starter-jdbc/2.2.6.RELEASE/spring-boot-starter-jdbc-2.2.6.RELEASE.jar
7f2b44d4d000-7f2b44d66000 r--s 001da000 08:03 1203716                    /home/paulo/.m2/repository/org/aspectj/aspectjweaver/1.9.5/aspectjweaver-1.9.5.jar
7f2b44d66000-7f2b44d67000 r--s 00000000 08:03 1203713                    /home/paulo/.m2/repository/org/springframework/boot/spring-boot-starter-aop/2.2.6.RELEASE/spring-boot-starter-aop-2.2.6.RELEASE.jar
7f2b44d67000-7f2b44d68000 r--s 00000000 08:03 1203710                    /home/paulo/.m2/repository/org/springframework/boot/spring-boot-starter-data-jpa/2.2.6.RELEASE/spring-boot-starter-data-jpa-2.2.6.RELEASE.jar
7f2b44d68000-7f2b44d6b000 ---p 00000000 00:00 0 
7f2b44d6b000-7f2b44e69000 rw-p 00000000 00:00 0 
7f2b44e69000-7f2b44e72000 r-xp 00000000 08:03 933046                     /usr/lib/jvm/java-8-openjdk-amd64/jre/lib/amd64/libmanagement.so
7f2b44e72000-7f2b45071000 ---p 00009000 08:03 933046                     /usr/lib/jvm/java-8-openjdk-amd64/jre/lib/amd64/libmanagement.so
7f2b45071000-7f2b45072000 r--p 00008000 08:03 933046                     /usr/lib/jvm/java-8-openjdk-amd64/jre/lib/amd64/libmanagement.so
7f2b45072000-7f2b45073000 rw-p 00009000 08:03 933046                     /usr/lib/jvm/java-8-openjdk-amd64/jre/lib/amd64/libmanagement.so
7f2b45073000-7f2b45076000 ---p 00000000 00:00 0 
7f2b45076000-7f2b45174000 rw-p 00000000 00:00 0 
7f2b45174000-7f2b45179000 r--s 00029000 08:03 1351076                    /home/paulo/.m2/repository/org/apache/maven/surefire/surefire-api/2.22.2/surefire-api-2.22.2.jar
7f2b45179000-7f2b45190000 r-xp 00000000 08:03 933050                     /usr/lib/jvm/java-8-openjdk-amd64/jre/lib/amd64/libnet.so
7f2b45190000-7f2b4538f000 ---p 00017000 08:03 933050                     /usr/lib/jvm/java-8-openjdk-amd64/jre/lib/amd64/libnet.so
7f2b4538f000-7f2b45390000 r--p 00016000 08:03 933050                     /usr/lib/jvm/java-8-openjdk-amd64/jre/lib/amd64/libnet.so
7f2b45390000-7f2b45391000 rw-p 00017000 08:03 933050                     /usr/lib/jvm/java-8-openjdk-amd64/jre/lib/amd64/libnet.so
7f2b45391000-7f2b453a2000 r-xp 00000000 08:03 933054                     /usr/lib/jvm/java-8-openjdk-amd64/jre/lib/amd64/libnio.so
7f2b453a2000-7f2b455a2000 ---p 00011000 08:03 933054                     /usr/lib/jvm/java-8-openjdk-amd64/jre/lib/amd64/libnio.so
7f2b455a2000-7f2b455a3000 r--p 00011000 08:03 933054                     /usr/lib/jvm/java-8-openjdk-amd64/jre/lib/amd64/libnio.so
7f2b455a3000-7f2b455a4000 rw-p 00012000 08:03 933054                     /usr/lib/jvm/java-8-openjdk-amd64/jre/lib/amd64/libnio.so
7f2b455a4000-7f2b455a8000 r--s 0003f000 08:03 1351162                    /home/paulo/.m2/repository/org/apache/maven/surefire/surefire-booter/2.22.2/surefire-booter-2.22.2.jar
7f2b455a8000-7f2b455c3000 r--s 00394000 08:03 932991                     /usr/lib/jvm/java-8-openjdk-amd64/jre/lib/ext/cldrdata.jar
7f2b455c3000-7f2b455de000 r--s 001d6000 08:03 932985                     /usr/lib/jvm/java-8-openjdk-amd64/jre/lib/ext/nashorn.jar
7f2b455de000-7f2b455df000 ---p 00000000 00:00 0 
7f2b455df000-7f2b456df000 rw-p 00000000 00:00 0 
7f2b456df000-7f2b456e2000 ---p 00000000 00:00 0 
7f2b456e2000-7f2b457e0000 rw-p 00000000 00:00 0 
7f2b457e0000-7f2b457e3000 ---p 00000000 00:00 0 
7f2b457e3000-7f2b458e1000 rw-p 00000000 00:00 0 
7f2b458e1000-7f2b458e4000 ---p 00000000 00:00 0 
7f2b458e4000-7f2b459e2000 rw-p 00000000 00:00 0 
7f2b459e2000-7f2b459e5000 ---p 00000000 00:00 0 
7f2b459e5000-7f2b45ae3000 rw-p 00000000 00:00 0 
7f2b45ae3000-7f2b45ae6000 ---p 00000000 00:00 0 
7f2b45ae6000-7f2b45be4000 rw-p 00000000 00:00 0 
7f2b45be4000-7f2b45ebe000 r--p 00000000 08:03 393923                     /usr/lib/locale/locale-archive
7f2b45ebe000-7f2b45ec1000 ---p 00000000 00:00 0 
7f2b45ec1000-7f2b45fbf000 rw-p 00000000 00:00 0 
7f2b45fbf000-7f2b45fc2000 ---p 00000000 00:00 0 
7f2b45fc2000-7f2b460c0000 rw-p 00000000 00:00 0 
7f2b460c0000-7f2b460c1000 ---p 00000000 00:00 0 
7f2b460c1000-7f2b470d0000 rw-p 00000000 00:00 0 
7f2b470d0000-7f2b472a0000 r--s 03c68000 08:03 933060                     /usr/lib/jvm/java-8-openjdk-amd64/jre/lib/rt.jar
7f2b472a0000-7f2b49000000 rw-p 00000000 00:00 0 
7f2b49000000-7f2b49510000 rwxp 00000000 00:00 0 
7f2b49510000-7f2b58000000 ---p 00000000 00:00 0 
7f2b58000000-7f2b58d71000 rw-p 00000000 00:00 0 
7f2b58d71000-7f2b5c000000 ---p 00000000 00:00 0 
7f2b5c000000-7f2b5c002000 r--s 00002000 08:03 1351112                    /home/paulo/.m2/repository/org/apache/maven/surefire/surefire-logger-api/2.22.2/surefire-logger-api-2.22.2.jar
7f2b5c002000-7f2b5c003000 r--s 00003000 08:03 146736                     /home/paulo/Projetos/Java/LibraryBookStore/target/surefire/surefirebooter5047756361258782887.jar
7f2b5c003000-7f2b5c004000 r--s 0000d000 08:03 932999                     /usr/lib/jvm/java-8-openjdk-amd64/jre/lib/ext/sunec.jar
7f2b5c004000-7f2b5c009000 r--s 0003d000 08:03 932993                     /usr/lib/jvm/java-8-openjdk-amd64/jre/lib/ext/sunjce_provider.jar
7f2b5c009000-7f2b5c013000 r--s 00116000 08:03 932989                     /usr/lib/jvm/java-8-openjdk-amd64/jre/lib/ext/localedata.jar
7f2b5c013000-7f2b5ca37000 rw-p 00000000 00:00 0 
7f2b5ca37000-7f2b5ca38000 ---p 00000000 00:00 0 
7f2b5ca38000-7f2b5cb38000 rw-p 00000000 00:00 0 
7f2b5cb38000-7f2b5cb39000 ---p 00000000 00:00 0 
7f2b5cb39000-7f2b5cc39000 rw-p 00000000 00:00 0 
7f2b5cc39000-7f2b5cc3a000 ---p 00000000 00:00 0 
7f2b5cc3a000-7f2b5cd3a000 rw-p 00000000 00:00 0 
7f2b5cd3a000-7f2b5cd3b000 ---p 00000000 00:00 0 
7f2b5cd3b000-7f2b5ce4f000 rw-p 00000000 00:00 0 
7f2b5ce4f000-7f2b5cf75000 ---p 00000000 00:00 0 
7f2b5cf75000-7f2b5cf89000 rw-p 00000000 00:00 0 
7f2b5cf89000-7f2b5d0ae000 ---p 00000000 00:00 0 
7f2b5d0ae000-7f2b5d0cf000 rw-p 00000000 00:00 0 
7f2b5d0cf000-7f2b5d14b000 ---p 00000000 00:00 0 
7f2b5d14b000-7f2b5d161000 rw-p 00000000 00:00 0 
7f2b5d161000-7f2b5d50c000 ---p 00000000 00:00 0 
7f2b5d50c000-7f2b5d514000 r-xp 00000000 08:03 933037                     /usr/lib/jvm/java-8-openjdk-amd64/jre/lib/amd64/libzip.so
7f2b5d514000-7f2b5d713000 ---p 00008000 08:03 933037                     /usr/lib/jvm/java-8-openjdk-amd64/jre/lib/amd64/libzip.so
7f2b5d713000-7f2b5d714000 r--p 00007000 08:03 933037                     /usr/lib/jvm/java-8-openjdk-amd64/jre/lib/amd64/libzip.so
7f2b5d714000-7f2b5d715000 rw-p 00008000 08:03 933037                     /usr/lib/jvm/java-8-openjdk-amd64/jre/lib/amd64/libzip.so
7f2b5d715000-7f2b5d720000 r-xp 00000000 08:03 2647307                    /lib/x86_64-linux-gnu/libnss_files-2.23.so
7f2b5d720000-7f2b5d91f000 ---p 0000b000 08:03 2647307                    /lib/x86_64-linux-gnu/libnss_files-2.23.so
7f2b5d91f000-7f2b5d920000 r--p 0000a000 08:03 2647307                    /lib/x86_64-linux-gnu/libnss_files-2.23.so
7f2b5d920000-7f2b5d921000 rw-p 0000b000 08:03 2647307                    /lib/x86_64-linux-gnu/libnss_files-2.23.so
7f2b5d921000-7f2b5d927000 rw-p 00000000 00:00 0 
7f2b5d927000-7f2b5d932000 r-xp 00000000 08:03 2647300                    /lib/x86_64-linux-gnu/libnss_nis-2.23.so
7f2b5d932000-7f2b5db31000 ---p 0000b000 08:03 2647300                    /lib/x86_64-linux-gnu/libnss_nis-2.23.so
7f2b5db31000-7f2b5db32000 r--p 0000a000 08:03 2647300                    /lib/x86_64-linux-gnu/libnss_nis-2.23.so
7f2b5db32000-7f2b5db33000 rw-p 0000b000 08:03 2647300                    /lib/x86_64-linux-gnu/libnss_nis-2.23.so
7f2b5db33000-7f2b5db49000 r-xp 00000000 08:03 2647305                    /lib/x86_64-linux-gnu/libnsl-2.23.so
7f2b5db49000-7f2b5dd48000 ---p 00016000 08:03 2647305                    /lib/x86_64-linux-gnu/libnsl-2.23.so
7f2b5dd48000-7f2b5dd49000 r--p 00015000 08:03 2647305                    /lib/x86_64-linux-gnu/libnsl-2.23.so
7f2b5dd49000-7f2b5dd4a000 rw-p 00016000 08:03 2647305                    /lib/x86_64-linux-gnu/libnsl-2.23.so
7f2b5dd4a000-7f2b5dd4c000 rw-p 00000000 00:00 0 
7f2b5dd4c000-7f2b5dd54000 r-xp 00000000 08:03 2647311                    /lib/x86_64-linux-gnu/libnss_compat-2.23.so
7f2b5dd54000-7f2b5df53000 ---p 00008000 08:03 2647311                    /lib/x86_64-linux-gnu/libnss_compat-2.23.so
7f2b5df53000-7f2b5df54000 r--p 00007000 08:03 2647311                    /lib/x86_64-linux-gnu/libnss_compat-2.23.so
7f2b5df54000-7f2b5df55000 rw-p 00008000 08:03 2647311                    /lib/x86_64-linux-gnu/libnss_compat-2.23.so
7f2b5df55000-7f2b5df7e000 r-xp 00000000 08:03 933048                     /usr/lib/jvm/java-8-openjdk-amd64/jre/lib/amd64/libjava.so
7f2b5df7e000-7f2b5e17e000 ---p 00029000 08:03 933048                     /usr/lib/jvm/java-8-openjdk-amd64/jre/lib/amd64/libjava.so
7f2b5e17e000-7f2b5e17f000 r--p 00029000 08:03 933048                     /usr/lib/jvm/java-8-openjdk-amd64/jre/lib/amd64/libjava.so
7f2b5e17f000-7f2b5e181000 rw-p 0002a000 08:03 933048                     /usr/lib/jvm/java-8-openjdk-amd64/jre/lib/amd64/libjava.so
7f2b5e181000-7f2b5e190000 r-xp 00000000 08:03 933033                     /usr/lib/jvm/java-8-openjdk-amd64/jre/lib/amd64/libverify.so
7f2b5e190000-7f2b5e38f000 ---p 0000f000 08:03 933033                     /usr/lib/jvm/java-8-openjdk-amd64/jre/lib/amd64/libverify.so
7f2b5e38f000-7f2b5e391000 r--p 0000e000 08:03 933033                     /usr/lib/jvm/java-8-openjdk-amd64/jre/lib/amd64/libverify.so
7f2b5e391000-7f2b5e392000 rw-p 00010000 08:03 933033                     /usr/lib/jvm/java-8-openjdk-amd64/jre/lib/amd64/libverify.so
7f2b5e392000-7f2b5e399000 r-xp 00000000 08:03 2647293                    /lib/x86_64-linux-gnu/librt-2.23.so
7f2b5e399000-7f2b5e598000 ---p 00007000 08:03 2647293                    /lib/x86_64-linux-gnu/librt-2.23.so
7f2b5e598000-7f2b5e599000 r--p 00006000 08:03 2647293                    /lib/x86_64-linux-gnu/librt-2.23.so
7f2b5e599000-7f2b5e59a000 rw-p 00007000 08:03 2647293                    /lib/x86_64-linux-gnu/librt-2.23.so
7f2b5e59a000-7f2b5e5b0000 r-xp 00000000 08:03 2626604                    /lib/x86_64-linux-gnu/libgcc_s.so.1
7f2b5e5b0000-7f2b5e7af000 ---p 00016000 08:03 2626604                    /lib/x86_64-linux-gnu/libgcc_s.so.1
7f2b5e7af000-7f2b5e7b0000 rw-p 00015000 08:03 2626604                    /lib/x86_64-linux-gnu/libgcc_s.so.1
7f2b5e7b0000-7f2b5e8b8000 r-xp 00000000 08:03 2647313                    /lib/x86_64-linux-gnu/libm-2.23.so
7f2b5e8b8000-7f2b5eab7000 ---p 00108000 08:03 2647313                    /lib/x86_64-linux-gnu/libm-2.23.so
7f2b5eab7000-7f2b5eab8000 r--p 00107000 08:03 2647313                    /lib/x86_64-linux-gnu/libm-2.23.so
7f2b5eab8000-7f2b5eab9000 rw-p 00108000 08:03 2647313                    /lib/x86_64-linux-gnu/libm-2.23.so
7f2b5eab9000-7f2b5ec2b000 r-xp 00000000 08:03 395067                     /usr/lib/x86_64-linux-gnu/libstdc++.so.6.0.21
7f2b5ec2b000-7f2b5ee2b000 ---p 00172000 08:03 395067                     /usr/lib/x86_64-linux-gnu/libstdc++.so.6.0.21
7f2b5ee2b000-7f2b5ee35000 r--p 00172000 08:03 395067                     /usr/lib/x86_64-linux-gnu/libstdc++.so.6.0.21
7f2b5ee35000-7f2b5ee37000 rw-p 0017c000 08:03 395067                     /usr/lib/x86_64-linux-gnu/libstdc++.so.6.0.21
7f2b5ee37000-7f2b5ee3b000 rw-p 00000000 00:00 0 
7f2b5ee3b000-7f2b5faa3000 r-xp 00000000 08:03 933051                     /usr/lib/jvm/java-8-openjdk-amd64/jre/lib/amd64/server/libjvm.so
7f2b5faa3000-7f2b5fca3000 ---p 00c68000 08:03 933051                     /usr/lib/jvm/java-8-openjdk-amd64/jre/lib/amd64/server/libjvm.so
7f2b5fca3000-7f2b5fd37000 r--p 00c68000 08:03 933051                     /usr/lib/jvm/java-8-openjdk-amd64/jre/lib/amd64/server/libjvm.so
7f2b5fd37000-7f2b5fd60000 rw-p 00cfc000 08:03 933051                     /usr/lib/jvm/java-8-openjdk-amd64/jre/lib/amd64/server/libjvm.so
7f2b5fd60000-7f2b5fd90000 rw-p 00000000 00:00 0 
7f2b5fd90000-7f2b5fda8000 r-xp 00000000 08:03 2647297                    /lib/x86_64-linux-gnu/libpthread-2.23.so
7f2b5fda8000-7f2b5ffa7000 ---p 00018000 08:03 2647297                    /lib/x86_64-linux-gnu/libpthread-2.23.so
7f2b5ffa7000-7f2b5ffa8000 r--p 00017000 08:03 2647297                    /lib/x86_64-linux-gnu/libpthread-2.23.so
7f2b5ffa8000-7f2b5ffa9000 rw-p 00018000 08:03 2647297                    /lib/x86_64-linux-gnu/libpthread-2.23.so
7f2b5ffa9000-7f2b5ffad000 rw-p 00000000 00:00 0 
7f2b5ffad000-7f2b5ffb0000 r-xp 00000000 08:03 2647295                    /lib/x86_64-linux-gnu/libdl-2.23.so
7f2b5ffb0000-7f2b601af000 ---p 00003000 08:03 2647295                    /lib/x86_64-linux-gnu/libdl-2.23.so
7f2b601af000-7f2b601b0000 r--p 00002000 08:03 2647295                    /lib/x86_64-linux-gnu/libdl-2.23.so
7f2b601b0000-7f2b601b1000 rw-p 00003000 08:03 2647295                    /lib/x86_64-linux-gnu/libdl-2.23.so
7f2b601b1000-7f2b601ca000 r-xp 00000000 08:03 2626561                    /lib/x86_64-linux-gnu/libz.so.1.2.8
7f2b601ca000-7f2b603c9000 ---p 00019000 08:03 2626561                    /lib/x86_64-linux-gnu/libz.so.1.2.8
7f2b603c9000-7f2b603ca000 r--p 00018000 08:03 2626561                    /lib/x86_64-linux-gnu/libz.so.1.2.8
7f2b603ca000-7f2b603cb000 rw-p 00019000 08:03 2626561                    /lib/x86_64-linux-gnu/libz.so.1.2.8
7f2b603cb000-7f2b6058b000 r-xp 00000000 08:03 2647310                    /lib/x86_64-linux-gnu/libc-2.23.so
7f2b6058b000-7f2b6078b000 ---p 001c0000 08:03 2647310                    /lib/x86_64-linux-gnu/libc-2.23.so
7f2b6078b000-7f2b6078f000 r--p 001c0000 08:03 2647310                    /lib/x86_64-linux-gnu/libc-2.23.so
7f2b6078f000-7f2b60791000 rw-p 001c4000 08:03 2647310                    /lib/x86_64-linux-gnu/libc-2.23.so
7f2b60791000-7f2b60795000 rw-p 00000000 00:00 0 
7f2b60795000-7f2b607a2000 r-xp 00000000 08:03 933040                     /usr/lib/jvm/java-8-openjdk-amd64/jre/lib/amd64/jli/libjli.so
7f2b607a2000-7f2b609a2000 ---p 0000d000 08:03 933040                     /usr/lib/jvm/java-8-openjdk-amd64/jre/lib/amd64/jli/libjli.so
7f2b609a2000-7f2b609a3000 r--p 0000d000 08:03 933040                     /usr/lib/jvm/java-8-openjdk-amd64/jre/lib/amd64/jli/libjli.so
7f2b609a3000-7f2b609a4000 rw-p 0000e000 08:03 933040                     /usr/lib/jvm/java-8-openjdk-amd64/jre/lib/amd64/jli/libjli.so
7f2b609a4000-7f2b609ca000 r-xp 00000000 08:03 2647296                    /lib/x86_64-linux-gnu/ld-2.23.so
7f2b609ca000-7f2b609cb000 r--s 00010000 08:03 932997                     /usr/lib/jvm/java-8-openjdk-amd64/jre/lib/ext/zipfs.jar
7f2b609cb000-7f2b609cf000 r--s 0003a000 08:03 932987                     /usr/lib/jvm/java-8-openjdk-amd64/jre/lib/ext/sunpkcs11.jar
7f2b609cf000-7f2b609d1000 r--s 00001000 08:03 932995                     /usr/lib/jvm/java-8-openjdk-amd64/jre/lib/ext/dnsns.jar
7f2b609d1000-7f2b60aa2000 rw-p 00000000 00:00 0 
7f2b60aa2000-7f2b60aa5000 ---p 00000000 00:00 0 
7f2b60aa5000-7f2b60ba7000 rw-p 00000000 00:00 0 
7f2b60ba7000-7f2b60ba8000 r--s 0000a000 08:03 933001                     /usr/lib/jvm/java-8-openjdk-amd64/jre/lib/ext/jaccess.jar
7f2b60ba8000-7f2b60bab000 r--s 0000f000 08:03 933003                     /usr/lib/jvm/java-8-openjdk-amd64/jre/lib/ext/icedtea-sound.jar
7f2b60bab000-7f2b60bbe000 rw-p 00000000 00:00 0 
7f2b60bbe000-7f2b60bc6000 rw-s 00000000 08:03 2634181                    /tmp/hsperfdata_paulo/9537
7f2b60bc6000-7f2b60bc7000 rw-p 00000000 00:00 0 
7f2b60bc7000-7f2b60bc8000 ---p 00000000 00:00 0 
7f2b60bc8000-7f2b60bc9000 rw-p 00000000 00:00 0 
7f2b60bc9000-7f2b60bca000 r--p 00025000 08:03 2647296                    /lib/x86_64-linux-gnu/ld-2.23.so
7f2b60bca000-7f2b60bcb000 rw-p 00026000 08:03 2647296                    /lib/x86_64-linux-gnu/ld-2.23.so
7f2b60bcb000-7f2b60bcc000 rw-p 00000000 00:00 0 
7ffc62473000-7ffc62494000 rw-p 00000000 00:00 0                          [stack]
7ffc624f0000-7ffc624f2000 r--p 00000000 00:00 0                          [vvar]
7ffc624f2000-7ffc624f4000 r-xp 00000000 00:00 0                          [vdso]
ffffffffff600000-ffffffffff601000 r-xp 00000000 00:00 0                  [vsyscall]

VM Arguments:
java_command: /home/paulo/Projetos/Java/LibraryBookStore/target/surefire/surefirebooter5047756361258782887.jar /home/paulo/Projetos/Java/LibraryBookStore/target/surefire 2020-04-14T20-39-25_978-jvmRun1 surefire4412419413920844086tmp surefire_01301788293349098940tmp
java_class_path (initial): /home/paulo/Projetos/Java/LibraryBookStore/target/surefire/surefirebooter5047756361258782887.jar
Launcher Type: SUN_STANDARD

Environment Variables:
JAVA_HOME=/usr/lib/jvm/java-8-openjdk-amd64
PATH=/home/paulo/.rbenv/plugins/ruby-build/bin:/home/paulo/.rbenv/shims:/home/paulo/.rbenv/bin:/home/paulo/bin:/home/paulo/.local/bin:/usr/local/bin:/usr/bin:/bin:/usr/games:/snap/bin:/home/paulo/Android/Sdk/platform-tools:/home/paulo/Android/Sdk/tools
USERNAME=paulo
SHELL=/bin/bash
DISPLAY=:1

Signal Handlers:
SIGSEGV: [libjvm.so+0xa7b8f0], sa_mask[0]=11111111011111111101111111111110, sa_flags=SA_RESTART|SA_SIGINFO
SIGBUS: [libjvm.so+0xa7b8f0], sa_mask[0]=11111111011111111101111111111110, sa_flags=SA_RESTART|SA_SIGINFO
SIGFPE: [libjvm.so+0x8c3a90], sa_mask[0]=11111111011111111101111111111110, sa_flags=SA_RESTART|SA_SIGINFO
SIGPIPE: [libjvm.so+0x8c3a90], sa_mask[0]=11111111011111111101111111111110, sa_flags=SA_RESTART|SA_SIGINFO
SIGXFSZ: [libjvm.so+0x8c3a90], sa_mask[0]=11111111011111111101111111111110, sa_flags=SA_RESTART|SA_SIGINFO
SIGILL: [libjvm.so+0x8c3a90], sa_mask[0]=11111111011111111101111111111110, sa_flags=SA_RESTART|SA_SIGINFO
SIGUSR1: SIG_DFL, sa_mask[0]=00000000000000000000000000000000, sa_flags=none
SIGUSR2: [libjvm.so+0x8c3940], sa_mask[0]=00100000000000000000000000000000, sa_flags=SA_RESTART|SA_SIGINFO
SIGHUP: [libjvm.so+0x8c3fd0], sa_mask[0]=11111111011111111101111111111110, sa_flags=SA_RESTART|SA_SIGINFO
SIGINT: SIG_IGN, sa_mask[0]=00000000000000000000000000000000, sa_flags=none
SIGTERM: [libjvm.so+0x8c3fd0], sa_mask[0]=11111111011111111101111111111110, sa_flags=SA_RESTART|SA_SIGINFO
SIGQUIT: [libjvm.so+0x8c3fd0], sa_mask[0]=11111111011111111101111111111110, sa_flags=SA_RESTART|SA_SIGINFO


---------------  S Y S T E M  ---------------

OS:DISTRIB_ID=Ubuntu
DISTRIB_RELEASE=16.04
DISTRIB_CODENAME=xenial
DISTRIB_DESCRIPTION="Ubuntu 16.04.6 LTS"

uname:Linux 4.7.10-040710-generic #201610220847 SMP Sat Oct 22 12:50:14 UTC 2016 x86_64
libc:glibc 2.23 NPTL 2.23 
rlimit: STACK 8192k, CORE 0k, NPROC 14854, NOFILE 1048576, AS infinity
load average:0,40 0,39 1,03

/proc/meminfo:
MemTotal:        3845512 kB
MemFree:          100696 kB
MemAvailable:       7976 kB
Buffers:            1580 kB
Cached:           573336 kB
SwapCached:            0 kB
Active:          2970156 kB
Inactive:         558920 kB
Active(anon):    2959420 kB
Inactive(anon):   549552 kB
Active(file):      10736 kB
Inactive(file):     9368 kB
Unevictable:          64 kB
Mlocked:              64 kB
SwapTotal:             0 kB
SwapFree:              0 kB
Dirty:               320 kB
Writeback:             0 kB
AnonPages:       2954744 kB
Mapped:            65540 kB
Shmem:            554444 kB
Slab:              96980 kB
SReclaimable:      37496 kB
SUnreclaim:        59484 kB
KernelStack:       13648 kB
PageTables:        57052 kB
NFS_Unstable:          0 kB
Bounce:                0 kB
WritebackTmp:          0 kB
CommitLimit:     1922756 kB
Committed_AS:   10271976 kB
VmallocTotal:   34359738367 kB
VmallocUsed:           0 kB
VmallocChunk:          0 kB
HardwareCorrupted:     0 kB
AnonHugePages:      2048 kB
HugePages_Total:       0
HugePages_Free:        0
HugePages_Rsvd:        0
HugePages_Surp:        0
Hugepagesize:       2048 kB
DirectMap4k:      186624 kB
DirectMap2M:     3801088 kB

container (cgroup) information:
container_type: cgroupv1
cpu_cpuset_cpus: 0-3
cpu_memory_nodes: 0
active_processor_count: 4
cpu_quota: -1
cpu_period: 100000
cpu_shares: -1
memory_limit_in_bytes: -1
memory_and_swap_limit_in_bytes: -2
memory_soft_limit_in_bytes: -1
memory_usage_in_bytes: 3318894592
memory_max_usage_in_bytes: 3319463936


CPU:total 4 (initial active 4) (2 cores per cpu, 2 threads per core) family 6 model 37 stepping 2, cmov, cx8, fxsr, mmx, sse, sse2, sse3, ssse3, sse4.1, sse4.2, popcnt, ht, tsc, tscinvbit

/proc/cpuinfo:
processor	: 0
vendor_id	: GenuineIntel
cpu family	: 6
model		: 37
model name	: Intel(R) Core(TM) i3 CPU       M 350  @ 2.27GHz
stepping	: 2
microcode	: 0x11
cpu MHz		: 1733.000
cache size	: 3072 KB
physical id	: 0
siblings	: 4
core id		: 0
cpu cores	: 2
apicid		: 0
initial apicid	: 0
fpu		: yes
fpu_exception	: yes
cpuid level	: 11
wp		: yes
flags		: fpu vme de pse tsc msr pae mce cx8 apic sep mtrr pge mca cmov pat pse36 clflush dts acpi mmx fxsr sse sse2 ss ht tm pbe syscall nx rdtscp lm constant_tsc arch_perfmon pebs bts rep_good nopl xtopology nonstop_tsc aperfmperf eagerfpu pni dtes64 monitor ds_cpl vmx est tm2 ssse3 cx16 xtpr pdcm sse4_1 sse4_2 popcnt lahf_lm tpr_shadow vnmi flexpriority ept vpid dtherm arat
bugs		:
bogomips	: 4521.91
clflush size	: 64
cache_alignment	: 64
address sizes	: 36 bits physical, 48 bits virtual
power management:

processor	: 1
vendor_id	: GenuineIntel
cpu family	: 6
model		: 37
model name	: Intel(R) Core(TM) i3 CPU       M 350  @ 2.27GHz
stepping	: 2
microcode	: 0x11
cpu MHz		: 2266.000
cache size	: 3072 KB
physical id	: 0
siblings	: 4
core id		: 0
cpu cores	: 2
apicid		: 1
initial apicid	: 1
fpu		: yes
fpu_exception	: yes
cpuid level	: 11
wp		: yes
flags		: fpu vme de pse tsc msr pae mce cx8 apic sep mtrr pge mca cmov pat pse36 clflush dts acpi mmx fxsr sse sse2 ss ht tm pbe syscall nx rdtscp lm constant_tsc arch_perfmon pebs bts rep_good nopl xtopology nonstop_tsc aperfmperf eagerfpu pni dtes64 monitor ds_cpl vmx est tm2 ssse3 cx16 xtpr pdcm sse4_1 sse4_2 popcnt lahf_lm tpr_shadow vnmi flexpriority ept vpid dtherm arat
bugs		:
bogomips	: 4521.89
clflush size	: 64
cache_alignment	: 64
address sizes	: 36 bits physical, 48 bits virtual
power management:

processor	: 2
vendor_id	: GenuineIntel
cpu family	: 6
model		: 37
model name	: Intel(R) Core(TM) i3 CPU       M 350  @ 2.27GHz
stepping	: 2
microcode	: 0x11
cpu MHz		: 2266.000
cache size	: 3072 KB
physical id	: 0
siblings	: 4
core id		: 2
cpu cores	: 2
apicid		: 4
initial apicid	: 4
fpu		: yes
fpu_exception	: yes
cpuid level	: 11
wp		: yes
flags		: fpu vme de pse tsc msr pae mce cx8 apic sep mtrr pge mca cmov pat pse36 clflush dts acpi mmx fxsr sse sse2 ss ht tm pbe syscall nx rdtscp lm constant_tsc arch_perfmon pebs bts rep_good nopl xtopology nonstop_tsc aperfmperf eagerfpu pni dtes64 monitor ds_cpl vmx est tm2 ssse3 cx16 xtpr pdcm sse4_1 sse4_2 popcnt lahf_lm tpr_shadow vnmi flexpriority ept vpid dtherm arat
bugs		:
bogomips	: 4521.88
clflush size	: 64
cache_alignment	: 64
address sizes	: 36 bits physical, 48 bits virtual
power management:

processor	: 3
vendor_id	: GenuineIntel
cpu family	: 6
model		: 37
model name	: Intel(R) Core(TM) i3 CPU       M 350  @ 2.27GHz
stepping	: 2
microcode	: 0x11
cpu MHz		: 2133.000
cache size	: 3072 KB
physical id	: 0
siblings	: 4
core id		: 2
cpu cores	: 2
apicid		: 5
initial apicid	: 5
fpu		: yes
fpu_exception	: yes
cpuid level	: 11
wp		: yes
flags		: fpu vme de pse tsc msr pae mce cx8 apic sep mtrr pge mca cmov pat pse36 clflush dts acpi mmx fxsr sse sse2 ss ht tm pbe syscall nx rdtscp lm constant_tsc arch_perfmon pebs bts rep_good nopl xtopology nonstop_tsc aperfmperf eagerfpu pni dtes64 monitor ds_cpl vmx est tm2 ssse3 cx16 xtpr pdcm sse4_1 sse4_2 popcnt lahf_lm tpr_shadow vnmi flexpriority ept vpid dtherm arat
bugs		:
bogomips	: 4521.89
clflush size	: 64
cache_alignment	: 64
address sizes	: 36 bits physical, 48 bits virtual
power management:



Memory: 4k page, physical 3845512k(100696k free), swap 0k(0k free)

vm_info: OpenJDK 64-Bit Server VM (25.242-b08) for linux-amd64 JRE (1.8.0_242-8u242-b08-0ubuntu3~16.04-b08), built on Jan 18 2020 03:34:56 by "buildd" with gcc 5.4.0 20160609

time: Tue Apr 14 20:39:35 2020
timezone: -03
elapsed time: 2 seconds (0d 0h 0m 2s)

