#
# There is insufficient memory for the Java Runtime Environment to continue.
# Native memory allocation (mmap) failed to map 22544384 bytes for committing reserved memory.
# Possible reasons:
#   The system is out of physical RAM or swap space
#   The process is running with CompressedOops enabled, and the Java Heap may be blocking the growth of the native heap
# Possible solutions:
#   Reduce memory load on the system
#   Increase physical memory or swap space
#   Check if swap backing store is full
#   Decrease Java heap size (-Xmx/-Xms)
#   Decrease number of Java threads
#   Decrease Java thread stack sizes (-Xss)
#   Set larger code cache with -XX:ReservedCodeCacheSize=
#   JVM is running with Unscaled Compressed Oops mode in which the Java heap is
#     placed in the first 4GB address space. The Java Heap base address is the
#     maximum limit for the native heap growth. Please use -XX:HeapBaseMinAddress
#     to set the Java Heap base and to place the Java Heap above 4GB virtual address.
# This output file may be truncated or incomplete.
#
#  Out of Memory Error (os_linux.cpp:2757), pid=9918, tid=0x00007f37478f8700
#
# JRE version: OpenJDK Runtime Environment (8.0_242-b08) (build 1.8.0_242-8u242-b08-0ubuntu3~16.04-b08)
# Java VM: OpenJDK 64-Bit Server VM (25.242-b08 mixed mode linux-amd64 compressed oops)
# Failed to write core dump. Core dumps have been disabled. To enable core dumping, try "ulimit -c unlimited" before starting Java again
#

---------------  T H R E A D  ---------------

Current thread (0x00007f375c078800):  VMThread [stack: 0x00007f37477f8000,0x00007f37478f9000] [id=9929]

Stack: [0x00007f37477f8000,0x00007f37478f9000],  sp=0x00007f37478f74b0,  free space=1021k
Native frames: (J=compiled Java code, j=interpreted, Vv=VM code, C=native code)
V  [libjvm.so+0xa7ad8b]
V  [libjvm.so+0x4ccbcc]
V  [libjvm.so+0x8c8a28]
V  [libjvm.so+0x8c006e]
V  [libjvm.so+0x93ddb6]
V  [libjvm.so+0x93f0e3]
V  [libjvm.so+0x93b7c4]
V  [libjvm.so+0x93ba5c]
V  [libjvm.so+0x8ed723]
V  [libjvm.so+0xa7cac2]
V  [libjvm.so+0xa81b57]
V  [libjvm.so+0xa7f3b7]
V  [libjvm.so+0xa8069f]
V  [libjvm.so+0xa80bc2]
V  [libjvm.so+0x8c5d82]

VM_Operation (0x00007f3766425db0): ParallelGCFailedAllocation, mode: safepoint, requested by thread 0x00007f375c00b000


---------------  P R O C E S S  ---------------

Java Threads: ( => current thread )
  0x00007f375c0d2800 JavaThread "Service Thread" daemon [_thread_blocked, id=9936, stack(0x00007f3746e17000,0x00007f3746f18000)]
  0x00007f375c0bd000 JavaThread "C1 CompilerThread2" daemon [_thread_blocked, id=9935, stack(0x00007f3746f18000,0x00007f3747019000)]
  0x00007f375c0bb800 JavaThread "C2 CompilerThread1" daemon [_thread_blocked, id=9934, stack(0x00007f3747019000,0x00007f374711a000)]
  0x00007f375c0b8800 JavaThread "C2 CompilerThread0" daemon [_thread_blocked, id=9933, stack(0x00007f374711a000,0x00007f374721b000)]
  0x00007f375c0b7000 JavaThread "Signal Dispatcher" daemon [_thread_blocked, id=9932, stack(0x00007f374721b000,0x00007f374731c000)]
  0x00007f375c086800 JavaThread "Finalizer" daemon [_thread_blocked, id=9931, stack(0x00007f37475f6000,0x00007f37476f7000)]
  0x00007f375c082000 JavaThread "Reference Handler" daemon [_thread_blocked, id=9930, stack(0x00007f37476f7000,0x00007f37477f8000)]
  0x00007f375c00b000 JavaThread "main" [_thread_blocked, id=9924, stack(0x00007f376632b000,0x00007f376642c000)]

Other Threads:
=>0x00007f375c078800 VMThread [stack: 0x00007f37477f8000,0x00007f37478f9000] [id=9929]
  0x00007f375c0d5000 WatcherThread [stack: 0x00007f3746d16000,0x00007f3746e17000] [id=9937]

VM state:at safepoint (normal execution)

VM Mutex/Monitor currently owned by a thread:  ([mutex/lock_event])
[0x00007f375c007390] Threads_lock - owner thread: 0x00007f375c078800
[0x00007f375c007890] Heap_lock - owner thread: 0x00007f375c00b000

heap address: 0x00000000c5400000, size: 940 MB, Compressed Oops mode: 32-bit
Narrow klass base: 0x0000000000000000, Narrow klass shift: 3
Compressed class space size: 1073741824 Address: 0x0000000100000000

Heap:
 PSYoungGen      total 171520K, used 20974K [0x00000000ec700000, 0x00000000fa080000, 0x0000000100000000)
  eden space 150528K, 0% used [0x00000000ec700000,0x00000000ec700000,0x00000000f5a00000)
  from space 20992K, 99% used [0x00000000f7780000,0x00000000f8bfb968,0x00000000f8c00000)
  to   space 15360K, 0% used [0x00000000f9180000,0x00000000f9180000,0x00000000fa080000)
 ParOldGen       total 55808K, used 30547K [0x00000000c5400000, 0x00000000c8a80000, 0x00000000ec700000)
  object space 55808K, 54% used [0x00000000c5400000,0x00000000c71d4f18,0x00000000c8a80000)
 Metaspace       used 25599K, capacity 26442K, committed 26800K, reserved 1073152K
  class space    used 2903K, capacity 3122K, committed 3248K, reserved 1048576K

Card table byte_map: [0x00007f37627fe000,0x00007f37629d5000] byte_map_base: 0x00007f37621d4000

Marking Bits: (ParMarkBitMap*) 0x00007f37655fc5c0
 Begin Bits: [0x00007f3760560000, 0x00007f3761410000)
 End Bits:   [0x00007f3761410000, 0x00007f37622c0000)

Polling page: 0x00007f3766450000

CodeCache: size=245760Kb used=15929Kb max_used=16201Kb free=229830Kb
 bounds [0x00007f374d000000, 0x00007f374e010000, 0x00007f375c000000]
 total_blobs=5147 nmethods=4748 adapters=314
 compilation: enabled

Compilation events (10 events):
Event: 51,724 Thread 0x00007f375c0bd000 nmethod 5432 0x00007f374d121790 code [0x00007f374d121960, 0x00007f374d1221b8]
Event: 51,726 Thread 0x00007f375c0bd000 5431   !   3       sun.misc.URLClassPath$JarLoader::getResource (353 bytes)
Event: 51,737 Thread 0x00007f375c0bd000 nmethod 5431 0x00007f374d2b0950 code [0x00007f374d2b0d80, 0x00007f374d2b2dd8]
Event: 51,813 Thread 0x00007f375c0bd000 5433       3       java.io.File::exists (43 bytes)
Event: 51,846 Thread 0x00007f375c0bd000 nmethod 5433 0x00007f374d198390 code [0x00007f374d198540, 0x00007f374d1989c8]
Event: 51,939 Thread 0x00007f375c0b8800 nmethod 5430 0x00007f374d18ded0 code [0x00007f374d18e040, 0x00007f374d18e2c8]
Event: 53,163 Thread 0x00007f375c0bd000 5434   !   3       sun.net.www.protocol.jar.JarFileFactory::getCachedJarFile (145 bytes)
Event: 53,287 Thread 0x00007f375c0bd000 nmethod 5434 0x00007f374d35d650 code [0x00007f374d35d920, 0x00007f374d35ef78]
Event: 53,318 Thread 0x00007f375c0bd000 5435       3       java.lang.Class::forName (15 bytes)
Event: 53,323 Thread 0x00007f375c0bd000 nmethod 5435 0x00007f374d13e590 code [0x00007f374d13e720, 0x00007f374d13e9f8]

GC Heap History (10 events):
Event: 4,092 GC heap after
Heap after GC invocations=7 (full 0):
 PSYoungGen      total 68608K, used 8704K [0x00000000ec700000, 0x00000000f5400000, 0x0000000100000000)
  eden space 59904K, 0% used [0x00000000ec700000,0x00000000ec700000,0x00000000f0180000)
  from space 8704K, 100% used [0x00000000f0180000,0x00000000f0a00000,0x00000000f0a00000)
  to   space 12288K, 0% used [0x00000000f4800000,0x00000000f4800000,0x00000000f5400000)
 ParOldGen       total 40960K, used 12874K [0x00000000c5400000, 0x00000000c7c00000, 0x00000000ec700000)
  object space 40960K, 31% used [0x00000000c5400000,0x00000000c6092be0,0x00000000c7c00000)
 Metaspace       used 15276K, capacity 15580K, committed 15744K, reserved 1062912K
  class space    used 1796K, capacity 1889K, committed 1920K, reserved 1048576K
}
Event: 4,649 GC heap before
{Heap before GC invocations=8 (full 0):
 PSYoungGen      total 68608K, used 68608K [0x00000000ec700000, 0x00000000f5400000, 0x0000000100000000)
  eden space 59904K, 100% used [0x00000000ec700000,0x00000000f0180000,0x00000000f0180000)
  from space 8704K, 100% used [0x00000000f0180000,0x00000000f0a00000,0x00000000f0a00000)
  to   space 12288K, 0% used [0x00000000f4800000,0x00000000f4800000,0x00000000f5400000)
 ParOldGen       total 40960K, used 12874K [0x00000000c5400000, 0x00000000c7c00000, 0x00000000ec700000)
  object space 40960K, 31% used [0x00000000c5400000,0x00000000c6092be0,0x00000000c7c00000)
 Metaspace       used 15644K, capacity 16032K, committed 16384K, reserved 1062912K
  class space    used 1810K, capacity 1927K, committed 2048K, reserved 1048576K
Event: 4,685 GC heap after
Heap after GC invocations=8 (full 0):
 PSYoungGen      total 129536K, used 12288K [0x00000000ec700000, 0x00000000f5900000, 0x0000000100000000)
  eden space 117248K, 0% used [0x00000000ec700000,0x00000000ec700000,0x00000000f3980000)
  from space 12288K, 100% used [0x00000000f4800000,0x00000000f5400000,0x00000000f5400000)
  to   space 14848K, 0% used [0x00000000f3980000,0x00000000f3980000,0x00000000f4800000)
 ParOldGen       total 40960K, used 14349K [0x00000000c5400000, 0x00000000c7c00000, 0x00000000ec700000)
  object space 40960K, 35% used [0x00000000c5400000,0x00000000c6203718,0x00000000c7c00000)
 Metaspace       used 15644K, capacity 16032K, committed 16384K, reserved 1062912K
  class space    used 1810K, capacity 1927K, committed 2048K, reserved 1048576K
}
Event: 6,303 GC heap before
{Heap before GC invocations=9 (full 0):
 PSYoungGen      total 129536K, used 113076K [0x00000000ec700000, 0x00000000f5900000, 0x0000000100000000)
  eden space 117248K, 85% used [0x00000000ec700000,0x00000000f296d0e0,0x00000000f3980000)
  from space 12288K, 100% used [0x00000000f4800000,0x00000000f5400000,0x00000000f5400000)
  to   space 14848K, 0% used [0x00000000f3980000,0x00000000f3980000,0x00000000f4800000)
 ParOldGen       total 40960K, used 14349K [0x00000000c5400000, 0x00000000c7c00000, 0x00000000ec700000)
  object space 40960K, 35% used [0x00000000c5400000,0x00000000c6203718,0x00000000c7c00000)
 Metaspace       used 20644K, capacity 21218K, committed 21296K, reserved 1069056K
  class space    used 2419K, capacity 2570K, committed 2608K, reserved 1048576K
Event: 6,334 GC heap after
Heap after GC invocations=9 (full 0):
 PSYoungGen      total 132096K, used 14821K [0x00000000ec700000, 0x00000000fa480000, 0x0000000100000000)
  eden space 117248K, 0% used [0x00000000ec700000,0x00000000ec700000,0x00000000f3980000)
  from space 14848K, 99% used [0x00000000f3980000,0x00000000f47f9720,0x00000000f4800000)
  to   space 19456K, 0% used [0x00000000f9180000,0x00000000f9180000,0x00000000fa480000)
 ParOldGen       total 40960K, used 19998K [0x00000000c5400000, 0x00000000c7c00000, 0x00000000ec700000)
  object space 40960K, 48% used [0x00000000c5400000,0x00000000c6787b68,0x00000000c7c00000)
 Metaspace       used 20644K, capacity 21218K, committed 21296K, reserved 1069056K
  class space    used 2419K, capacity 2570K, committed 2608K, reserved 1048576K
}
Event: 6,334 GC heap before
{Heap before GC invocations=10 (full 1):
 PSYoungGen      total 132096K, used 14821K [0x00000000ec700000, 0x00000000fa480000, 0x0000000100000000)
  eden space 117248K, 0% used [0x00000000ec700000,0x00000000ec700000,0x00000000f3980000)
  from space 14848K, 99% used [0x00000000f3980000,0x00000000f47f9720,0x00000000f4800000)
  to   space 19456K, 0% used [0x00000000f9180000,0x00000000f9180000,0x00000000fa480000)
 ParOldGen       total 40960K, used 19998K [0x00000000c5400000, 0x00000000c7c00000, 0x00000000ec700000)
  object space 40960K, 48% used [0x00000000c5400000,0x00000000c6787b68,0x00000000c7c00000)
 Metaspace       used 20644K, capacity 21218K, committed 21296K, reserved 1069056K
  class space    used 2419K, capacity 2570K, committed 2608K, reserved 1048576K
Event: 6,539 GC heap after
Heap after GC invocations=10 (full 1):
 PSYoungGen      total 132096K, used 0K [0x00000000ec700000, 0x00000000fa480000, 0x0000000100000000)
  eden space 117248K, 0% used [0x00000000ec700000,0x00000000ec700000,0x00000000f3980000)
  from space 14848K, 0% used [0x00000000f3980000,0x00000000f3980000,0x00000000f4800000)
  to   space 19456K, 0% used [0x00000000f9180000,0x00000000f9180000,0x00000000fa480000)
 ParOldGen       total 55808K, used 26233K [0x00000000c5400000, 0x00000000c8a80000, 0x00000000ec700000)
  object space 55808K, 47% used [0x00000000c5400000,0x00000000c6d9e400,0x00000000c8a80000)
 Metaspace       used 20644K, capacity 21218K, committed 21296K, reserved 1069056K
  class space    used 2419K, capacity 2570K, committed 2608K, reserved 1048576K
}
Event: 8,624 GC heap before
{Heap before GC invocations=11 (full 1):
 PSYoungGen      total 132096K, used 117248K [0x00000000ec700000, 0x00000000fa480000, 0x0000000100000000)
  eden space 117248K, 100% used [0x00000000ec700000,0x00000000f3980000,0x00000000f3980000)
  from space 14848K, 0% used [0x00000000f3980000,0x00000000f3980000,0x00000000f4800000)
  to   space 19456K, 0% used [0x00000000f9180000,0x00000000f9180000,0x00000000fa480000)
 ParOldGen       total 55808K, used 26233K [0x00000000c5400000, 0x00000000c8a80000, 0x00000000ec700000)
  object space 55808K, 47% used [0x00000000c5400000,0x00000000c6d9e400,0x00000000c8a80000)
 Metaspace       used 23315K, capacity 23974K, committed 24240K, reserved 1071104K
  class space    used 2688K, capacity 2870K, committed 2992K, reserved 1048576K
Event: 8,663 GC heap after
Heap after GC invocations=11 (full 1):
 PSYoungGen      total 165888K, used 14977K [0x00000000ec700000, 0x00000000fa080000, 0x0000000100000000)
  eden space 150528K, 0% used [0x00000000ec700000,0x00000000ec700000,0x00000000f5a00000)
  from space 15360K, 97% used [0x00000000f9180000,0x00000000fa020740,0x00000000fa080000)
  to   space 20992K, 0% used [0x00000000f7780000,0x00000000f7780000,0x00000000f8c00000)
 ParOldGen       total 55808K, used 26241K [0x00000000c5400000, 0x00000000c8a80000, 0x00000000ec700000)
  object space 55808K, 47% used [0x00000000c5400000,0x00000000c6da0400,0x00000000c8a80000)
 Metaspace       used 23315K, capacity 23974K, committed 24240K, reserved 1071104K
  class space    used 2688K, capacity 2870K, committed 2992K, reserved 1048576K
}
Event: 53,382 GC heap before
{Heap before GC invocations=12 (full 1):
 PSYoungGen      total 165888K, used 165505K [0x00000000ec700000, 0x00000000fa080000, 0x0000000100000000)
  eden space 150528K, 100% used [0x00000000ec700000,0x00000000f5a00000,0x00000000f5a00000)
  from space 15360K, 97% used [0x00000000f9180000,0x00000000fa020740,0x00000000fa080000)
  to   space 20992K, 0% used [0x00000000f7780000,0x00000000f7780000,0x00000000f8c00000)
 ParOldGen       total 55808K, used 26241K [0x00000000c5400000, 0x00000000c8a80000, 0x00000000ec700000)
  object space 55808K, 47% used [0x00000000c5400000,0x00000000c6da0400,0x00000000c8a80000)
 Metaspace       used 25599K, capacity 26442K, committed 26800K, reserved 1073152K
  class space    used 2903K, capacity 3122K, committed 3248K, reserved 1048576K

Deoptimization events (10 events):
Event: 23,527 Thread 0x00007f375c00b000 Uncommon trap: reason=unstable_if action=reinterpret pc=0x00007f374d191cf4 method=com.sun.tools.javac.file.Locations.lazy()V @ 4
Event: 45,916 Thread 0x00007f375c00b000 Uncommon trap: reason=unstable_if action=reinterpret pc=0x00007f374dcbdcd4 method=com.sun.tools.javac.file.JavacFileManager.listContainer(Ljava/io/File;Lcom/sun/tools/javac/file/RelativePath$RelativeDirectory;Ljava/util/Set;ZLcom/sun/tools/javac/util/List
Event: 45,949 Thread 0x00007f375c00b000 Uncommon trap: reason=unstable_if action=reinterpret pc=0x00007f374dc1ddc0 method=com.sun.tools.javac.file.ZipFileIndex.isUpToDate()Z @ 32
Event: 47,610 Thread 0x00007f375c00b000 Uncommon trap: reason=predicate action=maybe_recompile pc=0x00007f374dbb078c method=java.util.ComparableTimSort.binarySort([Ljava/lang/Object;III)V @ 37
Event: 47,704 Thread 0x00007f375c00b000 Uncommon trap: reason=array_check action=maybe_recompile pc=0x00007f374dba2d70 method=java.util.ComparableTimSort.binarySort([Ljava/lang/Object;III)V @ 215
Event: 48,101 Thread 0x00007f375c00b000 Uncommon trap: reason=array_check action=maybe_recompile pc=0x00007f374d1f31ac method=java.util.ComparableTimSort.binarySort([Ljava/lang/Object;III)V @ 183
Event: 48,110 Thread 0x00007f375c00b000 Uncommon trap: reason=array_check action=maybe_recompile pc=0x00007f374d1f31ac method=java.util.ComparableTimSort.binarySort([Ljava/lang/Object;III)V @ 183
Event: 48,110 Thread 0x00007f375c00b000 Uncommon trap: reason=array_check action=maybe_recompile pc=0x00007f374d1f30dc method=java.util.ComparableTimSort.binarySort([Ljava/lang/Object;III)V @ 193
Event: 48,113 Thread 0x00007f375c00b000 Uncommon trap: reason=array_check action=maybe_recompile pc=0x00007f374dba2d70 method=java.util.ComparableTimSort.binarySort([Ljava/lang/Object;III)V @ 215
Event: 48,113 Thread 0x00007f375c00b000 Uncommon trap: reason=array_check action=maybe_recompile pc=0x00007f374d1f30dc method=java.util.ComparableTimSort.binarySort([Ljava/lang/Object;III)V @ 193

Classes redefined (0 events):
No events

Internal exceptions (10 events):
Event: 37,851 Thread 0x00007f375c00b000 Exception <a 'java/security/PrivilegedActionException'> (0x00000000f43c4a00) thrown at [/build/openjdk-8-Wut_v1/openjdk-8-8u242-b08/src/hotspot/src/share/vm/prims/jvm.cpp, line 1502]
Event: 46,016 Thread 0x00007f375c00b000 Exception <a 'java/io/FileNotFoundException'> (0x00000000f4553f38) thrown at [/build/openjdk-8-Wut_v1/openjdk-8-8u242-b08/src/hotspot/src/share/vm/prims/jni.cpp, line 710]
Event: 46,163 Thread 0x00007f375c00b000 Exception <a 'java/io/FileNotFoundException'> (0x00000000f4555410) thrown at [/build/openjdk-8-Wut_v1/openjdk-8-8u242-b08/src/hotspot/src/share/vm/prims/jni.cpp, line 710]
Event: 46,309 Thread 0x00007f375c00b000 Exception <a 'java/io/FileNotFoundException'> (0x00000000f4556150) thrown at [/build/openjdk-8-Wut_v1/openjdk-8-8u242-b08/src/hotspot/src/share/vm/prims/jni.cpp, line 710]
Event: 47,185 Thread 0x00007f375c00b000 Exception <a 'java/io/FileNotFoundException'> (0x00000000f455eab0) thrown at [/build/openjdk-8-Wut_v1/openjdk-8-8u242-b08/src/hotspot/src/share/vm/prims/jni.cpp, line 710]
Event: 47,485 Thread 0x00007f375c00b000 Exception <a 'java/io/FileNotFoundException'> (0x00000000f455fb08) thrown at [/build/openjdk-8-Wut_v1/openjdk-8-8u242-b08/src/hotspot/src/share/vm/prims/jni.cpp, line 710]
Event: 47,500 Thread 0x00007f375c00b000 Exception <a 'java/io/FileNotFoundException'> (0x00000000f4560bf0) thrown at [/build/openjdk-8-Wut_v1/openjdk-8-8u242-b08/src/hotspot/src/share/vm/prims/jni.cpp, line 710]
Event: 47,500 Thread 0x00007f375c00b000 Exception <a 'java/io/FileNotFoundException'> (0x00000000f4561c90) thrown at [/build/openjdk-8-Wut_v1/openjdk-8-8u242-b08/src/hotspot/src/share/vm/prims/jni.cpp, line 710]
Event: 47,501 Thread 0x00007f375c00b000 Exception <a 'java/io/FileNotFoundException'> (0x00000000f4562cf0) thrown at [/build/openjdk-8-Wut_v1/openjdk-8-8u242-b08/src/hotspot/src/share/vm/prims/jni.cpp, line 710]
Event: 47,501 Thread 0x00007f375c00b000 Exception <a 'java/io/FileNotFoundException'> (0x00000000f4563e18) thrown at [/build/openjdk-8-Wut_v1/openjdk-8-8u242-b08/src/hotspot/src/share/vm/prims/jni.cpp, line 710]

Events (10 events):
Event: 53,318 Thread 0x00007f375c0bd000 flushing nmethod 0x00007f374d5c0190
Event: 53,318 Thread 0x00007f375c0bd000 flushing nmethod 0x00007f374d5fd1d0
Event: 53,318 Thread 0x00007f375c0bd000 flushing nmethod 0x00007f374d62b990
Event: 53,318 Thread 0x00007f375c0bd000 flushing nmethod 0x00007f374d62c110
Event: 53,318 Thread 0x00007f375c0bd000 flushing nmethod 0x00007f374d633010
Event: 53,323 Thread 0x00007f375c0bd000 flushing nmethod 0x00007f374d65d3d0
Event: 53,324 Thread 0x00007f375c0bd000 flushing nmethod 0x00007f374d69f450
Event: 53,324 Thread 0x00007f375c0bd000 flushing nmethod 0x00007f374d69fc50
Event: 53,324 Thread 0x00007f375c0bd000 flushing nmethod 0x00007f374d69ffd0
Event: 53,379 Executing VM operation: ParallelGCFailedAllocation


Dynamic libraries:
00400000-00401000 r-xp 00000000 08:03 926385                             /usr/lib/jvm/java-8-openjdk-amd64/jre/bin/java
00600000-00601000 r--p 00000000 08:03 926385                             /usr/lib/jvm/java-8-openjdk-amd64/jre/bin/java
00601000-00602000 rw-p 00001000 08:03 926385                             /usr/lib/jvm/java-8-openjdk-amd64/jre/bin/java
00936000-00957000 rw-p 00000000 00:00 0                                  [heap]
c5400000-c8a80000 rw-p 00000000 00:00 0 
c8a80000-ec700000 ---p 00000000 00:00 0 
ec700000-fa080000 rw-p 00000000 00:00 0 
fb600000-100000000 ---p 00000000 00:00 0 
100000000-10032c000 rw-p 00000000 00:00 0 
10032c000-140000000 ---p 00000000 00:00 0 
7f3710000000-7f3710021000 rw-p 00000000 00:00 0 
7f3710021000-7f3714000000 ---p 00000000 00:00 0 
7f3714fff000-7f3718000000 rw-p 00000000 00:00 0 
7f3718000000-7f371904a000 rw-p 00000000 00:00 0 
7f371904a000-7f371c000000 ---p 00000000 00:00 0 
7f371c000000-7f371c021000 rw-p 00000000 00:00 0 
7f371c021000-7f3720000000 ---p 00000000 00:00 0 
7f3720000000-7f3721bb0000 rw-p 00000000 00:00 0 
7f3721bb0000-7f3724000000 ---p 00000000 00:00 0 
7f3724000000-7f3725a6a000 rw-p 00000000 00:00 0 
7f3725a6a000-7f3728000000 ---p 00000000 00:00 0 
7f3728000000-7f3728021000 rw-p 00000000 00:00 0 
7f3728021000-7f372c000000 ---p 00000000 00:00 0 
7f372c000000-7f372c021000 rw-p 00000000 00:00 0 
7f372c021000-7f3730000000 ---p 00000000 00:00 0 
7f3730000000-7f3730021000 rw-p 00000000 00:00 0 
7f3730021000-7f3734000000 ---p 00000000 00:00 0 
7f3734000000-7f3734021000 rw-p 00000000 00:00 0 
7f3734021000-7f3738000000 ---p 00000000 00:00 0 
7f3738000000-7f3738021000 rw-p 00000000 00:00 0 
7f3738021000-7f373c000000 ---p 00000000 00:00 0 
7f373c000000-7f373c021000 rw-p 00000000 00:00 0 
7f373c021000-7f3740000000 ---p 00000000 00:00 0 
7f3740000000-7f3740021000 rw-p 00000000 00:00 0 
7f3740021000-7f3744000000 ---p 00000000 00:00 0 
7f37452b2000-7f37452b5000 r--s 0000f000 08:03 1203884                    /home/paulo/.m2/repository/org/springframework/ws/spring-xml/3.0.8.RELEASE/spring-xml-3.0.8.RELEASE.jar
7f37452b5000-7f37452c2000 r--s 0006f000 08:03 1203883                    /home/paulo/.m2/repository/org/springframework/ws/spring-ws-core/3.0.8.RELEASE/spring-ws-core-3.0.8.RELEASE.jar
7f37452c2000-7f37452c4000 r--s 0000e000 08:03 1203712                    /home/paulo/.m2/repository/org/springframework/spring-oxm/5.2.5.RELEASE/spring-oxm-5.2.5.RELEASE.jar
7f37452c4000-7f37452c5000 r--s 00003000 08:03 1203878                    /home/paulo/.m2/repository/jakarta/jws/jakarta.jws-api/2.1.0/jakarta.jws-api-2.1.0.jar
7f37452c5000-7f37452c8000 r--s 0000c000 08:03 1203875                    /home/paulo/.m2/repository/jakarta/xml/ws/jakarta.xml.ws-api/2.3.3/jakarta.xml.ws-api-2.3.3.jar
7f37452c8000-7f37452ca000 r--s 00008000 08:03 1203876                    /home/paulo/.m2/repository/org/jvnet/staxex/stax-ex/1.8.1/stax-ex-1.8.1.jar
7f37452ca000-7f37452cc000 r--s 0000e000 08:03 1203872                    /home/paulo/.m2/repository/org/jvnet/mimepull/mimepull/1.9.13/mimepull-1.9.13.jar
7f37452cc000-7f37452ce000 r--s 00008000 08:03 1203870                    /home/paulo/.m2/repository/jakarta/xml/soap/jakarta.xml.soap-api/1.4.2/jakarta.xml.soap-api-1.4.2.jar
7f37452ce000-7f37452d6000 r--s 00068000 08:03 1203868                    /home/paulo/.m2/repository/com/sun/xml/messaging/saaj/saaj-impl/1.5.1/saaj-impl-1.5.1.jar
7f37452d6000-7f37452d7000 r--s 00000000 08:03 1203866                    /home/paulo/.m2/repository/org/springframework/boot/spring-boot-starter-web-services/2.2.6.RELEASE/spring-boot-starter-web-services-2.2.6.RELEASE.jar
7f37452d7000-7f37452dc000 r--s 00025000 08:03 1203865                    /home/paulo/.m2/repository/org/xmlunit/xmlunit-core/2.6.4/xmlunit-core-2.6.4.jar
7f37452dc000-7f37452eb000 r--s 00099000 08:03 1203863                    /home/paulo/.m2/repository/org/springframework/spring-test/5.2.5.RELEASE/spring-test-5.2.5.RELEASE.jar
7f37452eb000-7f37452ec000 r--s 00005000 08:03 1203860                    /home/paulo/.m2/repository/org/springframework/spring-jcl/5.2.5.RELEASE/spring-jcl-5.2.5.RELEASE.jar
7f37452ec000-7f3745307000 r--s 00145000 08:03 1203859                    /home/paulo/.m2/repository/org/springframework/spring-core/5.2.5.RELEASE/spring-core-5.2.5.RELEASE.jar
7f3745307000-7f3745309000 r--s 00006000 08:03 1186779                    /home/paulo/.m2/repository/org/skyscreamer/jsonassert/1.5.0/jsonassert-1.5.0.jar
7f3745309000-7f374530d000 r--s 0003c000 08:03 1203856                    /home/paulo/.m2/repository/net/bytebuddy/byte-buddy-agent/1.10.8/byte-buddy-agent-1.10.8.jar
7f374530d000-7f374531e000 r--s 00080000 08:03 1186770                    /home/paulo/.m2/repository/org/mockito/mockito-core/3.1.0/mockito-core-3.1.0.jar
7f374531e000-7f3745322000 r--s 0001b000 08:03 1323130                    /home/paulo/.m2/repository/org/hamcrest/hamcrest/2.1/hamcrest-2.1.jar
7f3745322000-7f3745387000 r--s 003e1000 08:03 1186768                    /home/paulo/.m2/repository/org/assertj/assertj-core/3.13.2/assertj-core-3.13.2.jar
7f3745387000-7f374538c000 r--s 00024000 08:03 1186764                    /home/paulo/.m2/repository/org/junit/platform/junit-platform-engine/1.5.2/junit-platform-engine-1.5.2.jar
7f374538c000-7f3745391000 r--s 00031000 08:03 1186762                    /home/paulo/.m2/repository/org/junit/jupiter/junit-jupiter-engine/5.5.2/junit-jupiter-engine-5.5.2.jar
7f3745391000-7f3745491000 rw-p 00000000 00:00 0 
7f3745491000-7f3745591000 ---p 00000000 00:00 0 
7f3745591000-7f3745791000 rw-p 00000000 00:00 0 
7f3745791000-7f37457a4000 r--s 00346000 08:03 933066                     /usr/lib/jvm/java-8-openjdk-amd64/jre/lib/resources.jar
7f37457a4000-7f37457a5000 r--s 00004000 08:03 1186780                    /home/paulo/.m2/repository/com/vaadin/external/google/android-json/0.0.20131108.vaadin1/android-json-0.0.20131108.vaadin1.jar
7f37457a5000-7f37457a7000 r--s 0000c000 08:03 1186776                    /home/paulo/.m2/repository/org/objenesis/objenesis/2.6/objenesis-2.6.jar
7f37457a7000-7f37457a8000 r--s 00001000 08:03 1186766                    /home/paulo/.m2/repository/org/mockito/mockito-junit-jupiter/3.1.0/mockito-junit-jupiter-3.1.0.jar
7f37457a8000-7f37457b5000 r--s 0007a000 08:03 1186761                    /home/paulo/.m2/repository/org/junit/jupiter/junit-jupiter-params/5.5.2/junit-jupiter-params-5.5.2.jar
7f37457b5000-7f37457b7000 r--s 00015000 08:03 1186758                    /home/paulo/.m2/repository/org/junit/platform/junit-platform-commons/1.5.2/junit-platform-commons-1.5.2.jar
7f37457b7000-7f37457b8000 r--s 00001000 08:03 1186757                    /home/paulo/.m2/repository/org/opentest4j/opentest4j/1.2.0/opentest4j-1.2.0.jar
7f37457b8000-7f37457b9000 r--s 00000000 08:03 1186755                    /home/paulo/.m2/repository/org/apiguardian/apiguardian-api/1.1.0/apiguardian-api-1.1.0.jar
7f37457b9000-7f37457bd000 r--s 0001f000 08:03 1186753                    /home/paulo/.m2/repository/org/junit/jupiter/junit-jupiter-api/5.5.2/junit-jupiter-api-5.5.2.jar
7f37457bd000-7f37457be000 r--s 00001000 08:03 1186750                    /home/paulo/.m2/repository/org/junit/jupiter/junit-jupiter/5.5.2/junit-jupiter-5.5.2.jar
7f37457be000-7f37457c2000 r--s 00019000 08:03 1203854                    /home/paulo/.m2/repository/jakarta/xml/bind/jakarta.xml.bind-api/2.3.3/jakarta.xml.bind-api-2.3.3.jar
7f37457c2000-7f37457c4000 r--s 0000c000 08:03 1323106                    /home/paulo/.m2/repository/org/ow2/asm/asm/5.0.4/asm-5.0.4.jar
7f37457c4000-7f37457ca000 r--s 00031000 08:03 1186738                    /home/paulo/.m2/repository/com/jayway/jsonpath/json-path/2.4.0/json-path-2.4.0.jar
7f37457ca000-7f37457d0000 r--s 00021000 08:03 1203853                    /home/paulo/.m2/repository/org/springframework/boot/spring-boot-test-autoconfigure/2.2.6.RELEASE/spring-boot-test-autoconfigure-2.2.6.RELEASE.jar
7f37457d0000-7f37457df000 r--s 0007c000 08:03 1203846                    /home/paulo/.m2/repository/org/springframework/security/spring-security-web/5.2.2.RELEASE/spring-security-web-5.2.2.RELEASE.jar
7f37457df000-7f374580e000 r--s 00226000 08:03 1216077                    /home/paulo/.m2/repository/com/google/guava/guava/20.0/guava-20.0.jar
7f374580e000-7f3745815000 r--s 00000000 08:03 785657                     /usr/lib/x86_64-linux-gnu/gconv/gconv-modules.cache
7f3745815000-7f3745836000 r--p 00000000 08:03 1052714                    /usr/share/locale-langpack/pt_BR/LC_MESSAGES/libc.mo
7f3745836000-7f374584e000 r--s 0019f000 08:03 1203840                    /home/paulo/.m2/repository/org/projectlombok/lombok/1.18.12/lombok-1.18.12.jar
7f374584e000-7f3745850000 r--s 00006000 08:03 1186742                    /home/paulo/.m2/repository/net/minidev/accessors-smart/1.2/accessors-smart-1.2.jar
7f3745850000-7f3745853000 r--s 0001b000 08:03 1186740                    /home/paulo/.m2/repository/net/minidev/json-smart/2.3/json-smart-2.3.jar
7f3745853000-7f3745859000 r--s 0002e000 08:03 1203850                    /home/paulo/.m2/repository/org/springframework/boot/spring-boot-test/2.2.6.RELEASE/spring-boot-test-2.2.6.RELEASE.jar
7f3745859000-7f374585a000 r--s 00000000 08:03 1203849                    /home/paulo/.m2/repository/org/springframework/boot/spring-boot-starter-test/2.2.6.RELEASE/spring-boot-starter-test-2.2.6.RELEASE.jar
7f374585a000-7f3745863000 r--s 00052000 08:03 1203844                    /home/paulo/.m2/repository/org/springframework/spring-aop/5.2.5.RELEASE/spring-aop-5.2.5.RELEASE.jar
7f3745863000-7f3745864000 r--s 00000000 08:03 1203842                    /home/paulo/.m2/repository/org/springframework/boot/spring-boot-starter-security/2.2.6.RELEASE/spring-boot-starter-security-2.2.6.RELEASE.jar
7f3745864000-7f3745866000 r--s 002c4000 08:03 1216082                    /home/paulo/.m2/repository/io/springfox/springfox-swagger-ui/2.9.2/springfox-swagger-ui-2.9.2.jar
7f3745866000-7f3745868000 r--s 00004000 08:03 1216079                    /home/paulo/.m2/repository/org/mapstruct/mapstruct/1.2.0.Final/mapstruct-1.2.0.Final.jar
7f3745868000-7f374586a000 r--s 00000000 08:03 1211847                    /home/paulo/.m2/repository/org/springframework/plugin/spring-plugin-metadata/1.2.0.RELEASE/spring-plugin-metadata-1.2.0.RELEASE.jar
7f374586a000-7f374586b000 r--s 00004000 08:03 1211846                    /home/paulo/.m2/repository/org/springframework/plugin/spring-plugin-core/1.2.0.RELEASE/spring-plugin-core-1.2.0.RELEASE.jar
7f374586b000-7f374586d000 r--s 00009000 08:03 1186709                    /home/paulo/.m2/repository/org/slf4j/slf4j-api/1.7.30/slf4j-api-1.7.30.jar
7f374586d000-7f374586f000 r--s 0000f000 08:03 1203838                    /home/paulo/.m2/repository/com/fasterxml/classmate/1.5.1/classmate-1.5.1.jar
7f374586f000-7f3745874000 r--s 0002b000 08:03 1216075                    /home/paulo/.m2/repository/io/springfox/springfox-spring-web/2.9.2/springfox-spring-web-2.9.2.jar
7f3745874000-7f3745878000 r--s 00017000 08:03 1216073                    /home/paulo/.m2/repository/io/springfox/springfox-swagger-common/2.9.2/springfox-swagger-common-2.9.2.jar
7f3745878000-7f374587b000 r--s 00012000 08:03 1216071                    /home/paulo/.m2/repository/io/springfox/springfox-schema/2.9.2/springfox-schema-2.9.2.jar
7f374587b000-7f374587f000 r--s 00019000 08:03 1216067                    /home/paulo/.m2/repository/io/springfox/springfox-core/2.9.2/springfox-core-2.9.2.jar
7f374587f000-7f3745882000 r--s 0000b000 08:03 1216065                    /home/paulo/.m2/repository/io/springfox/springfox-spi/2.9.2/springfox-spi-2.9.2.jar
7f3745882000-7f3745886000 r--s 00022000 08:03 1216061                    /home/paulo/.m2/repository/io/swagger/swagger-models/1.5.20/swagger-models-1.5.20.jar
7f3745886000-7f3745888000 r--s 00004000 08:03 1216059                    /home/paulo/.m2/repository/io/swagger/swagger-annotations/1.5.20/swagger-annotations-1.5.20.jar
7f3745888000-7f374588b000 r--s 0000e000 08:03 1216063                    /home/paulo/.m2/repository/io/springfox/springfox-swagger2/2.9.2/springfox-swagger2-2.9.2.jar
7f374588b000-7f3745897000 r--s 000d8000 08:03 1203836                    /home/paulo/.m2/repository/org/postgresql/postgresql/42.2.11/postgresql-42.2.11.jar
7f3745897000-7f37458bf000 r--s 0012c000 08:03 1203834                    /home/paulo/.m2/repository/org/springframework/boot/spring-boot-autoconfigure/2.2.6.RELEASE/spring-boot-autoconfigure-2.2.6.RELEASE.jar
7f37458bf000-7f37458d6000 r--s 000e9000 08:03 1203832                    /home/paulo/.m2/repository/org/springframework/boot/spring-boot/2.2.6.RELEASE/spring-boot-2.2.6.RELEASE.jar
7f37458d6000-7f37458dc000 r--s 00030000 08:03 1203830                    /home/paulo/.m2/repository/org/springframework/boot/spring-boot-devtools/2.2.6.RELEASE/spring-boot-devtools-2.2.6.RELEASE.jar
7f37458dc000-7f37458de000 r--s 00000000 08:03 1203828                    /home/paulo/.m2/repository/com/github/stephenc/jcip/jcip-annotations/1.0-1/jcip-annotations-1.0-1.jar
7f37458de000-7f37458e4000 r--s 0004d000 08:03 1203826                    /home/paulo/.m2/repository/com/nimbusds/nimbus-jose-jwt/7.8.1/nimbus-jose-jwt-7.8.1.jar
7f37458e4000-7f37458e6000 r--s 0000d000 08:03 1203825                    /home/paulo/.m2/repository/org/springframework/security/spring-security-oauth2-jose/5.2.2.RELEASE/spring-security-oauth2-jose-5.2.2.RELEASE.jar
7f37458e6000-7f37458e9000 r--s 00011000 08:03 1203822                    /home/paulo/.m2/repository/org/springframework/security/spring-security-oauth2-core/5.2.2.RELEASE/spring-security-oauth2-core-5.2.2.RELEASE.jar
7f37458e9000-7f37458ec000 r--s 0000d000 08:03 1203821                    /home/paulo/.m2/repository/org/springframework/security/spring-security-oauth2-resource-server/5.2.2.RELEASE/spring-security-oauth2-resource-server-5.2.2.RELEASE.jar
7f37458ec000-7f37458f8000 r--s 00061000 08:03 1203818                    /home/paulo/.m2/repository/org/springframework/security/spring-security-core/5.2.2.RELEASE/spring-security-core-5.2.2.RELEASE.jar
7f37458f8000-7f3745906000 r--s 000c4000 08:03 1203816                    /home/paulo/.m2/repository/org/springframework/security/spring-security-config/5.2.2.RELEASE/spring-security-config-5.2.2.RELEASE.jar
7f3745906000-7f3745907000 r--s 00000000 08:03 1203814                    /home/paulo/.m2/repository/org/springframework/boot/spring-boot-starter-oauth2-resource-server/2.2.6.RELEASE/spring-boot-starter-oauth2-resource-server-2.2.6.RELEASE.jar
7f3745907000-7f374590a000 r--s 0000e000 08:03 1203812                    /home/paulo/.m2/repository/com/fasterxml/jackson/core/jackson-annotations/2.10.3/jackson-annotations-2.10.3.jar
7f374590a000-7f374590c000 r--s 00002000 08:03 1203810                    /home/paulo/.m2/repository/org/atteo/evo-inflector/1.2.2/evo-inflector-1.2.2.jar
7f374590c000-7f3745916000 r--s 00076000 08:03 1203808                    /home/paulo/.m2/repository/org/springframework/hateoas/spring-hateoas/1.0.4.RELEASE/spring-hateoas-1.0.4.RELEASE.jar
7f3745916000-7f374591b000 r--s 00020000 08:03 1203806                    /home/paulo/.m2/repository/org/springframework/data/spring-data-rest-core/3.2.6.RELEASE/spring-data-rest-core-3.2.6.RELEASE.jar
7f374591b000-7f3745923000 r--s 0004c000 08:03 1203804                    /home/paulo/.m2/repository/org/springframework/data/spring-data-rest-webmvc/3.2.6.RELEASE/spring-data-rest-webmvc-3.2.6.RELEASE.jar
7f3745923000-7f3745924000 r--s 00000000 08:03 1203803                    /home/paulo/.m2/repository/org/springframework/boot/spring-boot-starter-data-rest/2.2.6.RELEASE/spring-boot-starter-data-rest-2.2.6.RELEASE.jar
7f3745924000-7f3745929000 r--s 00040000 08:03 1203800                    /home/paulo/.m2/repository/org/springframework/spring-expression/5.2.5.RELEASE/spring-expression-5.2.5.RELEASE.jar
7f3745929000-7f374593c000 r--s 000d7000 08:03 1203798                    /home/paulo/.m2/repository/org/springframework/spring-webmvc/5.2.5.RELEASE/spring-webmvc-5.2.5.RELEASE.jar
7f374593c000-7f3745959000 r--s 00142000 08:03 1203796                    /home/paulo/.m2/repository/org/springframework/spring-web/5.2.5.RELEASE/spring-web-5.2.5.RELEASE.jar
7f3745959000-7f3745976000 r--s 000fe000 08:03 1203794                    /home/paulo/.m2/repository/org/hibernate/validator/hibernate-validator/6.0.18.Final/hibernate-validator-6.0.18.Final.jar
7f3745976000-7f374597b000 r--s 00012000 08:03 1203792                    /home/paulo/.m2/repository/jakarta/validation/jakarta.validation-api/2.0.2/jakarta.validation-api-2.0.2.jar
7f374597b000-7f374597c000 r--s 00000000 08:03 1203790                    /home/paulo/.m2/repository/org/springframework/boot/spring-boot-starter-validation/2.2.6.RELEASE/spring-boot-starter-validation-2.2.6.RELEASE.jar
7f374597c000-7f3745981000 r--s 0003c000 08:03 1203788                    /home/paulo/.m2/repository/org/apache/tomcat/embed/tomcat-embed-websocket/9.0.33/tomcat-embed-websocket-9.0.33.jar
7f3745981000-7f3745985000 r--s 0003a000 08:03 1203786                    /home/paulo/.m2/repository/org/apache/tomcat/embed/tomcat-embed-el/9.0.33/tomcat-embed-el-9.0.33.jar
7f3745985000-7f37459b0000 r--s 00307000 08:03 1203784                    /home/paulo/.m2/repository/org/apache/tomcat/embed/tomcat-embed-core/9.0.33/tomcat-embed-core-9.0.33.jar
7f37459b0000-7f37459b1000 r--s 00000000 08:03 1203782                    /home/paulo/.m2/repository/org/springframework/boot/spring-boot-starter-tomcat/2.2.6.RELEASE/spring-boot-starter-tomcat-2.2.6.RELEASE.jar
7f37459b1000-7f37459b3000 r--s 00001000 08:03 1203780                    /home/paulo/.m2/repository/com/fasterxml/jackson/module/jackson-module-parameter-names/2.10.3/jackson-module-parameter-names-2.10.3.jar
7f37459b3000-7f37459b6000 r--s 00017000 08:03 1203779                    /home/paulo/.m2/repository/com/fasterxml/jackson/datatype/jackson-datatype-jsr310/2.10.3/jackson-datatype-jsr310-2.10.3.jar
7f37459b6000-7f37459b8000 r--s 00007000 08:03 1203776                    /home/paulo/.m2/repository/com/fasterxml/jackson/datatype/jackson-datatype-jdk8/2.10.3/jackson-datatype-jdk8-2.10.3.jar
7f37459b8000-7f37459bd000 r--s 00051000 08:03 1203774                    /home/paulo/.m2/repository/com/fasterxml/jackson/core/jackson-core/2.10.3/jackson-core-2.10.3.jar
7f37459bd000-7f37459d2000 r--s 00142000 08:03 1203773                    /home/paulo/.m2/repository/com/fasterxml/jackson/core/jackson-databind/2.10.3/jackson-databind-2.10.3.jar
7f37459d2000-7f37459d3000 r--s 00000000 08:03 1203771                    /home/paulo/.m2/repository/org/springframework/boot/spring-boot-starter-json/2.2.6.RELEASE/spring-boot-starter-json-2.2.6.RELEASE.jar
7f37459d3000-7f37459da000 r--s 00044000 08:03 1186731                    /home/paulo/.m2/repository/org/yaml/snakeyaml/1.25/snakeyaml-1.25.jar
7f37459da000-7f37459dc000 r--s 00005000 08:03 1186724                    /home/paulo/.m2/repository/jakarta/annotation/jakarta.annotation-api/1.3.5/jakarta.annotation-api-1.3.5.jar
7f37459dc000-7f37459de000 r--s 00000000 08:03 1186722                    /home/paulo/.m2/repository/org/slf4j/jul-to-slf4j/1.7.30/jul-to-slf4j-1.7.30.jar
7f37459de000-7f37459e4000 r--s 0003e000 08:03 1186720                    /home/paulo/.m2/repository/org/apache/logging/log4j/log4j-api/2.12.1/log4j-api-2.12.1.jar
7f37459e4000-7f37459e6000 r--s 00003000 08:03 1186718                    /home/paulo/.m2/repository/org/apache/logging/log4j/log4j-to-slf4j/2.12.1/log4j-to-slf4j-2.12.1.jar
7f37459e6000-7f37459f1000 r--s 00069000 08:03 1211723                    /home/paulo/.m2/repository/ch/qos/logback/logback-core/1.2.3/logback-core-1.2.3.jar
7f37459f1000-7f37459f7000 r--s 00041000 08:03 1211721                    /home/paulo/.m2/repository/ch/qos/logback/logback-classic/1.2.3/logback-classic-1.2.3.jar
7f37459f7000-7f37459f8000 r--s 00000000 08:03 1203768                    /home/paulo/.m2/repository/org/springframework/boot/spring-boot-starter-logging/2.2.6.RELEASE/spring-boot-starter-logging-2.2.6.RELEASE.jar
7f37459f8000-7f37459f9000 r--s 00000000 08:03 1203766                    /home/paulo/.m2/repository/org/springframework/boot/spring-boot-starter/2.2.6.RELEASE/spring-boot-starter-2.2.6.RELEASE.jar
7f37459f9000-7f37459fa000 r--s 00000000 08:03 1203764                    /home/paulo/.m2/repository/org/springframework/boot/spring-boot-starter-web/2.2.6.RELEASE/spring-boot-starter-web-2.2.6.RELEASE.jar
7f37459fa000-7f37459fc000 r--s 0000a000 08:03 1203762                    /home/paulo/.m2/repository/org/springframework/spring-aspects/5.2.5.RELEASE/spring-aspects-5.2.5.RELEASE.jar
7f37459fc000-7f3745a09000 r--s 0009b000 08:03 1203760                    /home/paulo/.m2/repository/org/springframework/spring-beans/5.2.5.RELEASE/spring-beans-5.2.5.RELEASE.jar
7f3745a09000-7f3745a12000 r--s 00044000 08:03 1203758                    /home/paulo/.m2/repository/org/springframework/spring-tx/5.2.5.RELEASE/spring-tx-5.2.5.RELEASE.jar
7f3745a12000-7f3745a2d000 r--s 00111000 08:03 1203756                    /home/paulo/.m2/repository/org/springframework/spring-context/5.2.5.RELEASE/spring-context-5.2.5.RELEASE.jar
7f3745a2d000-7f3745a32000 r--s 0002d000 08:03 1203754                    /home/paulo/.m2/repository/org/springframework/spring-orm/5.2.5.RELEASE/spring-orm-5.2.5.RELEASE.jar
7f3745a32000-7f3745a4b000 r--s 00110000 08:03 1203752                    /home/paulo/.m2/repository/org/springframework/data/spring-data-commons/2.2.6.RELEASE/spring-data-commons-2.2.6.RELEASE.jar
7f3745a4b000-7f3745a53000 r--s 00052000 08:03 1203750                    /home/paulo/.m2/repository/org/springframework/data/spring-data-jpa/2.2.6.RELEASE/spring-data-jpa-2.2.6.RELEASE.jar
7f3745a53000-7f3745a58000 r--s 00049000 08:03 1203748                    /home/paulo/.m2/repository/com/sun/xml/fastinfoset/FastInfoset/1.2.16/FastInfoset-1.2.16.jar
7f3745a58000-7f3745a5a000 r--s 00005000 08:03 1203746                    /home/paulo/.m2/repository/com/sun/istack/istack-commons-runtime/3.0.8/istack-commons-runtime-3.0.8.jar
7f3745a5a000-7f3745a5c000 r--s 00010000 08:03 1203744                    /home/paulo/.m2/repository/org/glassfish/jaxb/txw2/2.3.2/txw2-2.3.2.jar
7f3745a5c000-7f3745a71000 r--s 000e3000 08:03 1203742                    /home/paulo/.m2/repository/org/glassfish/jaxb/jaxb-runtime/2.3.2/jaxb-runtime-2.3.2.jar
7f3745a71000-7f3745a74000 r--s 00010000 08:03 1203740                    /home/paulo/.m2/repository/org/hibernate/common/hibernate-commons-annotations/5.1.0.Final/hibernate-commons-annotations-5.1.0.Final.jar
7f3745a74000-7f3745a79000 r--s 0004b000 08:03 1203738                    /home/paulo/.m2/repository/org/dom4j/dom4j/2.1.1/dom4j-2.1.1.jar
7f3745a79000-7f3745a7c000 r--s 0002d000 08:03 1203736                    /home/paulo/.m2/repository/org/jboss/jandex/2.1.1.Final/jandex-2.1.1.Final.jar
7f3745a7c000-7f3745a81000 r--s 00068000 08:03 1211797                    /home/paulo/.m2/repository/antlr/antlr/2.7.7/antlr-2.7.7.jar
7f3745a81000-7f3745ac9000 r--s 002eb000 08:03 1203734                    /home/paulo/.m2/repository/net/bytebuddy/byte-buddy/1.10.8/byte-buddy-1.10.8.jar
7f3745ac9000-7f3745ad3000 r--s 000b4000 08:03 1203733                    /home/paulo/.m2/repository/org/javassist/javassist/3.24.0-GA/javassist-3.24.0-GA.jar
7f3745ad3000-7f3745ad5000 r--s 0000d000 08:03 1203730                    /home/paulo/.m2/repository/org/jboss/logging/jboss-logging/3.4.1.Final/jboss-logging-3.4.1.Final.jar
7f3745ad5000-7f3745b5b000 r--s 00653000 08:03 1203729                    /home/paulo/.m2/repository/org/hibernate/hibernate-core/5.4.12.Final/hibernate-core-5.4.12.Final.jar
7f3745b5b000-7f3745b5c000 r--s 00003000 08:03 1203726                    /home/paulo/.m2/repository/jakarta/transaction/jakarta.transaction-api/1.3.3/jakarta.transaction-api-1.3.3.jar
7f3745b5c000-7f3745b62000 r--s 00023000 08:03 1203724                    /home/paulo/.m2/repository/jakarta/persistence/jakarta.persistence-api/2.2.3/jakarta.persistence-api-2.2.3.jar
7f3745b62000-7f3745b64000 r--s 0000a000 08:03 1203723                    /home/paulo/.m2/repository/jakarta/activation/jakarta.activation-api/1.2.2/jakarta.activation-api-1.2.2.jar
7f3745b64000-7f3745b6e000 r--s 0005a000 08:03 1203720                    /home/paulo/.m2/repository/org/springframework/spring-jdbc/5.2.5.RELEASE/spring-jdbc-5.2.5.RELEASE.jar
7f3745b6e000-7f3745b71000 r--s 00023000 08:03 1203718                    /home/paulo/.m2/repository/com/zaxxer/HikariCP/3.4.2/HikariCP-3.4.2.jar
7f3745b71000-7f3745b72000 r--s 00000000 08:03 1203715                    /home/paulo/.m2/repository/org/springframework/boot/spring-boot-starter-jdbc/2.2.6.RELEASE/spring-boot-starter-jdbc-2.2.6.RELEASE.jar
7f3745b72000-7f3745b8b000 r--s 001da000 08:03 1203716                    /home/paulo/.m2/repository/org/aspectj/aspectjweaver/1.9.5/aspectjweaver-1.9.5.jar
7f3745b8b000-7f3745b8c000 r--s 00000000 08:03 1203713                    /home/paulo/.m2/repository/org/springframework/boot/spring-boot-starter-aop/2.2.6.RELEASE/spring-boot-starter-aop-2.2.6.RELEASE.jar
7f3745b8c000-7f3745b8d000 r--s 00000000 08:03 1203710                    /home/paulo/.m2/repository/org/springframework/boot/spring-boot-starter-data-jpa/2.2.6.RELEASE/spring-boot-starter-data-jpa-2.2.6.RELEASE.jar
7f3745b8d000-7f3745d8d000 rw-p 00000000 00:00 0 
7f3745d8d000-7f3745f8d000 rw-p 00000000 00:00 0 
7f3745f8d000-7f3746007000 r--s 01103000 08:03 950676                     /usr/lib/jvm/java-8-openjdk-amd64/lib/tools.jar
7f3746007000-7f3746009000 r--s 00004000 08:03 1347084                    /home/paulo/.m2/repository/org/codehaus/plexus/plexus-compiler-javac/2.8.4/plexus-compiler-javac-2.8.4.jar
7f3746009000-7f374600b000 r--s 00000000 08:03 1346276                    /home/paulo/.m2/repository/org/codehaus/plexus/plexus-compiler-manager/2.8.4/plexus-compiler-manager-2.8.4.jar
7f374600b000-7f374600d000 r--s 00005000 08:03 1345691                    /home/paulo/.m2/repository/org/codehaus/plexus/plexus-compiler-api/2.8.4/plexus-compiler-api-2.8.4.jar
7f374600d000-7f3746014000 r--s 00047000 08:03 1345291                    /home/paulo/.m2/repository/com/thoughtworks/qdox/qdox/2.0-M9/qdox-2.0-M9.jar
7f3746014000-7f3746016000 r--s 0001a000 08:03 1345615                    /home/paulo/.m2/repository/org/ow2/asm/asm/6.2/asm-6.2.jar
7f3746016000-7f3746018000 r--s 00008000 08:03 1186805                    /home/paulo/.m2/repository/org/codehaus/plexus/plexus-java/0.9.10/plexus-java-0.9.10.jar
7f3746018000-7f374601a000 r--s 00002000 08:03 1328404                    /home/paulo/.m2/repository/org/apache/maven/shared/maven-shared-incremental/1.1/maven-shared-incremental-1.1.jar
7f374601a000-7f374601c000 r--s 0000d000 08:03 1212059                    /home/paulo/.m2/repository/org/codehaus/plexus/plexus-interpolation/1.14/plexus-interpolation-1.14.jar
7f374601c000-7f374601e000 r--s 0000e000 08:03 1185868                    /home/paulo/.m2/repository/org/apache/maven/plugins/maven-compiler-plugin/3.8.1/maven-compiler-plugin-3.8.1.jar
7f374601e000-7f3746021000 r--s 00011000 08:03 1324173                    /home/paulo/.m2/repository/org/codehaus/plexus/plexus-interpolation/1.24/plexus-interpolation-1.24.jar
7f3746021000-7f3746023000 r--s 00001000 08:03 1324170                    /home/paulo/.m2/repository/org/sonatype/plexus/plexus-build-api/0.0.7/plexus-build-api-0.0.7.jar
7f3746023000-7f3746025000 r--s 00006000 08:03 1324165                    /home/paulo/.m2/repository/com/google/code/findbugs/jsr305/2.0.1/jsr305-2.0.1.jar
7f3746025000-7f3746028000 r--s 00023000 08:03 1324164                    /home/paulo/.m2/repository/org/apache/maven/shared/maven-shared-utils/3.0.0/maven-shared-utils-3.0.0.jar
7f3746028000-7f374602a000 r--s 0000b000 08:03 1324162                    /home/paulo/.m2/repository/org/apache/maven/shared/maven-filtering/3.1.1/maven-filtering-3.1.1.jar
7f374602a000-7f374602e000 r--s 0003c000 08:03 1186800                    /home/paulo/.m2/repository/org/codehaus/plexus/plexus-utils/3.1.0/plexus-utils-3.1.0.jar
7f374602e000-7f3746030000 r--s 00002000 08:03 1324144                    /home/paulo/.m2/repository/org/sonatype/plexus/plexus-cipher/1.4/plexus-cipher-1.4.jar
7f3746030000-7f3746031000 r--s 00006000 08:03 1212049                    /home/paulo/.m2/repository/org/sonatype/plexus/plexus-sec-dispatcher/1.3/plexus-sec-dispatcher-1.3.jar
7f3746031000-7f3746035000 r--s 00017000 08:03 1324156                    /home/paulo/.m2/repository/org/sonatype/aether/aether-util/1.7/aether-util-1.7.jar
7f3746035000-7f3746036000 r--s 00007000 08:03 1185852                    /home/paulo/.m2/repository/org/apache/maven/plugins/maven-resources-plugin/3.1.0/maven-resources-plugin-3.1.0.jar
7f3746036000-7f374603a000 r--s 0002f000 08:03 1324172                    /home/paulo/.m2/repository/commons-io/commons-io/2.5/commons-io-2.5.jar
7f374603a000-7f374603d000 r--s 00026000 08:03 1343988                    /home/paulo/.m2/repository/org/apache/maven/shared/maven-shared-utils/3.2.1/maven-shared-utils-3.2.1.jar
7f374603d000-7f3746048000 r--s 00069000 08:03 1212037                    /home/paulo/.m2/repository/org/sonatype/sisu/sisu-guice/2.1.7/sisu-guice-2.1.7-noaop.jar
7f3746048000-7f374604d000 r--s 00021000 08:03 1212035                    /home/paulo/.m2/repository/org/sonatype/sisu/sisu-inject-bean/1.4.2/sisu-inject-bean-1.4.2.jar
7f374604d000-7f374604f000 r--s 00000000 08:03 1186795                    /home/paulo/.m2/repository/org/codehaus/plexus/plexus-component-annotations/1.7.1/plexus-component-annotations-1.7.1.jar
7f374604f000-7f3746053000 r--s 00033000 08:03 1212057                    /home/paulo/.m2/repository/org/codehaus/plexus/plexus-utils/2.0.4/plexus-utils-2.0.4.jar
7f3746053000-7f3746055000 r--s 00006000 08:03 1215308                    /home/paulo/.m2/repository/org/apache/maven/plugins/maven-clean-plugin/3.1.0/maven-clean-plugin-3.1.0.jar
7f3746055000-7f3746255000 rw-p 00000000 00:00 0 
7f3746255000-7f3746455000 rw-p 00000000 00:00 0 
7f3746455000-7f374645a000 r--s 000a3000 08:03 932981                     /usr/lib/jvm/java-8-openjdk-amd64/jre/lib/jsse.jar
7f374645a000-7f374665a000 rw-p 00000000 00:00 0 
7f374665a000-7f374685a000 rw-p 00000000 00:00 0 
7f374685a000-7f374685c000 r--s 0000d000 08:03 832515                     /opt/netbeans/java/maven-nblib/netbeans-eventspy.jar
7f374685c000-7f374685d000 r--s 00006000 08:03 832563                     /opt/netbeans/java/maven/lib/maven-repository-metadata-3.3.9.jar
7f374685d000-7f3746863000 r--s 0002d000 08:03 832571                     /opt/netbeans/java/maven/lib/org.eclipse.sisu.plexus-0.3.2.jar
7f3746863000-7f3746864000 r--s 00002000 08:03 832584                     /opt/netbeans/java/maven/lib/wagon-file-2.10.jar
7f3746864000-7f3746871000 r--s 0008f000 08:03 832553                     /opt/netbeans/java/maven/lib/maven-core-3.3.9.jar
7f3746871000-7f3746876000 r--s 0001d000 08:03 832517                     /opt/netbeans/java/maven/lib/aether-api-1.0.2.v20150114.jar
7f3746876000-7f374687a000 r--s 00020000 08:03 832527                     /opt/netbeans/java/maven/lib/aether-util-1.0.2.v20150114.jar
7f374687a000-7f3746880000 r--s 00041000 08:03 832551                     /opt/netbeans/java/maven/lib/maven-compat-3.3.9.jar
7f3746880000-7f3746885000 r--s 00041000 08:03 832534                     /opt/netbeans/java/maven/lib/commons-lang-2.6.jar
7f3746885000-7f3746886000 r--s 00003000 08:03 832549                     /opt/netbeans/java/maven/lib/maven-builder-support-3.3.9.jar
7f3746886000-7f374688a000 r--s 00027000 08:03 832533                     /opt/netbeans/java/maven/lib/commons-io-2.2.jar
7f374688a000-7f374688c000 r--s 00009000 08:03 832566                     /opt/netbeans/java/maven/lib/maven-settings-builder-3.3.9.jar
7f374688c000-7f374688e000 r--s 00006000 08:03 832523                     /opt/netbeans/java/maven/lib/aether-spi-1.0.2.v20150114.jar
7f374688e000-7f3746892000 r--s 00038000 08:03 832579                     /opt/netbeans/java/maven/lib/plexus-utils-3.0.22.jar
7f3746892000-7f37468c0000 r--s 001fa000 08:03 832586                     /opt/netbeans/java/maven/lib/wagon-http-2.10-shaded.jar
7f37468c0000-7f37468eb000 r--s 001fc000 08:03 832538                     /opt/netbeans/java/maven/lib/guava-18.0.jar
7f37468eb000-7f3746902000 r-xp 00000000 08:03 933050                     /usr/lib/jvm/java-8-openjdk-amd64/jre/lib/amd64/libnet.so
7f3746902000-7f3746b01000 ---p 00017000 08:03 933050                     /usr/lib/jvm/java-8-openjdk-amd64/jre/lib/amd64/libnet.so
7f3746b01000-7f3746b02000 r--p 00016000 08:03 933050                     /usr/lib/jvm/java-8-openjdk-amd64/jre/lib/amd64/libnet.so
7f3746b02000-7f3746b03000 rw-p 00017000 08:03 933050                     /usr/lib/jvm/java-8-openjdk-amd64/jre/lib/amd64/libnet.so
7f3746b03000-7f3746b14000 r-xp 00000000 08:03 933054                     /usr/lib/jvm/java-8-openjdk-amd64/jre/lib/amd64/libnio.so
7f3746b14000-7f3746d14000 ---p 00011000 08:03 933054                     /usr/lib/jvm/java-8-openjdk-amd64/jre/lib/amd64/libnio.so
7f3746d14000-7f3746d15000 r--p 00011000 08:03 933054                     /usr/lib/jvm/java-8-openjdk-amd64/jre/lib/amd64/libnio.so
7f3746d15000-7f3746d16000 rw-p 00012000 08:03 933054                     /usr/lib/jvm/java-8-openjdk-amd64/jre/lib/amd64/libnio.so
7f3746d16000-7f3746d17000 ---p 00000000 00:00 0 
7f3746d17000-7f3746e17000 rw-p 00000000 00:00 0 
7f3746e17000-7f3746e1a000 ---p 00000000 00:00 0 
7f3746e1a000-7f3746f18000 rw-p 00000000 00:00 0 
7f3746f18000-7f3746f1b000 ---p 00000000 00:00 0 
7f3746f1b000-7f3747019000 rw-p 00000000 00:00 0 
7f3747019000-7f374701c000 ---p 00000000 00:00 0 
7f374701c000-7f374711a000 rw-p 00000000 00:00 0 
7f374711a000-7f374711d000 ---p 00000000 00:00 0 
7f374711d000-7f374721b000 rw-p 00000000 00:00 0 
7f374721b000-7f374721e000 ---p 00000000 00:00 0 
7f374721e000-7f374731c000 rw-p 00000000 00:00 0 
7f374731c000-7f37475f6000 r--p 00000000 08:03 393923                     /usr/lib/locale/locale-archive
7f37475f6000-7f37475f9000 ---p 00000000 00:00 0 
7f37475f9000-7f37476f7000 rw-p 00000000 00:00 0 
7f37476f7000-7f37476fa000 ---p 00000000 00:00 0 
7f37476fa000-7f37477f8000 rw-p 00000000 00:00 0 
7f37477f8000-7f37477f9000 ---p 00000000 00:00 0 
7f37477f9000-7f3748000000 rw-p 00000000 00:00 0 
7f3748000000-7f3748021000 rw-p 00000000 00:00 0 
7f3748021000-7f374c000000 ---p 00000000 00:00 0 
7f374c000000-7f374c001000 r--s 0000a000 08:03 832565                     /opt/netbeans/java/maven/lib/maven-settings-3.3.9.jar
7f374c001000-7f374c006000 r--s 00027000 08:03 832558                     /opt/netbeans/java/maven/lib/maven-model-builder-3.3.9.jar
7f374c006000-7f374c008000 r--s 00005000 08:03 832580                     /opt/netbeans/java/maven/lib/slf4j-api-1.7.5.jar
7f374c008000-7f374c00a000 r--s 0000a000 08:03 832561                     /opt/netbeans/java/maven/lib/maven-plugin-api-3.3.9.jar
7f374c00a000-7f374c00b000 r--s 00002000 08:03 832582                     /opt/netbeans/java/maven/lib/slf4j-simple-1.7.5.jar
7f374c00b000-7f374c011000 r--s 00042000 08:03 832541                     /opt/netbeans/java/maven/lib/jsoup-1.7.2.jar
7f374c011000-7f374c018000 r--s 00064000 08:03 832535                     /opt/netbeans/java/maven/lib/commons-lang3-3.4.jar
7f374c018000-7f374c020000 r--s 00055000 08:03 832569                     /opt/netbeans/java/maven/lib/org.eclipse.sisu.inject-0.3.2.jar
7f374c020000-7f374c029000 r--s 0005f000 08:03 832539                     /opt/netbeans/java/maven/lib/guice-4.0-no_aop.jar
7f374c029000-7f374c02c000 r--s 00008000 08:03 832530                     /opt/netbeans/java/maven/lib/cdi-api-1.0.jar
7f374c02c000-7f374c02f000 r--s 00013000 08:03 832555                     /opt/netbeans/java/maven/lib/maven-embedder-3.3.9.jar
7f374c02f000-7f374c031000 r--s 00009000 08:03 832532                     /opt/netbeans/java/maven/lib/commons-cli-1.2.jar
7f374c031000-7f374c035000 r--s 00027000 08:03 832521                     /opt/netbeans/java/maven/lib/aether-impl-1.0.2.v20150114.jar
7f374c035000-7f374c037000 r--s 0000c000 08:03 832547                     /opt/netbeans/java/maven/lib/maven-artifact-3.3.9.jar
7f374c037000-7f374c039000 r--s 00000000 08:03 832529                     /opt/netbeans/java/maven/lib/aopalliance-1.0.jar
7f374c039000-7f374c03a000 r--s 00006000 08:03 832577                     /opt/netbeans/java/maven/lib/plexus-sec-dispatcher-1.3.jar
7f374c03a000-7f374c03b000 r--s 00008000 08:03 832519                     /opt/netbeans/java/maven/lib/aether-connector-basic-1.0.2.v20150114.jar
7f374c03b000-7f374c03c000 r--s 00002000 08:03 832587                     /opt/netbeans/java/maven/lib/wagon-http-shared-2.10.jar
7f374c03c000-7f374c03d000 r--s 00001000 08:03 832543                     /opt/netbeans/java/maven/lib/jsr250-api-1.0.jar
7f374c03d000-7f374c040000 r--s 0000b000 08:03 832590                     /opt/netbeans/java/maven/lib/wagon-provider-api-2.10.jar
7f374c040000-7f374c043000 r--s 0000d000 08:03 832576                     /opt/netbeans/java/maven/lib/plexus-interpolation-1.21.jar
7f374c043000-7f374c045000 r--s 00002000 08:03 832573                     /opt/netbeans/java/maven/lib/plexus-cipher-1.7.jar
7f374c045000-7f374c047000 r--s 00005000 08:03 832525                     /opt/netbeans/java/maven/lib/aether-transport-wagon-1.0.2.v20150114.jar
7f374c047000-7f374c04a000 r--s 00026000 08:03 832557                     /opt/netbeans/java/maven/lib/maven-model-3.3.9.jar
7f374c04a000-7f374c04b000 r--s 00000000 08:03 832540                     /opt/netbeans/java/maven/lib/javax.inject-1.jar
7f374c04b000-7f374c04d000 r--s 00000000 08:03 832575                     /opt/netbeans/java/maven/lib/plexus-component-annotations-1.6.jar
7f374c04d000-7f374c04f000 r--s 0000f000 08:03 832545                     /opt/netbeans/java/maven/lib/maven-aether-provider-3.3.9.jar
7f374c04f000-7f374c051000 r--s 0000b000 08:03 578308                     /opt/netbeans/java/maven/boot/plexus-classworlds-2.5.2.jar
7f374c051000-7f374c06c000 r--s 00394000 08:03 932991                     /usr/lib/jvm/java-8-openjdk-amd64/jre/lib/ext/cldrdata.jar
7f374c06c000-7f374c087000 r--s 001d6000 08:03 932985                     /usr/lib/jvm/java-8-openjdk-amd64/jre/lib/ext/nashorn.jar
7f374c087000-7f374c08c000 r--s 0003d000 08:03 932993                     /usr/lib/jvm/java-8-openjdk-amd64/jre/lib/ext/sunjce_provider.jar
7f374c08c000-7f374c096000 r--s 00116000 08:03 932989                     /usr/lib/jvm/java-8-openjdk-amd64/jre/lib/ext/localedata.jar
7f374c096000-7f374d000000 rw-p 00000000 00:00 0 
7f374d000000-7f374e010000 rwxp 00000000 00:00 0 
7f374e010000-7f375c000000 ---p 00000000 00:00 0 
7f375c000000-7f375d30d000 rw-p 00000000 00:00 0 
7f375d30d000-7f3760000000 ---p 00000000 00:00 0 
7f3760000000-7f3760001000 r--s 0000d000 08:03 932999                     /usr/lib/jvm/java-8-openjdk-amd64/jre/lib/ext/sunec.jar
7f3760001000-7f3760144000 rw-p 00000000 00:00 0 
7f3760144000-7f3760314000 r--s 03c68000 08:03 933060                     /usr/lib/jvm/java-8-openjdk-amd64/jre/lib/rt.jar
7f3760314000-7f37622c0000 rw-p 00000000 00:00 0 
7f37622c0000-7f37622c1000 ---p 00000000 00:00 0 
7f37622c1000-7f37623c1000 rw-p 00000000 00:00 0 
7f37623c1000-7f37623c2000 ---p 00000000 00:00 0 
7f37623c2000-7f37624c2000 rw-p 00000000 00:00 0 
7f37624c2000-7f37624c3000 ---p 00000000 00:00 0 
7f37624c3000-7f37625c3000 rw-p 00000000 00:00 0 
7f37625c3000-7f37625c4000 ---p 00000000 00:00 0 
7f37625c4000-7f37626e0000 rw-p 00000000 00:00 0 
7f37626e0000-7f37627fe000 ---p 00000000 00:00 0 
7f37627fe000-7f376281a000 rw-p 00000000 00:00 0 
7f376281a000-7f3762937000 ---p 00000000 00:00 0 
7f3762937000-7f37629a5000 rw-p 00000000 00:00 0 
7f37629a5000-7f37629d4000 ---p 00000000 00:00 0 
7f37629d4000-7f3762a16000 rw-p 00000000 00:00 0 
7f3762a16000-7f3762d95000 ---p 00000000 00:00 0 
7f3762d95000-7f3762d9d000 r-xp 00000000 08:03 933037                     /usr/lib/jvm/java-8-openjdk-amd64/jre/lib/amd64/libzip.so
7f3762d9d000-7f3762f9c000 ---p 00008000 08:03 933037                     /usr/lib/jvm/java-8-openjdk-amd64/jre/lib/amd64/libzip.so
7f3762f9c000-7f3762f9d000 r--p 00007000 08:03 933037                     /usr/lib/jvm/java-8-openjdk-amd64/jre/lib/amd64/libzip.so
7f3762f9d000-7f3762f9e000 rw-p 00008000 08:03 933037                     /usr/lib/jvm/java-8-openjdk-amd64/jre/lib/amd64/libzip.so
7f3762f9e000-7f3762fa9000 r-xp 00000000 08:03 2647307                    /lib/x86_64-linux-gnu/libnss_files-2.23.so
7f3762fa9000-7f37631a8000 ---p 0000b000 08:03 2647307                    /lib/x86_64-linux-gnu/libnss_files-2.23.so
7f37631a8000-7f37631a9000 r--p 0000a000 08:03 2647307                    /lib/x86_64-linux-gnu/libnss_files-2.23.so
7f37631a9000-7f37631aa000 rw-p 0000b000 08:03 2647307                    /lib/x86_64-linux-gnu/libnss_files-2.23.so
7f37631aa000-7f37631b0000 rw-p 00000000 00:00 0 
7f37631b0000-7f37631bb000 r-xp 00000000 08:03 2647300                    /lib/x86_64-linux-gnu/libnss_nis-2.23.so
7f37631bb000-7f37633ba000 ---p 0000b000 08:03 2647300                    /lib/x86_64-linux-gnu/libnss_nis-2.23.so
7f37633ba000-7f37633bb000 r--p 0000a000 08:03 2647300                    /lib/x86_64-linux-gnu/libnss_nis-2.23.so
7f37633bb000-7f37633bc000 rw-p 0000b000 08:03 2647300                    /lib/x86_64-linux-gnu/libnss_nis-2.23.so
7f37633bc000-7f37633d2000 r-xp 00000000 08:03 2647305                    /lib/x86_64-linux-gnu/libnsl-2.23.so
7f37633d2000-7f37635d1000 ---p 00016000 08:03 2647305                    /lib/x86_64-linux-gnu/libnsl-2.23.so
7f37635d1000-7f37635d2000 r--p 00015000 08:03 2647305                    /lib/x86_64-linux-gnu/libnsl-2.23.so
7f37635d2000-7f37635d3000 rw-p 00016000 08:03 2647305                    /lib/x86_64-linux-gnu/libnsl-2.23.so
7f37635d3000-7f37635d5000 rw-p 00000000 00:00 0 
7f37635d5000-7f37635dd000 r-xp 00000000 08:03 2647311                    /lib/x86_64-linux-gnu/libnss_compat-2.23.so
7f37635dd000-7f37637dc000 ---p 00008000 08:03 2647311                    /lib/x86_64-linux-gnu/libnss_compat-2.23.so
7f37637dc000-7f37637dd000 r--p 00007000 08:03 2647311                    /lib/x86_64-linux-gnu/libnss_compat-2.23.so
7f37637dd000-7f37637de000 rw-p 00008000 08:03 2647311                    /lib/x86_64-linux-gnu/libnss_compat-2.23.so
7f37637de000-7f3763807000 r-xp 00000000 08:03 933048                     /usr/lib/jvm/java-8-openjdk-amd64/jre/lib/amd64/libjava.so
7f3763807000-7f3763a07000 ---p 00029000 08:03 933048                     /usr/lib/jvm/java-8-openjdk-amd64/jre/lib/amd64/libjava.so
7f3763a07000-7f3763a08000 r--p 00029000 08:03 933048                     /usr/lib/jvm/java-8-openjdk-amd64/jre/lib/amd64/libjava.so
7f3763a08000-7f3763a0a000 rw-p 0002a000 08:03 933048                     /usr/lib/jvm/java-8-openjdk-amd64/jre/lib/amd64/libjava.so
7f3763a0a000-7f3763a19000 r-xp 00000000 08:03 933033                     /usr/lib/jvm/java-8-openjdk-amd64/jre/lib/amd64/libverify.so
7f3763a19000-7f3763c18000 ---p 0000f000 08:03 933033                     /usr/lib/jvm/java-8-openjdk-amd64/jre/lib/amd64/libverify.so
7f3763c18000-7f3763c1a000 r--p 0000e000 08:03 933033                     /usr/lib/jvm/java-8-openjdk-amd64/jre/lib/amd64/libverify.so
7f3763c1a000-7f3763c1b000 rw-p 00010000 08:03 933033                     /usr/lib/jvm/java-8-openjdk-amd64/jre/lib/amd64/libverify.so
7f3763c1b000-7f3763c22000 r-xp 00000000 08:03 2647293                    /lib/x86_64-linux-gnu/librt-2.23.so
7f3763c22000-7f3763e21000 ---p 00007000 08:03 2647293                    /lib/x86_64-linux-gnu/librt-2.23.so
7f3763e21000-7f3763e22000 r--p 00006000 08:03 2647293                    /lib/x86_64-linux-gnu/librt-2.23.so
7f3763e22000-7f3763e23000 rw-p 00007000 08:03 2647293                    /lib/x86_64-linux-gnu/librt-2.23.so
7f3763e23000-7f3763e39000 r-xp 00000000 08:03 2626604                    /lib/x86_64-linux-gnu/libgcc_s.so.1
7f3763e39000-7f3764038000 ---p 00016000 08:03 2626604                    /lib/x86_64-linux-gnu/libgcc_s.so.1
7f3764038000-7f3764039000 rw-p 00015000 08:03 2626604                    /lib/x86_64-linux-gnu/libgcc_s.so.1
7f3764039000-7f3764141000 r-xp 00000000 08:03 2647313                    /lib/x86_64-linux-gnu/libm-2.23.so
7f3764141000-7f3764340000 ---p 00108000 08:03 2647313                    /lib/x86_64-linux-gnu/libm-2.23.so
7f3764340000-7f3764341000 r--p 00107000 08:03 2647313                    /lib/x86_64-linux-gnu/libm-2.23.so
7f3764341000-7f3764342000 rw-p 00108000 08:03 2647313                    /lib/x86_64-linux-gnu/libm-2.23.so
7f3764342000-7f37644b4000 r-xp 00000000 08:03 395067                     /usr/lib/x86_64-linux-gnu/libstdc++.so.6.0.21
7f37644b4000-7f37646b4000 ---p 00172000 08:03 395067                     /usr/lib/x86_64-linux-gnu/libstdc++.so.6.0.21
7f37646b4000-7f37646be000 r--p 00172000 08:03 395067                     /usr/lib/x86_64-linux-gnu/libstdc++.so.6.0.21
7f37646be000-7f37646c0000 rw-p 0017c000 08:03 395067                     /usr/lib/x86_64-linux-gnu/libstdc++.so.6.0.21
7f37646c0000-7f37646c4000 rw-p 00000000 00:00 0 
7f37646c4000-7f376532c000 r-xp 00000000 08:03 933051                     /usr/lib/jvm/java-8-openjdk-amd64/jre/lib/amd64/server/libjvm.so
7f376532c000-7f376552c000 ---p 00c68000 08:03 933051                     /usr/lib/jvm/java-8-openjdk-amd64/jre/lib/amd64/server/libjvm.so
7f376552c000-7f37655c0000 r--p 00c68000 08:03 933051                     /usr/lib/jvm/java-8-openjdk-amd64/jre/lib/amd64/server/libjvm.so
7f37655c0000-7f37655e9000 rw-p 00cfc000 08:03 933051                     /usr/lib/jvm/java-8-openjdk-amd64/jre/lib/amd64/server/libjvm.so
7f37655e9000-7f3765619000 rw-p 00000000 00:00 0 
7f3765619000-7f3765631000 r-xp 00000000 08:03 2647297                    /lib/x86_64-linux-gnu/libpthread-2.23.so
7f3765631000-7f3765830000 ---p 00018000 08:03 2647297                    /lib/x86_64-linux-gnu/libpthread-2.23.so
7f3765830000-7f3765831000 r--p 00017000 08:03 2647297                    /lib/x86_64-linux-gnu/libpthread-2.23.so
7f3765831000-7f3765832000 rw-p 00018000 08:03 2647297                    /lib/x86_64-linux-gnu/libpthread-2.23.so
7f3765832000-7f3765836000 rw-p 00000000 00:00 0 
7f3765836000-7f3765839000 r-xp 00000000 08:03 2647295                    /lib/x86_64-linux-gnu/libdl-2.23.so
7f3765839000-7f3765a38000 ---p 00003000 08:03 2647295                    /lib/x86_64-linux-gnu/libdl-2.23.so
7f3765a38000-7f3765a39000 r--p 00002000 08:03 2647295                    /lib/x86_64-linux-gnu/libdl-2.23.so
7f3765a39000-7f3765a3a000 rw-p 00003000 08:03 2647295                    /lib/x86_64-linux-gnu/libdl-2.23.so
7f3765a3a000-7f3765a53000 r-xp 00000000 08:03 2626561                    /lib/x86_64-linux-gnu/libz.so.1.2.8
7f3765a53000-7f3765c52000 ---p 00019000 08:03 2626561                    /lib/x86_64-linux-gnu/libz.so.1.2.8
7f3765c52000-7f3765c53000 r--p 00018000 08:03 2626561                    /lib/x86_64-linux-gnu/libz.so.1.2.8
7f3765c53000-7f3765c54000 rw-p 00019000 08:03 2626561                    /lib/x86_64-linux-gnu/libz.so.1.2.8
7f3765c54000-7f3765e14000 r-xp 00000000 08:03 2647310                    /lib/x86_64-linux-gnu/libc-2.23.so
7f3765e14000-7f3766014000 ---p 001c0000 08:03 2647310                    /lib/x86_64-linux-gnu/libc-2.23.so
7f3766014000-7f3766018000 r--p 001c0000 08:03 2647310                    /lib/x86_64-linux-gnu/libc-2.23.so
7f3766018000-7f376601a000 rw-p 001c4000 08:03 2647310                    /lib/x86_64-linux-gnu/libc-2.23.so
7f376601a000-7f376601e000 rw-p 00000000 00:00 0 
7f376601e000-7f376602b000 r-xp 00000000 08:03 933040                     /usr/lib/jvm/java-8-openjdk-amd64/jre/lib/amd64/jli/libjli.so
7f376602b000-7f376622b000 ---p 0000d000 08:03 933040                     /usr/lib/jvm/java-8-openjdk-amd64/jre/lib/amd64/jli/libjli.so
7f376622b000-7f376622c000 r--p 0000d000 08:03 933040                     /usr/lib/jvm/java-8-openjdk-amd64/jre/lib/amd64/jli/libjli.so
7f376622c000-7f376622d000 rw-p 0000e000 08:03 933040                     /usr/lib/jvm/java-8-openjdk-amd64/jre/lib/amd64/jli/libjli.so
7f376622d000-7f3766253000 r-xp 00000000 08:03 2647296                    /lib/x86_64-linux-gnu/ld-2.23.so
7f3766253000-7f3766254000 r--s 00010000 08:03 932997                     /usr/lib/jvm/java-8-openjdk-amd64/jre/lib/ext/zipfs.jar
7f3766254000-7f3766258000 r--s 0003a000 08:03 932987                     /usr/lib/jvm/java-8-openjdk-amd64/jre/lib/ext/sunpkcs11.jar
7f3766258000-7f376625a000 r--s 00001000 08:03 932995                     /usr/lib/jvm/java-8-openjdk-amd64/jre/lib/ext/dnsns.jar
7f376625a000-7f376632b000 rw-p 00000000 00:00 0 
7f376632b000-7f376632e000 ---p 00000000 00:00 0 
7f376632e000-7f3766430000 rw-p 00000000 00:00 0 
7f3766430000-7f3766431000 r--s 0000a000 08:03 933001                     /usr/lib/jvm/java-8-openjdk-amd64/jre/lib/ext/jaccess.jar
7f3766431000-7f3766434000 r--s 0000f000 08:03 933003                     /usr/lib/jvm/java-8-openjdk-amd64/jre/lib/ext/icedtea-sound.jar
7f3766434000-7f3766447000 rw-p 00000000 00:00 0 
7f3766447000-7f376644f000 rw-s 00000000 08:03 2634173                    /tmp/hsperfdata_paulo/9918
7f376644f000-7f3766450000 rw-p 00000000 00:00 0 
7f3766450000-7f3766451000 ---p 00000000 00:00 0 
7f3766451000-7f3766452000 rw-p 00000000 00:00 0 
7f3766452000-7f3766453000 r--p 00025000 08:03 2647296                    /lib/x86_64-linux-gnu/ld-2.23.so
7f3766453000-7f3766454000 rw-p 00026000 08:03 2647296                    /lib/x86_64-linux-gnu/ld-2.23.so
7f3766454000-7f3766455000 rw-p 00000000 00:00 0 
7ffc838b8000-7ffc838d9000 rw-p 00000000 00:00 0                          [stack]
7ffc8398c000-7ffc8398e000 r--p 00000000 00:00 0                          [vvar]
7ffc8398e000-7ffc83990000 r-xp 00000000 00:00 0                          [vdso]
ffffffffff600000-ffffffffff601000 r-xp 00000000 00:00 0                  [vsyscall]

VM Arguments:
jvm_args: -Dclassworlds.conf=/opt/netbeans/java/maven/bin/m2.conf -Dmaven.home=/opt/netbeans/java/maven -Dmaven.multiModuleProjectDirectory=/home/paulo/Projetos/Java/LibraryBookStore 
java_command: org.codehaus.plexus.classworlds.launcher.Launcher -Dmaven.ext.class.path=/opt/netbeans/java/maven-nblib/netbeans-eventspy.jar clean install
java_class_path (initial): /opt/netbeans/java/maven/boot/plexus-classworlds-2.5.2.jar
Launcher Type: SUN_STANDARD

Environment Variables:
JAVA_HOME=/usr/lib/jvm/java-8-openjdk-amd64
PATH=/home/paulo/.rbenv/plugins/ruby-build/bin:/home/paulo/.rbenv/shims:/home/paulo/.rbenv/bin:/home/paulo/bin:/home/paulo/.local/bin:/usr/local/bin:/usr/bin:/bin:/usr/games:/snap/bin:/home/paulo/Android/Sdk/platform-tools:/home/paulo/Android/Sdk/tools
USERNAME=paulo
SHELL=/bin/bash
DISPLAY=:1

Signal Handlers:
SIGSEGV: [libjvm.so+0xa7b8f0], sa_mask[0]=11111111011111111101111111111110, sa_flags=SA_RESTART|SA_SIGINFO
SIGBUS: [libjvm.so+0xa7b8f0], sa_mask[0]=11111111011111111101111111111110, sa_flags=SA_RESTART|SA_SIGINFO
SIGFPE: [libjvm.so+0x8c3a90], sa_mask[0]=11111111011111111101111111111110, sa_flags=SA_RESTART|SA_SIGINFO
SIGPIPE: [libjvm.so+0x8c3a90], sa_mask[0]=11111111011111111101111111111110, sa_flags=SA_RESTART|SA_SIGINFO
SIGXFSZ: [libjvm.so+0x8c3a90], sa_mask[0]=11111111011111111101111111111110, sa_flags=SA_RESTART|SA_SIGINFO
SIGILL: [libjvm.so+0x8c3a90], sa_mask[0]=11111111011111111101111111111110, sa_flags=SA_RESTART|SA_SIGINFO
SIGUSR1: SIG_DFL, sa_mask[0]=00000000000000000000000000000000, sa_flags=none
SIGUSR2: [libjvm.so+0x8c3940], sa_mask[0]=00100000000000000000000000000000, sa_flags=SA_RESTART|SA_SIGINFO
SIGHUP: [libjvm.so+0x8c3fd0], sa_mask[0]=11111111011111111101111111111110, sa_flags=SA_RESTART|SA_SIGINFO
SIGINT: SIG_IGN, sa_mask[0]=00000000000000000000000000000000, sa_flags=none
SIGTERM: [libjvm.so+0x8c3fd0], sa_mask[0]=11111111011111111101111111111110, sa_flags=SA_RESTART|SA_SIGINFO
SIGQUIT: [libjvm.so+0x8c3fd0], sa_mask[0]=11111111011111111101111111111110, sa_flags=SA_RESTART|SA_SIGINFO


---------------  S Y S T E M  ---------------

OS:DISTRIB_ID=Ubuntu
DISTRIB_RELEASE=16.04
DISTRIB_CODENAME=xenial
DISTRIB_DESCRIPTION="Ubuntu 16.04.6 LTS"

uname:Linux 4.7.10-040710-generic #201610220847 SMP Sat Oct 22 12:50:14 UTC 2016 x86_64
libc:glibc 2.23 NPTL 2.23 
rlimit: STACK 8192k, CORE 0k, NPROC 14854, NOFILE 1048576, AS infinity
load average:7,52 2,66 1,51

/proc/meminfo:
MemTotal:        3845512 kB
MemFree:           87392 kB
MemAvailable:          0 kB
Buffers:             748 kB
Cached:           630584 kB
SwapCached:            0 kB
Active:          2926852 kB
Inactive:         621020 kB
Active(anon):    2921772 kB
Inactive(anon):   615200 kB
Active(file):       5080 kB
Inactive(file):     5820 kB
Unevictable:          64 kB
Mlocked:              64 kB
SwapTotal:             0 kB
SwapFree:              0 kB
Dirty:                 4 kB
Writeback:            44 kB
AnonPages:       2917268 kB
Mapped:            99504 kB
Shmem:            619768 kB
Slab:              93416 kB
SReclaimable:      33716 kB
SUnreclaim:        59700 kB
KernelStack:       13184 kB
PageTables:        57268 kB
NFS_Unstable:          0 kB
Bounce:                0 kB
WritebackTmp:          0 kB
CommitLimit:     1922756 kB
Committed_AS:   10174124 kB
VmallocTotal:   34359738367 kB
VmallocUsed:           0 kB
VmallocChunk:          0 kB
HardwareCorrupted:     0 kB
AnonHugePages:      2048 kB
HugePages_Total:       0
HugePages_Free:        0
HugePages_Rsvd:        0
HugePages_Surp:        0
Hugepagesize:       2048 kB
DirectMap4k:      190720 kB
DirectMap2M:     3796992 kB

container (cgroup) information:
container_type: cgroupv1
cpu_cpuset_cpus: 0-3
cpu_memory_nodes: 0
active_processor_count: 4
cpu_quota: -1
cpu_period: 100000
cpu_shares: -1
memory_limit_in_bytes: -1
memory_and_swap_limit_in_bytes: -2
memory_soft_limit_in_bytes: -1
memory_usage_in_bytes: 3331436544
memory_max_usage_in_bytes: 3335409664


CPU:total 4 (initial active 4) (2 cores per cpu, 2 threads per core) family 6 model 37 stepping 2, cmov, cx8, fxsr, mmx, sse, sse2, sse3, ssse3, sse4.1, sse4.2, popcnt, ht, tsc, tscinvbit

/proc/cpuinfo:
processor	: 0
vendor_id	: GenuineIntel
cpu family	: 6
model		: 37
model name	: Intel(R) Core(TM) i3 CPU       M 350  @ 2.27GHz
stepping	: 2
microcode	: 0x11
cpu MHz		: 2266.000
cache size	: 3072 KB
physical id	: 0
siblings	: 4
core id		: 0
cpu cores	: 2
apicid		: 0
initial apicid	: 0
fpu		: yes
fpu_exception	: yes
cpuid level	: 11
wp		: yes
flags		: fpu vme de pse tsc msr pae mce cx8 apic sep mtrr pge mca cmov pat pse36 clflush dts acpi mmx fxsr sse sse2 ss ht tm pbe syscall nx rdtscp lm constant_tsc arch_perfmon pebs bts rep_good nopl xtopology nonstop_tsc aperfmperf eagerfpu pni dtes64 monitor ds_cpl vmx est tm2 ssse3 cx16 xtpr pdcm sse4_1 sse4_2 popcnt lahf_lm tpr_shadow vnmi flexpriority ept vpid dtherm arat
bugs		:
bogomips	: 4521.91
clflush size	: 64
cache_alignment	: 64
address sizes	: 36 bits physical, 48 bits virtual
power management:

processor	: 1
vendor_id	: GenuineIntel
cpu family	: 6
model		: 37
model name	: Intel(R) Core(TM) i3 CPU       M 350  @ 2.27GHz
stepping	: 2
microcode	: 0x11
cpu MHz		: 2266.000
cache size	: 3072 KB
physical id	: 0
siblings	: 4
core id		: 0
cpu cores	: 2
apicid		: 1
initial apicid	: 1
fpu		: yes
fpu_exception	: yes
cpuid level	: 11
wp		: yes
flags		: fpu vme de pse tsc msr pae mce cx8 apic sep mtrr pge mca cmov pat pse36 clflush dts acpi mmx fxsr sse sse2 ss ht tm pbe syscall nx rdtscp lm constant_tsc arch_perfmon pebs bts rep_good nopl xtopology nonstop_tsc aperfmperf eagerfpu pni dtes64 monitor ds_cpl vmx est tm2 ssse3 cx16 xtpr pdcm sse4_1 sse4_2 popcnt lahf_lm tpr_shadow vnmi flexpriority ept vpid dtherm arat
bugs		:
bogomips	: 4521.89
clflush size	: 64
cache_alignment	: 64
address sizes	: 36 bits physical, 48 bits virtual
power management:

processor	: 2
vendor_id	: GenuineIntel
cpu family	: 6
model		: 37
model name	: Intel(R) Core(TM) i3 CPU       M 350  @ 2.27GHz
stepping	: 2
microcode	: 0x11
cpu MHz		: 2266.000
cache size	: 3072 KB
physical id	: 0
siblings	: 4
core id		: 2
cpu cores	: 2
apicid		: 4
initial apicid	: 4
fpu		: yes
fpu_exception	: yes
cpuid level	: 11
wp		: yes
flags		: fpu vme de pse tsc msr pae mce cx8 apic sep mtrr pge mca cmov pat pse36 clflush dts acpi mmx fxsr sse sse2 ss ht tm pbe syscall nx rdtscp lm constant_tsc arch_perfmon pebs bts rep_good nopl xtopology nonstop_tsc aperfmperf eagerfpu pni dtes64 monitor ds_cpl vmx est tm2 ssse3 cx16 xtpr pdcm sse4_1 sse4_2 popcnt lahf_lm tpr_shadow vnmi flexpriority ept vpid dtherm arat
bugs		:
bogomips	: 4521.88
clflush size	: 64
cache_alignment	: 64
address sizes	: 36 bits physical, 48 bits virtual
power management:

processor	: 3
vendor_id	: GenuineIntel
cpu family	: 6
model		: 37
model name	: Intel(R) Core(TM) i3 CPU       M 350  @ 2.27GHz
stepping	: 2
microcode	: 0x11
cpu MHz		: 2266.000
cache size	: 3072 KB
physical id	: 0
siblings	: 4
core id		: 2
cpu cores	: 2
apicid		: 5
initial apicid	: 5
fpu		: yes
fpu_exception	: yes
cpuid level	: 11
wp		: yes
flags		: fpu vme de pse tsc msr pae mce cx8 apic sep mtrr pge mca cmov pat pse36 clflush dts acpi mmx fxsr sse sse2 ss ht tm pbe syscall nx rdtscp lm constant_tsc arch_perfmon pebs bts rep_good nopl xtopology nonstop_tsc aperfmperf eagerfpu pni dtes64 monitor ds_cpl vmx est tm2 ssse3 cx16 xtpr pdcm sse4_1 sse4_2 popcnt lahf_lm tpr_shadow vnmi flexpriority ept vpid dtherm arat
bugs		:
bogomips	: 4521.89
clflush size	: 64
cache_alignment	: 64
address sizes	: 36 bits physical, 48 bits virtual
power management:



Memory: 4k page, physical 3845512k(87836k free), swap 0k(0k free)

vm_info: OpenJDK 64-Bit Server VM (25.242-b08) for linux-amd64 JRE (1.8.0_242-8u242-b08-0ubuntu3~16.04-b08), built on Jan 18 2020 03:34:56 by "buildd" with gcc 5.4.0 20160609

time: Tue Apr 14 20:51:41 2020
timezone: -03
elapsed time: 62 seconds (0d 0h 1m 2s)

