#
# There is insufficient memory for the Java Runtime Environment to continue.
# Native memory allocation (mmap) failed to map 20971520 bytes for committing reserved memory.
# Possible reasons:
#   The system is out of physical RAM or swap space
#   The process is running with CompressedOops enabled, and the Java Heap may be blocking the growth of the native heap
# Possible solutions:
#   Reduce memory load on the system
#   Increase physical memory or swap space
#   Check if swap backing store is full
#   Decrease Java heap size (-Xmx/-Xms)
#   Decrease number of Java threads
#   Decrease Java thread stack sizes (-Xss)
#   Set larger code cache with -XX:ReservedCodeCacheSize=
#   JVM is running with Unscaled Compressed Oops mode in which the Java heap is
#     placed in the first 4GB address space. The Java Heap base address is the
#     maximum limit for the native heap growth. Please use -XX:HeapBaseMinAddress
#     to set the Java Heap base and to place the Java Heap above 4GB virtual address.
# This output file may be truncated or incomplete.
#
#  Out of Memory Error (os_linux.cpp:2757), pid=10757, tid=0x00007f9efd7b7700
#
# JRE version: OpenJDK Runtime Environment (8.0_242-b08) (build 1.8.0_242-8u242-b08-0ubuntu3~16.04-b08)
# Java VM: OpenJDK 64-Bit Server VM (25.242-b08 mixed mode linux-amd64 compressed oops)
# Failed to write core dump. Core dumps have been disabled. To enable core dumping, try "ulimit -c unlimited" before starting Java again
#

---------------  T H R E A D  ---------------

Current thread (0x00007f9f1013f800):  VMThread [stack: 0x00007f9efd6b7000,0x00007f9efd7b8000] [id=10766]

Stack: [0x00007f9efd6b7000,0x00007f9efd7b8000],  sp=0x00007f9efd7b64b0,  free space=1021k
Native frames: (J=compiled Java code, j=interpreted, Vv=VM code, C=native code)
V  [libjvm.so+0xa7ad8b]
V  [libjvm.so+0x4ccbcc]
V  [libjvm.so+0x8c8a28]
V  [libjvm.so+0x8c006e]
V  [libjvm.so+0x93ddb6]
V  [libjvm.so+0x93f0e3]
V  [libjvm.so+0x93b7c4]
V  [libjvm.so+0x93ba5c]
V  [libjvm.so+0x8ed723]
V  [libjvm.so+0xa7cac2]
V  [libjvm.so+0xa81b57]
V  [libjvm.so+0xa7f3b7]
V  [libjvm.so+0xa8069f]
V  [libjvm.so+0xa80bc2]
V  [libjvm.so+0x8c5d82]

VM_Operation (0x00007f9ef4848750): ParallelGCFailedAllocation, mode: safepoint, requested by thread 0x00007f9f10c61800


---------------  P R O C E S S  ---------------

Java Threads: ( => current thread )
  0x00007f9f10c61800 JavaThread "background-preinit" [_thread_blocked, id=10782, stack(0x00007f9ef474b000,0x00007f9ef484c000)]
  0x00007f9eb8056000 JavaThread "process reaper" daemon [_thread_in_native, id=10779, stack(0x00007f9ef4e74000,0x00007f9ef4ead000)]
  0x00007f9f102b7800 JavaThread "surefire-forkedjvm-ping-30s" daemon [_thread_in_native, id=10776, stack(0x00007f9efc354000,0x00007f9efc455000)]
  0x00007f9f102a0800 JavaThread "surefire-forkedjvm-command-thread" daemon [_thread_in_native, id=10775, stack(0x00007f9efc65f000,0x00007f9efc760000)]
  0x00007f9f101b9800 JavaThread "Service Thread" daemon [_thread_blocked, id=10773, stack(0x00007f9efccd6000,0x00007f9efcdd7000)]
  0x00007f9f10184000 JavaThread "C1 CompilerThread2" daemon [_thread_blocked, id=10772, stack(0x00007f9efcdd7000,0x00007f9efced8000)]
  0x00007f9f10182800 JavaThread "C2 CompilerThread1" daemon [_thread_blocked, id=10771, stack(0x00007f9efced8000,0x00007f9efcfd9000)]
  0x00007f9f1017f800 JavaThread "C2 CompilerThread0" daemon [_thread_blocked, id=10770, stack(0x00007f9efcfd9000,0x00007f9efd0da000)]
  0x00007f9f1017e000 JavaThread "Signal Dispatcher" daemon [_thread_blocked, id=10769, stack(0x00007f9efd0da000,0x00007f9efd1db000)]
  0x00007f9f1014d800 JavaThread "Finalizer" daemon [_thread_blocked, id=10768, stack(0x00007f9efd4b5000,0x00007f9efd5b6000)]
  0x00007f9f10149000 JavaThread "Reference Handler" daemon [_thread_blocked, id=10767, stack(0x00007f9efd5b6000,0x00007f9efd6b7000)]
  0x00007f9f1000b000 JavaThread "main" [_thread_blocked, id=10761, stack(0x00007f9f16790000,0x00007f9f16891000)]

Other Threads:
=>0x00007f9f1013f800 VMThread [stack: 0x00007f9efd6b7000,0x00007f9efd7b8000] [id=10766]
  0x00007f9f101bb800 WatcherThread [stack: 0x00007f9efcbd5000,0x00007f9efccd6000] [id=10774]

VM state:at safepoint (normal execution)

VM Mutex/Monitor currently owned by a thread:  ([mutex/lock_event])
[0x00007f9f10007170] Threads_lock - owner thread: 0x00007f9f1013f800
[0x00007f9f10007670] Heap_lock - owner thread: 0x00007f9f10c61800

heap address: 0x00000000f0000000, size: 256 MB, Compressed Oops mode: 32-bit
Narrow klass base: 0x0000000000000000, Narrow klass shift: 3
Compressed class space size: 1073741824 Address: 0x0000000100000000

Heap:
 PSYoungGen      total 64000K, used 2533K [0x00000000fab00000, 0x00000000fec00000, 0x0000000100000000)
  eden space 61440K, 0% used [0x00000000fab00000,0x00000000fab00000,0x00000000fe700000)
  from space 2560K, 98% used [0x00000000fe700000,0x00000000fe9794f0,0x00000000fe980000)
  to   space 2560K, 0% used [0x00000000fe980000,0x00000000fe980000,0x00000000fec00000)
 ParOldGen       total 40960K, used 8574K [0x00000000f0000000, 0x00000000f2800000, 0x00000000fab00000)
  object space 40960K, 20% used [0x00000000f0000000,0x00000000f085fb48,0x00000000f2800000)
 Metaspace       used 17937K, capacity 19116K, committed 19328K, reserved 1067008K
  class space    used 2372K, capacity 2605K, committed 2688K, reserved 1048576K

Card table byte_map: [0x00007f9f1670f000,0x00007f9f16790000] byte_map_base: 0x00007f9f15f8f000

Marking Bits: (ParMarkBitMap*) 0x00007f9f15a615c0
 Begin Bits: [0x00007f9eff1b6000, 0x00007f9eff5b6000)
 End Bits:   [0x00007f9eff5b6000, 0x00007f9eff9b6000)

Polling page: 0x00007f9f168b5000

CodeCache: size=245760Kb used=5267Kb max_used=5291Kb free=240492Kb
 bounds [0x00007f9f0017a000, 0x00007f9f006aa000, 0x00007f9f0f17a000]
 total_blobs=1939 nmethods=1573 adapters=281
 compilation: enabled

Compilation events (10 events):
Event: 3,956 Thread 0x00007f9f10184000 nmethod 1566 0x00007f9f0069dd50 code [0x00007f9f0069df20, 0x00007f9f0069e498]
Event: 3,961 Thread 0x00007f9f10184000 1569       3       java.lang.Class::createAnnotationData (192 bytes)
Event: 3,981 Thread 0x00007f9f10184000 nmethod 1569 0x00007f9f006a1050 code [0x00007f9f006a1380, 0x00007f9f006a28d8]
Event: 3,981 Thread 0x00007f9f10184000 1567       3       java.util.Collections::emptyIterator (4 bytes)
Event: 3,982 Thread 0x00007f9f10184000 nmethod 1567 0x00007f9f0068f710 code [0x00007f9f0068f860, 0x00007f9f0068f990]
Event: 4,073 Thread 0x00007f9f1017f800 1573       4       sun.net.www.protocol.file.Handler::parseURL (18 bytes)
Event: 4,119 Thread 0x00007f9f10184000 1574       3       java.util.Collections$EmptySet::iterator (4 bytes)
Event: 4,133 Thread 0x00007f9f10184000 nmethod 1574 0x00007f9f0069b8d0 code [0x00007f9f0069ba40, 0x00007f9f0069bbf0]
Event: 4,209 Thread 0x00007f9f10182800 nmethod 1572 0x00007f9f006a7e90 code [0x00007f9f006a8080, 0x00007f9f006a88f8]
Event: 4,209 Thread 0x00007f9f1017f800 nmethod 1573 0x00007f9f00695050 code [0x00007f9f006951a0, 0x00007f9f00695248]

GC Heap History (9 events):
Event: 0,598 GC heap before
{Heap before GC invocations=1 (full 0):
 PSYoungGen      total 17920K, used 15360K [0x00000000fab00000, 0x00000000fbf00000, 0x0000000100000000)
  eden space 15360K, 100% used [0x00000000fab00000,0x00000000fba00000,0x00000000fba00000)
  from space 2560K, 0% used [0x00000000fbc80000,0x00000000fbc80000,0x00000000fbf00000)
  to   space 2560K, 0% used [0x00000000fba00000,0x00000000fba00000,0x00000000fbc80000)
 ParOldGen       total 40960K, used 0K [0x00000000f0000000, 0x00000000f2800000, 0x00000000fab00000)
  object space 40960K, 0% used [0x00000000f0000000,0x00000000f0000000,0x00000000f2800000)
 Metaspace       used 6280K, capacity 6524K, committed 6784K, reserved 1056768K
  class space    used 711K, capacity 792K, committed 896K, reserved 1048576K
Event: 0,606 GC heap after
Heap after GC invocations=1 (full 0):
 PSYoungGen      total 17920K, used 2457K [0x00000000fab00000, 0x00000000fce00000, 0x0000000100000000)
  eden space 15360K, 0% used [0x00000000fab00000,0x00000000fab00000,0x00000000fba00000)
  from space 2560K, 95% used [0x00000000fba00000,0x00000000fbc66630,0x00000000fbc80000)
  to   space 2560K, 0% used [0x00000000fcb80000,0x00000000fcb80000,0x00000000fce00000)
 ParOldGen       total 40960K, used 8K [0x00000000f0000000, 0x00000000f2800000, 0x00000000fab00000)
  object space 40960K, 0% used [0x00000000f0000000,0x00000000f0002000,0x00000000f2800000)
 Metaspace       used 6280K, capacity 6524K, committed 6784K, reserved 1056768K
  class space    used 711K, capacity 792K, committed 896K, reserved 1048576K
}
Event: 1,090 GC heap before
{Heap before GC invocations=2 (full 0):
 PSYoungGen      total 17920K, used 17817K [0x00000000fab00000, 0x00000000fce00000, 0x0000000100000000)
  eden space 15360K, 100% used [0x00000000fab00000,0x00000000fba00000,0x00000000fba00000)
  from space 2560K, 95% used [0x00000000fba00000,0x00000000fbc66630,0x00000000fbc80000)
  to   space 2560K, 0% used [0x00000000fcb80000,0x00000000fcb80000,0x00000000fce00000)
 ParOldGen       total 40960K, used 8K [0x00000000f0000000, 0x00000000f2800000, 0x00000000fab00000)
  object space 40960K, 0% used [0x00000000f0000000,0x00000000f0002000,0x00000000f2800000)
 Metaspace       used 8304K, capacity 8840K, committed 9088K, reserved 1056768K
  class space    used 1004K, capacity 1124K, committed 1152K, reserved 1048576K
Event: 1,098 GC heap after
Heap after GC invocations=2 (full 0):
 PSYoungGen      total 33280K, used 2536K [0x00000000fab00000, 0x00000000fce00000, 0x0000000100000000)
  eden space 30720K, 0% used [0x00000000fab00000,0x00000000fab00000,0x00000000fc900000)
  from space 2560K, 99% used [0x00000000fcb80000,0x00000000fcdfa0b8,0x00000000fce00000)
  to   space 2560K, 0% used [0x00000000fc900000,0x00000000fc900000,0x00000000fcb80000)
 ParOldGen       total 40960K, used 88K [0x00000000f0000000, 0x00000000f2800000, 0x00000000fab00000)
  object space 40960K, 0% used [0x00000000f0000000,0x00000000f00163b0,0x00000000f2800000)
 Metaspace       used 8304K, capacity 8840K, committed 9088K, reserved 1056768K
  class space    used 1004K, capacity 1124K, committed 1152K, reserved 1048576K
}
Event: 1,768 GC heap before
{Heap before GC invocations=3 (full 0):
 PSYoungGen      total 33280K, used 33256K [0x00000000fab00000, 0x00000000fce00000, 0x0000000100000000)
  eden space 30720K, 100% used [0x00000000fab00000,0x00000000fc900000,0x00000000fc900000)
  from space 2560K, 99% used [0x00000000fcb80000,0x00000000fcdfa0b8,0x00000000fce00000)
  to   space 2560K, 0% used [0x00000000fc900000,0x00000000fc900000,0x00000000fcb80000)
 ParOldGen       total 40960K, used 88K [0x00000000f0000000, 0x00000000f2800000, 0x00000000fab00000)
  object space 40960K, 0% used [0x00000000f0000000,0x00000000f00163b0,0x00000000f2800000)
 Metaspace       used 11183K, capacity 12048K, committed 12416K, reserved 1060864K
  class space    used 1385K, capacity 1589K, committed 1664K, reserved 1048576K
Event: 1,792 GC heap after
Heap after GC invocations=3 (full 0):
 PSYoungGen      total 33280K, used 2554K [0x00000000fab00000, 0x00000000fec00000, 0x0000000100000000)
  eden space 30720K, 0% used [0x00000000fab00000,0x00000000fab00000,0x00000000fc900000)
  from space 2560K, 99% used [0x00000000fc900000,0x00000000fcb7ea90,0x00000000fcb80000)
  to   space 2560K, 0% used [0x00000000fe980000,0x00000000fe980000,0x00000000fec00000)
 ParOldGen       total 40960K, used 1900K [0x00000000f0000000, 0x00000000f2800000, 0x00000000fab00000)
  object space 40960K, 4% used [0x00000000f0000000,0x00000000f01db358,0x00000000f2800000)
 Metaspace       used 11183K, capacity 12048K, committed 12416K, reserved 1060864K
  class space    used 1385K, capacity 1589K, committed 1664K, reserved 1048576K
}
Event: 2,356 GC heap before
{Heap before GC invocations=4 (full 0):
 PSYoungGen      total 33280K, used 33274K [0x00000000fab00000, 0x00000000fec00000, 0x0000000100000000)
  eden space 30720K, 100% used [0x00000000fab00000,0x00000000fc900000,0x00000000fc900000)
  from space 2560K, 99% used [0x00000000fc900000,0x00000000fcb7ea90,0x00000000fcb80000)
  to   space 2560K, 0% used [0x00000000fe980000,0x00000000fe980000,0x00000000fec00000)
 ParOldGen       total 40960K, used 1900K [0x00000000f0000000, 0x00000000f2800000, 0x00000000fab00000)
  object space 40960K, 4% used [0x00000000f0000000,0x00000000f01db358,0x00000000f2800000)
 Metaspace       used 13938K, capacity 14916K, committed 15104K, reserved 1062912K
  class space    used 1725K, capacity 1947K, committed 2048K, reserved 1048576K
Event: 2,367 GC heap after
Heap after GC invocations=4 (full 0):
 PSYoungGen      total 64000K, used 2548K [0x00000000fab00000, 0x00000000fec00000, 0x0000000100000000)
  eden space 61440K, 0% used [0x00000000fab00000,0x00000000fab00000,0x00000000fe700000)
  from space 2560K, 99% used [0x00000000fe980000,0x00000000febfd390,0x00000000fec00000)
  to   space 2560K, 0% used [0x00000000fe700000,0x00000000fe700000,0x00000000fe980000)
 ParOldGen       total 40960K, used 4175K [0x00000000f0000000, 0x00000000f2800000, 0x00000000fab00000)
  object space 40960K, 10% used [0x00000000f0000000,0x00000000f0413c48,0x00000000f2800000)
 Metaspace       used 13938K, capacity 14916K, committed 15104K, reserved 1062912K
  class space    used 1725K, capacity 1947K, committed 2048K, reserved 1048576K
}
Event: 4,304 GC heap before
{Heap before GC invocations=5 (full 0):
 PSYoungGen      total 64000K, used 63988K [0x00000000fab00000, 0x00000000fec00000, 0x0000000100000000)
  eden space 61440K, 100% used [0x00000000fab00000,0x00000000fe700000,0x00000000fe700000)
  from space 2560K, 99% used [0x00000000fe980000,0x00000000febfd390,0x00000000fec00000)
  to   space 2560K, 0% used [0x00000000fe700000,0x00000000fe700000,0x00000000fe980000)
 ParOldGen       total 40960K, used 4175K [0x00000000f0000000, 0x00000000f2800000, 0x00000000fab00000)
  object space 40960K, 10% used [0x00000000f0000000,0x00000000f0413c48,0x00000000f2800000)
 Metaspace       used 17937K, capacity 19116K, committed 19328K, reserved 1067008K
  class space    used 2372K, capacity 2605K, committed 2688K, reserved 1048576K

Deoptimization events (10 events):
Event: 1,375 Thread 0x00007f9f1000b000 Uncommon trap: reason=unstable_if action=reinterpret pc=0x00007f9f00421204 method=sun.nio.cs.UTF_8$Decoder.decode([BII[C)I @ 30
Event: 1,535 Thread 0x00007f9f1000b000 Uncommon trap: reason=unstable_if action=reinterpret pc=0x00007f9f004d35a8 method=java.util.HashMap.hash(Ljava/lang/Object;)I @ 1
Event: 1,546 Thread 0x00007f9f1000b000 Uncommon trap: reason=class_check action=maybe_recompile pc=0x00007f9f00339da0 method=java.lang.String.equals(Ljava/lang/Object;)Z @ 8
Event: 1,553 Thread 0x00007f9f1000b000 Uncommon trap: reason=class_check action=maybe_recompile pc=0x00007f9f00339da0 method=java.lang.String.equals(Ljava/lang/Object;)Z @ 8
Event: 1,553 Thread 0x00007f9f1000b000 Uncommon trap: reason=class_check action=maybe_recompile pc=0x00007f9f00339da0 method=java.lang.String.equals(Ljava/lang/Object;)Z @ 8
Event: 1,575 Thread 0x00007f9f1000b000 Uncommon trap: reason=class_check action=maybe_recompile pc=0x00007f9f00339da0 method=java.lang.String.equals(Ljava/lang/Object;)Z @ 8
Event: 2,058 Thread 0x00007f9f1000b000 Uncommon trap: reason=unstable_if action=reinterpret pc=0x00007f9f0054928c method=java.util.Properties$LineReader.readLine()I @ 105
Event: 2,111 Thread 0x00007f9f1000b000 Uncommon trap: reason=range_check action=make_not_entrant pc=0x00007f9f004015c0 method=sun.reflect.generics.parser.SignatureParser.current()C @ 34
Event: 2,597 Thread 0x00007f9f1000b000 Uncommon trap: reason=unstable_if action=reinterpret pc=0x00007f9f005efa4c method=java.util.concurrent.ConcurrentHashMap.putVal(Ljava/lang/Object;Ljava/lang/Object;Z)Ljava/lang/Object; @ 181
Event: 3,250 Thread 0x00007f9f1000b000 Uncommon trap: reason=unstable_if action=reinterpret pc=0x00007f9f005f534c method=java.net.URL.<init>(Ljava/net/URL;Ljava/lang/String;Ljava/net/URLStreamHandler;)V @ 347

Classes redefined (0 events):
No events

Internal exceptions (10 events):
Event: 1,222 Thread 0x00007f9f1000b000 Exception <a 'java/lang/NoSuchMethodError': java.lang.Object.lambda$and$0(Ljava/util/function/Predicate;Ljava/lang/Object;)Z> (0x00000000fb14a3f0) thrown at [/build/openjdk-8-Wut_v1/openjdk-8-8u242-b08/src/hotspot/src/share/vm/interpreter/linkResolver.cpp
Event: 1,376 Thread 0x00007f9f1000b000 Exception <a 'java/io/FileNotFoundException'> (0x00000000fb673438) thrown at [/build/openjdk-8-Wut_v1/openjdk-8-8u242-b08/src/hotspot/src/share/vm/prims/jni.cpp, line 710]
Event: 1,459 Thread 0x00007f9f1000b000 Exception <a 'java/lang/NoSuchMethodError': org.slf4j.impl.StaticMDCBinder.getSingleton()Lorg/slf4j/impl/StaticMDCBinder;> (0x00000000fb9f5a40) thrown at [/build/openjdk-8-Wut_v1/openjdk-8-8u242-b08/src/hotspot/src/share/vm/interpreter/linkResolver.cpp, l
Event: 1,535 Thread 0x00007f9f1000b000 Implicit null exception at 0x00007f9f004d352f to 0x00007f9f004d3599
Event: 1,541 Thread 0x00007f9f1000b000 Exception <a 'java/lang/NoSuchMethodError': java.lang.Object.lambda$comparingInt$7b0bb60$1(Ljava/util/function/ToIntFunction;Ljava/lang/Object;Ljava/lang/Object;)I> (0x00000000fbf22d08) thrown at [/build/openjdk-8-Wut_v1/openjdk-8-8u242-b08/src/hotspot/sr
Event: 2,092 Thread 0x00007f9f1000b000 Exception <a 'java/lang/NoSuchMethodError': java.lang.Object.lambda$static$0(Ljava/lang/Object;)Ljava/lang/Object;> (0x00000000fb6b60d8) thrown at [/build/openjdk-8-Wut_v1/openjdk-8-8u242-b08/src/hotspot/src/share/vm/interpreter/linkResolver.cpp, line 620
Event: 2,112 Thread 0x00007f9f1000b000 Exception <a 'java/lang/ArrayIndexOutOfBoundsException': 18> (0x00000000fb848348) thrown at [/build/openjdk-8-Wut_v1/openjdk-8-8u242-b08/src/hotspot/src/share/vm/interpreter/interpreterRuntime.cpp, line 368]
Event: 2,113 Thread 0x00007f9f1000b000 Exception <a 'java/lang/ArrayIndexOutOfBoundsException': 182> (0x00000000fb84a250) thrown at [/build/openjdk-8-Wut_v1/openjdk-8-8u242-b08/src/hotspot/src/share/vm/interpreter/interpreterRuntime.cpp, line 368]
Event: 2,378 Thread 0x00007f9f1000b000 Exception <a 'java/lang/IncompatibleClassChangeError': Found class java.lang.Object, but interface was expected> (0x00000000fab6acb0) thrown at [/build/openjdk-8-Wut_v1/openjdk-8-8u242-b08/src/hotspot/src/share/vm/interpreter/linkResolver.cpp, line 653]
Event: 2,650 Thread 0x00007f9f1000b000 Exception <a 'java/lang/NoSuchMethodError': java.lang.Object.lambda$chars$0()Ljava/util/Spliterator$OfInt;> (0x00000000fba171a0) thrown at [/build/openjdk-8-Wut_v1/openjdk-8-8u242-b08/src/hotspot/src/share/vm/interpreter/linkResolver.cpp, line 620]

Events (10 events):
Event: 4,214 loading class org/springframework/boot/diagnostics/FailureAnalyzer
Event: 4,214 loading class org/springframework/boot/diagnostics/FailureAnalyzer done
Event: 4,217 loading class org/springframework/boot/diagnostics/analyzer/BeanCurrentlyInCreationFailureAnalyzer
Event: 4,217 loading class org/springframework/boot/diagnostics/analyzer/BeanCurrentlyInCreationFailureAnalyzer done
Event: 4,218 loading class org/springframework/boot/diagnostics/AbstractFailureAnalyzer
Event: 4,218 loading class org/springframework/boot/diagnostics/AbstractFailureAnalyzer done
Event: 4,232 loading class org/springframework/boot/diagnostics/analyzer/BeanDefinitionOverrideFailureAnalyzer
Event: 4,232 loading class org/springframework/boot/diagnostics/analyzer/BeanDefinitionOverrideFailureAnalyzer done
Event: 4,244 loading class java/io/StringWriter
Event: 4,258 Executing VM operation: ParallelGCFailedAllocation


Dynamic libraries:
00400000-00401000 r-xp 00000000 08:03 926385                             /usr/lib/jvm/java-8-openjdk-amd64/jre/bin/java
00600000-00601000 r--p 00000000 08:03 926385                             /usr/lib/jvm/java-8-openjdk-amd64/jre/bin/java
00601000-00602000 rw-p 00001000 08:03 926385                             /usr/lib/jvm/java-8-openjdk-amd64/jre/bin/java
00ff8000-01019000 rw-p 00000000 00:00 0                                  [heap]
f0000000-f2800000 rw-p 00000000 00:00 0 
f2800000-fab00000 ---p 00000000 00:00 0 
fab00000-fec00000 rw-p 00000000 00:00 0 
100000000-1002a0000 rw-p 00000000 00:00 0 
1002a0000-140000000 ---p 00000000 00:00 0 
7f9eb0000000-7f9eb010f000 rw-p 00000000 00:00 0 
7f9eb010f000-7f9eb4000000 ---p 00000000 00:00 0 
7f9eb8000000-7f9eb808f000 rw-p 00000000 00:00 0 
7f9eb808f000-7f9ebc000000 ---p 00000000 00:00 0 
7f9ebc000000-7f9ebc021000 rw-p 00000000 00:00 0 
7f9ebc021000-7f9ec0000000 ---p 00000000 00:00 0 
7f9ec0000000-7f9ec0021000 rw-p 00000000 00:00 0 
7f9ec0021000-7f9ec4000000 ---p 00000000 00:00 0 
7f9ec4000000-7f9ec4021000 rw-p 00000000 00:00 0 
7f9ec4021000-7f9ec8000000 ---p 00000000 00:00 0 
7f9ec8000000-7f9ec83ae000 rw-p 00000000 00:00 0 
7f9ec83ae000-7f9ecc000000 ---p 00000000 00:00 0 
7f9ecc000000-7f9ecc021000 rw-p 00000000 00:00 0 
7f9ecc021000-7f9ed0000000 ---p 00000000 00:00 0 
7f9ed0000000-7f9ed02b9000 rw-p 00000000 00:00 0 
7f9ed02b9000-7f9ed4000000 ---p 00000000 00:00 0 
7f9ed4000000-7f9ed43db000 rw-p 00000000 00:00 0 
7f9ed43db000-7f9ed8000000 ---p 00000000 00:00 0 
7f9ed8000000-7f9ed8021000 rw-p 00000000 00:00 0 
7f9ed8021000-7f9edc000000 ---p 00000000 00:00 0 
7f9edc000000-7f9edc021000 rw-p 00000000 00:00 0 
7f9edc021000-7f9ee0000000 ---p 00000000 00:00 0 
7f9ee0000000-7f9ee0021000 rw-p 00000000 00:00 0 
7f9ee0021000-7f9ee4000000 ---p 00000000 00:00 0 
7f9ee4000000-7f9ee4021000 rw-p 00000000 00:00 0 
7f9ee4021000-7f9ee8000000 ---p 00000000 00:00 0 
7f9ee8000000-7f9ee8021000 rw-p 00000000 00:00 0 
7f9ee8021000-7f9eec000000 ---p 00000000 00:00 0 
7f9eec000000-7f9eec027000 rw-p 00000000 00:00 0 
7f9eec027000-7f9ef0000000 ---p 00000000 00:00 0 
7f9ef0000000-7f9ef0021000 rw-p 00000000 00:00 0 
7f9ef0021000-7f9ef4000000 ---p 00000000 00:00 0 
7f9ef434b000-7f9ef438b000 rw-p 00000000 00:00 0 
7f9ef438b000-7f9ef454b000 ---p 00000000 00:00 0 
7f9ef454b000-7f9ef474b000 rw-p 00000000 00:00 0 
7f9ef474b000-7f9ef474e000 ---p 00000000 00:00 0 
7f9ef474e000-7f9ef4a4c000 rw-p 00000000 00:00 0 
7f9ef4a4c000-7f9ef4c4c000 rw-p 00000000 00:00 0 
7f9ef4c4c000-7f9ef4c53000 r--s 00000000 08:03 785657                     /usr/lib/x86_64-linux-gnu/gconv/gconv-modules.cache
7f9ef4c53000-7f9ef4c74000 r--p 00000000 08:03 1052714                    /usr/share/locale-langpack/pt_BR/LC_MESSAGES/libc.mo
7f9ef4c74000-7f9ef4e74000 rw-p 00000000 00:00 0 
7f9ef4e74000-7f9ef4e77000 ---p 00000000 00:00 0 
7f9ef4e77000-7f9ef4ead000 rw-p 00000000 00:00 0 
7f9ef4ead000-7f9ef4eb0000 r--s 00015000 08:03 1203941                    /home/paulo/.m2/repository/org/junit/platform/junit-platform-launcher/1.3.1/junit-platform-launcher-1.3.1.jar
7f9ef4eb0000-7f9ef4eb3000 r--s 0000e000 08:03 1203943                    /home/paulo/.m2/repository/org/apache/maven/surefire/surefire-junit-platform/2.22.2/surefire-junit-platform-2.22.2.jar
7f9ef4eb3000-7f9ef4eb6000 r--s 0000f000 08:03 1203884                    /home/paulo/.m2/repository/org/springframework/ws/spring-xml/3.0.8.RELEASE/spring-xml-3.0.8.RELEASE.jar
7f9ef4eb6000-7f9ef4ec3000 r--s 0006f000 08:03 1203883                    /home/paulo/.m2/repository/org/springframework/ws/spring-ws-core/3.0.8.RELEASE/spring-ws-core-3.0.8.RELEASE.jar
7f9ef4ec3000-7f9ef4ec5000 r--s 0000e000 08:03 1203712                    /home/paulo/.m2/repository/org/springframework/spring-oxm/5.2.5.RELEASE/spring-oxm-5.2.5.RELEASE.jar
7f9ef4ec5000-7f9ef4ec6000 r--s 00003000 08:03 1203878                    /home/paulo/.m2/repository/jakarta/jws/jakarta.jws-api/2.1.0/jakarta.jws-api-2.1.0.jar
7f9ef4ec6000-7f9ef4ec9000 r--s 0000c000 08:03 1203875                    /home/paulo/.m2/repository/jakarta/xml/ws/jakarta.xml.ws-api/2.3.3/jakarta.xml.ws-api-2.3.3.jar
7f9ef4ec9000-7f9ef4ecb000 r--s 00008000 08:03 1203876                    /home/paulo/.m2/repository/org/jvnet/staxex/stax-ex/1.8.1/stax-ex-1.8.1.jar
7f9ef4ecb000-7f9ef4ecd000 r--s 0000e000 08:03 1203872                    /home/paulo/.m2/repository/org/jvnet/mimepull/mimepull/1.9.13/mimepull-1.9.13.jar
7f9ef4ecd000-7f9ef4ecf000 r--s 00008000 08:03 1203870                    /home/paulo/.m2/repository/jakarta/xml/soap/jakarta.xml.soap-api/1.4.2/jakarta.xml.soap-api-1.4.2.jar
7f9ef4ecf000-7f9ef4ed7000 r--s 00068000 08:03 1203868                    /home/paulo/.m2/repository/com/sun/xml/messaging/saaj/saaj-impl/1.5.1/saaj-impl-1.5.1.jar
7f9ef4ed7000-7f9ef4ed8000 r--s 00000000 08:03 1203866                    /home/paulo/.m2/repository/org/springframework/boot/spring-boot-starter-web-services/2.2.6.RELEASE/spring-boot-starter-web-services-2.2.6.RELEASE.jar
7f9ef4ed8000-7f9ef4edd000 r--s 00025000 08:03 1203865                    /home/paulo/.m2/repository/org/xmlunit/xmlunit-core/2.6.4/xmlunit-core-2.6.4.jar
7f9ef4edd000-7f9ef4eec000 r--s 00099000 08:03 1203863                    /home/paulo/.m2/repository/org/springframework/spring-test/5.2.5.RELEASE/spring-test-5.2.5.RELEASE.jar
7f9ef4eec000-7f9ef4eed000 r--s 00005000 08:03 1203860                    /home/paulo/.m2/repository/org/springframework/spring-jcl/5.2.5.RELEASE/spring-jcl-5.2.5.RELEASE.jar
7f9ef4eed000-7f9ef4f08000 r--s 00145000 08:03 1203859                    /home/paulo/.m2/repository/org/springframework/spring-core/5.2.5.RELEASE/spring-core-5.2.5.RELEASE.jar
7f9ef4f08000-7f9ef4f09000 r--s 00004000 08:03 1186780                    /home/paulo/.m2/repository/com/vaadin/external/google/android-json/0.0.20131108.vaadin1/android-json-0.0.20131108.vaadin1.jar
7f9ef4f09000-7f9ef4f0b000 r--s 00006000 08:03 1186779                    /home/paulo/.m2/repository/org/skyscreamer/jsonassert/1.5.0/jsonassert-1.5.0.jar
7f9ef4f0b000-7f9ef4f0d000 r--s 0000c000 08:03 1186776                    /home/paulo/.m2/repository/org/objenesis/objenesis/2.6/objenesis-2.6.jar
7f9ef4f0d000-7f9ef4f11000 r--s 0003c000 08:03 1203856                    /home/paulo/.m2/repository/net/bytebuddy/byte-buddy-agent/1.10.8/byte-buddy-agent-1.10.8.jar
7f9ef4f11000-7f9ef4f22000 r--s 00080000 08:03 1186770                    /home/paulo/.m2/repository/org/mockito/mockito-core/3.1.0/mockito-core-3.1.0.jar
7f9ef4f22000-7f9ef4f26000 r--s 0001b000 08:03 1323130                    /home/paulo/.m2/repository/org/hamcrest/hamcrest/2.1/hamcrest-2.1.jar
7f9ef4f26000-7f9ef4f8b000 r--s 003e1000 08:03 1186768                    /home/paulo/.m2/repository/org/assertj/assertj-core/3.13.2/assertj-core-3.13.2.jar
7f9ef4f8b000-7f9ef4f8c000 r--s 00001000 08:03 1186766                    /home/paulo/.m2/repository/org/mockito/mockito-junit-jupiter/3.1.0/mockito-junit-jupiter-3.1.0.jar
7f9ef4f8c000-7f9ef4f91000 r--s 00024000 08:03 1186764                    /home/paulo/.m2/repository/org/junit/platform/junit-platform-engine/1.5.2/junit-platform-engine-1.5.2.jar
7f9ef4f91000-7f9ef4f96000 r--s 00031000 08:03 1186762                    /home/paulo/.m2/repository/org/junit/jupiter/junit-jupiter-engine/5.5.2/junit-jupiter-engine-5.5.2.jar
7f9ef4f96000-7f9ef4fa3000 r--s 0007a000 08:03 1186761                    /home/paulo/.m2/repository/org/junit/jupiter/junit-jupiter-params/5.5.2/junit-jupiter-params-5.5.2.jar
7f9ef4fa3000-7f9ef4fa5000 r--s 00015000 08:03 1186758                    /home/paulo/.m2/repository/org/junit/platform/junit-platform-commons/1.5.2/junit-platform-commons-1.5.2.jar
7f9ef4fa5000-7f9ef4fa6000 r--s 00001000 08:03 1186757                    /home/paulo/.m2/repository/org/opentest4j/opentest4j/1.2.0/opentest4j-1.2.0.jar
7f9ef4fa6000-7f9ef4fa7000 r--s 00000000 08:03 1186755                    /home/paulo/.m2/repository/org/apiguardian/apiguardian-api/1.1.0/apiguardian-api-1.1.0.jar
7f9ef4fa7000-7f9ef4fab000 r--s 0001f000 08:03 1186753                    /home/paulo/.m2/repository/org/junit/jupiter/junit-jupiter-api/5.5.2/junit-jupiter-api-5.5.2.jar
7f9ef4fab000-7f9ef4fac000 r--s 00001000 08:03 1186750                    /home/paulo/.m2/repository/org/junit/jupiter/junit-jupiter/5.5.2/junit-jupiter-5.5.2.jar
7f9ef4fac000-7f9ef4fb0000 r--s 00019000 08:03 1203854                    /home/paulo/.m2/repository/jakarta/xml/bind/jakarta.xml.bind-api/2.3.3/jakarta.xml.bind-api-2.3.3.jar
7f9ef4fb0000-7f9ef4fb2000 r--s 0000c000 08:03 1323106                    /home/paulo/.m2/repository/org/ow2/asm/asm/5.0.4/asm-5.0.4.jar
7f9ef4fb2000-7f9ef4fb4000 r--s 00006000 08:03 1186742                    /home/paulo/.m2/repository/net/minidev/accessors-smart/1.2/accessors-smart-1.2.jar
7f9ef4fb4000-7f9ef4fb7000 r--s 0001b000 08:03 1186740                    /home/paulo/.m2/repository/net/minidev/json-smart/2.3/json-smart-2.3.jar
7f9ef4fb7000-7f9ef4fbd000 r--s 00031000 08:03 1186738                    /home/paulo/.m2/repository/com/jayway/jsonpath/json-path/2.4.0/json-path-2.4.0.jar
7f9ef4fbd000-7f9ef4fc3000 r--s 00021000 08:03 1203853                    /home/paulo/.m2/repository/org/springframework/boot/spring-boot-test-autoconfigure/2.2.6.RELEASE/spring-boot-test-autoconfigure-2.2.6.RELEASE.jar
7f9ef4fc3000-7f9ef4fc9000 r--s 0002e000 08:03 1203850                    /home/paulo/.m2/repository/org/springframework/boot/spring-boot-test/2.2.6.RELEASE/spring-boot-test-2.2.6.RELEASE.jar
7f9ef4fc9000-7f9ef4fca000 r--s 00000000 08:03 1203849                    /home/paulo/.m2/repository/org/springframework/boot/spring-boot-starter-test/2.2.6.RELEASE/spring-boot-starter-test-2.2.6.RELEASE.jar
7f9ef4fca000-7f9ef4fd9000 r--s 0007c000 08:03 1203846                    /home/paulo/.m2/repository/org/springframework/security/spring-security-web/5.2.2.RELEASE/spring-security-web-5.2.2.RELEASE.jar
7f9ef4fd9000-7f9ef4fe2000 r--s 00052000 08:03 1203844                    /home/paulo/.m2/repository/org/springframework/spring-aop/5.2.5.RELEASE/spring-aop-5.2.5.RELEASE.jar
7f9ef4fe2000-7f9ef4fe3000 r--s 00000000 08:03 1203842                    /home/paulo/.m2/repository/org/springframework/boot/spring-boot-starter-security/2.2.6.RELEASE/spring-boot-starter-security-2.2.6.RELEASE.jar
7f9ef4fe3000-7f9ef4ffb000 r--s 0019f000 08:03 1203840                    /home/paulo/.m2/repository/org/projectlombok/lombok/1.18.12/lombok-1.18.12.jar
7f9ef4ffb000-7f9ef4ffd000 r--s 002c4000 08:03 1216082                    /home/paulo/.m2/repository/io/springfox/springfox-swagger-ui/2.9.2/springfox-swagger-ui-2.9.2.jar
7f9ef4ffd000-7f9ef4fff000 r--s 00004000 08:03 1216079                    /home/paulo/.m2/repository/org/mapstruct/mapstruct/1.2.0.Final/mapstruct-1.2.0.Final.jar
7f9ef4fff000-7f9ef8000000 rw-p 00000000 00:00 0 
7f9ef8000000-7f9ef8021000 rw-p 00000000 00:00 0 
7f9ef8021000-7f9efc000000 ---p 00000000 00:00 0 
7f9efc000000-7f9efc002000 r--s 00000000 08:03 1211847                    /home/paulo/.m2/repository/org/springframework/plugin/spring-plugin-metadata/1.2.0.RELEASE/spring-plugin-metadata-1.2.0.RELEASE.jar
7f9efc002000-7f9efc003000 r--s 00004000 08:03 1211846                    /home/paulo/.m2/repository/org/springframework/plugin/spring-plugin-core/1.2.0.RELEASE/spring-plugin-core-1.2.0.RELEASE.jar
7f9efc003000-7f9efc005000 r--s 00009000 08:03 1186709                    /home/paulo/.m2/repository/org/slf4j/slf4j-api/1.7.30/slf4j-api-1.7.30.jar
7f9efc005000-7f9efc007000 r--s 0000f000 08:03 1203838                    /home/paulo/.m2/repository/com/fasterxml/classmate/1.5.1/classmate-1.5.1.jar
7f9efc007000-7f9efc036000 r--s 00226000 08:03 1216077                    /home/paulo/.m2/repository/com/google/guava/guava/20.0/guava-20.0.jar
7f9efc036000-7f9efc03b000 r--s 0002b000 08:03 1216075                    /home/paulo/.m2/repository/io/springfox/springfox-spring-web/2.9.2/springfox-spring-web-2.9.2.jar
7f9efc03b000-7f9efc03f000 r--s 00017000 08:03 1216073                    /home/paulo/.m2/repository/io/springfox/springfox-swagger-common/2.9.2/springfox-swagger-common-2.9.2.jar
7f9efc03f000-7f9efc042000 r--s 00012000 08:03 1216071                    /home/paulo/.m2/repository/io/springfox/springfox-schema/2.9.2/springfox-schema-2.9.2.jar
7f9efc042000-7f9efc046000 r--s 00019000 08:03 1216067                    /home/paulo/.m2/repository/io/springfox/springfox-core/2.9.2/springfox-core-2.9.2.jar
7f9efc046000-7f9efc049000 r--s 0000b000 08:03 1216065                    /home/paulo/.m2/repository/io/springfox/springfox-spi/2.9.2/springfox-spi-2.9.2.jar
7f9efc049000-7f9efc04d000 r--s 00022000 08:03 1216061                    /home/paulo/.m2/repository/io/swagger/swagger-models/1.5.20/swagger-models-1.5.20.jar
7f9efc04d000-7f9efc04f000 r--s 00004000 08:03 1216059                    /home/paulo/.m2/repository/io/swagger/swagger-annotations/1.5.20/swagger-annotations-1.5.20.jar
7f9efc04f000-7f9efc052000 r--s 0000e000 08:03 1216063                    /home/paulo/.m2/repository/io/springfox/springfox-swagger2/2.9.2/springfox-swagger2-2.9.2.jar
7f9efc052000-7f9efc05e000 r--s 000d8000 08:03 1203836                    /home/paulo/.m2/repository/org/postgresql/postgresql/42.2.11/postgresql-42.2.11.jar
7f9efc05e000-7f9efc086000 r--s 0012c000 08:03 1203834                    /home/paulo/.m2/repository/org/springframework/boot/spring-boot-autoconfigure/2.2.6.RELEASE/spring-boot-autoconfigure-2.2.6.RELEASE.jar
7f9efc086000-7f9efc09d000 r--s 000e9000 08:03 1203832                    /home/paulo/.m2/repository/org/springframework/boot/spring-boot/2.2.6.RELEASE/spring-boot-2.2.6.RELEASE.jar
7f9efc09d000-7f9efc0a3000 r--s 00030000 08:03 1203830                    /home/paulo/.m2/repository/org/springframework/boot/spring-boot-devtools/2.2.6.RELEASE/spring-boot-devtools-2.2.6.RELEASE.jar
7f9efc0a3000-7f9efc0a5000 r--s 00000000 08:03 1203828                    /home/paulo/.m2/repository/com/github/stephenc/jcip/jcip-annotations/1.0-1/jcip-annotations-1.0-1.jar
7f9efc0a5000-7f9efc0ab000 r--s 0004d000 08:03 1203826                    /home/paulo/.m2/repository/com/nimbusds/nimbus-jose-jwt/7.8.1/nimbus-jose-jwt-7.8.1.jar
7f9efc0ab000-7f9efc0ad000 r--s 0000d000 08:03 1203825                    /home/paulo/.m2/repository/org/springframework/security/spring-security-oauth2-jose/5.2.2.RELEASE/spring-security-oauth2-jose-5.2.2.RELEASE.jar
7f9efc0ad000-7f9efc0b0000 r--s 00011000 08:03 1203822                    /home/paulo/.m2/repository/org/springframework/security/spring-security-oauth2-core/5.2.2.RELEASE/spring-security-oauth2-core-5.2.2.RELEASE.jar
7f9efc0b0000-7f9efc0b3000 r--s 0000d000 08:03 1203821                    /home/paulo/.m2/repository/org/springframework/security/spring-security-oauth2-resource-server/5.2.2.RELEASE/spring-security-oauth2-resource-server-5.2.2.RELEASE.jar
7f9efc0b3000-7f9efc0bf000 r--s 00061000 08:03 1203818                    /home/paulo/.m2/repository/org/springframework/security/spring-security-core/5.2.2.RELEASE/spring-security-core-5.2.2.RELEASE.jar
7f9efc0bf000-7f9efc0cd000 r--s 000c4000 08:03 1203816                    /home/paulo/.m2/repository/org/springframework/security/spring-security-config/5.2.2.RELEASE/spring-security-config-5.2.2.RELEASE.jar
7f9efc0cd000-7f9efc0ce000 r--s 00000000 08:03 1203814                    /home/paulo/.m2/repository/org/springframework/boot/spring-boot-starter-oauth2-resource-server/2.2.6.RELEASE/spring-boot-starter-oauth2-resource-server-2.2.6.RELEASE.jar
7f9efc0ce000-7f9efc0d1000 r--s 0000e000 08:03 1203812                    /home/paulo/.m2/repository/com/fasterxml/jackson/core/jackson-annotations/2.10.3/jackson-annotations-2.10.3.jar
7f9efc0d1000-7f9efc0d3000 r--s 00002000 08:03 1203810                    /home/paulo/.m2/repository/org/atteo/evo-inflector/1.2.2/evo-inflector-1.2.2.jar
7f9efc0d3000-7f9efc0dd000 r--s 00076000 08:03 1203808                    /home/paulo/.m2/repository/org/springframework/hateoas/spring-hateoas/1.0.4.RELEASE/spring-hateoas-1.0.4.RELEASE.jar
7f9efc0dd000-7f9efc0e2000 r--s 00020000 08:03 1203806                    /home/paulo/.m2/repository/org/springframework/data/spring-data-rest-core/3.2.6.RELEASE/spring-data-rest-core-3.2.6.RELEASE.jar
7f9efc0e2000-7f9efc0ea000 r--s 0004c000 08:03 1203804                    /home/paulo/.m2/repository/org/springframework/data/spring-data-rest-webmvc/3.2.6.RELEASE/spring-data-rest-webmvc-3.2.6.RELEASE.jar
7f9efc0ea000-7f9efc0eb000 r--s 00000000 08:03 1203803                    /home/paulo/.m2/repository/org/springframework/boot/spring-boot-starter-data-rest/2.2.6.RELEASE/spring-boot-starter-data-rest-2.2.6.RELEASE.jar
7f9efc0eb000-7f9efc0f0000 r--s 00040000 08:03 1203800                    /home/paulo/.m2/repository/org/springframework/spring-expression/5.2.5.RELEASE/spring-expression-5.2.5.RELEASE.jar
7f9efc0f0000-7f9efc103000 r--s 000d7000 08:03 1203798                    /home/paulo/.m2/repository/org/springframework/spring-webmvc/5.2.5.RELEASE/spring-webmvc-5.2.5.RELEASE.jar
7f9efc103000-7f9efc120000 r--s 00142000 08:03 1203796                    /home/paulo/.m2/repository/org/springframework/spring-web/5.2.5.RELEASE/spring-web-5.2.5.RELEASE.jar
7f9efc120000-7f9efc13d000 r--s 000fe000 08:03 1203794                    /home/paulo/.m2/repository/org/hibernate/validator/hibernate-validator/6.0.18.Final/hibernate-validator-6.0.18.Final.jar
7f9efc13d000-7f9efc142000 r--s 00012000 08:03 1203792                    /home/paulo/.m2/repository/jakarta/validation/jakarta.validation-api/2.0.2/jakarta.validation-api-2.0.2.jar
7f9efc142000-7f9efc143000 r--s 00000000 08:03 1203790                    /home/paulo/.m2/repository/org/springframework/boot/spring-boot-starter-validation/2.2.6.RELEASE/spring-boot-starter-validation-2.2.6.RELEASE.jar
7f9efc143000-7f9efc148000 r--s 0003c000 08:03 1203788                    /home/paulo/.m2/repository/org/apache/tomcat/embed/tomcat-embed-websocket/9.0.33/tomcat-embed-websocket-9.0.33.jar
7f9efc148000-7f9efc14c000 r--s 0003a000 08:03 1203786                    /home/paulo/.m2/repository/org/apache/tomcat/embed/tomcat-embed-el/9.0.33/tomcat-embed-el-9.0.33.jar
7f9efc14c000-7f9efc177000 r--s 00307000 08:03 1203784                    /home/paulo/.m2/repository/org/apache/tomcat/embed/tomcat-embed-core/9.0.33/tomcat-embed-core-9.0.33.jar
7f9efc177000-7f9efc178000 r--s 00000000 08:03 1203782                    /home/paulo/.m2/repository/org/springframework/boot/spring-boot-starter-tomcat/2.2.6.RELEASE/spring-boot-starter-tomcat-2.2.6.RELEASE.jar
7f9efc178000-7f9efc17a000 r--s 00001000 08:03 1203780                    /home/paulo/.m2/repository/com/fasterxml/jackson/module/jackson-module-parameter-names/2.10.3/jackson-module-parameter-names-2.10.3.jar
7f9efc17a000-7f9efc17d000 r--s 00017000 08:03 1203779                    /home/paulo/.m2/repository/com/fasterxml/jackson/datatype/jackson-datatype-jsr310/2.10.3/jackson-datatype-jsr310-2.10.3.jar
7f9efc17d000-7f9efc17f000 r--s 00007000 08:03 1203776                    /home/paulo/.m2/repository/com/fasterxml/jackson/datatype/jackson-datatype-jdk8/2.10.3/jackson-datatype-jdk8-2.10.3.jar
7f9efc17f000-7f9efc184000 r--s 00051000 08:03 1203774                    /home/paulo/.m2/repository/com/fasterxml/jackson/core/jackson-core/2.10.3/jackson-core-2.10.3.jar
7f9efc184000-7f9efc199000 r--s 00142000 08:03 1203773                    /home/paulo/.m2/repository/com/fasterxml/jackson/core/jackson-databind/2.10.3/jackson-databind-2.10.3.jar
7f9efc199000-7f9efc19a000 r--s 00000000 08:03 1203771                    /home/paulo/.m2/repository/org/springframework/boot/spring-boot-starter-json/2.2.6.RELEASE/spring-boot-starter-json-2.2.6.RELEASE.jar
7f9efc19a000-7f9efc1a1000 r--s 00044000 08:03 1186731                    /home/paulo/.m2/repository/org/yaml/snakeyaml/1.25/snakeyaml-1.25.jar
7f9efc1a1000-7f9efc1a3000 r--s 00005000 08:03 1186724                    /home/paulo/.m2/repository/jakarta/annotation/jakarta.annotation-api/1.3.5/jakarta.annotation-api-1.3.5.jar
7f9efc1a3000-7f9efc1a5000 r--s 00000000 08:03 1186722                    /home/paulo/.m2/repository/org/slf4j/jul-to-slf4j/1.7.30/jul-to-slf4j-1.7.30.jar
7f9efc1a5000-7f9efc1ab000 r--s 0003e000 08:03 1186720                    /home/paulo/.m2/repository/org/apache/logging/log4j/log4j-api/2.12.1/log4j-api-2.12.1.jar
7f9efc1ab000-7f9efc1ad000 r--s 00003000 08:03 1186718                    /home/paulo/.m2/repository/org/apache/logging/log4j/log4j-to-slf4j/2.12.1/log4j-to-slf4j-2.12.1.jar
7f9efc1ad000-7f9efc1b8000 r--s 00069000 08:03 1211723                    /home/paulo/.m2/repository/ch/qos/logback/logback-core/1.2.3/logback-core-1.2.3.jar
7f9efc1b8000-7f9efc1be000 r--s 00041000 08:03 1211721                    /home/paulo/.m2/repository/ch/qos/logback/logback-classic/1.2.3/logback-classic-1.2.3.jar
7f9efc1be000-7f9efc1bf000 r--s 00000000 08:03 1203768                    /home/paulo/.m2/repository/org/springframework/boot/spring-boot-starter-logging/2.2.6.RELEASE/spring-boot-starter-logging-2.2.6.RELEASE.jar
7f9efc1bf000-7f9efc1c0000 r--s 00000000 08:03 1203766                    /home/paulo/.m2/repository/org/springframework/boot/spring-boot-starter/2.2.6.RELEASE/spring-boot-starter-2.2.6.RELEASE.jar
7f9efc1c0000-7f9efc1c1000 r--s 00000000 08:03 1203764                    /home/paulo/.m2/repository/org/springframework/boot/spring-boot-starter-web/2.2.6.RELEASE/spring-boot-starter-web-2.2.6.RELEASE.jar
7f9efc1c1000-7f9efc1c3000 r--s 0000a000 08:03 1203762                    /home/paulo/.m2/repository/org/springframework/spring-aspects/5.2.5.RELEASE/spring-aspects-5.2.5.RELEASE.jar
7f9efc1c3000-7f9efc1d0000 r--s 0009b000 08:03 1203760                    /home/paulo/.m2/repository/org/springframework/spring-beans/5.2.5.RELEASE/spring-beans-5.2.5.RELEASE.jar
7f9efc1d0000-7f9efc1d9000 r--s 00044000 08:03 1203758                    /home/paulo/.m2/repository/org/springframework/spring-tx/5.2.5.RELEASE/spring-tx-5.2.5.RELEASE.jar
7f9efc1d9000-7f9efc1f4000 r--s 00111000 08:03 1203756                    /home/paulo/.m2/repository/org/springframework/spring-context/5.2.5.RELEASE/spring-context-5.2.5.RELEASE.jar
7f9efc1f4000-7f9efc1f9000 r--s 0002d000 08:03 1203754                    /home/paulo/.m2/repository/org/springframework/spring-orm/5.2.5.RELEASE/spring-orm-5.2.5.RELEASE.jar
7f9efc1f9000-7f9efc212000 r--s 00110000 08:03 1203752                    /home/paulo/.m2/repository/org/springframework/data/spring-data-commons/2.2.6.RELEASE/spring-data-commons-2.2.6.RELEASE.jar
7f9efc212000-7f9efc21a000 r--s 00052000 08:03 1203750                    /home/paulo/.m2/repository/org/springframework/data/spring-data-jpa/2.2.6.RELEASE/spring-data-jpa-2.2.6.RELEASE.jar
7f9efc21a000-7f9efc21f000 r--s 00049000 08:03 1203748                    /home/paulo/.m2/repository/com/sun/xml/fastinfoset/FastInfoset/1.2.16/FastInfoset-1.2.16.jar
7f9efc21f000-7f9efc221000 r--s 00005000 08:03 1203746                    /home/paulo/.m2/repository/com/sun/istack/istack-commons-runtime/3.0.8/istack-commons-runtime-3.0.8.jar
7f9efc221000-7f9efc223000 r--s 00010000 08:03 1203744                    /home/paulo/.m2/repository/org/glassfish/jaxb/txw2/2.3.2/txw2-2.3.2.jar
7f9efc223000-7f9efc238000 r--s 000e3000 08:03 1203742                    /home/paulo/.m2/repository/org/glassfish/jaxb/jaxb-runtime/2.3.2/jaxb-runtime-2.3.2.jar
7f9efc238000-7f9efc23b000 r--s 00010000 08:03 1203740                    /home/paulo/.m2/repository/org/hibernate/common/hibernate-commons-annotations/5.1.0.Final/hibernate-commons-annotations-5.1.0.Final.jar
7f9efc23b000-7f9efc240000 r--s 0004b000 08:03 1203738                    /home/paulo/.m2/repository/org/dom4j/dom4j/2.1.1/dom4j-2.1.1.jar
7f9efc240000-7f9efc243000 r--s 0002d000 08:03 1203736                    /home/paulo/.m2/repository/org/jboss/jandex/2.1.1.Final/jandex-2.1.1.Final.jar
7f9efc243000-7f9efc248000 r--s 00068000 08:03 1211797                    /home/paulo/.m2/repository/antlr/antlr/2.7.7/antlr-2.7.7.jar
7f9efc248000-7f9efc290000 r--s 002eb000 08:03 1203734                    /home/paulo/.m2/repository/net/bytebuddy/byte-buddy/1.10.8/byte-buddy-1.10.8.jar
7f9efc290000-7f9efc29a000 r--s 000b4000 08:03 1203733                    /home/paulo/.m2/repository/org/javassist/javassist/3.24.0-GA/javassist-3.24.0-GA.jar
7f9efc29a000-7f9efc29c000 r--s 0000d000 08:03 1203730                    /home/paulo/.m2/repository/org/jboss/logging/jboss-logging/3.4.1.Final/jboss-logging-3.4.1.Final.jar
7f9efc29c000-7f9efc322000 r--s 00653000 08:03 1203729                    /home/paulo/.m2/repository/org/hibernate/hibernate-core/5.4.12.Final/hibernate-core-5.4.12.Final.jar
7f9efc322000-7f9efc323000 r--s 00003000 08:03 1203726                    /home/paulo/.m2/repository/jakarta/transaction/jakarta.transaction-api/1.3.3/jakarta.transaction-api-1.3.3.jar
7f9efc323000-7f9efc329000 r--s 00023000 08:03 1203724                    /home/paulo/.m2/repository/jakarta/persistence/jakarta.persistence-api/2.2.3/jakarta.persistence-api-2.2.3.jar
7f9efc329000-7f9efc32b000 r--s 0000a000 08:03 1203723                    /home/paulo/.m2/repository/jakarta/activation/jakarta.activation-api/1.2.2/jakarta.activation-api-1.2.2.jar
7f9efc32b000-7f9efc335000 r--s 0005a000 08:03 1203720                    /home/paulo/.m2/repository/org/springframework/spring-jdbc/5.2.5.RELEASE/spring-jdbc-5.2.5.RELEASE.jar
7f9efc335000-7f9efc338000 r--s 00023000 08:03 1203718                    /home/paulo/.m2/repository/com/zaxxer/HikariCP/3.4.2/HikariCP-3.4.2.jar
7f9efc338000-7f9efc339000 r--s 00000000 08:03 1203715                    /home/paulo/.m2/repository/org/springframework/boot/spring-boot-starter-jdbc/2.2.6.RELEASE/spring-boot-starter-jdbc-2.2.6.RELEASE.jar
7f9efc339000-7f9efc352000 r--s 001da000 08:03 1203716                    /home/paulo/.m2/repository/org/aspectj/aspectjweaver/1.9.5/aspectjweaver-1.9.5.jar
7f9efc352000-7f9efc353000 r--s 00000000 08:03 1203713                    /home/paulo/.m2/repository/org/springframework/boot/spring-boot-starter-aop/2.2.6.RELEASE/spring-boot-starter-aop-2.2.6.RELEASE.jar
7f9efc353000-7f9efc354000 r--s 00000000 08:03 1203710                    /home/paulo/.m2/repository/org/springframework/boot/spring-boot-starter-data-jpa/2.2.6.RELEASE/spring-boot-starter-data-jpa-2.2.6.RELEASE.jar
7f9efc354000-7f9efc357000 ---p 00000000 00:00 0 
7f9efc357000-7f9efc455000 rw-p 00000000 00:00 0 
7f9efc455000-7f9efc45e000 r-xp 00000000 08:03 933046                     /usr/lib/jvm/java-8-openjdk-amd64/jre/lib/amd64/libmanagement.so
7f9efc45e000-7f9efc65d000 ---p 00009000 08:03 933046                     /usr/lib/jvm/java-8-openjdk-amd64/jre/lib/amd64/libmanagement.so
7f9efc65d000-7f9efc65e000 r--p 00008000 08:03 933046                     /usr/lib/jvm/java-8-openjdk-amd64/jre/lib/amd64/libmanagement.so
7f9efc65e000-7f9efc65f000 rw-p 00009000 08:03 933046                     /usr/lib/jvm/java-8-openjdk-amd64/jre/lib/amd64/libmanagement.so
7f9efc65f000-7f9efc662000 ---p 00000000 00:00 0 
7f9efc662000-7f9efc760000 rw-p 00000000 00:00 0 
7f9efc760000-7f9efc762000 r--s 00002000 08:03 1351112                    /home/paulo/.m2/repository/org/apache/maven/surefire/surefire-logger-api/2.22.2/surefire-logger-api-2.22.2.jar
7f9efc762000-7f9efc767000 r--s 00029000 08:03 1351076                    /home/paulo/.m2/repository/org/apache/maven/surefire/surefire-api/2.22.2/surefire-api-2.22.2.jar
7f9efc767000-7f9efc77e000 r-xp 00000000 08:03 933050                     /usr/lib/jvm/java-8-openjdk-amd64/jre/lib/amd64/libnet.so
7f9efc77e000-7f9efc97d000 ---p 00017000 08:03 933050                     /usr/lib/jvm/java-8-openjdk-amd64/jre/lib/amd64/libnet.so
7f9efc97d000-7f9efc97e000 r--p 00016000 08:03 933050                     /usr/lib/jvm/java-8-openjdk-amd64/jre/lib/amd64/libnet.so
7f9efc97e000-7f9efc97f000 rw-p 00017000 08:03 933050                     /usr/lib/jvm/java-8-openjdk-amd64/jre/lib/amd64/libnet.so
7f9efc97f000-7f9efc990000 r-xp 00000000 08:03 933054                     /usr/lib/jvm/java-8-openjdk-amd64/jre/lib/amd64/libnio.so
7f9efc990000-7f9efcb90000 ---p 00011000 08:03 933054                     /usr/lib/jvm/java-8-openjdk-amd64/jre/lib/amd64/libnio.so
7f9efcb90000-7f9efcb91000 r--p 00011000 08:03 933054                     /usr/lib/jvm/java-8-openjdk-amd64/jre/lib/amd64/libnio.so
7f9efcb91000-7f9efcb92000 rw-p 00012000 08:03 933054                     /usr/lib/jvm/java-8-openjdk-amd64/jre/lib/amd64/libnio.so
7f9efcb92000-7f9efcb96000 r--s 0003f000 08:03 1351162                    /home/paulo/.m2/repository/org/apache/maven/surefire/surefire-booter/2.22.2/surefire-booter-2.22.2.jar
7f9efcb96000-7f9efcbb1000 r--s 00394000 08:03 932991                     /usr/lib/jvm/java-8-openjdk-amd64/jre/lib/ext/cldrdata.jar
7f9efcbb1000-7f9efcbcc000 r--s 001d6000 08:03 932985                     /usr/lib/jvm/java-8-openjdk-amd64/jre/lib/ext/nashorn.jar
7f9efcbcc000-7f9efcbd1000 r--s 0003d000 08:03 932993                     /usr/lib/jvm/java-8-openjdk-amd64/jre/lib/ext/sunjce_provider.jar
7f9efcbd1000-7f9efcbd5000 r--s 0003a000 08:03 932987                     /usr/lib/jvm/java-8-openjdk-amd64/jre/lib/ext/sunpkcs11.jar
7f9efcbd5000-7f9efcbd6000 ---p 00000000 00:00 0 
7f9efcbd6000-7f9efccd6000 rw-p 00000000 00:00 0 
7f9efccd6000-7f9efccd9000 ---p 00000000 00:00 0 
7f9efccd9000-7f9efcdd7000 rw-p 00000000 00:00 0 
7f9efcdd7000-7f9efcdda000 ---p 00000000 00:00 0 
7f9efcdda000-7f9efced8000 rw-p 00000000 00:00 0 
7f9efced8000-7f9efcedb000 ---p 00000000 00:00 0 
7f9efcedb000-7f9efcfd9000 rw-p 00000000 00:00 0 
7f9efcfd9000-7f9efcfdc000 ---p 00000000 00:00 0 
7f9efcfdc000-7f9efd0da000 rw-p 00000000 00:00 0 
7f9efd0da000-7f9efd0dd000 ---p 00000000 00:00 0 
7f9efd0dd000-7f9efd1db000 rw-p 00000000 00:00 0 
7f9efd1db000-7f9efd4b5000 r--p 00000000 08:03 393923                     /usr/lib/locale/locale-archive
7f9efd4b5000-7f9efd4b8000 ---p 00000000 00:00 0 
7f9efd4b8000-7f9efd5b6000 rw-p 00000000 00:00 0 
7f9efd5b6000-7f9efd5b9000 ---p 00000000 00:00 0 
7f9efd5b9000-7f9efd6b7000 rw-p 00000000 00:00 0 
7f9efd6b7000-7f9efd6b8000 ---p 00000000 00:00 0 
7f9efd6b8000-7f9efe715000 rw-p 00000000 00:00 0 
7f9efe715000-7f9efe8e5000 r--s 03c68000 08:03 933060                     /usr/lib/jvm/java-8-openjdk-amd64/jre/lib/rt.jar
7f9efe8e5000-7f9eff9b6000 rw-p 00000000 00:00 0 
7f9eff9b6000-7f9eff9b7000 ---p 00000000 00:00 0 
7f9eff9b7000-7f9effab7000 rw-p 00000000 00:00 0 
7f9effab7000-7f9effab8000 ---p 00000000 00:00 0 
7f9effab8000-7f9effbb8000 rw-p 00000000 00:00 0 
7f9effbb8000-7f9effbb9000 ---p 00000000 00:00 0 
7f9effbb9000-7f9effcb9000 rw-p 00000000 00:00 0 
7f9effcb9000-7f9effcba000 ---p 00000000 00:00 0 
7f9effcba000-7f9effdcf000 rw-p 00000000 00:00 0 
7f9effdcf000-7f9f0017a000 ---p 00000000 00:00 0 
7f9f0017a000-7f9f006aa000 rwxp 00000000 00:00 0 
7f9f006aa000-7f9f0f17a000 ---p 00000000 00:00 0 
7f9f0f17a000-7f9f0f182000 r-xp 00000000 08:03 933037                     /usr/lib/jvm/java-8-openjdk-amd64/jre/lib/amd64/libzip.so
7f9f0f182000-7f9f0f381000 ---p 00008000 08:03 933037                     /usr/lib/jvm/java-8-openjdk-amd64/jre/lib/amd64/libzip.so
7f9f0f381000-7f9f0f382000 r--p 00007000 08:03 933037                     /usr/lib/jvm/java-8-openjdk-amd64/jre/lib/amd64/libzip.so
7f9f0f382000-7f9f0f383000 rw-p 00008000 08:03 933037                     /usr/lib/jvm/java-8-openjdk-amd64/jre/lib/amd64/libzip.so
7f9f0f383000-7f9f0f38e000 r-xp 00000000 08:03 2647307                    /lib/x86_64-linux-gnu/libnss_files-2.23.so
7f9f0f38e000-7f9f0f58d000 ---p 0000b000 08:03 2647307                    /lib/x86_64-linux-gnu/libnss_files-2.23.so
7f9f0f58d000-7f9f0f58e000 r--p 0000a000 08:03 2647307                    /lib/x86_64-linux-gnu/libnss_files-2.23.so
7f9f0f58e000-7f9f0f58f000 rw-p 0000b000 08:03 2647307                    /lib/x86_64-linux-gnu/libnss_files-2.23.so
7f9f0f58f000-7f9f0f595000 rw-p 00000000 00:00 0 
7f9f0f595000-7f9f0f5a0000 r-xp 00000000 08:03 2647300                    /lib/x86_64-linux-gnu/libnss_nis-2.23.so
7f9f0f5a0000-7f9f0f79f000 ---p 0000b000 08:03 2647300                    /lib/x86_64-linux-gnu/libnss_nis-2.23.so
7f9f0f79f000-7f9f0f7a0000 r--p 0000a000 08:03 2647300                    /lib/x86_64-linux-gnu/libnss_nis-2.23.so
7f9f0f7a0000-7f9f0f7a1000 rw-p 0000b000 08:03 2647300                    /lib/x86_64-linux-gnu/libnss_nis-2.23.so
7f9f0f7a1000-7f9f0f7b7000 r-xp 00000000 08:03 2647305                    /lib/x86_64-linux-gnu/libnsl-2.23.so
7f9f0f7b7000-7f9f0f9b6000 ---p 00016000 08:03 2647305                    /lib/x86_64-linux-gnu/libnsl-2.23.so
7f9f0f9b6000-7f9f0f9b7000 r--p 00015000 08:03 2647305                    /lib/x86_64-linux-gnu/libnsl-2.23.so
7f9f0f9b7000-7f9f0f9b8000 rw-p 00016000 08:03 2647305                    /lib/x86_64-linux-gnu/libnsl-2.23.so
7f9f0f9b8000-7f9f0f9ba000 rw-p 00000000 00:00 0 
7f9f0f9ba000-7f9f0f9c2000 r-xp 00000000 08:03 2647311                    /lib/x86_64-linux-gnu/libnss_compat-2.23.so
7f9f0f9c2000-7f9f0fbc1000 ---p 00008000 08:03 2647311                    /lib/x86_64-linux-gnu/libnss_compat-2.23.so
7f9f0fbc1000-7f9f0fbc2000 r--p 00007000 08:03 2647311                    /lib/x86_64-linux-gnu/libnss_compat-2.23.so
7f9f0fbc2000-7f9f0fbc3000 rw-p 00008000 08:03 2647311                    /lib/x86_64-linux-gnu/libnss_compat-2.23.so
7f9f0fbc3000-7f9f0fbec000 r-xp 00000000 08:03 933048                     /usr/lib/jvm/java-8-openjdk-amd64/jre/lib/amd64/libjava.so
7f9f0fbec000-7f9f0fdec000 ---p 00029000 08:03 933048                     /usr/lib/jvm/java-8-openjdk-amd64/jre/lib/amd64/libjava.so
7f9f0fdec000-7f9f0fded000 r--p 00029000 08:03 933048                     /usr/lib/jvm/java-8-openjdk-amd64/jre/lib/amd64/libjava.so
7f9f0fded000-7f9f0fdef000 rw-p 0002a000 08:03 933048                     /usr/lib/jvm/java-8-openjdk-amd64/jre/lib/amd64/libjava.so
7f9f0fdef000-7f9f0fdfe000 r-xp 00000000 08:03 933033                     /usr/lib/jvm/java-8-openjdk-amd64/jre/lib/amd64/libverify.so
7f9f0fdfe000-7f9f0fffd000 ---p 0000f000 08:03 933033                     /usr/lib/jvm/java-8-openjdk-amd64/jre/lib/amd64/libverify.so
7f9f0fffd000-7f9f0ffff000 r--p 0000e000 08:03 933033                     /usr/lib/jvm/java-8-openjdk-amd64/jre/lib/amd64/libverify.so
7f9f0ffff000-7f9f10000000 rw-p 00010000 08:03 933033                     /usr/lib/jvm/java-8-openjdk-amd64/jre/lib/amd64/libverify.so
7f9f10000000-7f9f10d06000 rw-p 00000000 00:00 0 
7f9f10d06000-7f9f14000000 ---p 00000000 00:00 0 
7f9f14000000-7f9f14080000 rw-p 00000000 00:00 0 
7f9f14080000-7f9f14087000 r-xp 00000000 08:03 2647293                    /lib/x86_64-linux-gnu/librt-2.23.so
7f9f14087000-7f9f14286000 ---p 00007000 08:03 2647293                    /lib/x86_64-linux-gnu/librt-2.23.so
7f9f14286000-7f9f14287000 r--p 00006000 08:03 2647293                    /lib/x86_64-linux-gnu/librt-2.23.so
7f9f14287000-7f9f14288000 rw-p 00007000 08:03 2647293                    /lib/x86_64-linux-gnu/librt-2.23.so
7f9f14288000-7f9f1429e000 r-xp 00000000 08:03 2626604                    /lib/x86_64-linux-gnu/libgcc_s.so.1
7f9f1429e000-7f9f1449d000 ---p 00016000 08:03 2626604                    /lib/x86_64-linux-gnu/libgcc_s.so.1
7f9f1449d000-7f9f1449e000 rw-p 00015000 08:03 2626604                    /lib/x86_64-linux-gnu/libgcc_s.so.1
7f9f1449e000-7f9f145a6000 r-xp 00000000 08:03 2647313                    /lib/x86_64-linux-gnu/libm-2.23.so
7f9f145a6000-7f9f147a5000 ---p 00108000 08:03 2647313                    /lib/x86_64-linux-gnu/libm-2.23.so
7f9f147a5000-7f9f147a6000 r--p 00107000 08:03 2647313                    /lib/x86_64-linux-gnu/libm-2.23.so
7f9f147a6000-7f9f147a7000 rw-p 00108000 08:03 2647313                    /lib/x86_64-linux-gnu/libm-2.23.so
7f9f147a7000-7f9f14919000 r-xp 00000000 08:03 395067                     /usr/lib/x86_64-linux-gnu/libstdc++.so.6.0.21
7f9f14919000-7f9f14b19000 ---p 00172000 08:03 395067                     /usr/lib/x86_64-linux-gnu/libstdc++.so.6.0.21
7f9f14b19000-7f9f14b23000 r--p 00172000 08:03 395067                     /usr/lib/x86_64-linux-gnu/libstdc++.so.6.0.21
7f9f14b23000-7f9f14b25000 rw-p 0017c000 08:03 395067                     /usr/lib/x86_64-linux-gnu/libstdc++.so.6.0.21
7f9f14b25000-7f9f14b29000 rw-p 00000000 00:00 0 
7f9f14b29000-7f9f15791000 r-xp 00000000 08:03 933051                     /usr/lib/jvm/java-8-openjdk-amd64/jre/lib/amd64/server/libjvm.so
7f9f15791000-7f9f15991000 ---p 00c68000 08:03 933051                     /usr/lib/jvm/java-8-openjdk-amd64/jre/lib/amd64/server/libjvm.so
7f9f15991000-7f9f15a25000 r--p 00c68000 08:03 933051                     /usr/lib/jvm/java-8-openjdk-amd64/jre/lib/amd64/server/libjvm.so
7f9f15a25000-7f9f15a4e000 rw-p 00cfc000 08:03 933051                     /usr/lib/jvm/java-8-openjdk-amd64/jre/lib/amd64/server/libjvm.so
7f9f15a4e000-7f9f15a7e000 rw-p 00000000 00:00 0 
7f9f15a7e000-7f9f15a96000 r-xp 00000000 08:03 2647297                    /lib/x86_64-linux-gnu/libpthread-2.23.so
7f9f15a96000-7f9f15c95000 ---p 00018000 08:03 2647297                    /lib/x86_64-linux-gnu/libpthread-2.23.so
7f9f15c95000-7f9f15c96000 r--p 00017000 08:03 2647297                    /lib/x86_64-linux-gnu/libpthread-2.23.so
7f9f15c96000-7f9f15c97000 rw-p 00018000 08:03 2647297                    /lib/x86_64-linux-gnu/libpthread-2.23.so
7f9f15c97000-7f9f15c9b000 rw-p 00000000 00:00 0 
7f9f15c9b000-7f9f15c9e000 r-xp 00000000 08:03 2647295                    /lib/x86_64-linux-gnu/libdl-2.23.so
7f9f15c9e000-7f9f15e9d000 ---p 00003000 08:03 2647295                    /lib/x86_64-linux-gnu/libdl-2.23.so
7f9f15e9d000-7f9f15e9e000 r--p 00002000 08:03 2647295                    /lib/x86_64-linux-gnu/libdl-2.23.so
7f9f15e9e000-7f9f15e9f000 rw-p 00003000 08:03 2647295                    /lib/x86_64-linux-gnu/libdl-2.23.so
7f9f15e9f000-7f9f15eb8000 r-xp 00000000 08:03 2626561                    /lib/x86_64-linux-gnu/libz.so.1.2.8
7f9f15eb8000-7f9f160b7000 ---p 00019000 08:03 2626561                    /lib/x86_64-linux-gnu/libz.so.1.2.8
7f9f160b7000-7f9f160b8000 r--p 00018000 08:03 2626561                    /lib/x86_64-linux-gnu/libz.so.1.2.8
7f9f160b8000-7f9f160b9000 rw-p 00019000 08:03 2626561                    /lib/x86_64-linux-gnu/libz.so.1.2.8
7f9f160b9000-7f9f16279000 r-xp 00000000 08:03 2647310                    /lib/x86_64-linux-gnu/libc-2.23.so
7f9f16279000-7f9f16479000 ---p 001c0000 08:03 2647310                    /lib/x86_64-linux-gnu/libc-2.23.so
7f9f16479000-7f9f1647d000 r--p 001c0000 08:03 2647310                    /lib/x86_64-linux-gnu/libc-2.23.so
7f9f1647d000-7f9f1647f000 rw-p 001c4000 08:03 2647310                    /lib/x86_64-linux-gnu/libc-2.23.so
7f9f1647f000-7f9f16483000 rw-p 00000000 00:00 0 
7f9f16483000-7f9f16490000 r-xp 00000000 08:03 933040                     /usr/lib/jvm/java-8-openjdk-amd64/jre/lib/amd64/jli/libjli.so
7f9f16490000-7f9f16690000 ---p 0000d000 08:03 933040                     /usr/lib/jvm/java-8-openjdk-amd64/jre/lib/amd64/jli/libjli.so
7f9f16690000-7f9f16691000 r--p 0000d000 08:03 933040                     /usr/lib/jvm/java-8-openjdk-amd64/jre/lib/amd64/jli/libjli.so
7f9f16691000-7f9f16692000 rw-p 0000e000 08:03 933040                     /usr/lib/jvm/java-8-openjdk-amd64/jre/lib/amd64/jli/libjli.so
7f9f16692000-7f9f166b8000 r-xp 00000000 08:03 2647296                    /lib/x86_64-linux-gnu/ld-2.23.so
7f9f166b8000-7f9f166b9000 r--s 00003000 08:03 146745                     /home/paulo/Projetos/Java/LibraryBookStore/target/surefire/surefirebooter3534855138780318265.jar
7f9f166b9000-7f9f166cd000 rw-p 00000000 00:00 0 
7f9f166cd000-7f9f1670f000 ---p 00000000 00:00 0 
7f9f1670f000-7f9f16723000 rw-p 00000000 00:00 0 
7f9f16723000-7f9f16764000 ---p 00000000 00:00 0 
7f9f16764000-7f9f16785000 rw-p 00000000 00:00 0 
7f9f16785000-7f9f1678f000 ---p 00000000 00:00 0 
7f9f1678f000-7f9f16790000 rw-p 00000000 00:00 0 
7f9f16790000-7f9f16793000 ---p 00000000 00:00 0 
7f9f16793000-7f9f16895000 rw-p 00000000 00:00 0 
7f9f16895000-7f9f16896000 r--s 0000d000 08:03 932999                     /usr/lib/jvm/java-8-openjdk-amd64/jre/lib/ext/sunec.jar
7f9f16896000-7f9f16897000 r--s 00010000 08:03 932997                     /usr/lib/jvm/java-8-openjdk-amd64/jre/lib/ext/zipfs.jar
7f9f16897000-7f9f16898000 r--s 0000a000 08:03 933001                     /usr/lib/jvm/java-8-openjdk-amd64/jre/lib/ext/jaccess.jar
7f9f16898000-7f9f1689a000 r--s 00001000 08:03 932995                     /usr/lib/jvm/java-8-openjdk-amd64/jre/lib/ext/dnsns.jar
7f9f1689a000-7f9f1689d000 r--s 0000f000 08:03 933003                     /usr/lib/jvm/java-8-openjdk-amd64/jre/lib/ext/icedtea-sound.jar
7f9f1689d000-7f9f168a7000 r--s 00116000 08:03 932989                     /usr/lib/jvm/java-8-openjdk-amd64/jre/lib/ext/localedata.jar
7f9f168a7000-7f9f168ac000 rw-p 00000000 00:00 0 
7f9f168ac000-7f9f168b4000 rw-s 00000000 08:03 2633986                    /tmp/hsperfdata_paulo/10757
7f9f168b4000-7f9f168b5000 rw-p 00000000 00:00 0 
7f9f168b5000-7f9f168b6000 ---p 00000000 00:00 0 
7f9f168b6000-7f9f168b7000 rw-p 00000000 00:00 0 
7f9f168b7000-7f9f168b8000 r--p 00025000 08:03 2647296                    /lib/x86_64-linux-gnu/ld-2.23.so
7f9f168b8000-7f9f168b9000 rw-p 00026000 08:03 2647296                    /lib/x86_64-linux-gnu/ld-2.23.so
7f9f168b9000-7f9f168ba000 rw-p 00000000 00:00 0 
7fff9b7f7000-7fff9b818000 rw-p 00000000 00:00 0                          [stack]
7fff9b87e000-7fff9b880000 r--p 00000000 00:00 0                          [vvar]
7fff9b880000-7fff9b882000 r-xp 00000000 00:00 0                          [vdso]
ffffffffff600000-ffffffffff601000 r-xp 00000000 00:00 0                  [vsyscall]

VM Arguments:
jvm_args: -Xmx256m -XX:MaxPermSize=512m 
java_command: /home/paulo/Projetos/Java/LibraryBookStore/target/surefire/surefirebooter3534855138780318265.jar /home/paulo/Projetos/Java/LibraryBookStore/target/surefire 2020-04-14T21-02-50_046-jvmRun1 surefire2798860375972054425tmp surefire_05592834111510630965tmp
java_class_path (initial): /home/paulo/Projetos/Java/LibraryBookStore/target/surefire/surefirebooter3534855138780318265.jar
Launcher Type: SUN_STANDARD

Environment Variables:
JAVA_HOME=/usr/lib/jvm/java-8-openjdk-amd64
PATH=/home/paulo/.rbenv/plugins/ruby-build/bin:/home/paulo/.rbenv/shims:/home/paulo/.rbenv/bin:/home/paulo/bin:/home/paulo/.local/bin:/usr/local/bin:/usr/bin:/bin:/usr/games:/snap/bin:/home/paulo/Android/Sdk/platform-tools:/home/paulo/Android/Sdk/tools
USERNAME=paulo
SHELL=/bin/bash
DISPLAY=:1

Signal Handlers:
SIGSEGV: [libjvm.so+0xa7b8f0], sa_mask[0]=11111111011111111101111111111110, sa_flags=SA_RESTART|SA_SIGINFO
SIGBUS: [libjvm.so+0xa7b8f0], sa_mask[0]=11111111011111111101111111111110, sa_flags=SA_RESTART|SA_SIGINFO
SIGFPE: [libjvm.so+0x8c3a90], sa_mask[0]=11111111011111111101111111111110, sa_flags=SA_RESTART|SA_SIGINFO
SIGPIPE: [libjvm.so+0x8c3a90], sa_mask[0]=11111111011111111101111111111110, sa_flags=SA_RESTART|SA_SIGINFO
SIGXFSZ: [libjvm.so+0x8c3a90], sa_mask[0]=11111111011111111101111111111110, sa_flags=SA_RESTART|SA_SIGINFO
SIGILL: [libjvm.so+0x8c3a90], sa_mask[0]=11111111011111111101111111111110, sa_flags=SA_RESTART|SA_SIGINFO
SIGUSR1: SIG_DFL, sa_mask[0]=00000000000000000000000000000000, sa_flags=none
SIGUSR2: [libjvm.so+0x8c3940], sa_mask[0]=00100000000000000000000000000000, sa_flags=SA_RESTART|SA_SIGINFO
SIGHUP: [libjvm.so+0x8c3fd0], sa_mask[0]=11111111011111111101111111111110, sa_flags=SA_RESTART|SA_SIGINFO
SIGINT: SIG_IGN, sa_mask[0]=00000000000000000000000000000000, sa_flags=none
SIGTERM: [libjvm.so+0x8c3fd0], sa_mask[0]=11111111011111111101111111111110, sa_flags=SA_RESTART|SA_SIGINFO
SIGQUIT: [libjvm.so+0x8c3fd0], sa_mask[0]=11111111011111111101111111111110, sa_flags=SA_RESTART|SA_SIGINFO


---------------  S Y S T E M  ---------------

OS:DISTRIB_ID=Ubuntu
DISTRIB_RELEASE=16.04
DISTRIB_CODENAME=xenial
DISTRIB_DESCRIPTION="Ubuntu 16.04.6 LTS"

uname:Linux 4.7.10-040710-generic #201610220847 SMP Sat Oct 22 12:50:14 UTC 2016 x86_64
libc:glibc 2.23 NPTL 2.23 
rlimit: STACK 8192k, CORE 0k, NPROC 14854, NOFILE 1048576, AS infinity
load average:1,10 0,87 1,06

/proc/meminfo:
MemTotal:        3845512 kB
MemFree:           88812 kB
MemAvailable:          0 kB
Buffers:             600 kB
Cached:           589064 kB
SwapCached:            0 kB
Active:          2968020 kB
Inactive:         576516 kB
Active(anon):    2959108 kB
Inactive(anon):   566336 kB
Active(file):       8912 kB
Inactive(file):    10180 kB
Unevictable:          64 kB
Mlocked:              64 kB
SwapTotal:             0 kB
SwapFree:              0 kB
Dirty:                16 kB
Writeback:             0 kB
AnonPages:       2955112 kB
Mapped:            54556 kB
Shmem:            570396 kB
Slab:              94968 kB
SReclaimable:      35528 kB
SUnreclaim:        59440 kB
KernelStack:       13696 kB
PageTables:        56864 kB
NFS_Unstable:          0 kB
Bounce:                0 kB
WritebackTmp:          0 kB
CommitLimit:     1922756 kB
Committed_AS:    9822984 kB
VmallocTotal:   34359738367 kB
VmallocUsed:           0 kB
VmallocChunk:          0 kB
HardwareCorrupted:     0 kB
AnonHugePages:      2048 kB
HugePages_Total:       0
HugePages_Free:        0
HugePages_Rsvd:        0
HugePages_Surp:        0
Hugepagesize:       2048 kB
DirectMap4k:      190720 kB
DirectMap2M:     3796992 kB

container (cgroup) information:
container_type: cgroupv1
cpu_cpuset_cpus: 0-3
cpu_memory_nodes: 0
active_processor_count: 4
cpu_quota: -1
cpu_period: 100000
cpu_shares: -1
memory_limit_in_bytes: -1
memory_and_swap_limit_in_bytes: -2
memory_soft_limit_in_bytes: -1
memory_usage_in_bytes: 3332915200
memory_max_usage_in_bytes: 3335409664


CPU:total 4 (initial active 4) (2 cores per cpu, 2 threads per core) family 6 model 37 stepping 2, cmov, cx8, fxsr, mmx, sse, sse2, sse3, ssse3, sse4.1, sse4.2, popcnt, ht, tsc, tscinvbit

/proc/cpuinfo:
processor	: 0
vendor_id	: GenuineIntel
cpu family	: 6
model		: 37
model name	: Intel(R) Core(TM) i3 CPU       M 350  @ 2.27GHz
stepping	: 2
microcode	: 0x11
cpu MHz		: 2266.000
cache size	: 3072 KB
physical id	: 0
siblings	: 4
core id		: 0
cpu cores	: 2
apicid		: 0
initial apicid	: 0
fpu		: yes
fpu_exception	: yes
cpuid level	: 11
wp		: yes
flags		: fpu vme de pse tsc msr pae mce cx8 apic sep mtrr pge mca cmov pat pse36 clflush dts acpi mmx fxsr sse sse2 ss ht tm pbe syscall nx rdtscp lm constant_tsc arch_perfmon pebs bts rep_good nopl xtopology nonstop_tsc aperfmperf eagerfpu pni dtes64 monitor ds_cpl vmx est tm2 ssse3 cx16 xtpr pdcm sse4_1 sse4_2 popcnt lahf_lm tpr_shadow vnmi flexpriority ept vpid dtherm arat
bugs		:
bogomips	: 4521.91
clflush size	: 64
cache_alignment	: 64
address sizes	: 36 bits physical, 48 bits virtual
power management:

processor	: 1
vendor_id	: GenuineIntel
cpu family	: 6
model		: 37
model name	: Intel(R) Core(TM) i3 CPU       M 350  @ 2.27GHz
stepping	: 2
microcode	: 0x11
cpu MHz		: 2266.000
cache size	: 3072 KB
physical id	: 0
siblings	: 4
core id		: 0
cpu cores	: 2
apicid		: 1
initial apicid	: 1
fpu		: yes
fpu_exception	: yes
cpuid level	: 11
wp		: yes
flags		: fpu vme de pse tsc msr pae mce cx8 apic sep mtrr pge mca cmov pat pse36 clflush dts acpi mmx fxsr sse sse2 ss ht tm pbe syscall nx rdtscp lm constant_tsc arch_perfmon pebs bts rep_good nopl xtopology nonstop_tsc aperfmperf eagerfpu pni dtes64 monitor ds_cpl vmx est tm2 ssse3 cx16 xtpr pdcm sse4_1 sse4_2 popcnt lahf_lm tpr_shadow vnmi flexpriority ept vpid dtherm arat
bugs		:
bogomips	: 4521.89
clflush size	: 64
cache_alignment	: 64
address sizes	: 36 bits physical, 48 bits virtual
power management:

processor	: 2
vendor_id	: GenuineIntel
cpu family	: 6
model		: 37
model name	: Intel(R) Core(TM) i3 CPU       M 350  @ 2.27GHz
stepping	: 2
microcode	: 0x11
cpu MHz		: 2266.000
cache size	: 3072 KB
physical id	: 0
siblings	: 4
core id		: 2
cpu cores	: 2
apicid		: 4
initial apicid	: 4
fpu		: yes
fpu_exception	: yes
cpuid level	: 11
wp		: yes
flags		: fpu vme de pse tsc msr pae mce cx8 apic sep mtrr pge mca cmov pat pse36 clflush dts acpi mmx fxsr sse sse2 ss ht tm pbe syscall nx rdtscp lm constant_tsc arch_perfmon pebs bts rep_good nopl xtopology nonstop_tsc aperfmperf eagerfpu pni dtes64 monitor ds_cpl vmx est tm2 ssse3 cx16 xtpr pdcm sse4_1 sse4_2 popcnt lahf_lm tpr_shadow vnmi flexpriority ept vpid dtherm arat
bugs		:
bogomips	: 4521.88
clflush size	: 64
cache_alignment	: 64
address sizes	: 36 bits physical, 48 bits virtual
power management:

processor	: 3
vendor_id	: GenuineIntel
cpu family	: 6
model		: 37
model name	: Intel(R) Core(TM) i3 CPU       M 350  @ 2.27GHz
stepping	: 2
microcode	: 0x11
cpu MHz		: 2266.000
cache size	: 3072 KB
physical id	: 0
siblings	: 4
core id		: 2
cpu cores	: 2
apicid		: 5
initial apicid	: 5
fpu		: yes
fpu_exception	: yes
cpuid level	: 11
wp		: yes
flags		: fpu vme de pse tsc msr pae mce cx8 apic sep mtrr pge mca cmov pat pse36 clflush dts acpi mmx fxsr sse sse2 ss ht tm pbe syscall nx rdtscp lm constant_tsc arch_perfmon pebs bts rep_good nopl xtopology nonstop_tsc aperfmperf eagerfpu pni dtes64 monitor ds_cpl vmx est tm2 ssse3 cx16 xtpr pdcm sse4_1 sse4_2 popcnt lahf_lm tpr_shadow vnmi flexpriority ept vpid dtherm arat
bugs		:
bogomips	: 4521.89
clflush size	: 64
cache_alignment	: 64
address sizes	: 36 bits physical, 48 bits virtual
power management:



Memory: 4k page, physical 3845512k(88148k free), swap 0k(0k free)

vm_info: OpenJDK 64-Bit Server VM (25.242-b08) for linux-amd64 JRE (1.8.0_242-8u242-b08-0ubuntu3~16.04-b08), built on Jan 18 2020 03:34:56 by "buildd" with gcc 5.4.0 20160609

time: Tue Apr 14 21:02:57 2020
timezone: -03
elapsed time: 6 seconds (0d 0h 0m 6s)

